#Software: Microsoft Internet Information Services 10.0
#Version: 1.0
#Date: 2020-01-16 11:09:54
#Fields: date time s-ip cs-method cs-uri-stem cs-uri-query s-port cs-username c-ip cs(User-Agent) cs(Referer) sc-status sc-substatus sc-win32-status time-taken
2020-01-16 11:09:54 ::1 GET /Bildegalleri.html - 61534 - ::1 Mozilla/5.0+(Windows+NT+10.0;+Win64;+x64)+AppleWebKit/537.36+(KHTML,+like+Gecko)+Chrome/79.0.3945.117+Safari/537.36 - 200 0 0 399
2020-01-16 11:09:54 ::1 GET /img_mountains_wide.jpg - 61534 - ::1 Mozilla/5.0+(Windows+NT+10.0;+Win64;+x64)+AppleWebKit/537.36+(KHTML,+like+Gecko)+Chrome/79.0.3945.117+Safari/537.36 http://localhost:61534/Bildegalleri.html 404 0 2 69
2020-01-16 11:09:54 ::1 GET /img_woods_wide.jpg - 61534 - ::1 Mozilla/5.0+(Windows+NT+10.0;+Win64;+x64)+AppleWebKit/537.36+(KHTML,+like+Gecko)+Chrome/79.0.3945.117+Safari/537.36 http://localhost:61534/Bildegalleri.html 404 0 2 70
2020-01-16 11:09:54 ::1 GET /img_nature_wide.jpg - 61534 - ::1 Mozilla/5.0+(Windows+NT+10.0;+Win64;+x64)+AppleWebKit/537.36+(KHTML,+like+Gecko)+Chrome/79.0.3945.117+Safari/537.36 http://localhost:61534/Bildegalleri.html 404 0 2 74
2020-01-16 11:09:54 ::1 GET /img_snow_wide.jpg - 61534 - ::1 Mozilla/5.0+(Windows+NT+10.0;+Win64;+x64)+AppleWebKit/537.36+(KHTML,+like+Gecko)+Chrome/79.0.3945.117+Safari/537.36 http://localhost:61534/Bildegalleri.html 404 0 2 74
2020-01-16 11:09:54 ::1 GET /img_5terre_wide.jpg - 61534 - ::1 Mozilla/5.0+(Windows+NT+10.0;+Win64;+x64)+AppleWebKit/537.36+(KHTML,+like+Gecko)+Chrome/79.0.3945.117+Safari/537.36 http://localhost:61534/Bildegalleri.html 404 0 2 94
2020-01-16 11:09:54 ::1 GET /img_lights_wide.jpg - 61534 - ::1 Mozilla/5.0+(Windows+NT+10.0;+Win64;+x64)+AppleWebKit/537.36+(KHTML,+like+Gecko)+Chrome/79.0.3945.117+Safari/537.36 http://localhost:61534/Bildegalleri.html 404 0 2 94
2020-01-16 11:09:54 ::1 GET /img_woods.jpg - 61534 - ::1 Mozilla/5.0+(Windows+NT+10.0;+Win64;+x64)+AppleWebKit/537.36+(KHTML,+like+Gecko)+Chrome/79.0.3945.117+Safari/537.36 http://localhost:61534/Bildegalleri.html 404 0 2 38
2020-01-16 11:09:54 ::1 GET /img_nature.jpg - 61534 - ::1 Mozilla/5.0+(Windows+NT+10.0;+Win64;+x64)+AppleWebKit/537.36+(KHTML,+like+Gecko)+Chrome/79.0.3945.117+Safari/537.36 http://localhost:61534/Bildegalleri.html 404 0 2 15
2020-01-16 11:09:54 ::1 GET /img_snow.jpg - 61534 - ::1 Mozilla/5.0+(Windows+NT+10.0;+Win64;+x64)+AppleWebKit/537.36+(KHTML,+like+Gecko)+Chrome/79.0.3945.117+Safari/537.36 http://localhost:61534/Bildegalleri.html 404 0 2 15
2020-01-16 11:09:54 ::1 GET /img_5terre.jpg - 61534 - ::1 Mozilla/5.0+(Windows+NT+10.0;+Win64;+x64)+AppleWebKit/537.36+(KHTML,+like+Gecko)+Chrome/79.0.3945.117+Safari/537.36 http://localhost:61534/Bildegalleri.html 404 0 2 57
2020-01-16 11:09:54 ::1 GET /img_lights.jpg - 61534 - ::1 Mozilla/5.0+(Windows+NT+10.0;+Win64;+x64)+AppleWebKit/537.36+(KHTML,+like+Gecko)+Chrome/79.0.3945.117+Safari/537.36 http://localhost:61534/Bildegalleri.html 404 0 2 57
2020-01-16 11:09:54 ::1 GET /img_mountains.jpg - 61534 - ::1 Mozilla/5.0+(Windows+NT+10.0;+Win64;+x64)+AppleWebKit/537.36+(KHTML,+like+Gecko)+Chrome/79.0.3945.117+Safari/537.36 http://localhost:61534/Bildegalleri.html 404 0 2 37
2020-01-16 11:09:54 ::1 GET /favicon.ico - 61534 - ::1 Mozilla/5.0+(Windows+NT+10.0;+Win64;+x64)+AppleWebKit/537.36+(KHTML,+like+Gecko)+Chrome/79.0.3945.117+Safari/537.36 http://localhost:61534/Bildegalleri.html 404 0 2 98
2020-01-16 11:18:18 ::1 GET /Bildegalleri.html - 61534 - ::1 Mozilla/5.0+(Windows+NT+10.0;+Win64;+x64)+AppleWebKit/537.36+(KHTML,+like+Gecko)+Chrome/79.0.3945.117+Safari/537.36 - 200 0 0 154
2020-01-16 11:18:18 ::1 GET /img_woods_wide.jpg - 61534 - ::1 Mozilla/5.0+(Windows+NT+10.0;+Win64;+x64)+AppleWebKit/537.36+(KHTML,+like+Gecko)+Chrome/79.0.3945.117+Safari/537.36 http://localhost:61534/Bildegalleri.html 404 0 2 35
2020-01-16 11:18:18 ::1 GET /img_nature_wide.jpg - 61534 - ::1 Mozilla/5.0+(Windows+NT+10.0;+Win64;+x64)+AppleWebKit/537.36+(KHTML,+like+Gecko)+Chrome/79.0.3945.117+Safari/537.36 http://localhost:61534/Bildegalleri.html 404 0 2 24
2020-01-16 11:18:18 ::1 GET /img_lights_wide.jpg - 61534 - ::1 Mozilla/5.0+(Windows+NT+10.0;+Win64;+x64)+AppleWebKit/537.36+(KHTML,+like+Gecko)+Chrome/79.0.3945.117+Safari/537.36 http://localhost:61534/Bildegalleri.html 404 0 2 24
2020-01-16 11:18:18 ::1 GET /img_5terre_wide.jpg - 61534 - ::1 Mozilla/5.0+(Windows+NT+10.0;+Win64;+x64)+AppleWebKit/537.36+(KHTML,+like+Gecko)+Chrome/79.0.3945.117+Safari/537.36 http://localhost:61534/Bildegalleri.html 404 0 2 25
2020-01-16 11:18:18 ::1 GET /img_mountains_wide.jpg - 61534 - ::1 Mozilla/5.0+(Windows+NT+10.0;+Win64;+x64)+AppleWebKit/537.36+(KHTML,+like+Gecko)+Chrome/79.0.3945.117+Safari/537.36 http://localhost:61534/Bildegalleri.html 404 0 2 31
2020-01-16 11:18:18 ::1 GET /img_snow_wide.jpg - 61534 - ::1 Mozilla/5.0+(Windows+NT+10.0;+Win64;+x64)+AppleWebKit/537.36+(KHTML,+like+Gecko)+Chrome/79.0.3945.117+Safari/537.36 http://localhost:61534/Bildegalleri.html 404 0 2 33
2020-01-16 11:18:18 ::1 GET /intro3.jpg - 61534 - ::1 Mozilla/5.0+(Windows+NT+10.0;+Win64;+x64)+AppleWebKit/537.36+(KHTML,+like+Gecko)+Chrome/79.0.3945.117+Safari/537.36 http://localhost:61534/Bildegalleri.html 200 0 0 369
2020-01-16 11:18:18 ::1 GET /intro2.jpg - 61534 - ::1 Mozilla/5.0+(Windows+NT+10.0;+Win64;+x64)+AppleWebKit/537.36+(KHTML,+like+Gecko)+Chrome/79.0.3945.117+Safari/537.36 http://localhost:61534/Bildegalleri.html 200 0 0 451
2020-01-16 11:18:18 ::1 GET /intro1.jpg - 61534 - ::1 Mozilla/5.0+(Windows+NT+10.0;+Win64;+x64)+AppleWebKit/537.36+(KHTML,+like+Gecko)+Chrome/79.0.3945.117+Safari/537.36 http://localhost:61534/Bildegalleri.html 200 0 0 484
2020-01-16 11:18:18 ::1 GET /intro4.jpg - 61534 - ::1 Mozilla/5.0+(Windows+NT+10.0;+Win64;+x64)+AppleWebKit/537.36+(KHTML,+like+Gecko)+Chrome/79.0.3945.117+Safari/537.36 http://localhost:61534/Bildegalleri.html 200 0 0 501
2020-01-16 11:20:09 ::1 GET /Bildegalleri.html - 61534 - ::1 Mozilla/5.0+(Windows+NT+10.0;+Win64;+x64)+AppleWebKit/537.36+(KHTML,+like+Gecko)+Chrome/79.0.3945.117+Safari/537.36 - 304 0 0 23
2020-01-16 11:20:09 ::1 GET /img_5terre_wide.jpg - 61534 - ::1 Mozilla/5.0+(Windows+NT+10.0;+Win64;+x64)+AppleWebKit/537.36+(KHTML,+like+Gecko)+Chrome/79.0.3945.117+Safari/537.36 http://localhost:61534/Bildegalleri.html 404 0 2 1
2020-01-16 11:20:09 ::1 GET /img_woods_wide.jpg - 61534 - ::1 Mozilla/5.0+(Windows+NT+10.0;+Win64;+x64)+AppleWebKit/537.36+(KHTML,+like+Gecko)+Chrome/79.0.3945.117+Safari/537.36 http://localhost:61534/Bildegalleri.html 404 0 2 11
2020-01-16 11:20:09 ::1 GET /img_mountains_wide.jpg - 61534 - ::1 Mozilla/5.0+(Windows+NT+10.0;+Win64;+x64)+AppleWebKit/537.36+(KHTML,+like+Gecko)+Chrome/79.0.3945.117+Safari/537.36 http://localhost:61534/Bildegalleri.html 404 0 2 29
2020-01-16 11:20:09 ::1 GET /img_snow_wide.jpg - 61534 - ::1 Mozilla/5.0+(Windows+NT+10.0;+Win64;+x64)+AppleWebKit/537.36+(KHTML,+like+Gecko)+Chrome/79.0.3945.117+Safari/537.36 http://localhost:61534/Bildegalleri.html 404 0 2 19
2020-01-16 11:20:09 ::1 GET /img_nature_wide.jpg - 61534 - ::1 Mozilla/5.0+(Windows+NT+10.0;+Win64;+x64)+AppleWebKit/537.36+(KHTML,+like+Gecko)+Chrome/79.0.3945.117+Safari/537.36 http://localhost:61534/Bildegalleri.html 404 0 2 30
2020-01-16 11:20:09 ::1 GET /img_lights_wide.jpg - 61534 - ::1 Mozilla/5.0+(Windows+NT+10.0;+Win64;+x64)+AppleWebKit/537.36+(KHTML,+like+Gecko)+Chrome/79.0.3945.117+Safari/537.36 http://localhost:61534/Bildegalleri.html 404 0 2 65
2020-01-16 11:20:09 ::1 GET /intro3.jpg - 61534 - ::1 Mozilla/5.0+(Windows+NT+10.0;+Win64;+x64)+AppleWebKit/537.36+(KHTML,+like+Gecko)+Chrome/79.0.3945.117+Safari/537.36 http://localhost:61534/Bildegalleri.html 200 0 0 463
2020-01-16 11:20:09 ::1 GET /intro2.jpg - 61534 - ::1 Mozilla/5.0+(Windows+NT+10.0;+Win64;+x64)+AppleWebKit/537.36+(KHTML,+like+Gecko)+Chrome/79.0.3945.117+Safari/537.36 http://localhost:61534/Bildegalleri.html 200 0 0 506
2020-01-16 11:20:09 ::1 GET /intro4.jpg - 61534 - ::1 Mozilla/5.0+(Windows+NT+10.0;+Win64;+x64)+AppleWebKit/537.36+(KHTML,+like+Gecko)+Chrome/79.0.3945.117+Safari/537.36 http://localhost:61534/Bildegalleri.html 200 0 0 514
2020-01-16 11:20:09 ::1 GET /intro1.jpg - 61534 - ::1 Mozilla/5.0+(Windows+NT+10.0;+Win64;+x64)+AppleWebKit/537.36+(KHTML,+like+Gecko)+Chrome/79.0.3945.117+Safari/537.36 http://localhost:61534/Bildegalleri.html 200 0 0 539
2020-01-16 11:21:23 ::1 GET /Bildegalleri.html - 61534 - ::1 Mozilla/5.0+(Windows+NT+10.0;+Win64;+x64)+AppleWebKit/537.36+(KHTML,+like+Gecko)+Chrome/79.0.3945.117+Safari/537.36 - 200 0 0 74
2020-01-16 11:21:23 ::1 GET /img_woods_wide.jpg - 61534 - ::1 Mozilla/5.0+(Windows+NT+10.0;+Win64;+x64)+AppleWebKit/537.36+(KHTML,+like+Gecko)+Chrome/79.0.3945.117+Safari/537.36 http://localhost:61534/Bildegalleri.html 404 0 2 19
2020-01-16 11:21:23 ::1 GET /img_5terre_wide.jpg - 61534 - ::1 Mozilla/5.0+(Windows+NT+10.0;+Win64;+x64)+AppleWebKit/537.36+(KHTML,+like+Gecko)+Chrome/79.0.3945.117+Safari/537.36 http://localhost:61534/Bildegalleri.html 404 0 2 18
2020-01-16 11:21:23 ::1 GET /img_mountains_wide.jpg - 61534 - ::1 Mozilla/5.0+(Windows+NT+10.0;+Win64;+x64)+AppleWebKit/537.36+(KHTML,+like+Gecko)+Chrome/79.0.3945.117+Safari/537.36 http://localhost:61534/Bildegalleri.html 404 0 2 29
2020-01-16 11:21:23 ::1 GET /img_lights_wide.jpg - 61534 - ::1 Mozilla/5.0+(Windows+NT+10.0;+Win64;+x64)+AppleWebKit/537.36+(KHTML,+like+Gecko)+Chrome/79.0.3945.117+Safari/537.36 http://localhost:61534/Bildegalleri.html 404 0 2 29
2020-01-16 11:21:23 ::1 GET /intro2.jpg - 61534 - ::1 Mozilla/5.0+(Windows+NT+10.0;+Win64;+x64)+AppleWebKit/537.36+(KHTML,+like+Gecko)+Chrome/79.0.3945.117+Safari/537.36 http://localhost:61534/Bildegalleri.html 304 0 0 46
2020-01-16 11:21:23 ::1 GET /intro1.jpg - 61534 - ::1 Mozilla/5.0+(Windows+NT+10.0;+Win64;+x64)+AppleWebKit/537.36+(KHTML,+like+Gecko)+Chrome/79.0.3945.117+Safari/537.36 http://localhost:61534/Bildegalleri.html 304 0 0 46
2020-01-16 11:21:23 ::1 GET /intro4.jpg - 61534 - ::1 Mozilla/5.0+(Windows+NT+10.0;+Win64;+x64)+AppleWebKit/537.36+(KHTML,+like+Gecko)+Chrome/79.0.3945.117+Safari/537.36 http://localhost:61534/Bildegalleri.html 304 0 0 44
2020-01-16 11:21:23 ::1 GET /intro3.jpg - 61534 - ::1 Mozilla/5.0+(Windows+NT+10.0;+Win64;+x64)+AppleWebKit/537.36+(KHTML,+like+Gecko)+Chrome/79.0.3945.117+Safari/537.36 http://localhost:61534/Bildegalleri.html 304 0 0 47
2020-01-16 11:22:10 ::1 GET /Bildegalleri.html - 61534 - ::1 Mozilla/5.0+(Windows+NT+10.0;+Win64;+x64)+AppleWebKit/537.36+(KHTML,+like+Gecko)+Chrome/79.0.3945.117+Safari/537.36 - 200 0 0 34
2020-01-16 11:22:10 ::1 GET /intro3.jpg - 61534 - ::1 Mozilla/5.0+(Windows+NT+10.0;+Win64;+x64)+AppleWebKit/537.36+(KHTML,+like+Gecko)+Chrome/79.0.3945.117+Safari/537.36 http://localhost:61534/Bildegalleri.html 304 0 0 12
2020-01-16 11:22:10 ::1 GET /intro4.jpg - 61534 - ::1 Mozilla/5.0+(Windows+NT+10.0;+Win64;+x64)+AppleWebKit/537.36+(KHTML,+like+Gecko)+Chrome/79.0.3945.117+Safari/537.36 http://localhost:61534/Bildegalleri.html 304 0 0 12
2020-01-16 11:22:10 ::1 GET /intro2.jpg - 61534 - ::1 Mozilla/5.0+(Windows+NT+10.0;+Win64;+x64)+AppleWebKit/537.36+(KHTML,+like+Gecko)+Chrome/79.0.3945.117+Safari/537.36 http://localhost:61534/Bildegalleri.html 304 0 0 12
2020-01-16 11:22:10 ::1 GET /intro1.jpg - 61534 - ::1 Mozilla/5.0+(Windows+NT+10.0;+Win64;+x64)+AppleWebKit/537.36+(KHTML,+like+Gecko)+Chrome/79.0.3945.117+Safari/537.36 http://localhost:61534/Bildegalleri.html 304 0 0 12
2020-01-16 11:25:06 ::1 GET /Bildegalleri.html - 61534 - ::1 Mozilla/5.0+(Windows+NT+10.0;+Win64;+x64)+AppleWebKit/537.36+(KHTML,+like+Gecko)+Chrome/79.0.3945.117+Safari/537.36 - 200 0 0 46
2020-01-16 11:25:06 ::1 GET /intro4.jpg - 61534 - ::1 Mozilla/5.0+(Windows+NT+10.0;+Win64;+x64)+AppleWebKit/537.36+(KHTML,+like+Gecko)+Chrome/79.0.3945.117+Safari/537.36 http://localhost:61534/Bildegalleri.html 304 0 0 15
2020-01-16 11:25:06 ::1 GET /intro1.jpg - 61534 - ::1 Mozilla/5.0+(Windows+NT+10.0;+Win64;+x64)+AppleWebKit/537.36+(KHTML,+like+Gecko)+Chrome/79.0.3945.117+Safari/537.36 http://localhost:61534/Bildegalleri.html 304 0 0 16
2020-01-16 11:25:06 ::1 GET /intro3.jpg - 61534 - ::1 Mozilla/5.0+(Windows+NT+10.0;+Win64;+x64)+AppleWebKit/537.36+(KHTML,+like+Gecko)+Chrome/79.0.3945.117+Safari/537.36 http://localhost:61534/Bildegalleri.html 304 0 0 15
2020-01-16 11:25:06 ::1 GET /StyleSheet.css - 61534 - ::1 Mozilla/5.0+(Windows+NT+10.0;+Win64;+x64)+AppleWebKit/537.36+(KHTML,+like+Gecko)+Chrome/79.0.3945.117+Safari/537.36 http://localhost:61534/Bildegalleri.html 200 0 0 26
2020-01-16 11:25:06 ::1 GET /intro2.jpg - 61534 - ::1 Mozilla/5.0+(Windows+NT+10.0;+Win64;+x64)+AppleWebKit/537.36+(KHTML,+like+Gecko)+Chrome/79.0.3945.117+Safari/537.36 http://localhost:61534/Bildegalleri.html 304 0 0 18
2020-01-16 11:26:06 ::1 GET /Bildegalleri.html - 61534 - ::1 Mozilla/5.0+(Windows+NT+10.0;+Win64;+x64)+AppleWebKit/537.36+(KHTML,+like+Gecko)+Chrome/79.0.3945.117+Safari/537.36 - 304 0 0 1
2020-01-16 11:26:06 ::1 GET /intro1.jpg - 61534 - ::1 Mozilla/5.0+(Windows+NT+10.0;+Win64;+x64)+AppleWebKit/537.36+(KHTML,+like+Gecko)+Chrome/79.0.3945.117+Safari/537.36 http://localhost:61534/Bildegalleri.html 304 0 0 7
2020-01-16 11:26:06 ::1 GET /intro3.jpg - 61534 - ::1 Mozilla/5.0+(Windows+NT+10.0;+Win64;+x64)+AppleWebKit/537.36+(KHTML,+like+Gecko)+Chrome/79.0.3945.117+Safari/537.36 http://localhost:61534/Bildegalleri.html 304 0 0 8
2020-01-16 11:26:06 ::1 GET /intro2.jpg - 61534 - ::1 Mozilla/5.0+(Windows+NT+10.0;+Win64;+x64)+AppleWebKit/537.36+(KHTML,+like+Gecko)+Chrome/79.0.3945.117+Safari/537.36 http://localhost:61534/Bildegalleri.html 304 0 0 8
2020-01-16 11:26:06 ::1 GET /StyleSheet.css - 61534 - ::1 Mozilla/5.0+(Windows+NT+10.0;+Win64;+x64)+AppleWebKit/537.36+(KHTML,+like+Gecko)+Chrome/79.0.3945.117+Safari/537.36 http://localhost:61534/Bildegalleri.html 200 0 0 15
2020-01-16 11:26:06 ::1 GET /intro4.jpg - 61534 - ::1 Mozilla/5.0+(Windows+NT+10.0;+Win64;+x64)+AppleWebKit/537.36+(KHTML,+like+Gecko)+Chrome/79.0.3945.117+Safari/537.36 http://localhost:61534/Bildegalleri.html 304 0 0 47
2020-01-16 11:26:14 ::1 GET /Bildegalleri.html - 61534 - ::1 Mozilla/5.0+(Windows+NT+10.0;+Win64;+x64)+AppleWebKit/537.36+(KHTML,+like+Gecko)+Chrome/79.0.3945.117+Safari/537.36 - 304 0 0 1
2020-01-16 11:26:14 ::1 GET /StyleSheet.css - 61534 - ::1 Mozilla/5.0+(Windows+NT+10.0;+Win64;+x64)+AppleWebKit/537.36+(KHTML,+like+Gecko)+Chrome/79.0.3945.117+Safari/537.36 http://localhost:61534/Bildegalleri.html 200 0 0 1
2020-01-16 11:26:27 ::1 GET /Bildegalleri.html - 61534 - ::1 Mozilla/5.0+(Windows+NT+10.0;+Win64;+x64)+AppleWebKit/537.36+(KHTML,+like+Gecko)+Chrome/79.0.3945.117+Safari/537.36 - 304 0 0 15
2020-01-16 11:26:27 ::1 GET /StyleSheet.css - 61534 - ::1 Mozilla/5.0+(Windows+NT+10.0;+Win64;+x64)+AppleWebKit/537.36+(KHTML,+like+Gecko)+Chrome/79.0.3945.117+Safari/537.36 http://localhost:61534/Bildegalleri.html 200 0 0 54
#Software: Microsoft Internet Information Services 10.0
#Version: 1.0
#Date: 2020-01-16 11:28:25
#Fields: date time s-ip cs-method cs-uri-stem cs-uri-query s-port cs-username c-ip cs(User-Agent) cs(Referer) sc-status sc-substatus sc-win32-status time-taken
2020-01-16 11:28:25 ::1 GET /Bildegalleri.html - 61534 - ::1 Mozilla/5.0+(Windows+NT+10.0;+Win64;+x64)+AppleWebKit/537.36+(KHTML,+like+Gecko)+Chrome/79.0.3945.117+Safari/537.36 - 304 0 0 132
2020-01-16 11:28:25 ::1 GET /intro1.jpg - 61534 - ::1 Mozilla/5.0+(Windows+NT+10.0;+Win64;+x64)+AppleWebKit/537.36+(KHTML,+like+Gecko)+Chrome/79.0.3945.117+Safari/537.36 http://localhost:61534/Bildegalleri.html 304 0 0 98
2020-01-16 11:28:25 ::1 GET /StyleSheet.css - 61534 - ::1 Mozilla/5.0+(Windows+NT+10.0;+Win64;+x64)+AppleWebKit/537.36+(KHTML,+like+Gecko)+Chrome/79.0.3945.117+Safari/537.36 http://localhost:61534/Bildegalleri.html 304 0 0 98
2020-01-16 11:28:25 ::1 GET /intro3.jpg - 61534 - ::1 Mozilla/5.0+(Windows+NT+10.0;+Win64;+x64)+AppleWebKit/537.36+(KHTML,+like+Gecko)+Chrome/79.0.3945.117+Safari/537.36 http://localhost:61534/Bildegalleri.html 304 0 0 144
2020-01-16 11:28:25 ::1 GET /intro4.jpg - 61534 - ::1 Mozilla/5.0+(Windows+NT+10.0;+Win64;+x64)+AppleWebKit/537.36+(KHTML,+like+Gecko)+Chrome/79.0.3945.117+Safari/537.36 http://localhost:61534/Bildegalleri.html 304 0 0 191
2020-01-16 11:28:25 ::1 GET /intro2.jpg - 61534 - ::1 Mozilla/5.0+(Windows+NT+10.0;+Win64;+x64)+AppleWebKit/537.36+(KHTML,+like+Gecko)+Chrome/79.0.3945.117+Safari/537.36 http://localhost:61534/Bildegalleri.html 304 0 0 230
2020-01-16 11:28:25 ::1 GET /favicon.ico - 61534 - ::1 Mozilla/5.0+(Windows+NT+10.0;+Win64;+x64)+AppleWebKit/537.36+(KHTML,+like+Gecko)+Chrome/79.0.3945.117+Safari/537.36 http://localhost:61534/Bildegalleri.html 404 0 2 26
2020-01-16 11:29:00 ::1 GET /Bildegalleri.html - 61534 - ::1 Mozilla/5.0+(Windows+NT+10.0;+Win64;+x64)+AppleWebKit/537.36+(KHTML,+like+Gecko)+Chrome/79.0.3945.117+Safari/537.36 - 304 0 0 13
2020-01-16 11:29:00 ::1 GET /StyleSheet.css - 61534 - ::1 Mozilla/5.0+(Windows+NT+10.0;+Win64;+x64)+AppleWebKit/537.36+(KHTML,+like+Gecko)+Chrome/79.0.3945.117+Safari/537.36 http://localhost:61534/Bildegalleri.html 200 0 0 9
2020-01-16 11:29:07 ::1 GET /Bildegalleri.html - 61534 - ::1 Mozilla/5.0+(Windows+NT+10.0;+Win64;+x64)+AppleWebKit/537.36+(KHTML,+like+Gecko)+Chrome/79.0.3945.117+Safari/537.36 - 304 0 0 1
2020-01-16 11:29:07 ::1 GET /StyleSheet.css - 61534 - ::1 Mozilla/5.0+(Windows+NT+10.0;+Win64;+x64)+AppleWebKit/537.36+(KHTML,+like+Gecko)+Chrome/79.0.3945.117+Safari/537.36 http://localhost:61534/Bildegalleri.html 200 0 0 2
2020-01-16 11:29:16 ::1 GET /Bildegalleri.html - 61534 - ::1 Mozilla/5.0+(Windows+NT+10.0;+Win64;+x64)+AppleWebKit/537.36+(KHTML,+like+Gecko)+Chrome/79.0.3945.117+Safari/537.36 - 304 0 0 1
2020-01-16 11:29:16 ::1 GET /intro4.jpg - 61534 - ::1 Mozilla/5.0+(Windows+NT+10.0;+Win64;+x64)+AppleWebKit/537.36+(KHTML,+like+Gecko)+Chrome/79.0.3945.117+Safari/537.36 http://localhost:61534/Bildegalleri.html 304 0 0 11
2020-01-16 11:29:16 ::1 GET /intro2.jpg - 61534 - ::1 Mozilla/5.0+(Windows+NT+10.0;+Win64;+x64)+AppleWebKit/537.36+(KHTML,+like+Gecko)+Chrome/79.0.3945.117+Safari/537.36 http://localhost:61534/Bildegalleri.html 304 0 0 11
2020-01-16 11:29:16 ::1 GET /intro1.jpg - 61534 - ::1 Mozilla/5.0+(Windows+NT+10.0;+Win64;+x64)+AppleWebKit/537.36+(KHTML,+like+Gecko)+Chrome/79.0.3945.117+Safari/537.36 http://localhost:61534/Bildegalleri.html 304 0 0 11
2020-01-16 11:29:16 ::1 GET /intro3.jpg - 61534 - ::1 Mozilla/5.0+(Windows+NT+10.0;+Win64;+x64)+AppleWebKit/537.36+(KHTML,+like+Gecko)+Chrome/79.0.3945.117+Safari/537.36 http://localhost:61534/Bildegalleri.html 304 0 0 10
2020-01-16 11:29:16 ::1 GET /StyleSheet.css - 61534 - ::1 Mozilla/5.0+(Windows+NT+10.0;+Win64;+x64)+AppleWebKit/537.36+(KHTML,+like+Gecko)+Chrome/79.0.3945.117+Safari/537.36 http://localhost:61534/Bildegalleri.html 200 0 0 24
2020-01-16 11:29:44 ::1 GET /Bildegalleri.html - 61534 - ::1 Mozilla/5.0+(Windows+NT+10.0;+Win64;+x64)+AppleWebKit/537.36+(KHTML,+like+Gecko)+Chrome/79.0.3945.117+Safari/537.36 - 200 0 0 60
2020-01-16 11:29:44 ::1 GET /StyleSheet.css - 61534 - ::1 Mozilla/5.0+(Windows+NT+10.0;+Win64;+x64)+AppleWebKit/537.36+(KHTML,+like+Gecko)+Chrome/79.0.3945.117+Safari/537.36 http://localhost:61534/Bildegalleri.html 304 0 0 4
2020-01-16 11:29:55 ::1 GET /Bildegalleri.html - 61534 - ::1 Mozilla/5.0+(Windows+NT+10.0;+Win64;+x64)+AppleWebKit/537.36+(KHTML,+like+Gecko)+Chrome/79.0.3945.117+Safari/537.36 - 304 0 0 1
2020-01-16 11:29:55 ::1 GET /StyleSheet.css - 61534 - ::1 Mozilla/5.0+(Windows+NT+10.0;+Win64;+x64)+AppleWebKit/537.36+(KHTML,+like+Gecko)+Chrome/79.0.3945.117+Safari/537.36 http://localhost:61534/Bildegalleri.html 200 0 0 3
2020-01-16 11:30:03 ::1 GET /Bildegalleri.html - 61534 - ::1 Mozilla/5.0+(Windows+NT+10.0;+Win64;+x64)+AppleWebKit/537.36+(KHTML,+like+Gecko)+Chrome/79.0.3945.117+Safari/537.36 - 304 0 0 1
2020-01-16 11:30:03 ::1 GET /StyleSheet.css - 61534 - ::1 Mozilla/5.0+(Windows+NT+10.0;+Win64;+x64)+AppleWebKit/537.36+(KHTML,+like+Gecko)+Chrome/79.0.3945.117+Safari/537.36 http://localhost:61534/Bildegalleri.html 200 0 0 1
2020-01-16 11:30:09 ::1 GET /Bildegalleri.html - 61534 - ::1 Mozilla/5.0+(Windows+NT+10.0;+Win64;+x64)+AppleWebKit/537.36+(KHTML,+like+Gecko)+Chrome/79.0.3945.117+Safari/537.36 - 304 0 0 1
2020-01-16 11:30:09 ::1 GET /StyleSheet.css - 61534 - ::1 Mozilla/5.0+(Windows+NT+10.0;+Win64;+x64)+AppleWebKit/537.36+(KHTML,+like+Gecko)+Chrome/79.0.3945.117+Safari/537.36 http://localhost:61534/Bildegalleri.html 200 0 0 1
2020-01-16 11:30:13 ::1 GET /Bildegalleri.html - 61534 - ::1 Mozilla/5.0+(Windows+NT+10.0;+Win64;+x64)+AppleWebKit/537.36+(KHTML,+like+Gecko)+Chrome/79.0.3945.117+Safari/537.36 - 304 0 0 1
2020-01-16 11:30:13 ::1 GET /intro1.jpg - 61534 - ::1 Mozilla/5.0+(Windows+NT+10.0;+Win64;+x64)+AppleWebKit/537.36+(KHTML,+like+Gecko)+Chrome/79.0.3945.117+Safari/537.36 http://localhost:61534/Bildegalleri.html 304 0 0 15
2020-01-16 11:30:13 ::1 GET /StyleSheet.css - 61534 - ::1 Mozilla/5.0+(Windows+NT+10.0;+Win64;+x64)+AppleWebKit/537.36+(KHTML,+like+Gecko)+Chrome/79.0.3945.117+Safari/537.36 http://localhost:61534/Bildegalleri.html 200 0 0 18
2020-01-16 11:30:13 ::1 GET /intro2.jpg - 61534 - ::1 Mozilla/5.0+(Windows+NT+10.0;+Win64;+x64)+AppleWebKit/537.36+(KHTML,+like+Gecko)+Chrome/79.0.3945.117+Safari/537.36 http://localhost:61534/Bildegalleri.html 304 0 0 18
2020-01-16 11:30:13 ::1 GET /intro3.jpg - 61534 - ::1 Mozilla/5.0+(Windows+NT+10.0;+Win64;+x64)+AppleWebKit/537.36+(KHTML,+like+Gecko)+Chrome/79.0.3945.117+Safari/537.36 http://localhost:61534/Bildegalleri.html 304 0 0 18
2020-01-16 11:30:13 ::1 GET /intro4.jpg - 61534 - ::1 Mozilla/5.0+(Windows+NT+10.0;+Win64;+x64)+AppleWebKit/537.36+(KHTML,+like+Gecko)+Chrome/79.0.3945.117+Safari/537.36 http://localhost:61534/Bildegalleri.html 304 0 0 21
2020-01-16 11:30:23 ::1 GET /Bildegalleri.html - 61534 - ::1 Mozilla/5.0+(Windows+NT+10.0;+Win64;+x64)+AppleWebKit/537.36+(KHTML,+like+Gecko)+Chrome/79.0.3945.117+Safari/537.36 - 304 0 0 1
2020-01-16 11:30:23 ::1 GET /StyleSheet.css - 61534 - ::1 Mozilla/5.0+(Windows+NT+10.0;+Win64;+x64)+AppleWebKit/537.36+(KHTML,+like+Gecko)+Chrome/79.0.3945.117+Safari/537.36 http://localhost:61534/Bildegalleri.html 200 0 0 2
2020-01-16 11:30:48 ::1 GET /Bildegalleri.html - 61534 - ::1 Mozilla/5.0+(Windows+NT+10.0;+Win64;+x64)+AppleWebKit/537.36+(KHTML,+like+Gecko)+Chrome/79.0.3945.117+Safari/537.36 - 304 0 0 5
2020-01-16 11:30:48 ::1 GET /StyleSheet.css - 61534 - ::1 Mozilla/5.0+(Windows+NT+10.0;+Win64;+x64)+AppleWebKit/537.36+(KHTML,+like+Gecko)+Chrome/79.0.3945.117+Safari/537.36 http://localhost:61534/Bildegalleri.html 200 0 0 5
2020-01-16 11:30:53 ::1 GET /Bildegalleri.html - 61534 - ::1 Mozilla/5.0+(Windows+NT+10.0;+Win64;+x64)+AppleWebKit/537.36+(KHTML,+like+Gecko)+Chrome/79.0.3945.117+Safari/537.36 - 304 0 0 2
2020-01-16 11:30:53 ::1 GET /StyleSheet.css - 61534 - ::1 Mozilla/5.0+(Windows+NT+10.0;+Win64;+x64)+AppleWebKit/537.36+(KHTML,+like+Gecko)+Chrome/79.0.3945.117+Safari/537.36 http://localhost:61534/Bildegalleri.html 200 0 0 1
2020-01-16 11:31:35 ::1 GET /Bildegalleri.html - 61534 - ::1 Mozilla/5.0+(Windows+NT+10.0;+Win64;+x64)+AppleWebKit/537.36+(KHTML,+like+Gecko)+Chrome/79.0.3945.117+Safari/537.36 - 304 0 0 10
2020-01-16 11:31:35 ::1 GET /intro1.jpg - 61534 - ::1 Mozilla/5.0+(Windows+NT+10.0;+Win64;+x64)+AppleWebKit/537.36+(KHTML,+like+Gecko)+Chrome/79.0.3945.117+Safari/537.36 http://localhost:61534/Bildegalleri.html 304 0 0 14
2020-01-16 11:31:35 ::1 GET /intro4.jpg - 61534 - ::1 Mozilla/5.0+(Windows+NT+10.0;+Win64;+x64)+AppleWebKit/537.36+(KHTML,+like+Gecko)+Chrome/79.0.3945.117+Safari/537.36 http://localhost:61534/Bildegalleri.html 304 0 0 13
2020-01-16 11:31:35 ::1 GET /intro2.jpg - 61534 - ::1 Mozilla/5.0+(Windows+NT+10.0;+Win64;+x64)+AppleWebKit/537.36+(KHTML,+like+Gecko)+Chrome/79.0.3945.117+Safari/537.36 http://localhost:61534/Bildegalleri.html 304 0 0 14
2020-01-16 11:31:35 ::1 GET /intro3.jpg - 61534 - ::1 Mozilla/5.0+(Windows+NT+10.0;+Win64;+x64)+AppleWebKit/537.36+(KHTML,+like+Gecko)+Chrome/79.0.3945.117+Safari/537.36 http://localhost:61534/Bildegalleri.html 304 0 0 14
2020-01-16 11:31:35 ::1 GET /StyleSheet.css - 61534 - ::1 Mozilla/5.0+(Windows+NT+10.0;+Win64;+x64)+AppleWebKit/537.36+(KHTML,+like+Gecko)+Chrome/79.0.3945.117+Safari/537.36 http://localhost:61534/Bildegalleri.html 200 0 0 22
2020-01-16 11:31:44 ::1 GET /Bildegalleri.html - 61534 - ::1 Mozilla/5.0+(Windows+NT+10.0;+Win64;+x64)+AppleWebKit/537.36+(KHTML,+like+Gecko)+Chrome/79.0.3945.117+Safari/537.36 - 304 0 0 1
2020-01-16 11:31:44 ::1 GET /StyleSheet.css - 61534 - ::1 Mozilla/5.0+(Windows+NT+10.0;+Win64;+x64)+AppleWebKit/537.36+(KHTML,+like+Gecko)+Chrome/79.0.3945.117+Safari/537.36 http://localhost:61534/Bildegalleri.html 200 0 0 4
2020-01-16 11:31:51 ::1 GET /Bildegalleri.html - 61534 - ::1 Mozilla/5.0+(Windows+NT+10.0;+Win64;+x64)+AppleWebKit/537.36+(KHTML,+like+Gecko)+Chrome/79.0.3945.117+Safari/537.36 - 304 0 0 1
2020-01-16 11:31:51 ::1 GET /StyleSheet.css - 61534 - ::1 Mozilla/5.0+(Windows+NT+10.0;+Win64;+x64)+AppleWebKit/537.36+(KHTML,+like+Gecko)+Chrome/79.0.3945.117+Safari/537.36 http://localhost:61534/Bildegalleri.html 200 0 0 2
