#Software: Microsoft Internet Information Services 10.0
#Version: 1.0
#Date: 2020-01-22 12:50:11
#Fields: date time s-ip cs-method cs-uri-stem cs-uri-query s-port cs-username c-ip cs(User-Agent) cs(Referer) sc-status sc-substatus sc-win32-status time-taken
2020-01-22 12:50:11 ::1 GET /Pixar.html - 53260 - ::1 Mozilla/5.0+(Windows+NT+10.0;+Win64;+x64)+AppleWebKit/537.36+(KHTML,+like+Gecko)+Chrome/79.0.3945.130+Safari/537.36 - 200 0 0 150
2020-01-22 12:50:11 ::1 GET /pixarlamp.png - 53260 - ::1 Mozilla/5.0+(Windows+NT+10.0;+Win64;+x64)+AppleWebKit/537.36+(KHTML,+like+Gecko)+Chrome/79.0.3945.130+Safari/537.36 http://localhost:53260/Pixar.html 200 0 0 30
2020-01-22 12:50:11 ::1 GET /StyleSheetP.css - 53260 - ::1 Mozilla/5.0+(Windows+NT+10.0;+Win64;+x64)+AppleWebKit/537.36+(KHTML,+like+Gecko)+Chrome/79.0.3945.130+Safari/537.36 http://localhost:53260/Pixar.html 200 0 0 43
2020-01-22 12:50:11 ::1 GET /favicon.ico - 53260 - ::1 Mozilla/5.0+(Windows+NT+10.0;+Win64;+x64)+AppleWebKit/537.36+(KHTML,+like+Gecko)+Chrome/79.0.3945.130+Safari/537.36 http://localhost:53260/Pixar.html 404 0 2 9
2020-01-22 12:50:31 ::1 GET /Pixar.html - 53260 - ::1 Mozilla/5.0+(Windows+NT+10.0;+Win64;+x64)+AppleWebKit/537.36+(KHTML,+like+Gecko)+Chrome/79.0.3945.130+Safari/537.36 - 304 0 0 11
2020-01-22 12:50:31 ::1 GET /StyleSheetP.css - 53260 - ::1 Mozilla/5.0+(Windows+NT+10.0;+Win64;+x64)+AppleWebKit/537.36+(KHTML,+like+Gecko)+Chrome/79.0.3945.130+Safari/537.36 http://localhost:53260/Pixar.html 304 0 0 11
2020-01-22 12:50:31 ::1 GET /pixarlamp.png - 53260 - ::1 Mozilla/5.0+(Windows+NT+10.0;+Win64;+x64)+AppleWebKit/537.36+(KHTML,+like+Gecko)+Chrome/79.0.3945.130+Safari/537.36 http://localhost:53260/Pixar.html 304 0 0 25
2020-01-22 12:50:59 ::1 GET /Pixar.html - 53260 - ::1 Mozilla/5.0+(Windows+NT+10.0;+Win64;+x64)+AppleWebKit/537.36+(KHTML,+like+Gecko)+Chrome/79.0.3945.130+Safari/537.36 - 304 0 0 8
2020-01-22 12:50:59 ::1 GET /StyleSheetP.css - 53260 - ::1 Mozilla/5.0+(Windows+NT+10.0;+Win64;+x64)+AppleWebKit/537.36+(KHTML,+like+Gecko)+Chrome/79.0.3945.130+Safari/537.36 http://localhost:53260/Pixar.html 200 0 0 5
2020-01-22 12:50:59 ::1 GET /pixarlamp.png - 53260 - ::1 Mozilla/5.0+(Windows+NT+10.0;+Win64;+x64)+AppleWebKit/537.36+(KHTML,+like+Gecko)+Chrome/79.0.3945.130+Safari/537.36 http://localhost:53260/Pixar.html 304 0 0 15
2020-01-22 12:51:11 ::1 GET /Pixar.html - 53260 - ::1 Mozilla/5.0+(Windows+NT+10.0;+Win64;+x64)+AppleWebKit/537.36+(KHTML,+like+Gecko)+Chrome/79.0.3945.130+Safari/537.36 - 304 0 0 6
2020-01-22 12:51:11 ::1 GET /pixarlamp.png - 53260 - ::1 Mozilla/5.0+(Windows+NT+10.0;+Win64;+x64)+AppleWebKit/537.36+(KHTML,+like+Gecko)+Chrome/79.0.3945.130+Safari/537.36 http://localhost:53260/Pixar.html 304 0 0 20
2020-01-22 12:51:11 ::1 GET /StyleSheetP.css - 53260 - ::1 Mozilla/5.0+(Windows+NT+10.0;+Win64;+x64)+AppleWebKit/537.36+(KHTML,+like+Gecko)+Chrome/79.0.3945.130+Safari/537.36 http://localhost:53260/Pixar.html 200 0 0 30
2020-01-22 12:51:22 ::1 GET /Pixar.html - 53260 - ::1 Mozilla/5.0+(Windows+NT+10.0;+Win64;+x64)+AppleWebKit/537.36+(KHTML,+like+Gecko)+Chrome/79.0.3945.130+Safari/537.36 - 304 0 0 2
2020-01-22 12:51:22 ::1 GET /StyleSheetP.css - 53260 - ::1 Mozilla/5.0+(Windows+NT+10.0;+Win64;+x64)+AppleWebKit/537.36+(KHTML,+like+Gecko)+Chrome/79.0.3945.130+Safari/537.36 http://localhost:53260/Pixar.html 200 0 0 5
2020-01-22 12:52:19 ::1 GET /Pixar.html - 53260 - ::1 Mozilla/5.0+(Windows+NT+10.0;+Win64;+x64)+AppleWebKit/537.36+(KHTML,+like+Gecko)+Chrome/79.0.3945.130+Safari/537.36 - 304 0 0 12
2020-01-22 12:52:19 ::1 GET /StyleSheetP.css - 53260 - ::1 Mozilla/5.0+(Windows+NT+10.0;+Win64;+x64)+AppleWebKit/537.36+(KHTML,+like+Gecko)+Chrome/79.0.3945.130+Safari/537.36 http://localhost:53260/Pixar.html 200 0 0 10
2020-01-22 12:52:19 ::1 GET /pixarlamp.png - 53260 - ::1 Mozilla/5.0+(Windows+NT+10.0;+Win64;+x64)+AppleWebKit/537.36+(KHTML,+like+Gecko)+Chrome/79.0.3945.130+Safari/537.36 http://localhost:53260/Pixar.html 304 0 0 17
2020-01-22 12:53:08 ::1 GET /Pixar.html - 53260 - ::1 Mozilla/5.0+(Windows+NT+10.0;+Win64;+x64)+AppleWebKit/537.36+(KHTML,+like+Gecko)+Chrome/79.0.3945.130+Safari/537.36 - 304 0 0 6
2020-01-22 12:53:08 ::1 GET /pixarlamp.png - 53260 - ::1 Mozilla/5.0+(Windows+NT+10.0;+Win64;+x64)+AppleWebKit/537.36+(KHTML,+like+Gecko)+Chrome/79.0.3945.130+Safari/537.36 http://localhost:53260/Pixar.html 304 0 0 15
2020-01-22 12:53:08 ::1 GET /StyleSheetP.css - 53260 - ::1 Mozilla/5.0+(Windows+NT+10.0;+Win64;+x64)+AppleWebKit/537.36+(KHTML,+like+Gecko)+Chrome/79.0.3945.130+Safari/537.36 http://localhost:53260/Pixar.html 200 0 0 19
2020-01-22 12:54:00 ::1 GET /Pixar.html - 53260 - ::1 Mozilla/5.0+(Windows+NT+10.0;+Win64;+x64)+AppleWebKit/537.36+(KHTML,+like+Gecko)+Chrome/79.0.3945.130+Safari/537.36 - 304 0 0 4
2020-01-22 12:54:00 ::1 GET /StyleSheetP.css - 53260 - ::1 Mozilla/5.0+(Windows+NT+10.0;+Win64;+x64)+AppleWebKit/537.36+(KHTML,+like+Gecko)+Chrome/79.0.3945.130+Safari/537.36 http://localhost:53260/Pixar.html 304 0 0 15
2020-01-22 12:54:00 ::1 GET /pixarlamp.png - 53260 - ::1 Mozilla/5.0+(Windows+NT+10.0;+Win64;+x64)+AppleWebKit/537.36+(KHTML,+like+Gecko)+Chrome/79.0.3945.130+Safari/537.36 http://localhost:53260/Pixar.html 304 0 0 20
2020-01-22 12:54:22 ::1 GET /Pixar.html - 53260 - ::1 Mozilla/5.0+(Windows+NT+10.0;+Win64;+x64)+AppleWebKit/537.36+(KHTML,+like+Gecko)+Chrome/79.0.3945.130+Safari/537.36 - 304 0 0 6
2020-01-22 12:54:22 ::1 GET /StyleSheetP.css - 53260 - ::1 Mozilla/5.0+(Windows+NT+10.0;+Win64;+x64)+AppleWebKit/537.36+(KHTML,+like+Gecko)+Chrome/79.0.3945.130+Safari/537.36 http://localhost:53260/Pixar.html 304 0 0 28
2020-01-22 12:54:40 ::1 GET /Pixar.html - 53260 - ::1 Mozilla/5.0+(Windows+NT+10.0;+Win64;+x64)+AppleWebKit/537.36+(KHTML,+like+Gecko)+Chrome/79.0.3945.130+Safari/537.36 - 304 0 0 19
2020-01-22 12:54:40 ::1 GET /StyleSheetP.css - 53260 - ::1 Mozilla/5.0+(Windows+NT+10.0;+Win64;+x64)+AppleWebKit/537.36+(KHTML,+like+Gecko)+Chrome/79.0.3945.130+Safari/537.36 http://localhost:53260/Pixar.html 200 0 0 44
2020-01-22 12:54:40 ::1 GET /pixarlamp.png - 53260 - ::1 Mozilla/5.0+(Windows+NT+10.0;+Win64;+x64)+AppleWebKit/537.36+(KHTML,+like+Gecko)+Chrome/79.0.3945.130+Safari/537.36 http://localhost:53260/Pixar.html 304 0 0 41
2020-01-22 12:55:03 ::1 GET /Pixar.html - 53260 - ::1 Mozilla/5.0+(Windows+NT+10.0;+Win64;+x64)+AppleWebKit/537.36+(KHTML,+like+Gecko)+Chrome/79.0.3945.130+Safari/537.36 - 304 0 0 7
2020-01-22 12:55:03 ::1 GET /StyleSheetP.css - 53260 - ::1 Mozilla/5.0+(Windows+NT+10.0;+Win64;+x64)+AppleWebKit/537.36+(KHTML,+like+Gecko)+Chrome/79.0.3945.130+Safari/537.36 http://localhost:53260/Pixar.html 200 0 0 3
2020-01-22 12:55:19 ::1 GET /Pixar.html - 53260 - ::1 Mozilla/5.0+(Windows+NT+10.0;+Win64;+x64)+AppleWebKit/537.36+(KHTML,+like+Gecko)+Chrome/79.0.3945.130+Safari/537.36 - 304 0 0 1
2020-01-22 12:55:19 ::1 GET /StyleSheetP.css - 53260 - ::1 Mozilla/5.0+(Windows+NT+10.0;+Win64;+x64)+AppleWebKit/537.36+(KHTML,+like+Gecko)+Chrome/79.0.3945.130+Safari/537.36 http://localhost:53260/Pixar.html 200 0 0 8
2020-01-22 12:55:19 ::1 GET /pixarlamp.png - 53260 - ::1 Mozilla/5.0+(Windows+NT+10.0;+Win64;+x64)+AppleWebKit/537.36+(KHTML,+like+Gecko)+Chrome/79.0.3945.130+Safari/537.36 http://localhost:53260/Pixar.html 304 0 0 19
2020-01-22 12:55:31 ::1 GET /Pixar.html - 53260 - ::1 Mozilla/5.0+(Windows+NT+10.0;+Win64;+x64)+AppleWebKit/537.36+(KHTML,+like+Gecko)+Chrome/79.0.3945.130+Safari/537.36 - 304 0 0 8
2020-01-22 12:55:31 ::1 GET /StyleSheetP.css - 53260 - ::1 Mozilla/5.0+(Windows+NT+10.0;+Win64;+x64)+AppleWebKit/537.36+(KHTML,+like+Gecko)+Chrome/79.0.3945.130+Safari/537.36 http://localhost:53260/Pixar.html 200 0 0 20
2020-01-22 12:56:42 ::1 GET /Pixar.html - 53260 - ::1 Mozilla/5.0+(Windows+NT+10.0;+Win64;+x64)+AppleWebKit/537.36+(KHTML,+like+Gecko)+Chrome/79.0.3945.130+Safari/537.36 - 304 0 0 6
2020-01-22 12:56:42 ::1 GET /pixarlamp.png - 53260 - ::1 Mozilla/5.0+(Windows+NT+10.0;+Win64;+x64)+AppleWebKit/537.36+(KHTML,+like+Gecko)+Chrome/79.0.3945.130+Safari/537.36 http://localhost:53260/Pixar.html 304 0 0 12
2020-01-22 12:56:42 ::1 GET /StyleSheetP.css - 53260 - ::1 Mozilla/5.0+(Windows+NT+10.0;+Win64;+x64)+AppleWebKit/537.36+(KHTML,+like+Gecko)+Chrome/79.0.3945.130+Safari/537.36 http://localhost:53260/Pixar.html 200 0 0 14
2020-01-22 12:58:20 ::1 GET /Pixar.html - 53260 - ::1 Mozilla/5.0+(Windows+NT+10.0;+Win64;+x64)+AppleWebKit/537.36+(KHTML,+like+Gecko)+Chrome/79.0.3945.130+Safari/537.36 - 304 0 0 11
2020-01-22 12:58:20 ::1 GET /pixarlamp.png - 53260 - ::1 Mozilla/5.0+(Windows+NT+10.0;+Win64;+x64)+AppleWebKit/537.36+(KHTML,+like+Gecko)+Chrome/79.0.3945.130+Safari/537.36 http://localhost:53260/Pixar.html 304 0 0 20
2020-01-22 12:58:20 ::1 GET /StyleSheetP.css - 53260 - ::1 Mozilla/5.0+(Windows+NT+10.0;+Win64;+x64)+AppleWebKit/537.36+(KHTML,+like+Gecko)+Chrome/79.0.3945.130+Safari/537.36 http://localhost:53260/Pixar.html 200 0 0 33
2020-01-22 12:58:43 ::1 GET /Pixar.html - 53260 - ::1 Mozilla/5.0+(Windows+NT+10.0;+Win64;+x64)+AppleWebKit/537.36+(KHTML,+like+Gecko)+Chrome/79.0.3945.130+Safari/537.36 - 304 0 0 3
2020-01-22 12:58:43 ::1 GET /StyleSheetP.css - 53260 - ::1 Mozilla/5.0+(Windows+NT+10.0;+Win64;+x64)+AppleWebKit/537.36+(KHTML,+like+Gecko)+Chrome/79.0.3945.130+Safari/537.36 http://localhost:53260/Pixar.html 200 0 0 8
2020-01-22 12:59:00 ::1 GET /Pixar.html - 53260 - ::1 Mozilla/5.0+(Windows+NT+10.0;+Win64;+x64)+AppleWebKit/537.36+(KHTML,+like+Gecko)+Chrome/79.0.3945.130+Safari/537.36 - 304 0 0 5
2020-01-22 12:59:00 ::1 GET /StyleSheetP.css - 53260 - ::1 Mozilla/5.0+(Windows+NT+10.0;+Win64;+x64)+AppleWebKit/537.36+(KHTML,+like+Gecko)+Chrome/79.0.3945.130+Safari/537.36 http://localhost:53260/Pixar.html 304 0 0 15
2020-01-22 12:59:17 ::1 GET /Pixar.html - 53260 - ::1 Mozilla/5.0+(Windows+NT+10.0;+Win64;+x64)+AppleWebKit/537.36+(KHTML,+like+Gecko)+Chrome/79.0.3945.130+Safari/537.36 - 304 0 0 9
2020-01-22 12:59:17 ::1 GET /pixarlamp.png - 53260 - ::1 Mozilla/5.0+(Windows+NT+10.0;+Win64;+x64)+AppleWebKit/537.36+(KHTML,+like+Gecko)+Chrome/79.0.3945.130+Safari/537.36 http://localhost:53260/Pixar.html 304 0 0 17
2020-01-22 12:59:17 ::1 GET /StyleSheetP.css - 53260 - ::1 Mozilla/5.0+(Windows+NT+10.0;+Win64;+x64)+AppleWebKit/537.36+(KHTML,+like+Gecko)+Chrome/79.0.3945.130+Safari/537.36 http://localhost:53260/Pixar.html 200 0 0 26
2020-01-22 13:01:49 ::1 GET /Pixar.html - 53260 - ::1 Mozilla/5.0+(Windows+NT+10.0;+Win64;+x64)+AppleWebKit/537.36+(KHTML,+like+Gecko)+Chrome/79.0.3945.130+Safari/537.36 - 304 0 0 25
2020-01-22 13:01:49 ::1 GET /StyleSheetP.css - 53260 - ::1 Mozilla/5.0+(Windows+NT+10.0;+Win64;+x64)+AppleWebKit/537.36+(KHTML,+like+Gecko)+Chrome/79.0.3945.130+Safari/537.36 http://localhost:53260/Pixar.html 200 0 0 12
2020-01-22 13:01:49 ::1 GET /pixarlamp.png - 53260 - ::1 Mozilla/5.0+(Windows+NT+10.0;+Win64;+x64)+AppleWebKit/537.36+(KHTML,+like+Gecko)+Chrome/79.0.3945.130+Safari/537.36 http://localhost:53260/Pixar.html 304 0 0 22
2020-01-22 13:02:08 ::1 GET /Pixar.html - 53260 - ::1 Mozilla/5.0+(Windows+NT+10.0;+Win64;+x64)+AppleWebKit/537.36+(KHTML,+like+Gecko)+Chrome/79.0.3945.130+Safari/537.36 - 304 0 0 7
2020-01-22 13:02:08 ::1 GET /StyleSheetP.css - 53260 - ::1 Mozilla/5.0+(Windows+NT+10.0;+Win64;+x64)+AppleWebKit/537.36+(KHTML,+like+Gecko)+Chrome/79.0.3945.130+Safari/537.36 http://localhost:53260/Pixar.html 200 0 0 12
2020-01-22 13:02:33 ::1 GET /Pixar.html - 53260 - ::1 Mozilla/5.0+(Windows+NT+10.0;+Win64;+x64)+AppleWebKit/537.36+(KHTML,+like+Gecko)+Chrome/79.0.3945.130+Safari/537.36 - 304 0 0 1
2020-01-22 13:02:33 ::1 GET /StyleSheetP.css - 53260 - ::1 Mozilla/5.0+(Windows+NT+10.0;+Win64;+x64)+AppleWebKit/537.36+(KHTML,+like+Gecko)+Chrome/79.0.3945.130+Safari/537.36 http://localhost:53260/Pixar.html 200 0 0 13
2020-01-22 13:03:01 ::1 GET /Pixar.html - 53260 - ::1 Mozilla/5.0+(Windows+NT+10.0;+Win64;+x64)+AppleWebKit/537.36+(KHTML,+like+Gecko)+Chrome/79.0.3945.130+Safari/537.36 - 304 0 0 19
2020-01-22 13:03:01 ::1 GET /StyleSheetP.css - 53260 - ::1 Mozilla/5.0+(Windows+NT+10.0;+Win64;+x64)+AppleWebKit/537.36+(KHTML,+like+Gecko)+Chrome/79.0.3945.130+Safari/537.36 http://localhost:53260/Pixar.html 200 0 0 16
2020-01-22 13:03:32 ::1 GET /Pixar.html - 53260 - ::1 Mozilla/5.0+(Windows+NT+10.0;+Win64;+x64)+AppleWebKit/537.36+(KHTML,+like+Gecko)+Chrome/79.0.3945.130+Safari/537.36 - 304 0 0 1
2020-01-22 13:03:32 ::1 GET /StyleSheetP.css - 53260 - ::1 Mozilla/5.0+(Windows+NT+10.0;+Win64;+x64)+AppleWebKit/537.36+(KHTML,+like+Gecko)+Chrome/79.0.3945.130+Safari/537.36 http://localhost:53260/Pixar.html 200 0 0 24
2020-01-22 13:03:32 ::1 GET /pixarlamp.png - 53260 - ::1 Mozilla/5.0+(Windows+NT+10.0;+Win64;+x64)+AppleWebKit/537.36+(KHTML,+like+Gecko)+Chrome/79.0.3945.130+Safari/537.36 http://localhost:53260/Pixar.html 304 0 0 27
2020-01-22 13:03:55 ::1 GET /Pixar.html - 53260 - ::1 Mozilla/5.0+(Windows+NT+10.0;+Win64;+x64)+AppleWebKit/537.36+(KHTML,+like+Gecko)+Chrome/79.0.3945.130+Safari/537.36 - 304 0 0 5
2020-01-22 13:03:55 ::1 GET /StyleSheetP.css - 53260 - ::1 Mozilla/5.0+(Windows+NT+10.0;+Win64;+x64)+AppleWebKit/537.36+(KHTML,+like+Gecko)+Chrome/79.0.3945.130+Safari/537.36 http://localhost:53260/Pixar.html 200 0 0 3
2020-01-22 13:04:13 ::1 GET /Pixar.html - 53260 - ::1 Mozilla/5.0+(Windows+NT+10.0;+Win64;+x64)+AppleWebKit/537.36+(KHTML,+like+Gecko)+Chrome/79.0.3945.130+Safari/537.36 - 304 0 0 3
2020-01-22 13:04:13 ::1 GET /StyleSheetP.css - 53260 - ::1 Mozilla/5.0+(Windows+NT+10.0;+Win64;+x64)+AppleWebKit/537.36+(KHTML,+like+Gecko)+Chrome/79.0.3945.130+Safari/537.36 http://localhost:53260/Pixar.html 200 0 0 15
2020-01-22 13:05:37 ::1 GET /Pixar.html - 53260 - ::1 Mozilla/5.0+(Windows+NT+10.0;+Win64;+x64)+AppleWebKit/537.36+(KHTML,+like+Gecko)+Chrome/79.0.3945.130+Safari/537.36 - 304 0 0 16
2020-01-22 13:05:37 ::1 GET /pixarlamp.png - 53260 - ::1 Mozilla/5.0+(Windows+NT+10.0;+Win64;+x64)+AppleWebKit/537.36+(KHTML,+like+Gecko)+Chrome/79.0.3945.130+Safari/537.36 http://localhost:53260/Pixar.html 304 0 0 18
2020-01-22 13:05:37 ::1 GET /StyleSheetP.css - 53260 - ::1 Mozilla/5.0+(Windows+NT+10.0;+Win64;+x64)+AppleWebKit/537.36+(KHTML,+like+Gecko)+Chrome/79.0.3945.130+Safari/537.36 http://localhost:53260/Pixar.html 200 0 0 20
2020-01-22 13:05:58 ::1 GET /Pixar.html - 53260 - ::1 Mozilla/5.0+(Windows+NT+10.0;+Win64;+x64)+AppleWebKit/537.36+(KHTML,+like+Gecko)+Chrome/79.0.3945.130+Safari/537.36 - 304 0 0 3
2020-01-22 13:05:58 ::1 GET /StyleSheetP.css - 53260 - ::1 Mozilla/5.0+(Windows+NT+10.0;+Win64;+x64)+AppleWebKit/537.36+(KHTML,+like+Gecko)+Chrome/79.0.3945.130+Safari/537.36 http://localhost:53260/Pixar.html 304 0 0 11
2020-01-22 13:06:13 ::1 GET /Pixar.html - 53260 - ::1 Mozilla/5.0+(Windows+NT+10.0;+Win64;+x64)+AppleWebKit/537.36+(KHTML,+like+Gecko)+Chrome/79.0.3945.130+Safari/537.36 - 304 0 0 1
2020-01-22 13:06:13 ::1 GET /StyleSheetP.css - 53260 - ::1 Mozilla/5.0+(Windows+NT+10.0;+Win64;+x64)+AppleWebKit/537.36+(KHTML,+like+Gecko)+Chrome/79.0.3945.130+Safari/537.36 http://localhost:53260/Pixar.html 304 0 0 2
2020-01-22 13:06:53 ::1 GET /Pixar.html - 53260 - ::1 Mozilla/5.0+(Windows+NT+10.0;+Win64;+x64)+AppleWebKit/537.36+(KHTML,+like+Gecko)+Chrome/79.0.3945.130+Safari/537.36 - 304 0 0 15
2020-01-22 13:06:53 ::1 GET /StyleSheetP.css - 53260 - ::1 Mozilla/5.0+(Windows+NT+10.0;+Win64;+x64)+AppleWebKit/537.36+(KHTML,+like+Gecko)+Chrome/79.0.3945.130+Safari/537.36 http://localhost:53260/Pixar.html 200 0 0 14
2020-01-22 13:08:17 ::1 GET /Pixar.html - 53260 - ::1 Mozilla/5.0+(Windows+NT+10.0;+Win64;+x64)+AppleWebKit/537.36+(KHTML,+like+Gecko)+Chrome/79.0.3945.130+Safari/537.36 - 304 0 0 41
2020-01-22 13:08:17 ::1 GET /StyleSheetP.css - 53260 - ::1 Mozilla/5.0+(Windows+NT+10.0;+Win64;+x64)+AppleWebKit/537.36+(KHTML,+like+Gecko)+Chrome/79.0.3945.130+Safari/537.36 http://localhost:53260/Pixar.html 200 0 0 19
2020-01-22 13:08:17 ::1 GET /pixarlamp.png - 53260 - ::1 Mozilla/5.0+(Windows+NT+10.0;+Win64;+x64)+AppleWebKit/537.36+(KHTML,+like+Gecko)+Chrome/79.0.3945.130+Safari/537.36 http://localhost:53260/Pixar.html 304 0 0 19
2020-01-22 13:08:29 ::1 GET /Pixar.html - 53260 - ::1 Mozilla/5.0+(Windows+NT+10.0;+Win64;+x64)+AppleWebKit/537.36+(KHTML,+like+Gecko)+Chrome/79.0.3945.130+Safari/537.36 - 304 0 0 17
2020-01-22 13:08:29 ::1 GET /StyleSheetP.css - 53260 - ::1 Mozilla/5.0+(Windows+NT+10.0;+Win64;+x64)+AppleWebKit/537.36+(KHTML,+like+Gecko)+Chrome/79.0.3945.130+Safari/537.36 http://localhost:53260/Pixar.html 304 0 0 10
2020-01-22 13:08:52 ::1 GET /Pixar.html - 53260 - ::1 Mozilla/5.0+(Windows+NT+10.0;+Win64;+x64)+AppleWebKit/537.36+(KHTML,+like+Gecko)+Chrome/79.0.3945.130+Safari/537.36 - 304 0 0 1
2020-01-22 13:08:52 ::1 GET /StyleSheetP.css - 53260 - ::1 Mozilla/5.0+(Windows+NT+10.0;+Win64;+x64)+AppleWebKit/537.36+(KHTML,+like+Gecko)+Chrome/79.0.3945.130+Safari/537.36 http://localhost:53260/Pixar.html 200 0 0 5
2020-01-22 13:09:33 ::1 GET /Pixar.html - 53260 - ::1 Mozilla/5.0+(Windows+NT+10.0;+Win64;+x64)+AppleWebKit/537.36+(KHTML,+like+Gecko)+Chrome/79.0.3945.130+Safari/537.36 - 304 0 0 15
2020-01-22 13:09:33 ::1 GET /StyleSheetP.css - 53260 - ::1 Mozilla/5.0+(Windows+NT+10.0;+Win64;+x64)+AppleWebKit/537.36+(KHTML,+like+Gecko)+Chrome/79.0.3945.130+Safari/537.36 http://localhost:53260/Pixar.html 200 0 0 7
2020-01-22 13:10:02 ::1 GET /Pixar.html - 53260 - ::1 Mozilla/5.0+(Windows+NT+10.0;+Win64;+x64)+AppleWebKit/537.36+(KHTML,+like+Gecko)+Chrome/79.0.3945.130+Safari/537.36 - 304 0 0 1
2020-01-22 13:10:02 ::1 GET /StyleSheetP.css - 53260 - ::1 Mozilla/5.0+(Windows+NT+10.0;+Win64;+x64)+AppleWebKit/537.36+(KHTML,+like+Gecko)+Chrome/79.0.3945.130+Safari/537.36 http://localhost:53260/Pixar.html 200 0 0 16
2020-01-22 13:10:38 ::1 GET /Pixar.html - 53260 - ::1 Mozilla/5.0+(Windows+NT+10.0;+Win64;+x64)+AppleWebKit/537.36+(KHTML,+like+Gecko)+Chrome/79.0.3945.130+Safari/537.36 - 304 0 0 6
2020-01-22 13:10:38 ::1 GET /pixarlamp.png - 53260 - ::1 Mozilla/5.0+(Windows+NT+10.0;+Win64;+x64)+AppleWebKit/537.36+(KHTML,+like+Gecko)+Chrome/79.0.3945.130+Safari/537.36 http://localhost:53260/Pixar.html 304 0 0 14
2020-01-22 13:10:38 ::1 GET /StyleSheetP.css - 53260 - ::1 Mozilla/5.0+(Windows+NT+10.0;+Win64;+x64)+AppleWebKit/537.36+(KHTML,+like+Gecko)+Chrome/79.0.3945.130+Safari/537.36 http://localhost:53260/Pixar.html 200 0 0 23
2020-01-22 13:11:10 ::1 GET /Pixar.html - 53260 - ::1 Mozilla/5.0+(Windows+NT+10.0;+Win64;+x64)+AppleWebKit/537.36+(KHTML,+like+Gecko)+Chrome/79.0.3945.130+Safari/537.36 - 304 0 0 21
2020-01-22 13:11:10 ::1 GET /StyleSheetP.css - 53260 - ::1 Mozilla/5.0+(Windows+NT+10.0;+Win64;+x64)+AppleWebKit/537.36+(KHTML,+like+Gecko)+Chrome/79.0.3945.130+Safari/537.36 http://localhost:53260/Pixar.html 200 0 0 21
2020-01-22 13:11:36 ::1 GET /Pixar.html - 53260 - ::1 Mozilla/5.0+(Windows+NT+10.0;+Win64;+x64)+AppleWebKit/537.36+(KHTML,+like+Gecko)+Chrome/79.0.3945.130+Safari/537.36 - 304 0 0 2
2020-01-22 13:11:36 ::1 GET /StyleSheetP.css - 53260 - ::1 Mozilla/5.0+(Windows+NT+10.0;+Win64;+x64)+AppleWebKit/537.36+(KHTML,+like+Gecko)+Chrome/79.0.3945.130+Safari/537.36 http://localhost:53260/Pixar.html 200 0 0 15
2020-01-22 13:12:56 ::1 GET /Pixar.html - 53260 - ::1 Mozilla/5.0+(Windows+NT+10.0;+Win64;+x64)+AppleWebKit/537.36+(KHTML,+like+Gecko)+Chrome/79.0.3945.130+Safari/537.36 - 304 0 0 8
2020-01-22 13:12:56 ::1 GET /pixarlamp.png - 53260 - ::1 Mozilla/5.0+(Windows+NT+10.0;+Win64;+x64)+AppleWebKit/537.36+(KHTML,+like+Gecko)+Chrome/79.0.3945.130+Safari/537.36 http://localhost:53260/Pixar.html 304 0 0 29
2020-01-22 13:12:56 ::1 GET /StyleSheetP.css - 53260 - ::1 Mozilla/5.0+(Windows+NT+10.0;+Win64;+x64)+AppleWebKit/537.36+(KHTML,+like+Gecko)+Chrome/79.0.3945.130+Safari/537.36 http://localhost:53260/Pixar.html 200 0 0 31
2020-01-22 13:14:17 ::1 GET /Pixar.html - 53260 - ::1 Mozilla/5.0+(Windows+NT+10.0;+Win64;+x64)+AppleWebKit/537.36+(KHTML,+like+Gecko)+Chrome/79.0.3945.130+Safari/537.36 - 304 0 0 25
2020-01-22 13:14:17 ::1 GET /StyleSheetP.css - 53260 - ::1 Mozilla/5.0+(Windows+NT+10.0;+Win64;+x64)+AppleWebKit/537.36+(KHTML,+like+Gecko)+Chrome/79.0.3945.130+Safari/537.36 http://localhost:53260/Pixar.html 304 0 0 18
2020-01-22 13:17:01 ::1 GET /Pixar.html - 53260 - ::1 Mozilla/5.0+(Windows+NT+10.0;+Win64;+x64)+AppleWebKit/537.36+(KHTML,+like+Gecko)+Chrome/79.0.3945.130+Safari/537.36 - 200 0 0 69
2020-01-22 13:17:01 ::1 GET /pixarlamp.png - 53260 - ::1 Mozilla/5.0+(Windows+NT+10.0;+Win64;+x64)+AppleWebKit/537.36+(KHTML,+like+Gecko)+Chrome/79.0.3945.130+Safari/537.36 http://localhost:53260/Pixar.html 404 0 2 44
2020-01-22 13:17:01 ::1 GET /StyleSheetP.css - 53260 - ::1 Mozilla/5.0+(Windows+NT+10.0;+Win64;+x64)+AppleWebKit/537.36+(KHTML,+like+Gecko)+Chrome/79.0.3945.130+Safari/537.36 http://localhost:53260/Pixar.html 304 0 0 180
2020-01-22 13:17:01 ::1 GET /Tull/Pixar+Intro.mp3 - 53260 - ::1 Mozilla/5.0+(Windows+NT+10.0;+Win64;+x64)+AppleWebKit/537.36+(KHTML,+like+Gecko)+Chrome/79.0.3945.130+Safari/537.36 http://localhost:53260/Pixar.html 200 0 0 237
2020-01-22 13:17:01 ::1 GET /favicon.ico - 53260 - ::1 Mozilla/5.0+(Windows+NT+10.0;+Win64;+x64)+AppleWebKit/537.36+(KHTML,+like+Gecko)+Chrome/79.0.3945.130+Safari/537.36 http://localhost:53260/Pixar.html 404 0 2 70
2020-01-22 13:18:54 ::1 GET /By.html - 53260 - ::1 Mozilla/5.0+(Windows+NT+10.0;+Win64;+x64)+AppleWebKit/537.36+(KHTML,+like+Gecko)+Chrome/79.0.3945.130+Safari/537.36 - 200 0 0 35
2020-01-22 13:19:19 ::1 GET /By.html - 53260 - ::1 Mozilla/5.0+(Windows+NT+10.0;+Win64;+x64)+AppleWebKit/537.36+(KHTML,+like+Gecko)+Chrome/79.0.3945.130+Safari/537.36 - 200 0 0 88
2020-01-22 13:19:19 ::1 GET /bilby.css - 53260 - ::1 Mozilla/5.0+(Windows+NT+10.0;+Win64;+x64)+AppleWebKit/537.36+(KHTML,+like+Gecko)+Chrome/79.0.3945.130+Safari/537.36 http://localhost:53260/By.html 200 0 0 26
2020-01-22 13:19:19 ::1 GET /Tull/green+car.png - 53260 - ::1 Mozilla/5.0+(Windows+NT+10.0;+Win64;+x64)+AppleWebKit/537.36+(KHTML,+like+Gecko)+Chrome/79.0.3945.130+Safari/537.36 http://localhost:53260/By.html 200 0 0 26
2020-01-22 13:19:19 ::1 GET /Tull/city+map.jpg - 53260 - ::1 Mozilla/5.0+(Windows+NT+10.0;+Win64;+x64)+AppleWebKit/537.36+(KHTML,+like+Gecko)+Chrome/79.0.3945.130+Safari/537.36 http://localhost:53260/bilby.css 200 0 0 119
2020-01-22 13:21:00 ::1 GET /By.html - 53260 - ::1 Mozilla/5.0+(Windows+NT+10.0;+Win64;+x64)+AppleWebKit/537.36+(KHTML,+like+Gecko)+Chrome/79.0.3945.130+Safari/537.36 - 304 0 0 9
2020-01-22 13:21:00 ::1 GET /bilby.css - 53260 - ::1 Mozilla/5.0+(Windows+NT+10.0;+Win64;+x64)+AppleWebKit/537.36+(KHTML,+like+Gecko)+Chrome/79.0.3945.130+Safari/537.36 http://localhost:53260/By.html 200 0 0 11
2020-01-22 13:21:36 ::1 GET /By.html - 53260 - ::1 Mozilla/5.0+(Windows+NT+10.0;+Win64;+x64)+AppleWebKit/537.36+(KHTML,+like+Gecko)+Chrome/79.0.3945.130+Safari/537.36 - 200 0 0 26
2020-01-22 13:21:36 ::1 GET /bilby.css - 53260 - ::1 Mozilla/5.0+(Windows+NT+10.0;+Win64;+x64)+AppleWebKit/537.36+(KHTML,+like+Gecko)+Chrome/79.0.3945.130+Safari/537.36 http://localhost:53260/By.html 200 0 0 12
2020-01-22 13:21:46 ::1 GET /By.html - 53260 - ::1 Mozilla/5.0+(Windows+NT+10.0;+Win64;+x64)+AppleWebKit/537.36+(KHTML,+like+Gecko)+Chrome/79.0.3945.130+Safari/537.36 - 304 0 0 14
2020-01-22 13:21:46 ::1 GET /bilby.css - 53260 - ::1 Mozilla/5.0+(Windows+NT+10.0;+Win64;+x64)+AppleWebKit/537.36+(KHTML,+like+Gecko)+Chrome/79.0.3945.130+Safari/537.36 http://localhost:53260/By.html 200 0 0 10
2020-01-22 13:21:50 ::1 GET /By.html - 53260 - ::1 Mozilla/5.0+(Windows+NT+10.0;+Win64;+x64)+AppleWebKit/537.36+(KHTML,+like+Gecko)+Chrome/79.0.3945.130+Safari/537.36 - 304 0 0 2
2020-01-22 13:21:50 ::1 GET /bilby.css - 53260 - ::1 Mozilla/5.0+(Windows+NT+10.0;+Win64;+x64)+AppleWebKit/537.36+(KHTML,+like+Gecko)+Chrome/79.0.3945.130+Safari/537.36 http://localhost:53260/By.html 200 0 0 4
2020-01-22 13:21:54 ::1 GET /By.html - 53260 - ::1 Mozilla/5.0+(Windows+NT+10.0;+Win64;+x64)+AppleWebKit/537.36+(KHTML,+like+Gecko)+Chrome/79.0.3945.130+Safari/537.36 - 304 0 0 2
2020-01-22 13:21:54 ::1 GET /bilby.css - 53260 - ::1 Mozilla/5.0+(Windows+NT+10.0;+Win64;+x64)+AppleWebKit/537.36+(KHTML,+like+Gecko)+Chrome/79.0.3945.130+Safari/537.36 http://localhost:53260/By.html 200 0 0 19
2020-01-22 13:22:00 ::1 GET /By.html - 53260 - ::1 Mozilla/5.0+(Windows+NT+10.0;+Win64;+x64)+AppleWebKit/537.36+(KHTML,+like+Gecko)+Chrome/79.0.3945.130+Safari/537.36 - 304 0 0 2
2020-01-22 13:22:00 ::1 GET /bilby.css - 53260 - ::1 Mozilla/5.0+(Windows+NT+10.0;+Win64;+x64)+AppleWebKit/537.36+(KHTML,+like+Gecko)+Chrome/79.0.3945.130+Safari/537.36 http://localhost:53260/By.html 200 0 0 2
2020-01-22 13:22:04 ::1 GET /By.html - 53260 - ::1 Mozilla/5.0+(Windows+NT+10.0;+Win64;+x64)+AppleWebKit/537.36+(KHTML,+like+Gecko)+Chrome/79.0.3945.130+Safari/537.36 - 304 0 0 5
2020-01-22 13:22:04 ::1 GET /bilby.css - 53260 - ::1 Mozilla/5.0+(Windows+NT+10.0;+Win64;+x64)+AppleWebKit/537.36+(KHTML,+like+Gecko)+Chrome/79.0.3945.130+Safari/537.36 http://localhost:53260/By.html 200 0 0 13
2020-01-22 13:22:09 ::1 GET /By.html - 53260 - ::1 Mozilla/5.0+(Windows+NT+10.0;+Win64;+x64)+AppleWebKit/537.36+(KHTML,+like+Gecko)+Chrome/79.0.3945.130+Safari/537.36 - 304 0 0 7
2020-01-22 13:22:09 ::1 GET /bilby.css - 53260 - ::1 Mozilla/5.0+(Windows+NT+10.0;+Win64;+x64)+AppleWebKit/537.36+(KHTML,+like+Gecko)+Chrome/79.0.3945.130+Safari/537.36 http://localhost:53260/By.html 200 0 0 12
2020-01-22 13:22:20 ::1 GET /By.html - 53260 - ::1 Mozilla/5.0+(Windows+NT+10.0;+Win64;+x64)+AppleWebKit/537.36+(KHTML,+like+Gecko)+Chrome/79.0.3945.130+Safari/537.36 - 304 0 0 3
2020-01-22 13:22:20 ::1 GET /bilby.css - 53260 - ::1 Mozilla/5.0+(Windows+NT+10.0;+Win64;+x64)+AppleWebKit/537.36+(KHTML,+like+Gecko)+Chrome/79.0.3945.130+Safari/537.36 http://localhost:53260/By.html 200 0 0 5
2020-01-22 13:22:24 ::1 GET /By.html - 53260 - ::1 Mozilla/5.0+(Windows+NT+10.0;+Win64;+x64)+AppleWebKit/537.36+(KHTML,+like+Gecko)+Chrome/79.0.3945.130+Safari/537.36 - 304 0 0 3
2020-01-22 13:22:24 ::1 GET /bilby.css - 53260 - ::1 Mozilla/5.0+(Windows+NT+10.0;+Win64;+x64)+AppleWebKit/537.36+(KHTML,+like+Gecko)+Chrome/79.0.3945.130+Safari/537.36 http://localhost:53260/By.html 200 0 0 20
2020-01-22 13:22:28 ::1 GET /By.html - 53260 - ::1 Mozilla/5.0+(Windows+NT+10.0;+Win64;+x64)+AppleWebKit/537.36+(KHTML,+like+Gecko)+Chrome/79.0.3945.130+Safari/537.36 - 304 0 0 2
2020-01-22 13:22:28 ::1 GET /bilby.css - 53260 - ::1 Mozilla/5.0+(Windows+NT+10.0;+Win64;+x64)+AppleWebKit/537.36+(KHTML,+like+Gecko)+Chrome/79.0.3945.130+Safari/537.36 http://localhost:53260/By.html 200 0 0 12
2020-01-22 13:23:07 ::1 GET /By.html - 53260 - ::1 Mozilla/5.0+(Windows+NT+10.0;+Win64;+x64)+AppleWebKit/537.36+(KHTML,+like+Gecko)+Chrome/79.0.3945.130+Safari/537.36 - 304 0 0 17
2020-01-22 13:23:07 ::1 GET /Tull/green+car.png - 53260 - ::1 Mozilla/5.0+(Windows+NT+10.0;+Win64;+x64)+AppleWebKit/537.36+(KHTML,+like+Gecko)+Chrome/79.0.3945.130+Safari/537.36 http://localhost:53260/By.html 304 0 0 14
2020-01-22 13:23:07 ::1 GET /bilby.css - 53260 - ::1 Mozilla/5.0+(Windows+NT+10.0;+Win64;+x64)+AppleWebKit/537.36+(KHTML,+like+Gecko)+Chrome/79.0.3945.130+Safari/537.36 http://localhost:53260/By.html 200 0 0 29
2020-01-22 13:23:07 ::1 GET /Tull/city+map.jpg - 53260 - ::1 Mozilla/5.0+(Windows+NT+10.0;+Win64;+x64)+AppleWebKit/537.36+(KHTML,+like+Gecko)+Chrome/79.0.3945.130+Safari/537.36 http://localhost:53260/bilby.css 304 0 0 15
2020-01-22 13:23:07 ::1 GET /By.html - 53260 - ::1 Mozilla/5.0+(Windows+NT+10.0;+Win64;+x64)+AppleWebKit/537.36+(KHTML,+like+Gecko)+Chrome/79.0.3945.130+Safari/537.36 - 304 0 0 1
2020-01-22 13:23:07 ::1 GET /bilby.css - 53260 - ::1 Mozilla/5.0+(Windows+NT+10.0;+Win64;+x64)+AppleWebKit/537.36+(KHTML,+like+Gecko)+Chrome/79.0.3945.130+Safari/537.36 http://localhost:53260/By.html 304 0 0 10
2020-01-22 13:23:11 ::1 GET /By.html - 53260 - ::1 Mozilla/5.0+(Windows+NT+10.0;+Win64;+x64)+AppleWebKit/537.36+(KHTML,+like+Gecko)+Chrome/79.0.3945.130+Safari/537.36 - 304 0 0 2
2020-01-22 13:23:11 ::1 GET /bilby.css - 53260 - ::1 Mozilla/5.0+(Windows+NT+10.0;+Win64;+x64)+AppleWebKit/537.36+(KHTML,+like+Gecko)+Chrome/79.0.3945.130+Safari/537.36 http://localhost:53260/By.html 200 0 0 30
2020-01-22 13:23:15 ::1 GET /By.html - 53260 - ::1 Mozilla/5.0+(Windows+NT+10.0;+Win64;+x64)+AppleWebKit/537.36+(KHTML,+like+Gecko)+Chrome/79.0.3945.130+Safari/537.36 - 304 0 0 2
2020-01-22 13:23:15 ::1 GET /bilby.css - 53260 - ::1 Mozilla/5.0+(Windows+NT+10.0;+Win64;+x64)+AppleWebKit/537.36+(KHTML,+like+Gecko)+Chrome/79.0.3945.130+Safari/537.36 http://localhost:53260/By.html 200 0 0 23
2020-01-22 13:24:34 ::1 GET /By.html - 53260 - ::1 Mozilla/5.0+(Windows+NT+10.0;+Win64;+x64)+AppleWebKit/537.36+(KHTML,+like+Gecko)+Chrome/79.0.3945.130+Safari/537.36 - 200 0 0 88
2020-01-22 13:24:34 ::1 GET /bilby.css - 53260 - ::1 Mozilla/5.0+(Windows+NT+10.0;+Win64;+x64)+AppleWebKit/537.36+(KHTML,+like+Gecko)+Chrome/79.0.3945.130+Safari/537.36 http://localhost:53260/By.html 200 0 0 2
2020-01-22 13:24:51 ::1 GET /By.html - 53260 - ::1 Mozilla/5.0+(Windows+NT+10.0;+Win64;+x64)+AppleWebKit/537.36+(KHTML,+like+Gecko)+Chrome/79.0.3945.130+Safari/537.36 - 304 0 0 17
2020-01-22 13:24:51 ::1 GET /bilby.css - 53260 - ::1 Mozilla/5.0+(Windows+NT+10.0;+Win64;+x64)+AppleWebKit/537.36+(KHTML,+like+Gecko)+Chrome/79.0.3945.130+Safari/537.36 http://localhost:53260/By.html 200 0 0 11
2020-01-22 13:24:56 ::1 GET /By.html - 53260 - ::1 Mozilla/5.0+(Windows+NT+10.0;+Win64;+x64)+AppleWebKit/537.36+(KHTML,+like+Gecko)+Chrome/79.0.3945.130+Safari/537.36 - 304 0 0 2
2020-01-22 13:24:56 ::1 GET /bilby.css - 53260 - ::1 Mozilla/5.0+(Windows+NT+10.0;+Win64;+x64)+AppleWebKit/537.36+(KHTML,+like+Gecko)+Chrome/79.0.3945.130+Safari/537.36 http://localhost:53260/By.html 200 0 0 20
2020-01-22 13:25:07 ::1 GET /By.html - 53260 - ::1 Mozilla/5.0+(Windows+NT+10.0;+Win64;+x64)+AppleWebKit/537.36+(KHTML,+like+Gecko)+Chrome/79.0.3945.130+Safari/537.36 - 304 0 0 16
2020-01-22 13:25:07 ::1 GET /bilby.css - 53260 - ::1 Mozilla/5.0+(Windows+NT+10.0;+Win64;+x64)+AppleWebKit/537.36+(KHTML,+like+Gecko)+Chrome/79.0.3945.130+Safari/537.36 http://localhost:53260/By.html 200 0 0 5
2020-01-22 13:25:22 ::1 GET /By.html - 53260 - ::1 Mozilla/5.0+(Windows+NT+10.0;+Win64;+x64)+AppleWebKit/537.36+(KHTML,+like+Gecko)+Chrome/79.0.3945.130+Safari/537.36 - 304 0 0 4
2020-01-22 13:25:22 ::1 GET /bilby.css - 53260 - ::1 Mozilla/5.0+(Windows+NT+10.0;+Win64;+x64)+AppleWebKit/537.36+(KHTML,+like+Gecko)+Chrome/79.0.3945.130+Safari/537.36 http://localhost:53260/By.html 200 0 0 6
2020-01-22 13:25:26 ::1 GET /By.html - 53260 - ::1 Mozilla/5.0+(Windows+NT+10.0;+Win64;+x64)+AppleWebKit/537.36+(KHTML,+like+Gecko)+Chrome/79.0.3945.130+Safari/537.36 - 304 0 0 6
2020-01-22 13:25:26 ::1 GET /bilby.css - 53260 - ::1 Mozilla/5.0+(Windows+NT+10.0;+Win64;+x64)+AppleWebKit/537.36+(KHTML,+like+Gecko)+Chrome/79.0.3945.130+Safari/537.36 http://localhost:53260/By.html 200 0 0 7
2020-01-22 13:25:29 ::1 GET /By.html - 53260 - ::1 Mozilla/5.0+(Windows+NT+10.0;+Win64;+x64)+AppleWebKit/537.36+(KHTML,+like+Gecko)+Chrome/79.0.3945.130+Safari/537.36 - 304 0 0 9
2020-01-22 13:25:29 ::1 GET /bilby.css - 53260 - ::1 Mozilla/5.0+(Windows+NT+10.0;+Win64;+x64)+AppleWebKit/537.36+(KHTML,+like+Gecko)+Chrome/79.0.3945.130+Safari/537.36 http://localhost:53260/By.html 200 0 0 15
2020-01-22 13:25:33 ::1 GET /By.html - 53260 - ::1 Mozilla/5.0+(Windows+NT+10.0;+Win64;+x64)+AppleWebKit/537.36+(KHTML,+like+Gecko)+Chrome/79.0.3945.130+Safari/537.36 - 304 0 0 9
2020-01-22 13:25:33 ::1 GET /bilby.css - 53260 - ::1 Mozilla/5.0+(Windows+NT+10.0;+Win64;+x64)+AppleWebKit/537.36+(KHTML,+like+Gecko)+Chrome/79.0.3945.130+Safari/537.36 http://localhost:53260/By.html 200 0 0 3
2020-01-22 13:25:36 ::1 GET /By.html - 53260 - ::1 Mozilla/5.0+(Windows+NT+10.0;+Win64;+x64)+AppleWebKit/537.36+(KHTML,+like+Gecko)+Chrome/79.0.3945.130+Safari/537.36 - 304 0 0 4
2020-01-22 13:25:36 ::1 GET /bilby.css - 53260 - ::1 Mozilla/5.0+(Windows+NT+10.0;+Win64;+x64)+AppleWebKit/537.36+(KHTML,+like+Gecko)+Chrome/79.0.3945.130+Safari/537.36 http://localhost:53260/By.html 200 0 0 41
2020-01-22 13:28:27 ::1 GET /By.html - 53260 - ::1 Mozilla/5.0+(Windows+NT+10.0;+Win64;+x64)+AppleWebKit/537.36+(KHTML,+like+Gecko)+Chrome/79.0.3945.130+Safari/537.36 - 304 0 0 12
2020-01-22 13:28:27 ::1 GET /bilby.css - 53260 - ::1 Mozilla/5.0+(Windows+NT+10.0;+Win64;+x64)+AppleWebKit/537.36+(KHTML,+like+Gecko)+Chrome/79.0.3945.130+Safari/537.36 http://localhost:53260/By.html 200 0 0 31
2020-01-22 13:28:27 ::1 GET /Tull/green+car.png - 53260 - ::1 Mozilla/5.0+(Windows+NT+10.0;+Win64;+x64)+AppleWebKit/537.36+(KHTML,+like+Gecko)+Chrome/79.0.3945.130+Safari/537.36 http://localhost:53260/By.html 304 0 0 34
2020-01-22 13:28:27 ::1 GET /Tull/city+map.jpg - 53260 - ::1 Mozilla/5.0+(Windows+NT+10.0;+Win64;+x64)+AppleWebKit/537.36+(KHTML,+like+Gecko)+Chrome/79.0.3945.130+Safari/537.36 http://localhost:53260/By.html 304 0 0 39
2020-01-22 13:28:34 ::1 GET /By.html - 53260 - ::1 Mozilla/5.0+(Windows+NT+10.0;+Win64;+x64)+AppleWebKit/537.36+(KHTML,+like+Gecko)+Chrome/79.0.3945.130+Safari/537.36 - 304 0 0 9
2020-01-22 13:28:34 ::1 GET /bilby.css - 53260 - ::1 Mozilla/5.0+(Windows+NT+10.0;+Win64;+x64)+AppleWebKit/537.36+(KHTML,+like+Gecko)+Chrome/79.0.3945.130+Safari/537.36 http://localhost:53260/By.html 304 0 0 14
2020-01-22 13:28:42 ::1 GET /By.html - 53260 - ::1 Mozilla/5.0+(Windows+NT+10.0;+Win64;+x64)+AppleWebKit/537.36+(KHTML,+like+Gecko)+Chrome/79.0.3945.130+Safari/537.36 - 304 0 0 8
2020-01-22 13:28:42 ::1 GET /bilby.css - 53260 - ::1 Mozilla/5.0+(Windows+NT+10.0;+Win64;+x64)+AppleWebKit/537.36+(KHTML,+like+Gecko)+Chrome/79.0.3945.130+Safari/537.36 http://localhost:53260/By.html 304 0 0 2
2020-01-22 13:28:53 ::1 GET /By.html - 53260 - ::1 Mozilla/5.0+(Windows+NT+10.0;+Win64;+x64)+AppleWebKit/537.36+(KHTML,+like+Gecko)+Chrome/79.0.3945.130+Safari/537.36 - 304 0 0 8
2020-01-22 13:28:53 ::1 GET /bilby.css - 53260 - ::1 Mozilla/5.0+(Windows+NT+10.0;+Win64;+x64)+AppleWebKit/537.36+(KHTML,+like+Gecko)+Chrome/79.0.3945.130+Safari/537.36 http://localhost:53260/By.html 200 0 0 4
2020-01-22 13:28:59 ::1 GET /By.html - 53260 - ::1 Mozilla/5.0+(Windows+NT+10.0;+Win64;+x64)+AppleWebKit/537.36+(KHTML,+like+Gecko)+Chrome/79.0.3945.130+Safari/537.36 - 304 0 0 1
2020-01-22 13:28:59 ::1 GET /bilby.css - 53260 - ::1 Mozilla/5.0+(Windows+NT+10.0;+Win64;+x64)+AppleWebKit/537.36+(KHTML,+like+Gecko)+Chrome/79.0.3945.130+Safari/537.36 http://localhost:53260/By.html 200 0 0 18
2020-01-22 13:29:32 ::1 GET /By.html - 53260 - ::1 Mozilla/5.0+(Windows+NT+10.0;+Win64;+x64)+AppleWebKit/537.36+(KHTML,+like+Gecko)+Chrome/79.0.3945.130+Safari/537.36 - 304 0 0 8
2020-01-22 13:29:32 ::1 GET /bilby.css - 53260 - ::1 Mozilla/5.0+(Windows+NT+10.0;+Win64;+x64)+AppleWebKit/537.36+(KHTML,+like+Gecko)+Chrome/79.0.3945.130+Safari/537.36 http://localhost:53260/By.html 200 0 0 2
2020-01-22 13:30:09 ::1 GET /By.html - 53260 - ::1 Mozilla/5.0+(Windows+NT+10.0;+Win64;+x64)+AppleWebKit/537.36+(KHTML,+like+Gecko)+Chrome/79.0.3945.130+Safari/537.36 - 304 0 0 2
2020-01-22 13:30:09 ::1 GET /bilby.css - 53260 - ::1 Mozilla/5.0+(Windows+NT+10.0;+Win64;+x64)+AppleWebKit/537.36+(KHTML,+like+Gecko)+Chrome/79.0.3945.130+Safari/537.36 http://localhost:53260/By.html 200 0 0 6
2020-01-22 13:31:11 ::1 GET /By.html - 53260 - ::1 Mozilla/5.0+(Windows+NT+10.0;+Win64;+x64)+AppleWebKit/537.36+(KHTML,+like+Gecko)+Chrome/79.0.3945.130+Safari/537.36 - 304 0 0 5
2020-01-22 13:31:11 ::1 GET /bilby.css - 53260 - ::1 Mozilla/5.0+(Windows+NT+10.0;+Win64;+x64)+AppleWebKit/537.36+(KHTML,+like+Gecko)+Chrome/79.0.3945.130+Safari/537.36 http://localhost:53260/By.html 200 0 0 7
2020-01-22 13:31:39 ::1 GET /By.html - 53260 - ::1 Mozilla/5.0+(Windows+NT+10.0;+Win64;+x64)+AppleWebKit/537.36+(KHTML,+like+Gecko)+Chrome/79.0.3945.130+Safari/537.36 - 304 0 0 26
2020-01-22 13:31:39 ::1 GET /bilby.css - 53260 - ::1 Mozilla/5.0+(Windows+NT+10.0;+Win64;+x64)+AppleWebKit/537.36+(KHTML,+like+Gecko)+Chrome/79.0.3945.130+Safari/537.36 http://localhost:53260/By.html 200 0 0 18
2020-01-22 13:31:50 ::1 GET /By.html - 53260 - ::1 Mozilla/5.0+(Windows+NT+10.0;+Win64;+x64)+AppleWebKit/537.36+(KHTML,+like+Gecko)+Chrome/79.0.3945.130+Safari/537.36 - 304 0 0 2
2020-01-22 13:31:50 ::1 GET /bilby.css - 53260 - ::1 Mozilla/5.0+(Windows+NT+10.0;+Win64;+x64)+AppleWebKit/537.36+(KHTML,+like+Gecko)+Chrome/79.0.3945.130+Safari/537.36 http://localhost:53260/By.html 304 0 0 11
2020-01-22 13:32:17 ::1 GET /By.html - 53260 - ::1 Mozilla/5.0+(Windows+NT+10.0;+Win64;+x64)+AppleWebKit/537.36+(KHTML,+like+Gecko)+Chrome/79.0.3945.130+Safari/537.36 - 304 0 0 15
2020-01-22 13:32:17 ::1 GET /bilby.css - 53260 - ::1 Mozilla/5.0+(Windows+NT+10.0;+Win64;+x64)+AppleWebKit/537.36+(KHTML,+like+Gecko)+Chrome/79.0.3945.130+Safari/537.36 http://localhost:53260/By.html 200 0 0 11
2020-01-22 13:32:35 ::1 GET /By.html - 53260 - ::1 Mozilla/5.0+(Windows+NT+10.0;+Win64;+x64)+AppleWebKit/537.36+(KHTML,+like+Gecko)+Chrome/79.0.3945.130+Safari/537.36 - 304 0 0 4
2020-01-22 13:32:35 ::1 GET /bilby.css - 53260 - ::1 Mozilla/5.0+(Windows+NT+10.0;+Win64;+x64)+AppleWebKit/537.36+(KHTML,+like+Gecko)+Chrome/79.0.3945.130+Safari/537.36 http://localhost:53260/By.html 200 0 0 11
2020-01-22 13:32:55 ::1 GET /By.html - 53260 - ::1 Mozilla/5.0+(Windows+NT+10.0;+Win64;+x64)+AppleWebKit/537.36+(KHTML,+like+Gecko)+Chrome/79.0.3945.130+Safari/537.36 - 304 0 0 7
2020-01-22 13:32:55 ::1 GET /bilby.css - 53260 - ::1 Mozilla/5.0+(Windows+NT+10.0;+Win64;+x64)+AppleWebKit/537.36+(KHTML,+like+Gecko)+Chrome/79.0.3945.130+Safari/537.36 http://localhost:53260/By.html 200 0 0 13
2020-01-22 13:32:55 ::1 GET /Tull/green+car.png - 53260 - ::1 Mozilla/5.0+(Windows+NT+10.0;+Win64;+x64)+AppleWebKit/537.36+(KHTML,+like+Gecko)+Chrome/79.0.3945.130+Safari/537.36 http://localhost:53260/By.html 304 0 0 32
2020-01-22 13:32:55 ::1 GET /Tull/city+map.jpg - 53260 - ::1 Mozilla/5.0+(Windows+NT+10.0;+Win64;+x64)+AppleWebKit/537.36+(KHTML,+like+Gecko)+Chrome/79.0.3945.130+Safari/537.36 http://localhost:53260/By.html 304 0 0 36
2020-01-22 13:33:03 ::1 GET /By.html - 53260 - ::1 Mozilla/5.0+(Windows+NT+10.0;+Win64;+x64)+AppleWebKit/537.36+(KHTML,+like+Gecko)+Chrome/79.0.3945.130+Safari/537.36 - 304 0 0 7
2020-01-22 13:33:03 ::1 GET /bilby.css - 53260 - ::1 Mozilla/5.0+(Windows+NT+10.0;+Win64;+x64)+AppleWebKit/537.36+(KHTML,+like+Gecko)+Chrome/79.0.3945.130+Safari/537.36 http://localhost:53260/By.html 200 0 0 3
2020-01-22 13:33:25 ::1 GET /By.html - 53260 - ::1 Mozilla/5.0+(Windows+NT+10.0;+Win64;+x64)+AppleWebKit/537.36+(KHTML,+like+Gecko)+Chrome/79.0.3945.130+Safari/537.36 - 304 0 0 2
2020-01-22 13:33:25 ::1 GET /bilby.css - 53260 - ::1 Mozilla/5.0+(Windows+NT+10.0;+Win64;+x64)+AppleWebKit/537.36+(KHTML,+like+Gecko)+Chrome/79.0.3945.130+Safari/537.36 http://localhost:53260/By.html 200 0 0 7
2020-01-22 13:33:34 ::1 GET /By.html - 53260 - ::1 Mozilla/5.0+(Windows+NT+10.0;+Win64;+x64)+AppleWebKit/537.36+(KHTML,+like+Gecko)+Chrome/79.0.3945.130+Safari/537.36 - 304 0 0 2
2020-01-22 13:33:34 ::1 GET /bilby.css - 53260 - ::1 Mozilla/5.0+(Windows+NT+10.0;+Win64;+x64)+AppleWebKit/537.36+(KHTML,+like+Gecko)+Chrome/79.0.3945.130+Safari/537.36 http://localhost:53260/By.html 200 0 0 5
2020-01-22 13:33:43 ::1 GET /By.html - 53260 - ::1 Mozilla/5.0+(Windows+NT+10.0;+Win64;+x64)+AppleWebKit/537.36+(KHTML,+like+Gecko)+Chrome/79.0.3945.130+Safari/537.36 - 304 0 0 10
2020-01-22 13:33:43 ::1 GET /bilby.css - 53260 - ::1 Mozilla/5.0+(Windows+NT+10.0;+Win64;+x64)+AppleWebKit/537.36+(KHTML,+like+Gecko)+Chrome/79.0.3945.130+Safari/537.36 http://localhost:53260/By.html 200 0 0 2
2020-01-22 13:34:24 ::1 GET /By.html - 53260 - ::1 Mozilla/5.0+(Windows+NT+10.0;+Win64;+x64)+AppleWebKit/537.36+(KHTML,+like+Gecko)+Chrome/79.0.3945.130+Safari/537.36 - 304 0 0 2
2020-01-22 13:34:24 ::1 GET /bilby.css - 53260 - ::1 Mozilla/5.0+(Windows+NT+10.0;+Win64;+x64)+AppleWebKit/537.36+(KHTML,+like+Gecko)+Chrome/79.0.3945.130+Safari/537.36 http://localhost:53260/By.html 304 0 0 2
2020-01-22 13:35:27 ::1 GET /By.html - 53260 - ::1 Mozilla/5.0+(Windows+NT+10.0;+Win64;+x64)+AppleWebKit/537.36+(KHTML,+like+Gecko)+Chrome/79.0.3945.130+Safari/537.36 - 304 0 0 4
2020-01-22 13:35:27 ::1 GET /bilby.css - 53260 - ::1 Mozilla/5.0+(Windows+NT+10.0;+Win64;+x64)+AppleWebKit/537.36+(KHTML,+like+Gecko)+Chrome/79.0.3945.130+Safari/537.36 http://localhost:53260/By.html 200 0 0 13
2020-01-22 13:36:09 ::1 GET /By.html - 53260 - ::1 Mozilla/5.0+(Windows+NT+10.0;+Win64;+x64)+AppleWebKit/537.36+(KHTML,+like+Gecko)+Chrome/79.0.3945.130+Safari/537.36 - 304 0 0 13
2020-01-22 13:36:09 ::1 GET /bilby.css - 53260 - ::1 Mozilla/5.0+(Windows+NT+10.0;+Win64;+x64)+AppleWebKit/537.36+(KHTML,+like+Gecko)+Chrome/79.0.3945.130+Safari/537.36 http://localhost:53260/By.html 200 0 0 10
2020-01-22 13:36:56 ::1 GET /By.html - 53260 - ::1 Mozilla/5.0+(Windows+NT+10.0;+Win64;+x64)+AppleWebKit/537.36+(KHTML,+like+Gecko)+Chrome/79.0.3945.130+Safari/537.36 - 304 0 0 41
2020-01-22 13:36:56 ::1 GET /bilby.css - 53260 - ::1 Mozilla/5.0+(Windows+NT+10.0;+Win64;+x64)+AppleWebKit/537.36+(KHTML,+like+Gecko)+Chrome/79.0.3945.130+Safari/537.36 http://localhost:53260/By.html 200 0 0 11
2020-01-22 13:37:29 ::1 GET /By.html - 53260 - ::1 Mozilla/5.0+(Windows+NT+10.0;+Win64;+x64)+AppleWebKit/537.36+(KHTML,+like+Gecko)+Chrome/79.0.3945.130+Safari/537.36 - 304 0 0 4
2020-01-22 13:37:29 ::1 GET /bilby.css - 53260 - ::1 Mozilla/5.0+(Windows+NT+10.0;+Win64;+x64)+AppleWebKit/537.36+(KHTML,+like+Gecko)+Chrome/79.0.3945.130+Safari/537.36 http://localhost:53260/By.html 200 0 0 11
2020-01-22 13:38:23 ::1 GET /By.html - 53260 - ::1 Mozilla/5.0+(Windows+NT+10.0;+Win64;+x64)+AppleWebKit/537.36+(KHTML,+like+Gecko)+Chrome/79.0.3945.130+Safari/537.36 - 304 0 0 22
2020-01-22 13:38:23 ::1 GET /Tull/city+map.jpg - 53260 - ::1 Mozilla/5.0+(Windows+NT+10.0;+Win64;+x64)+AppleWebKit/537.36+(KHTML,+like+Gecko)+Chrome/79.0.3945.130+Safari/537.36 http://localhost:53260/By.html 304 0 0 24
2020-01-22 13:38:23 ::1 GET /Tull/green+car.png - 53260 - ::1 Mozilla/5.0+(Windows+NT+10.0;+Win64;+x64)+AppleWebKit/537.36+(KHTML,+like+Gecko)+Chrome/79.0.3945.130+Safari/537.36 http://localhost:53260/By.html 304 0 0 24
2020-01-22 13:38:23 ::1 GET /bilby.css - 53260 - ::1 Mozilla/5.0+(Windows+NT+10.0;+Win64;+x64)+AppleWebKit/537.36+(KHTML,+like+Gecko)+Chrome/79.0.3945.130+Safari/537.36 http://localhost:53260/By.html 200 0 0 40
2020-01-22 13:38:49 ::1 GET /By.html - 53260 - ::1 Mozilla/5.0+(Windows+NT+10.0;+Win64;+x64)+AppleWebKit/537.36+(KHTML,+like+Gecko)+Chrome/79.0.3945.130+Safari/537.36 - 304 0 0 10
2020-01-22 13:38:49 ::1 GET /bilby.css - 53260 - ::1 Mozilla/5.0+(Windows+NT+10.0;+Win64;+x64)+AppleWebKit/537.36+(KHTML,+like+Gecko)+Chrome/79.0.3945.130+Safari/537.36 http://localhost:53260/By.html 200 0 0 15
2020-01-22 13:39:23 ::1 GET /By.html - 53260 - ::1 Mozilla/5.0+(Windows+NT+10.0;+Win64;+x64)+AppleWebKit/537.36+(KHTML,+like+Gecko)+Chrome/79.0.3945.130+Safari/537.36 - 304 0 0 6
2020-01-22 13:39:23 ::1 GET /bilby.css - 53260 - ::1 Mozilla/5.0+(Windows+NT+10.0;+Win64;+x64)+AppleWebKit/537.36+(KHTML,+like+Gecko)+Chrome/79.0.3945.130+Safari/537.36 http://localhost:53260/By.html 200 0 0 3
2020-01-22 13:39:50 ::1 GET /By.html - 53260 - ::1 Mozilla/5.0+(Windows+NT+10.0;+Win64;+x64)+AppleWebKit/537.36+(KHTML,+like+Gecko)+Chrome/79.0.3945.130+Safari/537.36 - 304 0 0 4
2020-01-22 13:39:50 ::1 GET /bilby.css - 53260 - ::1 Mozilla/5.0+(Windows+NT+10.0;+Win64;+x64)+AppleWebKit/537.36+(KHTML,+like+Gecko)+Chrome/79.0.3945.130+Safari/537.36 http://localhost:53260/By.html 200 0 0 20
2020-01-22 13:40:21 ::1 GET /By.html - 53260 - ::1 Mozilla/5.0+(Windows+NT+10.0;+Win64;+x64)+AppleWebKit/537.36+(KHTML,+like+Gecko)+Chrome/79.0.3945.130+Safari/537.36 - 304 0 0 5
2020-01-22 13:40:21 ::1 GET /bilby.css - 53260 - ::1 Mozilla/5.0+(Windows+NT+10.0;+Win64;+x64)+AppleWebKit/537.36+(KHTML,+like+Gecko)+Chrome/79.0.3945.130+Safari/537.36 http://localhost:53260/By.html 200 0 0 10
2020-01-22 13:40:39 ::1 GET /By.html - 53260 - ::1 Mozilla/5.0+(Windows+NT+10.0;+Win64;+x64)+AppleWebKit/537.36+(KHTML,+like+Gecko)+Chrome/79.0.3945.130+Safari/537.36 - 304 0 0 5
2020-01-22 13:40:39 ::1 GET /bilby.css - 53260 - ::1 Mozilla/5.0+(Windows+NT+10.0;+Win64;+x64)+AppleWebKit/537.36+(KHTML,+like+Gecko)+Chrome/79.0.3945.130+Safari/537.36 http://localhost:53260/By.html 200 0 0 3
2020-01-22 13:42:00 ::1 GET /By.html - 53260 - ::1 Mozilla/5.0+(Windows+NT+10.0;+Win64;+x64)+AppleWebKit/537.36+(KHTML,+like+Gecko)+Chrome/79.0.3945.130+Safari/537.36 - 304 0 0 5
2020-01-22 13:42:00 ::1 GET /bilby.css - 53260 - ::1 Mozilla/5.0+(Windows+NT+10.0;+Win64;+x64)+AppleWebKit/537.36+(KHTML,+like+Gecko)+Chrome/79.0.3945.130+Safari/537.36 http://localhost:53260/By.html 304 0 0 12
2020-01-22 13:42:19 ::1 GET /By.html - 53260 - ::1 Mozilla/5.0+(Windows+NT+10.0;+Win64;+x64)+AppleWebKit/537.36+(KHTML,+like+Gecko)+Chrome/79.0.3945.130+Safari/537.36 - 304 0 0 4
2020-01-22 13:42:19 ::1 GET /bilby.css - 53260 - ::1 Mozilla/5.0+(Windows+NT+10.0;+Win64;+x64)+AppleWebKit/537.36+(KHTML,+like+Gecko)+Chrome/79.0.3945.130+Safari/537.36 http://localhost:53260/By.html 200 0 0 5
2020-01-22 13:43:07 ::1 GET /By.html - 53260 - ::1 Mozilla/5.0+(Windows+NT+10.0;+Win64;+x64)+AppleWebKit/537.36+(KHTML,+like+Gecko)+Chrome/79.0.3945.130+Safari/537.36 - 304 0 0 27
2020-01-22 13:43:07 ::1 GET /bilby.css - 53260 - ::1 Mozilla/5.0+(Windows+NT+10.0;+Win64;+x64)+AppleWebKit/537.36+(KHTML,+like+Gecko)+Chrome/79.0.3945.130+Safari/537.36 http://localhost:53260/By.html 200 0 0 36
2020-01-22 13:43:33 ::1 GET /By.html - 53260 - ::1 Mozilla/5.0+(Windows+NT+10.0;+Win64;+x64)+AppleWebKit/537.36+(KHTML,+like+Gecko)+Chrome/79.0.3945.130+Safari/537.36 - 304 0 0 6
2020-01-22 13:43:33 ::1 GET /bilby.css - 53260 - ::1 Mozilla/5.0+(Windows+NT+10.0;+Win64;+x64)+AppleWebKit/537.36+(KHTML,+like+Gecko)+Chrome/79.0.3945.130+Safari/537.36 http://localhost:53260/By.html 200 0 0 14
2020-01-22 13:44:11 ::1 GET /By.html - 53260 - ::1 Mozilla/5.0+(Windows+NT+10.0;+Win64;+x64)+AppleWebKit/537.36+(KHTML,+like+Gecko)+Chrome/79.0.3945.130+Safari/537.36 - 304 0 0 8
2020-01-22 13:44:11 ::1 GET /Tull/green+car.png - 53260 - ::1 Mozilla/5.0+(Windows+NT+10.0;+Win64;+x64)+AppleWebKit/537.36+(KHTML,+like+Gecko)+Chrome/79.0.3945.130+Safari/537.36 http://localhost:53260/By.html 304 0 0 20
2020-01-22 13:44:11 ::1 GET /bilby.css - 53260 - ::1 Mozilla/5.0+(Windows+NT+10.0;+Win64;+x64)+AppleWebKit/537.36+(KHTML,+like+Gecko)+Chrome/79.0.3945.130+Safari/537.36 http://localhost:53260/By.html 200 0 0 32
2020-01-22 13:44:11 ::1 GET /Tull/city+map.jpg - 53260 - ::1 Mozilla/5.0+(Windows+NT+10.0;+Win64;+x64)+AppleWebKit/537.36+(KHTML,+like+Gecko)+Chrome/79.0.3945.130+Safari/537.36 http://localhost:53260/By.html 304 0 0 32
2020-01-22 13:44:37 ::1 GET /By.html - 53260 - ::1 Mozilla/5.0+(Windows+NT+10.0;+Win64;+x64)+AppleWebKit/537.36+(KHTML,+like+Gecko)+Chrome/79.0.3945.130+Safari/537.36 - 304 0 0 6
2020-01-22 13:44:37 ::1 GET /bilby.css - 53260 - ::1 Mozilla/5.0+(Windows+NT+10.0;+Win64;+x64)+AppleWebKit/537.36+(KHTML,+like+Gecko)+Chrome/79.0.3945.130+Safari/537.36 http://localhost:53260/By.html 304 0 0 12
2020-01-22 13:44:49 ::1 GET /By.html - 53260 - ::1 Mozilla/5.0+(Windows+NT+10.0;+Win64;+x64)+AppleWebKit/537.36+(KHTML,+like+Gecko)+Chrome/79.0.3945.130+Safari/537.36 - 304 0 0 19
2020-01-22 13:44:49 ::1 GET /bilby.css - 53260 - ::1 Mozilla/5.0+(Windows+NT+10.0;+Win64;+x64)+AppleWebKit/537.36+(KHTML,+like+Gecko)+Chrome/79.0.3945.130+Safari/537.36 http://localhost:53260/By.html 200 0 0 14
2020-01-22 13:45:17 ::1 GET /By.html - 53260 - ::1 Mozilla/5.0+(Windows+NT+10.0;+Win64;+x64)+AppleWebKit/537.36+(KHTML,+like+Gecko)+Chrome/79.0.3945.130+Safari/537.36 - 304 0 0 11
2020-01-22 13:45:17 ::1 GET /bilby.css - 53260 - ::1 Mozilla/5.0+(Windows+NT+10.0;+Win64;+x64)+AppleWebKit/537.36+(KHTML,+like+Gecko)+Chrome/79.0.3945.130+Safari/537.36 http://localhost:53260/By.html 200 0 0 9
2020-01-22 13:45:48 ::1 GET /By.html - 53260 - ::1 Mozilla/5.0+(Windows+NT+10.0;+Win64;+x64)+AppleWebKit/537.36+(KHTML,+like+Gecko)+Chrome/79.0.3945.130+Safari/537.36 - 304 0 0 17
2020-01-22 13:45:48 ::1 GET /bilby.css - 53260 - ::1 Mozilla/5.0+(Windows+NT+10.0;+Win64;+x64)+AppleWebKit/537.36+(KHTML,+like+Gecko)+Chrome/79.0.3945.130+Safari/537.36 http://localhost:53260/By.html 200 0 0 14
2020-01-22 13:46:11 ::1 GET /By.html - 53260 - ::1 Mozilla/5.0+(Windows+NT+10.0;+Win64;+x64)+AppleWebKit/537.36+(KHTML,+like+Gecko)+Chrome/79.0.3945.130+Safari/537.36 - 304 0 0 3
2020-01-22 13:46:11 ::1 GET /bilby.css - 53260 - ::1 Mozilla/5.0+(Windows+NT+10.0;+Win64;+x64)+AppleWebKit/537.36+(KHTML,+like+Gecko)+Chrome/79.0.3945.130+Safari/537.36 http://localhost:53260/By.html 200 0 0 25
2020-01-22 13:46:27 ::1 GET /By.html - 53260 - ::1 Mozilla/5.0+(Windows+NT+10.0;+Win64;+x64)+AppleWebKit/537.36+(KHTML,+like+Gecko)+Chrome/79.0.3945.130+Safari/537.36 - 304 0 0 5
2020-01-22 13:46:27 ::1 GET /bilby.css - 53260 - ::1 Mozilla/5.0+(Windows+NT+10.0;+Win64;+x64)+AppleWebKit/537.36+(KHTML,+like+Gecko)+Chrome/79.0.3945.130+Safari/537.36 http://localhost:53260/By.html 200 0 0 16
2020-01-22 13:46:46 ::1 GET /By.html - 53260 - ::1 Mozilla/5.0+(Windows+NT+10.0;+Win64;+x64)+AppleWebKit/537.36+(KHTML,+like+Gecko)+Chrome/79.0.3945.130+Safari/537.36 - 304 0 0 6
2020-01-22 13:46:46 ::1 GET /bilby.css - 53260 - ::1 Mozilla/5.0+(Windows+NT+10.0;+Win64;+x64)+AppleWebKit/537.36+(KHTML,+like+Gecko)+Chrome/79.0.3945.130+Safari/537.36 http://localhost:53260/By.html 200 0 0 15
2020-01-22 13:47:25 ::1 GET /By.html - 53260 - ::1 Mozilla/5.0+(Windows+NT+10.0;+Win64;+x64)+AppleWebKit/537.36+(KHTML,+like+Gecko)+Chrome/79.0.3945.130+Safari/537.36 - 304 0 0 11
2020-01-22 13:47:25 ::1 GET /bilby.css - 53260 - ::1 Mozilla/5.0+(Windows+NT+10.0;+Win64;+x64)+AppleWebKit/537.36+(KHTML,+like+Gecko)+Chrome/79.0.3945.130+Safari/537.36 http://localhost:53260/By.html 200 0 0 12
2020-01-22 13:47:43 ::1 GET /By.html - 53260 - ::1 Mozilla/5.0+(Windows+NT+10.0;+Win64;+x64)+AppleWebKit/537.36+(KHTML,+like+Gecko)+Chrome/79.0.3945.130+Safari/537.36 - 304 0 0 5
2020-01-22 13:47:43 ::1 GET /bilby.css - 53260 - ::1 Mozilla/5.0+(Windows+NT+10.0;+Win64;+x64)+AppleWebKit/537.36+(KHTML,+like+Gecko)+Chrome/79.0.3945.130+Safari/537.36 http://localhost:53260/By.html 200 0 0 15
2020-01-22 13:48:00 ::1 GET /By.html - 53260 - ::1 Mozilla/5.0+(Windows+NT+10.0;+Win64;+x64)+AppleWebKit/537.36+(KHTML,+like+Gecko)+Chrome/79.0.3945.130+Safari/537.36 - 304 0 0 2
2020-01-22 13:48:00 ::1 GET /bilby.css - 53260 - ::1 Mozilla/5.0+(Windows+NT+10.0;+Win64;+x64)+AppleWebKit/537.36+(KHTML,+like+Gecko)+Chrome/79.0.3945.130+Safari/537.36 http://localhost:53260/By.html 200 0 0 3
2020-01-22 13:48:11 ::1 GET /By.html - 53260 - ::1 Mozilla/5.0+(Windows+NT+10.0;+Win64;+x64)+AppleWebKit/537.36+(KHTML,+like+Gecko)+Chrome/79.0.3945.130+Safari/537.36 - 304 0 0 4
2020-01-22 13:48:11 ::1 GET /bilby.css - 53260 - ::1 Mozilla/5.0+(Windows+NT+10.0;+Win64;+x64)+AppleWebKit/537.36+(KHTML,+like+Gecko)+Chrome/79.0.3945.130+Safari/537.36 http://localhost:53260/By.html 200 0 0 26
2020-01-22 13:48:25 ::1 GET /By.html - 53260 - ::1 Mozilla/5.0+(Windows+NT+10.0;+Win64;+x64)+AppleWebKit/537.36+(KHTML,+like+Gecko)+Chrome/79.0.3945.130+Safari/537.36 - 304 0 0 3
2020-01-22 13:48:25 ::1 GET /bilby.css - 53260 - ::1 Mozilla/5.0+(Windows+NT+10.0;+Win64;+x64)+AppleWebKit/537.36+(KHTML,+like+Gecko)+Chrome/79.0.3945.130+Safari/537.36 http://localhost:53260/By.html 200 0 0 16
2020-01-22 13:49:10 ::1 GET /By.html - 53260 - ::1 Mozilla/5.0+(Windows+NT+10.0;+Win64;+x64)+AppleWebKit/537.36+(KHTML,+like+Gecko)+Chrome/79.0.3945.130+Safari/537.36 - 304 0 0 12
2020-01-22 13:49:10 ::1 GET /bilby.css - 53260 - ::1 Mozilla/5.0+(Windows+NT+10.0;+Win64;+x64)+AppleWebKit/537.36+(KHTML,+like+Gecko)+Chrome/79.0.3945.130+Safari/537.36 http://localhost:53260/By.html 200 0 0 15
2020-01-22 13:49:24 ::1 GET /By.html - 53260 - ::1 Mozilla/5.0+(Windows+NT+10.0;+Win64;+x64)+AppleWebKit/537.36+(KHTML,+like+Gecko)+Chrome/79.0.3945.130+Safari/537.36 - 304 0 0 18
2020-01-22 13:49:24 ::1 GET /bilby.css - 53260 - ::1 Mozilla/5.0+(Windows+NT+10.0;+Win64;+x64)+AppleWebKit/537.36+(KHTML,+like+Gecko)+Chrome/79.0.3945.130+Safari/537.36 http://localhost:53260/By.html 200 0 0 42
2020-01-22 13:49:44 ::1 GET /By.html - 53260 - ::1 Mozilla/5.0+(Windows+NT+10.0;+Win64;+x64)+AppleWebKit/537.36+(KHTML,+like+Gecko)+Chrome/79.0.3945.130+Safari/537.36 - 304 0 0 3
2020-01-22 13:49:44 ::1 GET /bilby.css - 53260 - ::1 Mozilla/5.0+(Windows+NT+10.0;+Win64;+x64)+AppleWebKit/537.36+(KHTML,+like+Gecko)+Chrome/79.0.3945.130+Safari/537.36 http://localhost:53260/By.html 200 0 0 26
2020-01-22 13:49:57 ::1 GET /By.html - 53260 - ::1 Mozilla/5.0+(Windows+NT+10.0;+Win64;+x64)+AppleWebKit/537.36+(KHTML,+like+Gecko)+Chrome/79.0.3945.130+Safari/537.36 - 304 0 0 1
2020-01-22 13:49:57 ::1 GET /bilby.css - 53260 - ::1 Mozilla/5.0+(Windows+NT+10.0;+Win64;+x64)+AppleWebKit/537.36+(KHTML,+like+Gecko)+Chrome/79.0.3945.130+Safari/537.36 http://localhost:53260/By.html 304 0 0 16
2020-01-22 13:50:17 ::1 GET /By.html - 53260 - ::1 Mozilla/5.0+(Windows+NT+10.0;+Win64;+x64)+AppleWebKit/537.36+(KHTML,+like+Gecko)+Chrome/79.0.3945.130+Safari/537.36 - 304 0 0 14
2020-01-22 13:50:17 ::1 GET /Tull/city+map.jpg - 53260 - ::1 Mozilla/5.0+(Windows+NT+10.0;+Win64;+x64)+AppleWebKit/537.36+(KHTML,+like+Gecko)+Chrome/79.0.3945.130+Safari/537.36 http://localhost:53260/By.html 304 0 0 17
2020-01-22 13:50:17 ::1 GET /Tull/green+car.png - 53260 - ::1 Mozilla/5.0+(Windows+NT+10.0;+Win64;+x64)+AppleWebKit/537.36+(KHTML,+like+Gecko)+Chrome/79.0.3945.130+Safari/537.36 http://localhost:53260/By.html 304 0 0 22
2020-01-22 13:50:17 ::1 GET /bilby.css - 53260 - ::1 Mozilla/5.0+(Windows+NT+10.0;+Win64;+x64)+AppleWebKit/537.36+(KHTML,+like+Gecko)+Chrome/79.0.3945.130+Safari/537.36 http://localhost:53260/By.html 200 0 0 23
2020-01-22 13:51:06 ::1 GET /By.html - 53260 - ::1 Mozilla/5.0+(Windows+NT+10.0;+Win64;+x64)+AppleWebKit/537.36+(KHTML,+like+Gecko)+Chrome/79.0.3945.130+Safari/537.36 - 304 0 0 12
2020-01-22 13:51:06 ::1 GET /bilby.css - 53260 - ::1 Mozilla/5.0+(Windows+NT+10.0;+Win64;+x64)+AppleWebKit/537.36+(KHTML,+like+Gecko)+Chrome/79.0.3945.130+Safari/537.36 http://localhost:53260/By.html 200 0 0 14
2020-01-22 13:55:29 ::1 GET /By.html - 53260 - ::1 Mozilla/5.0+(Windows+NT+10.0;+Win64;+x64)+AppleWebKit/537.36+(KHTML,+like+Gecko)+Chrome/79.0.3945.130+Safari/537.36 - 304 0 0 20
2020-01-22 13:55:29 ::1 GET /bilby.css - 53260 - ::1 Mozilla/5.0+(Windows+NT+10.0;+Win64;+x64)+AppleWebKit/537.36+(KHTML,+like+Gecko)+Chrome/79.0.3945.130+Safari/537.36 http://localhost:53260/By.html 304 0 0 24
2020-01-22 13:57:21 ::1 GET /By.html - 53260 - ::1 Mozilla/5.0+(Windows+NT+10.0;+Win64;+x64)+AppleWebKit/537.36+(KHTML,+like+Gecko)+Chrome/79.0.3945.130+Safari/537.36 - 304 0 0 6
2020-01-22 13:57:21 ::1 GET /bilby.css - 53260 - ::1 Mozilla/5.0+(Windows+NT+10.0;+Win64;+x64)+AppleWebKit/537.36+(KHTML,+like+Gecko)+Chrome/79.0.3945.130+Safari/537.36 http://localhost:53260/By.html 200 0 0 13
2020-01-22 13:57:21 ::1 GET /Tull/green+car.png - 53260 - ::1 Mozilla/5.0+(Windows+NT+10.0;+Win64;+x64)+AppleWebKit/537.36+(KHTML,+like+Gecko)+Chrome/79.0.3945.130+Safari/537.36 http://localhost:53260/By.html 304 0 0 24
2020-01-22 13:57:21 ::1 GET /Tull/city+map.jpg - 53260 - ::1 Mozilla/5.0+(Windows+NT+10.0;+Win64;+x64)+AppleWebKit/537.36+(KHTML,+like+Gecko)+Chrome/79.0.3945.130+Safari/537.36 http://localhost:53260/By.html 304 0 0 49
2020-01-22 13:57:32 ::1 GET /By.html - 53260 - ::1 Mozilla/5.0+(Windows+NT+10.0;+Win64;+x64)+AppleWebKit/537.36+(KHTML,+like+Gecko)+Chrome/79.0.3945.130+Safari/537.36 - 304 0 0 13
2020-01-22 13:57:32 ::1 GET /bilby.css - 53260 - ::1 Mozilla/5.0+(Windows+NT+10.0;+Win64;+x64)+AppleWebKit/537.36+(KHTML,+like+Gecko)+Chrome/79.0.3945.130+Safari/537.36 http://localhost:53260/By.html 200 0 0 4
2020-01-22 13:58:10 ::1 GET /By.html - 53260 - ::1 Mozilla/5.0+(Windows+NT+10.0;+Win64;+x64)+AppleWebKit/537.36+(KHTML,+like+Gecko)+Chrome/79.0.3945.130+Safari/537.36 - 304 0 0 2
2020-01-22 13:58:10 ::1 GET /bilby.css - 53260 - ::1 Mozilla/5.0+(Windows+NT+10.0;+Win64;+x64)+AppleWebKit/537.36+(KHTML,+like+Gecko)+Chrome/79.0.3945.130+Safari/537.36 http://localhost:53260/By.html 200 0 0 3
2020-01-22 13:59:51 ::1 GET /By.html - 53260 - ::1 Mozilla/5.0+(Windows+NT+10.0;+Win64;+x64)+AppleWebKit/537.36+(KHTML,+like+Gecko)+Chrome/79.0.3945.130+Safari/537.36 - 200 0 0 28
2020-01-22 13:59:51 ::1 GET /Tull/car-clip-art-red-top-car-png.jpg - 53260 - ::1 Mozilla/5.0+(Windows+NT+10.0;+Win64;+x64)+AppleWebKit/537.36+(KHTML,+like+Gecko)+Chrome/79.0.3945.130+Safari/537.36 http://localhost:53260/By.html 200 0 0 19
2020-01-22 13:59:51 ::1 GET /bilby.css - 53260 - ::1 Mozilla/5.0+(Windows+NT+10.0;+Win64;+x64)+AppleWebKit/537.36+(KHTML,+like+Gecko)+Chrome/79.0.3945.130+Safari/537.36 http://localhost:53260/By.html 304 0 0 35
2020-01-22 14:00:34 ::1 GET /By.html - 53260 - ::1 Mozilla/5.0+(Windows+NT+10.0;+Win64;+x64)+AppleWebKit/537.36+(KHTML,+like+Gecko)+Chrome/79.0.3945.130+Safari/537.36 - 304 0 0 14
2020-01-22 14:00:34 ::1 GET /Tull/car-clip-art-red-top-car-png.jpg - 53260 - ::1 Mozilla/5.0+(Windows+NT+10.0;+Win64;+x64)+AppleWebKit/537.36+(KHTML,+like+Gecko)+Chrome/79.0.3945.130+Safari/537.36 http://localhost:53260/By.html 304 0 0 12
2020-01-22 14:00:34 ::1 GET /bilby.css - 53260 - ::1 Mozilla/5.0+(Windows+NT+10.0;+Win64;+x64)+AppleWebKit/537.36+(KHTML,+like+Gecko)+Chrome/79.0.3945.130+Safari/537.36 http://localhost:53260/By.html 200 0 0 12
2020-01-22 14:01:56 ::1 GET /By.html - 53260 - ::1 Mozilla/5.0+(Windows+NT+10.0;+Win64;+x64)+AppleWebKit/537.36+(KHTML,+like+Gecko)+Chrome/79.0.3945.130+Safari/537.36 - 200 0 0 83
2020-01-22 14:01:56 ::1 GET /bilby.css - 53260 - ::1 Mozilla/5.0+(Windows+NT+10.0;+Win64;+x64)+AppleWebKit/537.36+(KHTML,+like+Gecko)+Chrome/79.0.3945.130+Safari/537.36 http://localhost:53260/By.html 304 0 0 25
2020-01-22 14:01:56 ::1 GET /Tull/car-clip-art-red-top-car-png.png - 53260 - ::1 Mozilla/5.0+(Windows+NT+10.0;+Win64;+x64)+AppleWebKit/537.36+(KHTML,+like+Gecko)+Chrome/79.0.3945.130+Safari/537.36 http://localhost:53260/By.html 200 0 0 28
2020-01-22 14:02:10 ::1 GET /By.html - 53260 - ::1 Mozilla/5.0+(Windows+NT+10.0;+Win64;+x64)+AppleWebKit/537.36+(KHTML,+like+Gecko)+Chrome/79.0.3945.130+Safari/537.36 - 304 0 0 9
2020-01-22 14:02:10 ::1 GET /Tull/car-clip-art-red-top-car-png.png - 53260 - ::1 Mozilla/5.0+(Windows+NT+10.0;+Win64;+x64)+AppleWebKit/537.36+(KHTML,+like+Gecko)+Chrome/79.0.3945.130+Safari/537.36 http://localhost:53260/By.html 304 0 0 45
2020-01-22 14:02:10 ::1 GET /bilby.css - 53260 - ::1 Mozilla/5.0+(Windows+NT+10.0;+Win64;+x64)+AppleWebKit/537.36+(KHTML,+like+Gecko)+Chrome/79.0.3945.130+Safari/537.36 http://localhost:53260/By.html 200 0 0 81
2020-01-22 14:02:26 ::1 GET /By.html - 53260 - ::1 Mozilla/5.0+(Windows+NT+10.0;+Win64;+x64)+AppleWebKit/537.36+(KHTML,+like+Gecko)+Chrome/79.0.3945.130+Safari/537.36 - 304 0 0 5
2020-01-22 14:02:26 ::1 GET /Tull/car-clip-art-red-top-car-png.png - 53260 - ::1 Mozilla/5.0+(Windows+NT+10.0;+Win64;+x64)+AppleWebKit/537.36+(KHTML,+like+Gecko)+Chrome/79.0.3945.130+Safari/537.36 http://localhost:53260/By.html 304 0 0 7
2020-01-22 14:02:26 ::1 GET /bilby.css - 53260 - ::1 Mozilla/5.0+(Windows+NT+10.0;+Win64;+x64)+AppleWebKit/537.36+(KHTML,+like+Gecko)+Chrome/79.0.3945.130+Safari/537.36 http://localhost:53260/By.html 200 0 0 17
2020-01-22 14:02:47 ::1 GET /By.html - 53260 - ::1 Mozilla/5.0+(Windows+NT+10.0;+Win64;+x64)+AppleWebKit/537.36+(KHTML,+like+Gecko)+Chrome/79.0.3945.130+Safari/537.36 - 304 0 0 5
2020-01-22 14:02:47 ::1 GET /bilby.css - 53260 - ::1 Mozilla/5.0+(Windows+NT+10.0;+Win64;+x64)+AppleWebKit/537.36+(KHTML,+like+Gecko)+Chrome/79.0.3945.130+Safari/537.36 http://localhost:53260/By.html 304 0 0 7
2020-01-22 14:02:47 ::1 GET /Tull/car-clip-art-red-top-car-png.png - 53260 - ::1 Mozilla/5.0+(Windows+NT+10.0;+Win64;+x64)+AppleWebKit/537.36+(KHTML,+like+Gecko)+Chrome/79.0.3945.130+Safari/537.36 http://localhost:53260/By.html 200 0 0 29
2020-01-22 14:02:55 ::1 GET /By.html - 53260 - ::1 Mozilla/5.0+(Windows+NT+10.0;+Win64;+x64)+AppleWebKit/537.36+(KHTML,+like+Gecko)+Chrome/79.0.3945.130+Safari/537.36 - 304 0 0 15
2020-01-22 14:02:55 ::1 GET /bilby.css - 53260 - ::1 Mozilla/5.0+(Windows+NT+10.0;+Win64;+x64)+AppleWebKit/537.36+(KHTML,+like+Gecko)+Chrome/79.0.3945.130+Safari/537.36 http://localhost:53260/By.html 304 0 0 15
2020-01-22 14:02:55 ::1 GET /Tull/car-clip-art-red-top-car-png.png - 53260 - ::1 Mozilla/5.0+(Windows+NT+10.0;+Win64;+x64)+AppleWebKit/537.36+(KHTML,+like+Gecko)+Chrome/79.0.3945.130+Safari/537.36 http://localhost:53260/By.html 200 0 0 33
2020-01-22 14:03:14 ::1 GET /By.html - 53260 - ::1 Mozilla/5.0+(Windows+NT+10.0;+Win64;+x64)+AppleWebKit/537.36+(KHTML,+like+Gecko)+Chrome/79.0.3945.130+Safari/537.36 - 304 0 0 8
2020-01-22 14:03:14 ::1 GET /bilby.css - 53260 - ::1 Mozilla/5.0+(Windows+NT+10.0;+Win64;+x64)+AppleWebKit/537.36+(KHTML,+like+Gecko)+Chrome/79.0.3945.130+Safari/537.36 http://localhost:53260/By.html 304 0 0 27
2020-01-22 14:03:14 ::1 GET /Tull/car-clip-art-red-top-car-png.png - 53260 - ::1 Mozilla/5.0+(Windows+NT+10.0;+Win64;+x64)+AppleWebKit/537.36+(KHTML,+like+Gecko)+Chrome/79.0.3945.130+Safari/537.36 http://localhost:53260/By.html 200 0 0 44
2020-01-22 14:03:24 ::1 GET /By.html - 53260 - ::1 Mozilla/5.0+(Windows+NT+10.0;+Win64;+x64)+AppleWebKit/537.36+(KHTML,+like+Gecko)+Chrome/79.0.3945.130+Safari/537.36 - 304 0 0 4
2020-01-22 14:03:24 ::1 GET /Tull/car-clip-art-red-top-car-png.png - 53260 - ::1 Mozilla/5.0+(Windows+NT+10.0;+Win64;+x64)+AppleWebKit/537.36+(KHTML,+like+Gecko)+Chrome/79.0.3945.130+Safari/537.36 http://localhost:53260/By.html 304 0 0 25
2020-01-22 14:03:24 ::1 GET /bilby.css - 53260 - ::1 Mozilla/5.0+(Windows+NT+10.0;+Win64;+x64)+AppleWebKit/537.36+(KHTML,+like+Gecko)+Chrome/79.0.3945.130+Safari/537.36 http://localhost:53260/By.html 200 0 0 27
2020-01-22 14:03:31 ::1 GET /By.html - 53260 - ::1 Mozilla/5.0+(Windows+NT+10.0;+Win64;+x64)+AppleWebKit/537.36+(KHTML,+like+Gecko)+Chrome/79.0.3945.130+Safari/537.36 - 304 0 0 3
2020-01-22 14:03:31 ::1 GET /Tull/car-clip-art-red-top-car-png.png - 53260 - ::1 Mozilla/5.0+(Windows+NT+10.0;+Win64;+x64)+AppleWebKit/537.36+(KHTML,+like+Gecko)+Chrome/79.0.3945.130+Safari/537.36 http://localhost:53260/By.html 304 0 0 12
2020-01-22 14:03:31 ::1 GET /bilby.css - 53260 - ::1 Mozilla/5.0+(Windows+NT+10.0;+Win64;+x64)+AppleWebKit/537.36+(KHTML,+like+Gecko)+Chrome/79.0.3945.130+Safari/537.36 http://localhost:53260/By.html 200 0 0 16
2020-01-22 14:03:48 ::1 GET /By.html - 53260 - ::1 Mozilla/5.0+(Windows+NT+10.0;+Win64;+x64)+AppleWebKit/537.36+(KHTML,+like+Gecko)+Chrome/79.0.3945.130+Safari/537.36 - 304 0 0 2
2020-01-22 14:03:48 ::1 GET /Tull/car-clip-art-red-top-car-png.png - 53260 - ::1 Mozilla/5.0+(Windows+NT+10.0;+Win64;+x64)+AppleWebKit/537.36+(KHTML,+like+Gecko)+Chrome/79.0.3945.130+Safari/537.36 http://localhost:53260/By.html 304 0 0 16
2020-01-22 14:03:48 ::1 GET /bilby.css - 53260 - ::1 Mozilla/5.0+(Windows+NT+10.0;+Win64;+x64)+AppleWebKit/537.36+(KHTML,+like+Gecko)+Chrome/79.0.3945.130+Safari/537.36 http://localhost:53260/By.html 200 0 0 18
2020-01-22 14:04:18 ::1 GET /By.html - 53260 - ::1 Mozilla/5.0+(Windows+NT+10.0;+Win64;+x64)+AppleWebKit/537.36+(KHTML,+like+Gecko)+Chrome/79.0.3945.130+Safari/537.36 - 304 0 0 3
2020-01-22 14:04:18 ::1 GET /bilby.css - 53260 - ::1 Mozilla/5.0+(Windows+NT+10.0;+Win64;+x64)+AppleWebKit/537.36+(KHTML,+like+Gecko)+Chrome/79.0.3945.130+Safari/537.36 http://localhost:53260/By.html 304 0 0 7
2020-01-22 14:04:18 ::1 GET /Tull/car-clip-art-red-top-car-png.png - 53260 - ::1 Mozilla/5.0+(Windows+NT+10.0;+Win64;+x64)+AppleWebKit/537.36+(KHTML,+like+Gecko)+Chrome/79.0.3945.130+Safari/537.36 http://localhost:53260/By.html 200 0 0 13
2020-01-22 14:04:24 ::1 GET /By.html - 53260 - ::1 Mozilla/5.0+(Windows+NT+10.0;+Win64;+x64)+AppleWebKit/537.36+(KHTML,+like+Gecko)+Chrome/79.0.3945.130+Safari/537.36 - 304 0 0 2
2020-01-22 14:04:24 ::1 GET /Tull/car-clip-art-red-top-car-png.png - 53260 - ::1 Mozilla/5.0+(Windows+NT+10.0;+Win64;+x64)+AppleWebKit/537.36+(KHTML,+like+Gecko)+Chrome/79.0.3945.130+Safari/537.36 http://localhost:53260/By.html 304 0 0 19
2020-01-22 14:04:24 ::1 GET /bilby.css - 53260 - ::1 Mozilla/5.0+(Windows+NT+10.0;+Win64;+x64)+AppleWebKit/537.36+(KHTML,+like+Gecko)+Chrome/79.0.3945.130+Safari/537.36 http://localhost:53260/By.html 200 0 0 27
2020-01-22 14:04:29 ::1 GET /By.html - 53260 - ::1 Mozilla/5.0+(Windows+NT+10.0;+Win64;+x64)+AppleWebKit/537.36+(KHTML,+like+Gecko)+Chrome/79.0.3945.130+Safari/537.36 - 304 0 0 2
2020-01-22 14:04:29 ::1 GET /Tull/car-clip-art-red-top-car-png.png - 53260 - ::1 Mozilla/5.0+(Windows+NT+10.0;+Win64;+x64)+AppleWebKit/537.36+(KHTML,+like+Gecko)+Chrome/79.0.3945.130+Safari/537.36 http://localhost:53260/By.html 304 0 0 17
2020-01-22 14:04:29 ::1 GET /bilby.css - 53260 - ::1 Mozilla/5.0+(Windows+NT+10.0;+Win64;+x64)+AppleWebKit/537.36+(KHTML,+like+Gecko)+Chrome/79.0.3945.130+Safari/537.36 http://localhost:53260/By.html 200 0 0 24
2020-01-22 14:04:35 ::1 GET /By.html - 53260 - ::1 Mozilla/5.0+(Windows+NT+10.0;+Win64;+x64)+AppleWebKit/537.36+(KHTML,+like+Gecko)+Chrome/79.0.3945.130+Safari/537.36 - 304 0 0 1
2020-01-22 14:04:35 ::1 GET /Tull/car-clip-art-red-top-car-png.png - 53260 - ::1 Mozilla/5.0+(Windows+NT+10.0;+Win64;+x64)+AppleWebKit/537.36+(KHTML,+like+Gecko)+Chrome/79.0.3945.130+Safari/537.36 http://localhost:53260/By.html 304 0 0 4
2020-01-22 14:04:35 ::1 GET /bilby.css - 53260 - ::1 Mozilla/5.0+(Windows+NT+10.0;+Win64;+x64)+AppleWebKit/537.36+(KHTML,+like+Gecko)+Chrome/79.0.3945.130+Safari/537.36 http://localhost:53260/By.html 200 0 0 30
2020-01-22 14:04:35 ::1 GET /Tull/green+car.png - 53260 - ::1 Mozilla/5.0+(Windows+NT+10.0;+Win64;+x64)+AppleWebKit/537.36+(KHTML,+like+Gecko)+Chrome/79.0.3945.130+Safari/537.36 http://localhost:53260/By.html 304 0 0 27
2020-01-22 14:04:35 ::1 GET /Tull/city+map.jpg - 53260 - ::1 Mozilla/5.0+(Windows+NT+10.0;+Win64;+x64)+AppleWebKit/537.36+(KHTML,+like+Gecko)+Chrome/79.0.3945.130+Safari/537.36 http://localhost:53260/By.html 304 0 0 119
2020-01-22 14:04:39 ::1 GET /By.html - 53260 - ::1 Mozilla/5.0+(Windows+NT+10.0;+Win64;+x64)+AppleWebKit/537.36+(KHTML,+like+Gecko)+Chrome/79.0.3945.130+Safari/537.36 - 304 0 0 1
2020-01-22 14:04:39 ::1 GET /Tull/car-clip-art-red-top-car-png.png - 53260 - ::1 Mozilla/5.0+(Windows+NT+10.0;+Win64;+x64)+AppleWebKit/537.36+(KHTML,+like+Gecko)+Chrome/79.0.3945.130+Safari/537.36 http://localhost:53260/By.html 304 0 0 29
2020-01-22 14:04:39 ::1 GET /bilby.css - 53260 - ::1 Mozilla/5.0+(Windows+NT+10.0;+Win64;+x64)+AppleWebKit/537.36+(KHTML,+like+Gecko)+Chrome/79.0.3945.130+Safari/537.36 http://localhost:53260/By.html 200 0 0 37
2020-01-22 14:04:44 ::1 GET /By.html - 53260 - ::1 Mozilla/5.0+(Windows+NT+10.0;+Win64;+x64)+AppleWebKit/537.36+(KHTML,+like+Gecko)+Chrome/79.0.3945.130+Safari/537.36 - 304 0 0 2
2020-01-22 14:04:44 ::1 GET /Tull/car-clip-art-red-top-car-png.png - 53260 - ::1 Mozilla/5.0+(Windows+NT+10.0;+Win64;+x64)+AppleWebKit/537.36+(KHTML,+like+Gecko)+Chrome/79.0.3945.130+Safari/537.36 http://localhost:53260/By.html 304 0 0 16
2020-01-22 14:04:44 ::1 GET /bilby.css - 53260 - ::1 Mozilla/5.0+(Windows+NT+10.0;+Win64;+x64)+AppleWebKit/537.36+(KHTML,+like+Gecko)+Chrome/79.0.3945.130+Safari/537.36 http://localhost:53260/By.html 200 0 0 30
2020-01-22 14:04:46 ::1 GET /By.html - 53260 - ::1 Mozilla/5.0+(Windows+NT+10.0;+Win64;+x64)+AppleWebKit/537.36+(KHTML,+like+Gecko)+Chrome/79.0.3945.130+Safari/537.36 - 304 0 0 2
2020-01-22 14:04:46 ::1 GET /bilby.css - 53260 - ::1 Mozilla/5.0+(Windows+NT+10.0;+Win64;+x64)+AppleWebKit/537.36+(KHTML,+like+Gecko)+Chrome/79.0.3945.130+Safari/537.36 http://localhost:53260/By.html 200 0 0 3
2020-01-22 14:04:49 ::1 GET /By.html - 53260 - ::1 Mozilla/5.0+(Windows+NT+10.0;+Win64;+x64)+AppleWebKit/537.36+(KHTML,+like+Gecko)+Chrome/79.0.3945.130+Safari/537.36 - 304 0 0 2
2020-01-22 14:04:49 ::1 GET /Tull/car-clip-art-red-top-car-png.png - 53260 - ::1 Mozilla/5.0+(Windows+NT+10.0;+Win64;+x64)+AppleWebKit/537.36+(KHTML,+like+Gecko)+Chrome/79.0.3945.130+Safari/537.36 http://localhost:53260/By.html 304 0 0 43
2020-01-22 14:04:49 ::1 GET /bilby.css - 53260 - ::1 Mozilla/5.0+(Windows+NT+10.0;+Win64;+x64)+AppleWebKit/537.36+(KHTML,+like+Gecko)+Chrome/79.0.3945.130+Safari/537.36 http://localhost:53260/By.html 200 0 0 93
2020-01-22 14:04:53 ::1 GET /By.html - 53260 - ::1 Mozilla/5.0+(Windows+NT+10.0;+Win64;+x64)+AppleWebKit/537.36+(KHTML,+like+Gecko)+Chrome/79.0.3945.130+Safari/537.36 - 304 0 0 1
2020-01-22 14:04:53 ::1 GET /Tull/car-clip-art-red-top-car-png.png - 53260 - ::1 Mozilla/5.0+(Windows+NT+10.0;+Win64;+x64)+AppleWebKit/537.36+(KHTML,+like+Gecko)+Chrome/79.0.3945.130+Safari/537.36 http://localhost:53260/By.html 304 0 0 25
2020-01-22 14:04:53 ::1 GET /bilby.css - 53260 - ::1 Mozilla/5.0+(Windows+NT+10.0;+Win64;+x64)+AppleWebKit/537.36+(KHTML,+like+Gecko)+Chrome/79.0.3945.130+Safari/537.36 http://localhost:53260/By.html 200 0 0 47
2020-01-22 14:05:48 ::1 GET /By.html - 53260 - ::1 Mozilla/5.0+(Windows+NT+10.0;+Win64;+x64)+AppleWebKit/537.36+(KHTML,+like+Gecko)+Chrome/79.0.3945.130+Safari/537.36 - 200 0 0 68
2020-01-22 14:05:48 ::1 GET /bilby.css - 53260 - ::1 Mozilla/5.0+(Windows+NT+10.0;+Win64;+x64)+AppleWebKit/537.36+(KHTML,+like+Gecko)+Chrome/79.0.3945.130+Safari/537.36 http://localhost:53260/By.html 304 0 0 12
2020-01-22 14:05:48 ::1 GET /Tull/car-clip-art-red-top-car-png+(1).png - 53260 - ::1 Mozilla/5.0+(Windows+NT+10.0;+Win64;+x64)+AppleWebKit/537.36+(KHTML,+like+Gecko)+Chrome/79.0.3945.130+Safari/537.36 http://localhost:53260/By.html 200 0 0 32
2020-01-22 14:06:59 ::1 GET /By.html - 53260 - ::1 Mozilla/5.0+(Windows+NT+10.0;+Win64;+x64)+AppleWebKit/537.36+(KHTML,+like+Gecko)+Chrome/79.0.3945.130+Safari/537.36 - 200 0 0 47
2020-01-22 14:06:59 ::1 GET /bilby.css - 53260 - ::1 Mozilla/5.0+(Windows+NT+10.0;+Win64;+x64)+AppleWebKit/537.36+(KHTML,+like+Gecko)+Chrome/79.0.3945.130+Safari/537.36 http://localhost:53260/By.html 304 0 0 36
2020-01-22 14:06:59 ::1 GET /Tull/car-bird-eye-view-top-view-plan-view-black-sport-utility-vehicle-png-clip-art.png - 53260 - ::1 Mozilla/5.0+(Windows+NT+10.0;+Win64;+x64)+AppleWebKit/537.36+(KHTML,+like+Gecko)+Chrome/79.0.3945.130+Safari/537.36 http://localhost:53260/By.html 200 0 0 40
2020-01-22 14:10:14 ::1 GET /By.html - 53260 - ::1 Mozilla/5.0+(Windows+NT+10.0;+Win64;+x64)+AppleWebKit/537.36+(KHTML,+like+Gecko)+Chrome/79.0.3945.130+Safari/537.36 - 304 0 0 12
2020-01-22 14:10:14 ::1 GET /bilby.css - 53260 - ::1 Mozilla/5.0+(Windows+NT+10.0;+Win64;+x64)+AppleWebKit/537.36+(KHTML,+like+Gecko)+Chrome/79.0.3945.130+Safari/537.36 http://localhost:53260/By.html 304 0 0 50
2020-01-22 14:10:14 ::1 GET /Tull/car-bird-eye-view-top-view-plan-view-black-sport-utility-vehicle-png-clip-art.png - 53260 - ::1 Mozilla/5.0+(Windows+NT+10.0;+Win64;+x64)+AppleWebKit/537.36+(KHTML,+like+Gecko)+Chrome/79.0.3945.130+Safari/537.36 http://localhost:53260/By.html 200 0 0 99
2020-01-22 14:10:36 ::1 GET /By.html - 53260 - ::1 Mozilla/5.0+(Windows+NT+10.0;+Win64;+x64)+AppleWebKit/537.36+(KHTML,+like+Gecko)+Chrome/79.0.3945.130+Safari/537.36 - 304 0 0 8
2020-01-22 14:10:36 ::1 GET /Tull/car-bird-eye-view-top-view-plan-view-black-sport-utility-vehicle-png-clip-art.png - 53260 - ::1 Mozilla/5.0+(Windows+NT+10.0;+Win64;+x64)+AppleWebKit/537.36+(KHTML,+like+Gecko)+Chrome/79.0.3945.130+Safari/537.36 http://localhost:53260/By.html 304 0 0 14
2020-01-22 14:10:44 ::1 GET /Tull/Pixar+Intro.mp3 - 53260 - ::1 Mozilla/5.0+(Windows+NT+10.0;+Win64;+x64)+AppleWebKit/537.36+(KHTML,+like+Gecko)+Chrome/79.0.3945.130+Safari/537.36 http://localhost:53260/Pixar.html 304 0 0 25
2020-01-22 14:10:44 ::1 GET /Pixar.html - 53260 - ::1 Mozilla/5.0+(Windows+NT+10.0;+Win64;+x64)+AppleWebKit/537.36+(KHTML,+like+Gecko)+Chrome/79.0.3945.130+Safari/537.36 - 200 0 0 36
2020-01-22 14:10:44 ::1 GET /StyleSheetP.css - 53260 - ::1 Mozilla/5.0+(Windows+NT+10.0;+Win64;+x64)+AppleWebKit/537.36+(KHTML,+like+Gecko)+Chrome/79.0.3945.130+Safari/537.36 http://localhost:53260/Pixar.html 304 0 0 13
2020-01-22 14:10:44 ::1 GET /Tull/pixarlamp.png - 53260 - ::1 Mozilla/5.0+(Windows+NT+10.0;+Win64;+x64)+AppleWebKit/537.36+(KHTML,+like+Gecko)+Chrome/79.0.3945.130+Safari/537.36 http://localhost:53260/Pixar.html 200 0 0 21
2020-01-22 14:11:13 ::1 GET /Pixar.html - 53260 - ::1 Mozilla/5.0+(Windows+NT+10.0;+Win64;+x64)+AppleWebKit/537.36+(KHTML,+like+Gecko)+Chrome/79.0.3945.130+Safari/537.36 - 304 0 0 15
2020-01-22 14:11:30 ::1 GET /Star.html - 53260 - ::1 Mozilla/5.0+(Windows+NT+10.0;+Win64;+x64)+AppleWebKit/537.36+(KHTML,+like+Gecko)+Chrome/79.0.3945.130+Safari/537.36 - 200 0 0 100
2020-01-22 14:11:30 ::1 GET /wars.css - 53260 - ::1 Mozilla/5.0+(Windows+NT+10.0;+Win64;+x64)+AppleWebKit/537.36+(KHTML,+like+Gecko)+Chrome/79.0.3945.130+Safari/537.36 http://localhost:53260/Star.html 304 0 0 37
2020-01-22 14:11:30 ::1 GET /JavaScript.js - 53260 - ::1 Mozilla/5.0+(Windows+NT+10.0;+Win64;+x64)+AppleWebKit/537.36+(KHTML,+like+Gecko)+Chrome/79.0.3945.130+Safari/537.36 http://localhost:53260/Star.html 304 0 0 81
2020-01-22 14:11:30 ::1 GET /Tull/Star_Wars_original_opening_crawl_1977.mp3 - 53260 - ::1 Mozilla/5.0+(Windows+NT+10.0;+Win64;+x64)+AppleWebKit/537.36+(KHTML,+like+Gecko)+Chrome/79.0.3945.130+Safari/537.36 http://localhost:53260/Star.html 200 0 0 86
2020-01-22 14:11:47 ::1 GET /Pixar.html - 53260 - ::1 Mozilla/5.0+(Windows+NT+10.0;+Win64;+x64)+AppleWebKit/537.36+(KHTML,+like+Gecko)+Chrome/79.0.3945.130+Safari/537.36 - 200 0 0 66
2020-01-22 14:12:19 ::1 GET /Pixar.html - 53260 - ::1 Mozilla/5.0+(Windows+NT+10.0;+Win64;+x64)+AppleWebKit/537.36+(KHTML,+like+Gecko)+Chrome/79.0.3945.130+Safari/537.36 - 304 0 0 7
2020-01-22 14:13:37 ::1 GET /By.html - 53260 - ::1 Mozilla/5.0+(Windows+NT+10.0;+Win64;+x64)+AppleWebKit/537.36+(KHTML,+like+Gecko)+Chrome/79.0.3945.130+Safari/537.36 - 200 0 0 8
2020-01-22 14:13:37 ::1 GET /Tull/city+map.jpg - 53260 - ::1 Mozilla/5.0+(Windows+NT+10.0;+Win64;+x64)+AppleWebKit/537.36+(KHTML,+like+Gecko)+Chrome/79.0.3945.130+Safari/537.36 http://localhost:53260/By.html 304 0 0 31
2020-01-22 14:13:37 ::1 GET /Tull/green+car.png - 53260 - ::1 Mozilla/5.0+(Windows+NT+10.0;+Win64;+x64)+AppleWebKit/537.36+(KHTML,+like+Gecko)+Chrome/79.0.3945.130+Safari/537.36 http://localhost:53260/By.html 304 0 0 31
2020-01-22 14:13:37 ::1 GET /bilby.css - 53260 - ::1 Mozilla/5.0+(Windows+NT+10.0;+Win64;+x64)+AppleWebKit/537.36+(KHTML,+like+Gecko)+Chrome/79.0.3945.130+Safari/537.36 http://localhost:53260/By.html 200 0 0 35
2020-01-22 14:14:07 ::1 GET /By.html - 53260 - ::1 Mozilla/5.0+(Windows+NT+10.0;+Win64;+x64)+AppleWebKit/537.36+(KHTML,+like+Gecko)+Chrome/79.0.3945.130+Safari/537.36 - 304 0 0 9
2020-01-22 14:14:07 ::1 GET /bilby.css - 53260 - ::1 Mozilla/5.0+(Windows+NT+10.0;+Win64;+x64)+AppleWebKit/537.36+(KHTML,+like+Gecko)+Chrome/79.0.3945.130+Safari/537.36 http://localhost:53260/By.html 200 0 0 18
2020-01-22 14:14:48 ::1 GET /By.html - 53260 - ::1 Mozilla/5.0+(Windows+NT+10.0;+Win64;+x64)+AppleWebKit/537.36+(KHTML,+like+Gecko)+Chrome/79.0.3945.130+Safari/537.36 - 304 0 0 10
2020-01-22 14:14:48 ::1 GET /bilby.css - 53260 - ::1 Mozilla/5.0+(Windows+NT+10.0;+Win64;+x64)+AppleWebKit/537.36+(KHTML,+like+Gecko)+Chrome/79.0.3945.130+Safari/537.36 http://localhost:53260/By.html 200 0 0 20
2020-01-22 14:15:00 ::1 GET /By.html - 53260 - ::1 Mozilla/5.0+(Windows+NT+10.0;+Win64;+x64)+AppleWebKit/537.36+(KHTML,+like+Gecko)+Chrome/79.0.3945.130+Safari/537.36 - 304 0 0 6
2020-01-22 14:15:00 ::1 GET /bilby.css - 53260 - ::1 Mozilla/5.0+(Windows+NT+10.0;+Win64;+x64)+AppleWebKit/537.36+(KHTML,+like+Gecko)+Chrome/79.0.3945.130+Safari/537.36 http://localhost:53260/By.html 200 0 0 16
2020-01-22 14:15:18 ::1 GET /By.html - 53260 - ::1 Mozilla/5.0+(Windows+NT+10.0;+Win64;+x64)+AppleWebKit/537.36+(KHTML,+like+Gecko)+Chrome/79.0.3945.130+Safari/537.36 - 304 0 0 19
2020-01-22 14:15:18 ::1 GET /bilby.css - 53260 - ::1 Mozilla/5.0+(Windows+NT+10.0;+Win64;+x64)+AppleWebKit/537.36+(KHTML,+like+Gecko)+Chrome/79.0.3945.130+Safari/537.36 http://localhost:53260/By.html 200 0 0 3
2020-01-22 14:18:17 ::1 GET /By.html - 53260 - ::1 Mozilla/5.0+(Windows+NT+10.0;+Win64;+x64)+AppleWebKit/537.36+(KHTML,+like+Gecko)+Chrome/79.0.3945.130+Safari/537.36 - 200 0 0 123
2020-01-22 14:18:17 ::1 GET /bilby.css - 53260 - ::1 Mozilla/5.0+(Windows+NT+10.0;+Win64;+x64)+AppleWebKit/537.36+(KHTML,+like+Gecko)+Chrome/79.0.3945.130+Safari/537.36 http://localhost:53260/By.html 200 0 0 8
2020-01-22 14:18:28 ::1 GET /By.html - 53260 - ::1 Mozilla/5.0+(Windows+NT+10.0;+Win64;+x64)+AppleWebKit/537.36+(KHTML,+like+Gecko)+Chrome/79.0.3945.130+Safari/537.36 - 304 0 0 10
2020-01-22 14:18:28 ::1 GET /bilby.css - 53260 - ::1 Mozilla/5.0+(Windows+NT+10.0;+Win64;+x64)+AppleWebKit/537.36+(KHTML,+like+Gecko)+Chrome/79.0.3945.130+Safari/537.36 http://localhost:53260/By.html 200 0 0 14
2020-01-22 14:18:37 ::1 GET /By.html - 53260 - ::1 Mozilla/5.0+(Windows+NT+10.0;+Win64;+x64)+AppleWebKit/537.36+(KHTML,+like+Gecko)+Chrome/79.0.3945.130+Safari/537.36 - 304 0 0 4
2020-01-22 14:18:37 ::1 GET /bilby.css - 53260 - ::1 Mozilla/5.0+(Windows+NT+10.0;+Win64;+x64)+AppleWebKit/537.36+(KHTML,+like+Gecko)+Chrome/79.0.3945.130+Safari/537.36 http://localhost:53260/By.html 200 0 0 2
2020-01-22 14:18:41 ::1 GET /By.html - 53260 - ::1 Mozilla/5.0+(Windows+NT+10.0;+Win64;+x64)+AppleWebKit/537.36+(KHTML,+like+Gecko)+Chrome/79.0.3945.130+Safari/537.36 - 304 0 0 7
2020-01-22 14:18:41 ::1 GET /bilby.css - 53260 - ::1 Mozilla/5.0+(Windows+NT+10.0;+Win64;+x64)+AppleWebKit/537.36+(KHTML,+like+Gecko)+Chrome/79.0.3945.130+Safari/537.36 http://localhost:53260/By.html 200 0 0 11
2020-01-22 14:18:44 ::1 GET /By.html - 53260 - ::1 Mozilla/5.0+(Windows+NT+10.0;+Win64;+x64)+AppleWebKit/537.36+(KHTML,+like+Gecko)+Chrome/79.0.3945.130+Safari/537.36 - 304 0 0 1
2020-01-22 14:18:44 ::1 GET /bilby.css - 53260 - ::1 Mozilla/5.0+(Windows+NT+10.0;+Win64;+x64)+AppleWebKit/537.36+(KHTML,+like+Gecko)+Chrome/79.0.3945.130+Safari/537.36 http://localhost:53260/By.html 200 0 0 2
2020-01-22 14:18:50 ::1 GET /By.html - 53260 - ::1 Mozilla/5.0+(Windows+NT+10.0;+Win64;+x64)+AppleWebKit/537.36+(KHTML,+like+Gecko)+Chrome/79.0.3945.130+Safari/537.36 - 304 0 0 3
2020-01-22 14:18:50 ::1 GET /bilby.css - 53260 - ::1 Mozilla/5.0+(Windows+NT+10.0;+Win64;+x64)+AppleWebKit/537.36+(KHTML,+like+Gecko)+Chrome/79.0.3945.130+Safari/537.36 http://localhost:53260/By.html 200 0 0 10
2020-01-22 14:19:07 ::1 GET /By.html - 53260 - ::1 Mozilla/5.0+(Windows+NT+10.0;+Win64;+x64)+AppleWebKit/537.36+(KHTML,+like+Gecko)+Chrome/79.0.3945.130+Safari/537.36 - 304 0 0 3
2020-01-22 14:19:07 ::1 GET /bilby.css - 53260 - ::1 Mozilla/5.0+(Windows+NT+10.0;+Win64;+x64)+AppleWebKit/537.36+(KHTML,+like+Gecko)+Chrome/79.0.3945.130+Safari/537.36 http://localhost:53260/By.html 200 0 0 7
2020-01-22 14:19:22 ::1 GET /By.html - 53260 - ::1 Mozilla/5.0+(Windows+NT+10.0;+Win64;+x64)+AppleWebKit/537.36+(KHTML,+like+Gecko)+Chrome/79.0.3945.130+Safari/537.36 - 304 0 0 3
2020-01-22 14:19:22 ::1 GET /bilby.css - 53260 - ::1 Mozilla/5.0+(Windows+NT+10.0;+Win64;+x64)+AppleWebKit/537.36+(KHTML,+like+Gecko)+Chrome/79.0.3945.130+Safari/537.36 http://localhost:53260/By.html 200 0 0 30
2020-01-22 14:19:34 ::1 GET /By.html - 53260 - ::1 Mozilla/5.0+(Windows+NT+10.0;+Win64;+x64)+AppleWebKit/537.36+(KHTML,+like+Gecko)+Chrome/79.0.3945.130+Safari/537.36 - 304 0 0 6
2020-01-22 14:19:34 ::1 GET /bilby.css - 53260 - ::1 Mozilla/5.0+(Windows+NT+10.0;+Win64;+x64)+AppleWebKit/537.36+(KHTML,+like+Gecko)+Chrome/79.0.3945.130+Safari/537.36 http://localhost:53260/By.html 200 0 0 10
2020-01-22 23:59:59 ::1 GET /By.html - 53260 - ::1 Mozilla/5.0+(Windows+NT+10.0;+Win64;+x64)+AppleWebKit/537.36+(KHTML,+like+Gecko)+Chrome/79.0.3945.130+Safari/537.36 - 304 0 0 5
2020-01-22 23:59:59 ::1 GET /Tull/green+car.png - 53260 - ::1 Mozilla/5.0+(Windows+NT+10.0;+Win64;+x64)+AppleWebKit/537.36+(KHTML,+like+Gecko)+Chrome/79.0.3945.130+Safari/537.36 http://localhost:53260/By.html 304 0 0 16
2020-01-22 23:59:59 ::1 GET /bilby.css - 53260 - ::1 Mozilla/5.0+(Windows+NT+10.0;+Win64;+x64)+AppleWebKit/537.36+(KHTML,+like+Gecko)+Chrome/79.0.3945.130+Safari/537.36 http://localhost:53260/By.html 304 0 0 16
2020-01-22 23:59:59 ::1 GET /Tull/city+map.jpg - 53260 - ::1 Mozilla/5.0+(Windows+NT+10.0;+Win64;+x64)+AppleWebKit/537.36+(KHTML,+like+Gecko)+Chrome/79.0.3945.130+Safari/537.36 http://localhost:53260/By.html 304 0 0 35
2020-01-22 23:59:59 ::1 GET /Pixar.html - 53260 - ::1 Mozilla/5.0+(Windows+NT+10.0;+Win64;+x64)+AppleWebKit/537.36+(KHTML,+like+Gecko)+Chrome/79.0.3945.130+Safari/537.36 - 304 0 0 7
2020-01-22 23:59:59 ::1 GET /StyleSheetP.css - 53260 - ::1 Mozilla/5.0+(Windows+NT+10.0;+Win64;+x64)+AppleWebKit/537.36+(KHTML,+like+Gecko)+Chrome/79.0.3945.130+Safari/537.36 http://localhost:53260/Pixar.html 304 0 0 13
2020-01-22 23:59:59 ::1 GET /Tull/pixarlamp.png - 53260 - ::1 Mozilla/5.0+(Windows+NT+10.0;+Win64;+x64)+AppleWebKit/537.36+(KHTML,+like+Gecko)+Chrome/79.0.3945.130+Safari/537.36 http://localhost:53260/Pixar.html 304 0 0 13
2020-01-22 23:59:59 ::1 GET /Tull/Pixar+Intro.mp3 - 53260 - ::1 Mozilla/5.0+(Windows+NT+10.0;+Win64;+x64)+AppleWebKit/537.36+(KHTML,+like+Gecko)+Chrome/79.0.3945.130+Safari/537.36 http://localhost:53260/Pixar.html 304 0 0 27
2020-01-22 23:59:59 ::1 GET /Pixar.html - 53260 - ::1 Mozilla/5.0+(Windows+NT+10.0;+Win64;+x64)+AppleWebKit/537.36+(KHTML,+like+Gecko)+Chrome/79.0.3945.130+Safari/537.36 - 304 0 0 5
