#Software: Microsoft Internet Information Services 10.0
#Version: 1.0
#Date: 2020-01-27 11:43:38
#Fields: date time s-ip cs-method cs-uri-stem cs-uri-query s-port cs-username c-ip cs(User-Agent) cs(Referer) sc-status sc-substatus sc-win32-status time-taken
2020-01-27 11:43:38 ::1 GET /Vår16.html - 65197 - ::1 Mozilla/5.0+(Windows+NT+10.0;+Win64;+x64)+AppleWebKit/537.36+(KHTML,+like+Gecko)+Chrome/79.0.3945.130+Safari/537.36 - 200 0 0 702
2020-01-27 11:43:38 ::1 GET /intro4.jpg - 65197 - ::1 Mozilla/5.0+(Windows+NT+10.0;+Win64;+x64)+AppleWebKit/537.36+(KHTML,+like+Gecko)+Chrome/79.0.3945.130+Safari/537.36 http://localhost:65197/V%C3%A5r16.html 404 0 2 110
2020-01-27 11:43:38 ::1 GET /intro1.jpg - 65197 - ::1 Mozilla/5.0+(Windows+NT+10.0;+Win64;+x64)+AppleWebKit/537.36+(KHTML,+like+Gecko)+Chrome/79.0.3945.130+Safari/537.36 http://localhost:65197/V%C3%A5r16.html 404 0 2 110
2020-01-27 11:43:38 ::1 GET /intro3.jpg - 65197 - ::1 Mozilla/5.0+(Windows+NT+10.0;+Win64;+x64)+AppleWebKit/537.36+(KHTML,+like+Gecko)+Chrome/79.0.3945.130+Safari/537.36 http://localhost:65197/V%C3%A5r16.html 404 0 2 110
2020-01-27 11:43:38 ::1 GET /intro2.jpg - 65197 - ::1 Mozilla/5.0+(Windows+NT+10.0;+Win64;+x64)+AppleWebKit/537.36+(KHTML,+like+Gecko)+Chrome/79.0.3945.130+Safari/537.36 http://localhost:65197/V%C3%A5r16.html 404 0 2 110
2020-01-27 11:43:38 ::1 GET /StyleSheet.css - 65197 - ::1 Mozilla/5.0+(Windows+NT+10.0;+Win64;+x64)+AppleWebKit/537.36+(KHTML,+like+Gecko)+Chrome/79.0.3945.130+Safari/537.36 http://localhost:65197/V%C3%A5r16.html 200 0 0 145
2020-01-27 11:43:38 ::1 GET /favicon.ico - 65197 - ::1 Mozilla/5.0+(Windows+NT+10.0;+Win64;+x64)+AppleWebKit/537.36+(KHTML,+like+Gecko)+Chrome/79.0.3945.130+Safari/537.36 http://localhost:65197/V%C3%A5r16.html 404 0 2 113
2020-01-27 11:45:28 ::1 GET /Vår16.html - 65197 - ::1 Mozilla/5.0+(Windows+NT+10.0;+Win64;+x64)+AppleWebKit/537.36+(KHTML,+like+Gecko)+Chrome/79.0.3945.130+Safari/537.36 - 200 0 0 128
2020-01-27 11:45:28 ::1 GET /intro1.jpg - 65197 - ::1 Mozilla/5.0+(Windows+NT+10.0;+Win64;+x64)+AppleWebKit/537.36+(KHTML,+like+Gecko)+Chrome/79.0.3945.130+Safari/537.36 http://localhost:65197/V%C3%A5r16.html 404 0 2 25
2020-01-27 11:45:28 ::1 GET /intro3.jpg - 65197 - ::1 Mozilla/5.0+(Windows+NT+10.0;+Win64;+x64)+AppleWebKit/537.36+(KHTML,+like+Gecko)+Chrome/79.0.3945.130+Safari/537.36 http://localhost:65197/V%C3%A5r16.html 404 0 2 25
2020-01-27 11:45:28 ::1 GET /intro4.jpg - 65197 - ::1 Mozilla/5.0+(Windows+NT+10.0;+Win64;+x64)+AppleWebKit/537.36+(KHTML,+like+Gecko)+Chrome/79.0.3945.130+Safari/537.36 http://localhost:65197/V%C3%A5r16.html 404 0 2 43
2020-01-27 11:45:28 ::1 GET /intro2.jpg - 65197 - ::1 Mozilla/5.0+(Windows+NT+10.0;+Win64;+x64)+AppleWebKit/537.36+(KHTML,+like+Gecko)+Chrome/79.0.3945.130+Safari/537.36 http://localhost:65197/V%C3%A5r16.html 404 0 2 61
2020-01-27 11:45:28 ::1 GET /StyleSheet.css - 65197 - ::1 Mozilla/5.0+(Windows+NT+10.0;+Win64;+x64)+AppleWebKit/537.36+(KHTML,+like+Gecko)+Chrome/79.0.3945.130+Safari/537.36 http://localhost:65197/V%C3%A5r16.html 304 0 0 65
2020-01-27 11:45:28 ::1 GET /JavaScript.js - 65197 - ::1 Mozilla/5.0+(Windows+NT+10.0;+Win64;+x64)+AppleWebKit/537.36+(KHTML,+like+Gecko)+Chrome/79.0.3945.130+Safari/537.36 http://localhost:65197/V%C3%A5r16.html 200 0 0 120
2020-01-27 11:45:28 ::1 GET /intro1.jpg - 65197 - ::1 Mozilla/5.0+(Windows+NT+10.0;+Win64;+x64)+AppleWebKit/537.36+(KHTML,+like+Gecko)+Chrome/79.0.3945.130+Safari/537.36 http://localhost:65197/V%C3%A5r16.html 404 0 2 24
2020-01-27 11:45:28 ::1 GET /intro2.jpg - 65197 - ::1 Mozilla/5.0+(Windows+NT+10.0;+Win64;+x64)+AppleWebKit/537.36+(KHTML,+like+Gecko)+Chrome/79.0.3945.130+Safari/537.36 http://localhost:65197/V%C3%A5r16.html 404 0 2 25
2020-01-27 11:45:28 ::1 GET /intro4.jpg - 65197 - ::1 Mozilla/5.0+(Windows+NT+10.0;+Win64;+x64)+AppleWebKit/537.36+(KHTML,+like+Gecko)+Chrome/79.0.3945.130+Safari/537.36 http://localhost:65197/V%C3%A5r16.html 404 0 2 28
2020-01-27 11:45:28 ::1 GET /intro3.jpg - 65197 - ::1 Mozilla/5.0+(Windows+NT+10.0;+Win64;+x64)+AppleWebKit/537.36+(KHTML,+like+Gecko)+Chrome/79.0.3945.130+Safari/537.36 http://localhost:65197/V%C3%A5r16.html 404 0 2 28
2020-01-27 11:46:32 ::1 GET /Vår16.html - 65197 - ::1 Mozilla/5.0+(Windows+NT+10.0;+Win64;+x64)+AppleWebKit/537.36+(KHTML,+like+Gecko)+Chrome/79.0.3945.130+Safari/537.36 - 200 0 0 116
2020-01-27 11:46:32 ::1 GET /JavaScript.js - 65197 - ::1 Mozilla/5.0+(Windows+NT+10.0;+Win64;+x64)+AppleWebKit/537.36+(KHTML,+like+Gecko)+Chrome/79.0.3945.130+Safari/537.36 http://localhost:65197/V%C3%A5r16.html 304 0 0 33
2020-01-27 11:46:32 ::1 GET /StyleSheet.css - 65197 - ::1 Mozilla/5.0+(Windows+NT+10.0;+Win64;+x64)+AppleWebKit/537.36+(KHTML,+like+Gecko)+Chrome/79.0.3945.130+Safari/537.36 http://localhost:65197/V%C3%A5r16.html 304 0 0 54
2020-01-27 11:46:32 ::1 GET /intro1.jpg - 65197 - ::1 Mozilla/5.0+(Windows+NT+10.0;+Win64;+x64)+AppleWebKit/537.36+(KHTML,+like+Gecko)+Chrome/79.0.3945.130+Safari/537.36 http://localhost:65197/V%C3%A5r16.html 404 0 2 46
2020-01-27 11:46:32 ::1 GET /intro2.jpg - 65197 - ::1 Mozilla/5.0+(Windows+NT+10.0;+Win64;+x64)+AppleWebKit/537.36+(KHTML,+like+Gecko)+Chrome/79.0.3945.130+Safari/537.36 http://localhost:65197/V%C3%A5r16.html 404 0 2 33
2020-01-27 11:46:32 ::1 GET /Bilder/Vinterpalasset_St_Petersburg.jpg - 65197 - ::1 Mozilla/5.0+(Windows+NT+10.0;+Win64;+x64)+AppleWebKit/537.36+(KHTML,+like+Gecko)+Chrome/79.0.3945.130+Safari/537.36 http://localhost:65197/V%C3%A5r16.html 200 0 0 133
2020-01-27 11:46:32 ::1 GET /Bilder/Roma.jpg - 65197 - ::1 Mozilla/5.0+(Windows+NT+10.0;+Win64;+x64)+AppleWebKit/537.36+(KHTML,+like+Gecko)+Chrome/79.0.3945.130+Safari/537.36 http://localhost:65197/V%C3%A5r16.html 200 0 0 132
2020-01-27 11:46:32 ::1 GET /Bilder/World_Trade_Center.jpg - 65197 - ::1 Mozilla/5.0+(Windows+NT+10.0;+Win64;+x64)+AppleWebKit/537.36+(KHTML,+like+Gecko)+Chrome/79.0.3945.130+Safari/537.36 http://localhost:65197/V%C3%A5r16.html 200 0 0 113
2020-01-27 11:46:32 ::1 GET /intro3.jpg - 65197 - ::1 Mozilla/5.0+(Windows+NT+10.0;+Win64;+x64)+AppleWebKit/537.36+(KHTML,+like+Gecko)+Chrome/79.0.3945.130+Safari/537.36 http://localhost:65197/V%C3%A5r16.html 404 0 2 47
2020-01-27 11:46:32 ::1 GET /intro4.jpg - 65197 - ::1 Mozilla/5.0+(Windows+NT+10.0;+Win64;+x64)+AppleWebKit/537.36+(KHTML,+like+Gecko)+Chrome/79.0.3945.130+Safari/537.36 http://localhost:65197/V%C3%A5r16.html 404 0 2 36
2020-01-27 11:46:35 ::1 GET /Bilder/ - 65197 - ::1 Mozilla/5.0+(Windows+NT+10.0;+Win64;+x64)+AppleWebKit/537.36+(KHTML,+like+Gecko)+Chrome/79.0.3945.130+Safari/537.36 http://localhost:65197/V%C3%A5r16.html 403 14 0 2637
2020-01-27 11:50:02 ::1 GET /Vår16.html - 65197 - ::1 Mozilla/5.0+(Windows+NT+10.0;+Win64;+x64)+AppleWebKit/537.36+(KHTML,+like+Gecko)+Chrome/79.0.3945.130+Safari/537.36 - 200 0 0 93
2020-01-27 11:50:02 ::1 GET /StyleSheet.css - 65197 - ::1 Mozilla/5.0+(Windows+NT+10.0;+Win64;+x64)+AppleWebKit/537.36+(KHTML,+like+Gecko)+Chrome/79.0.3945.130+Safari/537.36 http://localhost:65197/V%C3%A5r16.html 304 0 0 29
2020-01-27 11:50:02 ::1 GET /JavaScript.js - 65197 - ::1 Mozilla/5.0+(Windows+NT+10.0;+Win64;+x64)+AppleWebKit/537.36+(KHTML,+like+Gecko)+Chrome/79.0.3945.130+Safari/537.36 http://localhost:65197/V%C3%A5r16.html 304 0 0 24
2020-01-27 11:50:02 ::1 GET /intro1.jpg - 65197 - ::1 Mozilla/5.0+(Windows+NT+10.0;+Win64;+x64)+AppleWebKit/537.36+(KHTML,+like+Gecko)+Chrome/79.0.3945.130+Safari/537.36 http://localhost:65197/V%C3%A5r16.html 404 0 2 27
2020-01-27 11:50:02 ::1 GET /intro2.jpg - 65197 - ::1 Mozilla/5.0+(Windows+NT+10.0;+Win64;+x64)+AppleWebKit/537.36+(KHTML,+like+Gecko)+Chrome/79.0.3945.130+Safari/537.36 http://localhost:65197/V%C3%A5r16.html 404 0 2 18
2020-01-27 11:50:02 ::1 GET /intro3.jpg - 65197 - ::1 Mozilla/5.0+(Windows+NT+10.0;+Win64;+x64)+AppleWebKit/537.36+(KHTML,+like+Gecko)+Chrome/79.0.3945.130+Safari/537.36 http://localhost:65197/V%C3%A5r16.html 404 0 2 20
2020-01-27 11:50:02 ::1 GET /intro4.jpg - 65197 - ::1 Mozilla/5.0+(Windows+NT+10.0;+Win64;+x64)+AppleWebKit/537.36+(KHTML,+like+Gecko)+Chrome/79.0.3945.130+Safari/537.36 http://localhost:65197/V%C3%A5r16.html 404 0 2 46
2020-01-27 11:50:02 ::1 GET /Bilder/ - 65197 - ::1 Mozilla/5.0+(Windows+NT+10.0;+Win64;+x64)+AppleWebKit/537.36+(KHTML,+like+Gecko)+Chrome/79.0.3945.130+Safari/537.36 http://localhost:65197/V%C3%A5r16.html 403 14 0 116
2020-01-27 11:50:02 ::1 GET /Bilder/Vinterpalasset_St_Petersburg.jpg - 65197 - ::1 Mozilla/5.0+(Windows+NT+10.0;+Win64;+x64)+AppleWebKit/537.36+(KHTML,+like+Gecko)+Chrome/79.0.3945.130+Safari/537.36 http://localhost:65197/V%C3%A5r16.html 200 0 0 143
2020-01-27 11:50:02 ::1 GET /Bilder/World_Trade_Center.jpg - 65197 - ::1 Mozilla/5.0+(Windows+NT+10.0;+Win64;+x64)+AppleWebKit/537.36+(KHTML,+like+Gecko)+Chrome/79.0.3945.130+Safari/537.36 http://localhost:65197/V%C3%A5r16.html 200 0 0 148
2020-01-27 11:50:02 ::1 GET /Bilder/Roma.jpg - 65197 - ::1 Mozilla/5.0+(Windows+NT+10.0;+Win64;+x64)+AppleWebKit/537.36+(KHTML,+like+Gecko)+Chrome/79.0.3945.130+Safari/537.36 http://localhost:65197/V%C3%A5r16.html 200 0 0 200
2020-01-27 11:51:33 ::1 GET /Vår16.html - 65197 - ::1 Mozilla/5.0+(Windows+NT+10.0;+Win64;+x64)+AppleWebKit/537.36+(KHTML,+like+Gecko)+Chrome/79.0.3945.130+Safari/537.36 - 200 0 0 118
2020-01-27 11:51:33 ::1 GET /StyleSheet.css - 65197 - ::1 Mozilla/5.0+(Windows+NT+10.0;+Win64;+x64)+AppleWebKit/537.36+(KHTML,+like+Gecko)+Chrome/79.0.3945.130+Safari/537.36 http://localhost:65197/V%C3%A5r16.html 304 0 0 15
2020-01-27 11:51:33 ::1 GET /JavaScript.js - 65197 - ::1 Mozilla/5.0+(Windows+NT+10.0;+Win64;+x64)+AppleWebKit/537.36+(KHTML,+like+Gecko)+Chrome/79.0.3945.130+Safari/537.36 http://localhost:65197/V%C3%A5r16.html 304 0 0 14
2020-01-27 11:51:33 ::1 GET /Bilder/Roma.jpg - 65197 - ::1 Mozilla/5.0+(Windows+NT+10.0;+Win64;+x64)+AppleWebKit/537.36+(KHTML,+like+Gecko)+Chrome/79.0.3945.130+Safari/537.36 http://localhost:65197/V%C3%A5r16.html 304 0 0 45
2020-01-27 11:51:33 ::1 GET /Bilder/ - 65197 - ::1 Mozilla/5.0+(Windows+NT+10.0;+Win64;+x64)+AppleWebKit/537.36+(KHTML,+like+Gecko)+Chrome/79.0.3945.130+Safari/537.36 http://localhost:65197/V%C3%A5r16.html 403 14 0 45
2020-01-27 11:51:33 ::1 GET /Bilder/Vinterpalasset_St_Petersburg.jpg - 65197 - ::1 Mozilla/5.0+(Windows+NT+10.0;+Win64;+x64)+AppleWebKit/537.36+(KHTML,+like+Gecko)+Chrome/79.0.3945.130+Safari/537.36 http://localhost:65197/V%C3%A5r16.html 304 0 0 86
2020-01-27 11:51:33 ::1 GET /Bilder/World_Trade_Center.jpg - 65197 - ::1 Mozilla/5.0+(Windows+NT+10.0;+Win64;+x64)+AppleWebKit/537.36+(KHTML,+like+Gecko)+Chrome/79.0.3945.130+Safari/537.36 http://localhost:65197/V%C3%A5r16.html 304 0 0 85
2020-01-27 11:53:02 ::1 GET /Vår16.html - 65197 - ::1 Mozilla/5.0+(Windows+NT+10.0;+Win64;+x64)+AppleWebKit/537.36+(KHTML,+like+Gecko)+Chrome/79.0.3945.130+Safari/537.36 - 200 0 0 84
2020-01-27 11:53:02 ::1 GET /StyleSheet.css - 65197 - ::1 Mozilla/5.0+(Windows+NT+10.0;+Win64;+x64)+AppleWebKit/537.36+(KHTML,+like+Gecko)+Chrome/79.0.3945.130+Safari/537.36 http://localhost:65197/V%C3%A5r16.html 304 0 0 43
2020-01-27 11:53:02 ::1 GET /Bilder/Vinterpalasset_St_Petersburg.jpg - 65197 - ::1 Mozilla/5.0+(Windows+NT+10.0;+Win64;+x64)+AppleWebKit/537.36+(KHTML,+like+Gecko)+Chrome/79.0.3945.130+Safari/537.36 http://localhost:65197/V%C3%A5r16.html 304 0 0 40
2020-01-27 11:53:02 ::1 GET /Bilder/Roma.jpg - 65197 - ::1 Mozilla/5.0+(Windows+NT+10.0;+Win64;+x64)+AppleWebKit/537.36+(KHTML,+like+Gecko)+Chrome/79.0.3945.130+Safari/537.36 http://localhost:65197/V%C3%A5r16.html 304 0 0 40
2020-01-27 11:53:02 ::1 GET /JavaScript.js - 65197 - ::1 Mozilla/5.0+(Windows+NT+10.0;+Win64;+x64)+AppleWebKit/537.36+(KHTML,+like+Gecko)+Chrome/79.0.3945.130+Safari/537.36 http://localhost:65197/V%C3%A5r16.html 304 0 0 98
2020-01-27 11:53:02 ::1 GET /Bilder/World_Trade_Center.jpg - 65197 - ::1 Mozilla/5.0+(Windows+NT+10.0;+Win64;+x64)+AppleWebKit/537.36+(KHTML,+like+Gecko)+Chrome/79.0.3945.130+Safari/537.36 http://localhost:65197/V%C3%A5r16.html 304 0 0 57
2020-01-27 11:53:02 ::1 GET /Bilder/ - 65197 - ::1 Mozilla/5.0+(Windows+NT+10.0;+Win64;+x64)+AppleWebKit/537.36+(KHTML,+like+Gecko)+Chrome/79.0.3945.130+Safari/537.36 http://localhost:65197/V%C3%A5r16.html 403 14 0 425
2020-01-27 11:53:54 ::1 GET /Vår16.html - 65197 - ::1 Mozilla/5.0+(Windows+NT+10.0;+Win64;+x64)+AppleWebKit/537.36+(KHTML,+like+Gecko)+Chrome/79.0.3945.130+Safari/537.36 - 200 0 0 46
2020-01-27 11:53:54 ::1 GET /Bilder/World_Trade_Center.jpg - 65197 - ::1 Mozilla/5.0+(Windows+NT+10.0;+Win64;+x64)+AppleWebKit/537.36+(KHTML,+like+Gecko)+Chrome/79.0.3945.130+Safari/537.36 http://localhost:65197/V%C3%A5r16.html 304 0 0 37
2020-01-27 11:53:54 ::1 GET /JavaScript.js - 65197 - ::1 Mozilla/5.0+(Windows+NT+10.0;+Win64;+x64)+AppleWebKit/537.36+(KHTML,+like+Gecko)+Chrome/79.0.3945.130+Safari/537.36 http://localhost:65197/V%C3%A5r16.html 304 0 0 37
2020-01-27 11:53:54 ::1 GET /Bilder/ - 65197 - ::1 Mozilla/5.0+(Windows+NT+10.0;+Win64;+x64)+AppleWebKit/537.36+(KHTML,+like+Gecko)+Chrome/79.0.3945.130+Safari/537.36 http://localhost:65197/V%C3%A5r16.html 403 14 0 37
2020-01-27 11:53:54 ::1 GET /Bilder/Vinterpalasset_St_Petersburg.jpg - 65197 - ::1 Mozilla/5.0+(Windows+NT+10.0;+Win64;+x64)+AppleWebKit/537.36+(KHTML,+like+Gecko)+Chrome/79.0.3945.130+Safari/537.36 http://localhost:65197/V%C3%A5r16.html 304 0 0 37
2020-01-27 11:53:54 ::1 GET /Bilder/Roma.jpg - 65197 - ::1 Mozilla/5.0+(Windows+NT+10.0;+Win64;+x64)+AppleWebKit/537.36+(KHTML,+like+Gecko)+Chrome/79.0.3945.130+Safari/537.36 http://localhost:65197/V%C3%A5r16.html 304 0 0 37
2020-01-27 11:57:02 ::1 GET /Vår16.html - 65197 - ::1 Mozilla/5.0+(Windows+NT+10.0;+Win64;+x64)+AppleWebKit/537.36+(KHTML,+like+Gecko)+Chrome/79.0.3945.130+Safari/537.36 - 200 0 0 77
2020-01-27 11:57:02 ::1 GET /Bilder/Vinterpalasset_St_Petersburg.jpg - 65197 - ::1 Mozilla/5.0+(Windows+NT+10.0;+Win64;+x64)+AppleWebKit/537.36+(KHTML,+like+Gecko)+Chrome/79.0.3945.130+Safari/537.36 http://localhost:65197/V%C3%A5r16.html 304 0 0 23
2020-01-27 11:57:02 ::1 GET /Bilder/Roma.jpg - 65197 - ::1 Mozilla/5.0+(Windows+NT+10.0;+Win64;+x64)+AppleWebKit/537.36+(KHTML,+like+Gecko)+Chrome/79.0.3945.130+Safari/537.36 http://localhost:65197/V%C3%A5r16.html 304 0 0 23
2020-01-27 11:57:02 ::1 GET /Bilder/World_Trade_Center.jpg - 65197 - ::1 Mozilla/5.0+(Windows+NT+10.0;+Win64;+x64)+AppleWebKit/537.36+(KHTML,+like+Gecko)+Chrome/79.0.3945.130+Safari/537.36 http://localhost:65197/V%C3%A5r16.html 304 0 0 28
2020-01-27 11:57:02 ::1 GET /StyleSheet.css - 65197 - ::1 Mozilla/5.0+(Windows+NT+10.0;+Win64;+x64)+AppleWebKit/537.36+(KHTML,+like+Gecko)+Chrome/79.0.3945.130+Safari/537.36 http://localhost:65197/V%C3%A5r16.html 304 0 0 34
2020-01-27 11:57:02 ::1 GET /Bilder/ - 65197 - ::1 Mozilla/5.0+(Windows+NT+10.0;+Win64;+x64)+AppleWebKit/537.36+(KHTML,+like+Gecko)+Chrome/79.0.3945.130+Safari/537.36 http://localhost:65197/V%C3%A5r16.html 403 14 0 30
2020-01-27 11:57:02 ::1 GET /JavaScript.js - 65197 - ::1 Mozilla/5.0+(Windows+NT+10.0;+Win64;+x64)+AppleWebKit/537.36+(KHTML,+like+Gecko)+Chrome/79.0.3945.130+Safari/537.36 http://localhost:65197/V%C3%A5r16.html 200 0 0 111
2020-01-27 11:57:02 ::1 GET /Bilder/ - 65197 - ::1 Mozilla/5.0+(Windows+NT+10.0;+Win64;+x64)+AppleWebKit/537.36+(KHTML,+like+Gecko)+Chrome/79.0.3945.130+Safari/537.36 http://localhost:65197/V%C3%A5r16.html 403 14 0 6
2020-01-27 12:04:16 ::1 GET /Vår16.html - 65197 - ::1 Mozilla/5.0+(Windows+NT+10.0;+Win64;+x64)+AppleWebKit/537.36+(KHTML,+like+Gecko)+Chrome/79.0.3945.130+Safari/537.36 - 200 0 0 80
2020-01-27 12:04:16 ::1 GET /Bilder/Vinterpalasset_St_Petersburg.jpg - 65197 - ::1 Mozilla/5.0+(Windows+NT+10.0;+Win64;+x64)+AppleWebKit/537.36+(KHTML,+like+Gecko)+Chrome/79.0.3945.130+Safari/537.36 http://localhost:65197/V%C3%A5r16.html 304 0 0 32
2020-01-27 12:04:16 ::1 GET /Bilder/ - 65197 - ::1 Mozilla/5.0+(Windows+NT+10.0;+Win64;+x64)+AppleWebKit/537.36+(KHTML,+like+Gecko)+Chrome/79.0.3945.130+Safari/537.36 http://localhost:65197/V%C3%A5r16.html 403 14 0 31
2020-01-27 12:04:16 ::1 GET /Bilder/Roma.jpg - 65197 - ::1 Mozilla/5.0+(Windows+NT+10.0;+Win64;+x64)+AppleWebKit/537.36+(KHTML,+like+Gecko)+Chrome/79.0.3945.130+Safari/537.36 http://localhost:65197/V%C3%A5r16.html 304 0 0 31
2020-01-27 12:04:16 ::1 GET /StyleSheet.css - 65197 - ::1 Mozilla/5.0+(Windows+NT+10.0;+Win64;+x64)+AppleWebKit/537.36+(KHTML,+like+Gecko)+Chrome/79.0.3945.130+Safari/537.36 http://localhost:65197/V%C3%A5r16.html 200 0 0 54
2020-01-27 12:04:16 ::1 GET /Bilder/World_Trade_Center.jpg - 65197 - ::1 Mozilla/5.0+(Windows+NT+10.0;+Win64;+x64)+AppleWebKit/537.36+(KHTML,+like+Gecko)+Chrome/79.0.3945.130+Safari/537.36 http://localhost:65197/V%C3%A5r16.html 304 0 0 56
2020-01-27 12:04:16 ::1 GET /JavaScript.js - 65197 - ::1 Mozilla/5.0+(Windows+NT+10.0;+Win64;+x64)+AppleWebKit/537.36+(KHTML,+like+Gecko)+Chrome/79.0.3945.130+Safari/537.36 http://localhost:65197/V%C3%A5r16.html 200 0 0 138
2020-01-27 12:04:16 ::1 GET /Bilder/ - 65197 - ::1 Mozilla/5.0+(Windows+NT+10.0;+Win64;+x64)+AppleWebKit/537.36+(KHTML,+like+Gecko)+Chrome/79.0.3945.130+Safari/537.36 http://localhost:65197/V%C3%A5r16.html 403 14 0 36
2020-01-27 12:05:01 ::1 GET /Vår16.html - 65197 - ::1 Mozilla/5.0+(Windows+NT+10.0;+Win64;+x64)+AppleWebKit/537.36+(KHTML,+like+Gecko)+Chrome/79.0.3945.130+Safari/537.36 - 304 0 0 10
2020-01-27 12:05:01 ::1 GET /StyleSheet.css - 65197 - ::1 Mozilla/5.0+(Windows+NT+10.0;+Win64;+x64)+AppleWebKit/537.36+(KHTML,+like+Gecko)+Chrome/79.0.3945.130+Safari/537.36 http://localhost:65197/V%C3%A5r16.html 304 0 0 18
2020-01-27 12:05:01 ::1 GET /JavaScript.js - 65197 - ::1 Mozilla/5.0+(Windows+NT+10.0;+Win64;+x64)+AppleWebKit/537.36+(KHTML,+like+Gecko)+Chrome/79.0.3945.130+Safari/537.36 http://localhost:65197/V%C3%A5r16.html 304 0 0 35
2020-01-27 12:05:01 ::1 GET /Bilder/ - 65197 - ::1 Mozilla/5.0+(Windows+NT+10.0;+Win64;+x64)+AppleWebKit/537.36+(KHTML,+like+Gecko)+Chrome/79.0.3945.130+Safari/537.36 http://localhost:65197/V%C3%A5r16.html 403 14 0 35
2020-01-27 12:07:18 ::1 GET /Vår16.html - 65197 - ::1 Mozilla/5.0+(Windows+NT+10.0;+Win64;+x64)+AppleWebKit/537.36+(KHTML,+like+Gecko)+Chrome/79.0.3945.130+Safari/537.36 - 200 0 0 80
2020-01-27 12:07:18 ::1 GET /Bilder/World_Trade_Center.jpg - 65197 - ::1 Mozilla/5.0+(Windows+NT+10.0;+Win64;+x64)+AppleWebKit/537.36+(KHTML,+like+Gecko)+Chrome/79.0.3945.130+Safari/537.36 http://localhost:65197/V%C3%A5r16.html 304 0 0 41
2020-01-27 12:07:18 ::1 GET /Bilder/ - 65197 - ::1 Mozilla/5.0+(Windows+NT+10.0;+Win64;+x64)+AppleWebKit/537.36+(KHTML,+like+Gecko)+Chrome/79.0.3945.130+Safari/537.36 http://localhost:65197/V%C3%A5r16.html 403 14 0 43
2020-01-27 12:07:18 ::1 GET /StyleSheet.css - 65197 - ::1 Mozilla/5.0+(Windows+NT+10.0;+Win64;+x64)+AppleWebKit/537.36+(KHTML,+like+Gecko)+Chrome/79.0.3945.130+Safari/537.36 http://localhost:65197/V%C3%A5r16.html 200 0 0 43
2020-01-27 12:07:18 ::1 GET /JavaScript.js - 65197 - ::1 Mozilla/5.0+(Windows+NT+10.0;+Win64;+x64)+AppleWebKit/537.36+(KHTML,+like+Gecko)+Chrome/79.0.3945.130+Safari/537.36 http://localhost:65197/V%C3%A5r16.html 304 0 0 62
2020-01-27 12:07:18 ::1 GET /Bilder/Vinterpalasset_St_Petersburg.jpg - 65197 - ::1 Mozilla/5.0+(Windows+NT+10.0;+Win64;+x64)+AppleWebKit/537.36+(KHTML,+like+Gecko)+Chrome/79.0.3945.130+Safari/537.36 http://localhost:65197/V%C3%A5r16.html 304 0 0 100
2020-01-27 12:07:18 ::1 GET /Bilder/ - 65197 - ::1 Mozilla/5.0+(Windows+NT+10.0;+Win64;+x64)+AppleWebKit/537.36+(KHTML,+like+Gecko)+Chrome/79.0.3945.130+Safari/537.36 http://localhost:65197/V%C3%A5r16.html 403 14 0 61
2020-01-27 12:07:18 ::1 GET /Bilder/Roma.jpg - 65197 - ::1 Mozilla/5.0+(Windows+NT+10.0;+Win64;+x64)+AppleWebKit/537.36+(KHTML,+like+Gecko)+Chrome/79.0.3945.130+Safari/537.36 http://localhost:65197/V%C3%A5r16.html 200 0 0 127
2020-01-27 12:07:27 ::1 GET /Vår16.html - 65197 - ::1 Mozilla/5.0+(Windows+NT+10.0;+Win64;+x64)+AppleWebKit/537.36+(KHTML,+like+Gecko)+Chrome/79.0.3945.130+Safari/537.36 - 304 0 0 4
2020-01-27 12:07:27 ::1 GET /StyleSheet.css - 65197 - ::1 Mozilla/5.0+(Windows+NT+10.0;+Win64;+x64)+AppleWebKit/537.36+(KHTML,+like+Gecko)+Chrome/79.0.3945.130+Safari/537.36 http://localhost:65197/V%C3%A5r16.html 200 0 0 2
2020-01-27 12:07:27 ::1 GET /Bilder/ - 65197 - ::1 Mozilla/5.0+(Windows+NT+10.0;+Win64;+x64)+AppleWebKit/537.36+(KHTML,+like+Gecko)+Chrome/79.0.3945.130+Safari/537.36 http://localhost:65197/V%C3%A5r16.html 403 14 0 12
2020-01-27 12:07:27 ::1 GET /Bilder/ - 65197 - ::1 Mozilla/5.0+(Windows+NT+10.0;+Win64;+x64)+AppleWebKit/537.36+(KHTML,+like+Gecko)+Chrome/79.0.3945.130+Safari/537.36 http://localhost:65197/V%C3%A5r16.html 403 14 0 41
2020-01-27 12:08:29 ::1 GET /Vår16.html - 65197 - ::1 Mozilla/5.0+(Windows+NT+10.0;+Win64;+x64)+AppleWebKit/537.36+(KHTML,+like+Gecko)+Chrome/79.0.3945.130+Safari/537.36 - 304 0 0 5
2020-01-27 12:08:29 ::1 GET /StyleSheet.css - 65197 - ::1 Mozilla/5.0+(Windows+NT+10.0;+Win64;+x64)+AppleWebKit/537.36+(KHTML,+like+Gecko)+Chrome/79.0.3945.130+Safari/537.36 http://localhost:65197/V%C3%A5r16.html 304 0 0 10
2020-01-27 12:08:29 ::1 GET /JavaScript.js - 65197 - ::1 Mozilla/5.0+(Windows+NT+10.0;+Win64;+x64)+AppleWebKit/537.36+(KHTML,+like+Gecko)+Chrome/79.0.3945.130+Safari/537.36 http://localhost:65197/V%C3%A5r16.html 304 0 0 31
2020-01-27 12:08:29 ::1 GET /Bilder/ - 65197 - ::1 Mozilla/5.0+(Windows+NT+10.0;+Win64;+x64)+AppleWebKit/537.36+(KHTML,+like+Gecko)+Chrome/79.0.3945.130+Safari/537.36 http://localhost:65197/V%C3%A5r16.html 403 14 0 24
2020-01-27 12:08:29 ::1 GET /Bilder/Roma.jpg - 65197 - ::1 Mozilla/5.0+(Windows+NT+10.0;+Win64;+x64)+AppleWebKit/537.36+(KHTML,+like+Gecko)+Chrome/79.0.3945.130+Safari/537.36 http://localhost:65197/V%C3%A5r16.html 304 0 0 54
2020-01-27 12:08:31 ::1 GET /Vår16.html - 65197 - ::1 Mozilla/5.0+(Windows+NT+10.0;+Win64;+x64)+AppleWebKit/537.36+(KHTML,+like+Gecko)+Chrome/79.0.3945.130+Safari/537.36 - 304 0 0 2
2020-01-27 12:08:31 ::1 GET /Bilder/ - 65197 - ::1 Mozilla/5.0+(Windows+NT+10.0;+Win64;+x64)+AppleWebKit/537.36+(KHTML,+like+Gecko)+Chrome/79.0.3945.130+Safari/537.36 http://localhost:65197/V%C3%A5r16.html 403 14 0 9
2020-01-27 12:08:31 ::1 GET /Vår16.html - 65197 - ::1 Mozilla/5.0+(Windows+NT+10.0;+Win64;+x64)+AppleWebKit/537.36+(KHTML,+like+Gecko)+Chrome/79.0.3945.130+Safari/537.36 - 304 0 0 3
2020-01-27 12:08:31 ::1 GET /Bilder/ - 65197 - ::1 Mozilla/5.0+(Windows+NT+10.0;+Win64;+x64)+AppleWebKit/537.36+(KHTML,+like+Gecko)+Chrome/79.0.3945.130+Safari/537.36 http://localhost:65197/V%C3%A5r16.html 403 14 0 44
2020-01-27 12:08:43 ::1 GET /Vår16.html - 65197 - ::1 Mozilla/5.0+(Windows+NT+10.0;+Win64;+x64)+AppleWebKit/537.36+(KHTML,+like+Gecko)+Chrome/79.0.3945.130+Safari/537.36 - 304 0 0 1
2020-01-27 12:08:43 ::1 GET /StyleSheet.css - 65197 - ::1 Mozilla/5.0+(Windows+NT+10.0;+Win64;+x64)+AppleWebKit/537.36+(KHTML,+like+Gecko)+Chrome/79.0.3945.130+Safari/537.36 http://localhost:65197/V%C3%A5r16.html 304 0 0 3
2020-01-27 12:08:43 ::1 GET /Bilder/ - 65197 - ::1 Mozilla/5.0+(Windows+NT+10.0;+Win64;+x64)+AppleWebKit/537.36+(KHTML,+like+Gecko)+Chrome/79.0.3945.130+Safari/537.36 http://localhost:65197/V%C3%A5r16.html 403 14 0 13
2020-01-27 12:08:47 ::1 GET /Vår16.html - 65197 - ::1 Mozilla/5.0+(Windows+NT+10.0;+Win64;+x64)+AppleWebKit/537.36+(KHTML,+like+Gecko)+Chrome/79.0.3945.130+Safari/537.36 - 304 0 0 2
2020-01-27 12:08:47 ::1 GET /Bilder/ - 65197 - ::1 Mozilla/5.0+(Windows+NT+10.0;+Win64;+x64)+AppleWebKit/537.36+(KHTML,+like+Gecko)+Chrome/79.0.3945.130+Safari/537.36 http://localhost:65197/V%C3%A5r16.html 403 14 0 20
2020-01-27 12:08:54 ::1 GET /Vår16.html - 65197 - ::1 Mozilla/5.0+(Windows+NT+10.0;+Win64;+x64)+AppleWebKit/537.36+(KHTML,+like+Gecko)+Chrome/79.0.3945.130+Safari/537.36 - 304 0 0 2
2020-01-27 12:08:54 ::1 GET /Bilder/ - 65197 - ::1 Mozilla/5.0+(Windows+NT+10.0;+Win64;+x64)+AppleWebKit/537.36+(KHTML,+like+Gecko)+Chrome/79.0.3945.130+Safari/537.36 http://localhost:65197/V%C3%A5r16.html 403 14 0 15
2020-01-27 12:08:54 ::1 GET /StyleSheet.css - 65197 - ::1 Mozilla/5.0+(Windows+NT+10.0;+Win64;+x64)+AppleWebKit/537.36+(KHTML,+like+Gecko)+Chrome/79.0.3945.130+Safari/537.36 http://localhost:65197/V%C3%A5r16.html 200 0 0 13
2020-01-27 12:08:54 ::1 GET /Bilder/Roma.jpg - 65197 - ::1 Mozilla/5.0+(Windows+NT+10.0;+Win64;+x64)+AppleWebKit/537.36+(KHTML,+like+Gecko)+Chrome/79.0.3945.130+Safari/537.36 http://localhost:65197/V%C3%A5r16.html 304 0 0 8
2020-01-27 12:08:54 ::1 GET /Bilder/ - 65197 - ::1 Mozilla/5.0+(Windows+NT+10.0;+Win64;+x64)+AppleWebKit/537.36+(KHTML,+like+Gecko)+Chrome/79.0.3945.130+Safari/537.36 http://localhost:65197/V%C3%A5r16.html 403 14 0 21
2020-01-27 12:09:02 ::1 GET /Vår16.html - 65197 - ::1 Mozilla/5.0+(Windows+NT+10.0;+Win64;+x64)+AppleWebKit/537.36+(KHTML,+like+Gecko)+Chrome/79.0.3945.130+Safari/537.36 - 304 0 0 3
2020-01-27 12:09:02 ::1 GET /StyleSheet.css - 65197 - ::1 Mozilla/5.0+(Windows+NT+10.0;+Win64;+x64)+AppleWebKit/537.36+(KHTML,+like+Gecko)+Chrome/79.0.3945.130+Safari/537.36 http://localhost:65197/V%C3%A5r16.html 200 0 0 10
2020-01-27 12:09:02 ::1 GET /JavaScript.js - 65197 - ::1 Mozilla/5.0+(Windows+NT+10.0;+Win64;+x64)+AppleWebKit/537.36+(KHTML,+like+Gecko)+Chrome/79.0.3945.130+Safari/537.36 http://localhost:65197/V%C3%A5r16.html 304 0 0 13
2020-01-27 12:09:02 ::1 GET /Bilder/ - 65197 - ::1 Mozilla/5.0+(Windows+NT+10.0;+Win64;+x64)+AppleWebKit/537.36+(KHTML,+like+Gecko)+Chrome/79.0.3945.130+Safari/537.36 http://localhost:65197/V%C3%A5r16.html 403 14 0 13
2020-01-27 12:19:34 ::1 GET /Vår16.html - 65197 - ::1 Mozilla/5.0+(Windows+NT+10.0;+Win64;+x64)+AppleWebKit/537.36+(KHTML,+like+Gecko)+Chrome/79.0.3945.130+Safari/537.36 - 200 0 0 183
2020-01-27 12:19:34 ::1 GET /Bilder/Roma.jpg - 65197 - ::1 Mozilla/5.0+(Windows+NT+10.0;+Win64;+x64)+AppleWebKit/537.36+(KHTML,+like+Gecko)+Chrome/79.0.3945.130+Safari/537.36 http://localhost:65197/V%C3%A5r16.html 304 0 0 43
2020-01-27 12:19:34 ::1 GET /StyleSheet.css - 65197 - ::1 Mozilla/5.0+(Windows+NT+10.0;+Win64;+x64)+AppleWebKit/537.36+(KHTML,+like+Gecko)+Chrome/79.0.3945.130+Safari/537.36 http://localhost:65197/V%C3%A5r16.html 304 0 0 110
2020-01-27 12:19:34 ::1 GET /Bilder/Vinterpalasset_St_Petersburg.jpg - 65197 - ::1 Mozilla/5.0+(Windows+NT+10.0;+Win64;+x64)+AppleWebKit/537.36+(KHTML,+like+Gecko)+Chrome/79.0.3945.130+Safari/537.36 http://localhost:65197/V%C3%A5r16.html 200 0 0 133
2020-01-27 12:19:34 ::1 GET /Bilder/World_Trade_Center.jpg - 65197 - ::1 Mozilla/5.0+(Windows+NT+10.0;+Win64;+x64)+AppleWebKit/537.36+(KHTML,+like+Gecko)+Chrome/79.0.3945.130+Safari/537.36 http://localhost:65197/V%C3%A5r16.html 200 0 0 154
2020-01-27 12:19:34 ::1 GET /JavaScript.js - 65197 - ::1 Mozilla/5.0+(Windows+NT+10.0;+Win64;+x64)+AppleWebKit/537.36+(KHTML,+like+Gecko)+Chrome/79.0.3945.130+Safari/537.36 http://localhost:65197/V%C3%A5r16.html 304 0 0 188
2020-01-27 12:19:36 ::1 GET /Bilder/Romavideo.mp4 - 65197 - ::1 Mozilla/5.0+(Windows+NT+10.0;+Win64;+x64)+AppleWebKit/537.36+(KHTML,+like+Gecko)+Chrome/79.0.3945.130+Safari/537.36 http://localhost:65197/V%C3%A5r16.html 200 0 995 1342
2020-01-27 12:19:36 ::1 GET /Bilder/Romavideo.mp4 - 65197 - ::1 Mozilla/5.0+(Windows+NT+10.0;+Win64;+x64)+AppleWebKit/537.36+(KHTML,+like+Gecko)+Chrome/79.0.3945.130+Safari/537.36 http://localhost:65197/V%C3%A5r16.html 200 0 64 91
2020-01-27 12:19:36 ::1 GET /Bilder/Romavideo.mp4 - 65197 - ::1 Mozilla/5.0+(Windows+NT+10.0;+Win64;+x64)+AppleWebKit/537.36+(KHTML,+like+Gecko)+Chrome/79.0.3945.130+Safari/537.36 http://localhost:65197/V%C3%A5r16.html 200 0 995 813
2020-01-27 12:19:58 ::1 GET /Vår16.html - 65197 - ::1 Mozilla/5.0+(Windows+NT+10.0;+Win64;+x64)+AppleWebKit/537.36+(KHTML,+like+Gecko)+Chrome/79.0.3945.130+Safari/537.36 - 200 0 0 39
2020-01-27 12:19:58 ::1 GET /Bilder/Romavideo.mp4 - 65197 - ::1 Mozilla/5.0+(Windows+NT+10.0;+Win64;+x64)+AppleWebKit/537.36+(KHTML,+like+Gecko)+Chrome/79.0.3945.130+Safari/537.36 http://localhost:65197/V%C3%A5r16.html 200 0 995 18319
2020-01-27 12:20:26 ::1 GET /Bilder/Romavideo.mp4 - 65197 - ::1 Mozilla/5.0+(Windows+NT+10.0;+Win64;+x64)+AppleWebKit/537.36+(KHTML,+like+Gecko)+Chrome/79.0.3945.130+Safari/537.36 http://localhost:65197/V%C3%A5r16.html 200 0 0 25562
2020-01-27 12:28:06 ::1 GET /Vår16.html - 65197 - ::1 Mozilla/5.0+(Windows+NT+10.0;+Win64;+x64)+AppleWebKit/537.36+(KHTML,+like+Gecko)+Chrome/79.0.3945.130+Safari/537.36 - 200 0 0 60
2020-01-27 12:28:06 ::1 GET /Bilder/Vinterpalasset_St_Petersburg.jpg - 65197 - ::1 Mozilla/5.0+(Windows+NT+10.0;+Win64;+x64)+AppleWebKit/537.36+(KHTML,+like+Gecko)+Chrome/79.0.3945.130+Safari/537.36 http://localhost:65197/V%C3%A5r16.html 304 0 0 18
2020-01-27 12:28:06 ::1 GET /StyleSheet.css - 65197 - ::1 Mozilla/5.0+(Windows+NT+10.0;+Win64;+x64)+AppleWebKit/537.36+(KHTML,+like+Gecko)+Chrome/79.0.3945.130+Safari/537.36 http://localhost:65197/V%C3%A5r16.html 200 0 0 45
2020-01-27 12:28:06 ::1 GET /Bilder/Roma.jpg - 65197 - ::1 Mozilla/5.0+(Windows+NT+10.0;+Win64;+x64)+AppleWebKit/537.36+(KHTML,+like+Gecko)+Chrome/79.0.3945.130+Safari/537.36 http://localhost:65197/V%C3%A5r16.html 304 0 0 39
2020-01-27 12:28:06 ::1 GET /Bilder/World_Trade_Center.jpg - 65197 - ::1 Mozilla/5.0+(Windows+NT+10.0;+Win64;+x64)+AppleWebKit/537.36+(KHTML,+like+Gecko)+Chrome/79.0.3945.130+Safari/537.36 http://localhost:65197/V%C3%A5r16.html 304 0 0 37
2020-01-27 12:28:06 ::1 GET /JavaScript.js - 65197 - ::1 Mozilla/5.0+(Windows+NT+10.0;+Win64;+x64)+AppleWebKit/537.36+(KHTML,+like+Gecko)+Chrome/79.0.3945.130+Safari/537.36 http://localhost:65197/V%C3%A5r16.html 304 0 0 56
2020-01-27 12:28:06 ::1 GET /Bilder/russland.jpg - 65197 - ::1 Mozilla/5.0+(Windows+NT+10.0;+Win64;+x64)+AppleWebKit/537.36+(KHTML,+like+Gecko)+Chrome/79.0.3945.130+Safari/537.36 http://localhost:65197/V%C3%A5r16.html 200 0 0 75
2020-01-27 12:28:06 ::1 GET /Bilder/romab.jpg - 65197 - ::1 Mozilla/5.0+(Windows+NT+10.0;+Win64;+x64)+AppleWebKit/537.36+(KHTML,+like+Gecko)+Chrome/79.0.3945.130+Safari/537.36 http://localhost:65197/V%C3%A5r16.html 200 0 0 59
2020-01-27 12:28:06 ::1 GET /Bilder/newyork.jpg - 65197 - ::1 Mozilla/5.0+(Windows+NT+10.0;+Win64;+x64)+AppleWebKit/537.36+(KHTML,+like+Gecko)+Chrome/79.0.3945.130+Safari/537.36 http://localhost:65197/V%C3%A5r16.html 200 0 0 44
2020-01-27 12:28:18 ::1 GET /Vår16.html - 65197 - ::1 Mozilla/5.0+(Windows+NT+10.0;+Win64;+x64)+AppleWebKit/537.36+(KHTML,+like+Gecko)+Chrome/79.0.3945.130+Safari/537.36 - 304 0 0 16
2020-01-27 12:28:18 ::1 GET /Bilder/russland.jpg - 65197 - ::1 Mozilla/5.0+(Windows+NT+10.0;+Win64;+x64)+AppleWebKit/537.36+(KHTML,+like+Gecko)+Chrome/79.0.3945.130+Safari/537.36 http://localhost:65197/V%C3%A5r16.html 304 0 0 14
2020-01-27 12:28:18 ::1 GET /Bilder/romab.jpg - 65197 - ::1 Mozilla/5.0+(Windows+NT+10.0;+Win64;+x64)+AppleWebKit/537.36+(KHTML,+like+Gecko)+Chrome/79.0.3945.130+Safari/537.36 http://localhost:65197/V%C3%A5r16.html 304 0 0 14
2020-01-27 12:28:18 ::1 GET /Bilder/newyork.jpg - 65197 - ::1 Mozilla/5.0+(Windows+NT+10.0;+Win64;+x64)+AppleWebKit/537.36+(KHTML,+like+Gecko)+Chrome/79.0.3945.130+Safari/537.36 http://localhost:65197/V%C3%A5r16.html 304 0 0 14
2020-01-27 12:28:39 ::1 GET /Vår16.html - 65197 - ::1 Mozilla/5.0+(Windows+NT+10.0;+Win64;+x64)+AppleWebKit/537.36+(KHTML,+like+Gecko)+Chrome/79.0.3945.130+Safari/537.36 - 304 0 0 12
2020-01-27 12:28:39 ::1 GET /Bilder/russland.jpg - 65197 - ::1 Mozilla/5.0+(Windows+NT+10.0;+Win64;+x64)+AppleWebKit/537.36+(KHTML,+like+Gecko)+Chrome/79.0.3945.130+Safari/537.36 http://localhost:65197/V%C3%A5r16.html 304 0 0 39
2020-01-27 12:28:39 ::1 GET /Bilder/romab.jpg - 65197 - ::1 Mozilla/5.0+(Windows+NT+10.0;+Win64;+x64)+AppleWebKit/537.36+(KHTML,+like+Gecko)+Chrome/79.0.3945.130+Safari/537.36 http://localhost:65197/V%C3%A5r16.html 304 0 0 65
2020-01-27 12:28:39 ::1 GET /Bilder/newyork.jpg - 65197 - ::1 Mozilla/5.0+(Windows+NT+10.0;+Win64;+x64)+AppleWebKit/537.36+(KHTML,+like+Gecko)+Chrome/79.0.3945.130+Safari/537.36 http://localhost:65197/V%C3%A5r16.html 304 0 0 72
2020-01-27 12:28:50 ::1 GET /Vår16.html - 65197 - ::1 Mozilla/5.0+(Windows+NT+10.0;+Win64;+x64)+AppleWebKit/537.36+(KHTML,+like+Gecko)+Chrome/79.0.3945.130+Safari/537.36 - 304 0 0 14
2020-01-27 12:28:50 ::1 GET /Bilder/newyork.jpg - 65197 - ::1 Mozilla/5.0+(Windows+NT+10.0;+Win64;+x64)+AppleWebKit/537.36+(KHTML,+like+Gecko)+Chrome/79.0.3945.130+Safari/537.36 http://localhost:65197/V%C3%A5r16.html 304 0 0 49
2020-01-27 12:29:35 ::1 GET /Vår16.html - 65197 - ::1 Mozilla/5.0+(Windows+NT+10.0;+Win64;+x64)+AppleWebKit/537.36+(KHTML,+like+Gecko)+Chrome/79.0.3945.130+Safari/537.36 - 200 0 0 54
2020-01-27 12:29:35 ::1 GET /Bilder/russland.jpg - 65197 - ::1 Mozilla/5.0+(Windows+NT+10.0;+Win64;+x64)+AppleWebKit/537.36+(KHTML,+like+Gecko)+Chrome/79.0.3945.130+Safari/537.36 http://localhost:65197/V%C3%A5r16.html 304 0 0 2
2020-01-27 12:29:35 ::1 GET /Bilder/romab.jpg - 65197 - ::1 Mozilla/5.0+(Windows+NT+10.0;+Win64;+x64)+AppleWebKit/537.36+(KHTML,+like+Gecko)+Chrome/79.0.3945.130+Safari/537.36 http://localhost:65197/V%C3%A5r16.html 304 0 0 13
2020-01-27 12:29:35 ::1 GET /Bilder/newyork.jpg - 65197 - ::1 Mozilla/5.0+(Windows+NT+10.0;+Win64;+x64)+AppleWebKit/537.36+(KHTML,+like+Gecko)+Chrome/79.0.3945.130+Safari/537.36 http://localhost:65197/V%C3%A5r16.html 304 0 0 13
2020-01-27 12:29:35 ::1 GET /StyleSheet.css - 65197 - ::1 Mozilla/5.0+(Windows+NT+10.0;+Win64;+x64)+AppleWebKit/537.36+(KHTML,+like+Gecko)+Chrome/79.0.3945.130+Safari/537.36 http://localhost:65197/V%C3%A5r16.html 200 0 0 15
2020-01-27 12:29:43 ::1 GET /Vår16.html - 65197 - ::1 Mozilla/5.0+(Windows+NT+10.0;+Win64;+x64)+AppleWebKit/537.36+(KHTML,+like+Gecko)+Chrome/79.0.3945.130+Safari/537.36 - 304 0 0 1
2020-01-27 12:29:43 ::1 GET /StyleSheet.css - 65197 - ::1 Mozilla/5.0+(Windows+NT+10.0;+Win64;+x64)+AppleWebKit/537.36+(KHTML,+like+Gecko)+Chrome/79.0.3945.130+Safari/537.36 http://localhost:65197/V%C3%A5r16.html 200 0 0 4
2020-01-27 12:30:09 ::1 GET /StyleSheet.css - 65197 - ::1 Mozilla/5.0+(Windows+NT+10.0;+Win64;+x64)+AppleWebKit/537.36+(KHTML,+like+Gecko)+Chrome/79.0.3945.130+Safari/537.36 http://localhost:65197/V%C3%A5r16.html 304 0 0 7
2020-01-27 12:30:32 ::1 GET /Vår16.html - 65197 - ::1 Mozilla/5.0+(Windows+NT+10.0;+Win64;+x64)+AppleWebKit/537.36+(KHTML,+like+Gecko)+Chrome/79.0.3945.130+Safari/537.36 - 304 0 0 4
2020-01-27 12:30:32 ::1 GET /Bilder/Vinterpalasset_St_Petersburg.jpg - 65197 - ::1 Mozilla/5.0+(Windows+NT+10.0;+Win64;+x64)+AppleWebKit/537.36+(KHTML,+like+Gecko)+Chrome/79.0.3945.130+Safari/537.36 http://localhost:65197/V%C3%A5r16.html 304 0 0 40
2020-01-27 12:30:32 ::1 GET /Bilder/Roma.jpg - 65197 - ::1 Mozilla/5.0+(Windows+NT+10.0;+Win64;+x64)+AppleWebKit/537.36+(KHTML,+like+Gecko)+Chrome/79.0.3945.130+Safari/537.36 http://localhost:65197/V%C3%A5r16.html 304 0 0 49
2020-01-27 12:30:32 ::1 GET /Bilder/russland.jpg - 65197 - ::1 Mozilla/5.0+(Windows+NT+10.0;+Win64;+x64)+AppleWebKit/537.36+(KHTML,+like+Gecko)+Chrome/79.0.3945.130+Safari/537.36 http://localhost:65197/V%C3%A5r16.html 304 0 0 80
2020-01-27 12:30:32 ::1 GET /JavaScript.js - 65197 - ::1 Mozilla/5.0+(Windows+NT+10.0;+Win64;+x64)+AppleWebKit/537.36+(KHTML,+like+Gecko)+Chrome/79.0.3945.130+Safari/537.36 http://localhost:65197/V%C3%A5r16.html 304 0 0 81
2020-01-27 12:30:32 ::1 GET /StyleSheet.css - 65197 - ::1 Mozilla/5.0+(Windows+NT+10.0;+Win64;+x64)+AppleWebKit/537.36+(KHTML,+like+Gecko)+Chrome/79.0.3945.130+Safari/537.36 http://localhost:65197/V%C3%A5r16.html 200 0 0 116
2020-01-27 12:30:32 ::1 GET /Bilder/World_Trade_Center.jpg - 65197 - ::1 Mozilla/5.0+(Windows+NT+10.0;+Win64;+x64)+AppleWebKit/537.36+(KHTML,+like+Gecko)+Chrome/79.0.3945.130+Safari/537.36 http://localhost:65197/V%C3%A5r16.html 304 0 0 122
2020-01-27 12:30:32 ::1 GET /Bilder/newyork.jpg - 65197 - ::1 Mozilla/5.0+(Windows+NT+10.0;+Win64;+x64)+AppleWebKit/537.36+(KHTML,+like+Gecko)+Chrome/79.0.3945.130+Safari/537.36 http://localhost:65197/V%C3%A5r16.html 304 0 0 31
2020-01-27 12:30:32 ::1 GET /Bilder/romab.jpg - 65197 - ::1 Mozilla/5.0+(Windows+NT+10.0;+Win64;+x64)+AppleWebKit/537.36+(KHTML,+like+Gecko)+Chrome/79.0.3945.130+Safari/537.36 http://localhost:65197/V%C3%A5r16.html 304 0 0 30
2020-01-27 12:32:47 ::1 GET /Vår16.html - 65197 - ::1 Mozilla/5.0+(Windows+NT+10.0;+Win64;+x64)+AppleWebKit/537.36+(KHTML,+like+Gecko)+Chrome/79.0.3945.130+Safari/537.36 - 200 0 0 52
2020-01-27 12:32:47 ::1 GET /StyleSheet.css - 65197 - ::1 Mozilla/5.0+(Windows+NT+10.0;+Win64;+x64)+AppleWebKit/537.36+(KHTML,+like+Gecko)+Chrome/79.0.3945.130+Safari/537.36 http://localhost:65197/V%C3%A5r16.html 304 0 0 8
2020-01-27 12:32:47 ::1 GET /Bilder/World_Trade_Center.jpg - 65197 - ::1 Mozilla/5.0+(Windows+NT+10.0;+Win64;+x64)+AppleWebKit/537.36+(KHTML,+like+Gecko)+Chrome/79.0.3945.130+Safari/537.36 http://localhost:65197/V%C3%A5r16.html 304 0 0 21
2020-01-27 12:32:47 ::1 GET /Bilder/Vinterpalasset_St_Petersburg.jpg - 65197 - ::1 Mozilla/5.0+(Windows+NT+10.0;+Win64;+x64)+AppleWebKit/537.36+(KHTML,+like+Gecko)+Chrome/79.0.3945.130+Safari/537.36 http://localhost:65197/V%C3%A5r16.html 304 0 0 22
2020-01-27 12:32:47 ::1 GET /Bilder/russland.jpg - 65197 - ::1 Mozilla/5.0+(Windows+NT+10.0;+Win64;+x64)+AppleWebKit/537.36+(KHTML,+like+Gecko)+Chrome/79.0.3945.130+Safari/537.36 http://localhost:65197/V%C3%A5r16.html 304 0 0 23
2020-01-27 12:32:47 ::1 GET /Bilder/newyork.jpg - 65197 - ::1 Mozilla/5.0+(Windows+NT+10.0;+Win64;+x64)+AppleWebKit/537.36+(KHTML,+like+Gecko)+Chrome/79.0.3945.130+Safari/537.36 http://localhost:65197/V%C3%A5r16.html 304 0 0 31
2020-01-27 12:32:47 ::1 GET /Bilder/romab.jpg - 65197 - ::1 Mozilla/5.0+(Windows+NT+10.0;+Win64;+x64)+AppleWebKit/537.36+(KHTML,+like+Gecko)+Chrome/79.0.3945.130+Safari/537.36 http://localhost:65197/V%C3%A5r16.html 304 0 0 34
2020-01-27 12:43:43 ::1 GET /Bilder/Romavideo.mp4 - 65197 - ::1 Mozilla/5.0+(Windows+NT+10.0;+Win64;+x64)+AppleWebKit/537.36+(KHTML,+like+Gecko)+Chrome/79.0.3945.130+Safari/537.36 http://localhost:65197/V%C3%A5r16.html 304 0 0 29
2020-01-27 12:49:22 ::1 GET /spors.aspx - 65197 - ::1 Mozilla/5.0+(Windows+NT+10.0;+Win64;+x64)+AppleWebKit/537.36+(KHTML,+like+Gecko)+Chrome/79.0.3945.130+Safari/537.36 - 200 0 0 17570
2020-01-27 12:49:22 ::1 GET /Bilder/World_Trade_Center.jpg - 65197 - ::1 Mozilla/5.0+(Windows+NT+10.0;+Win64;+x64)+AppleWebKit/537.36+(KHTML,+like+Gecko)+Chrome/79.0.3945.130+Safari/537.36 http://localhost:65197/spors.aspx 304 0 0 6
2020-01-27 12:50:18 ::1 GET /spors.aspx - 65197 - ::1 Mozilla/5.0+(Windows+NT+10.0;+Win64;+x64)+AppleWebKit/537.36+(KHTML,+like+Gecko)+Chrome/79.0.3945.130+Safari/537.36 - 200 0 0 1500
2020-01-27 12:50:42 ::1 GET /spors.aspx - 65197 - ::1 Mozilla/5.0+(Windows+NT+10.0;+Win64;+x64)+AppleWebKit/537.36+(KHTML,+like+Gecko)+Chrome/79.0.3945.130+Safari/537.36 - 200 0 0 1181
2020-01-27 12:51:17 ::1 GET /spors.aspx - 65197 - ::1 Mozilla/5.0+(Windows+NT+10.0;+Win64;+x64)+AppleWebKit/537.36+(KHTML,+like+Gecko)+Chrome/79.0.3945.130+Safari/537.36 - 200 0 0 971
2020-01-27 12:54:16 ::1 GET /Vår16.html - 65197 - ::1 Mozilla/5.0+(Windows+NT+10.0;+Win64;+x64)+AppleWebKit/537.36+(KHTML,+like+Gecko)+Chrome/79.0.3945.130+Safari/537.36 - 200 0 0 77
2020-01-27 12:54:16 ::1 GET /StyleSheet.css - 65197 - ::1 Mozilla/5.0+(Windows+NT+10.0;+Win64;+x64)+AppleWebKit/537.36+(KHTML,+like+Gecko)+Chrome/79.0.3945.130+Safari/537.36 http://localhost:65197/V%C3%A5r16.html 304 0 0 19
2020-01-27 12:54:16 ::1 GET /JavaScript.js - 65197 - ::1 Mozilla/5.0+(Windows+NT+10.0;+Win64;+x64)+AppleWebKit/537.36+(KHTML,+like+Gecko)+Chrome/79.0.3945.130+Safari/537.36 http://localhost:65197/V%C3%A5r16.html 304 0 0 27
2020-01-27 12:54:16 ::1 GET /Bilder/Vinterpalasset_St_Petersburg.jpg - 65197 - ::1 Mozilla/5.0+(Windows+NT+10.0;+Win64;+x64)+AppleWebKit/537.36+(KHTML,+like+Gecko)+Chrome/79.0.3945.130+Safari/537.36 http://localhost:65197/V%C3%A5r16.html 304 0 0 35
2020-01-27 12:54:16 ::1 GET /Bilder/World_Trade_Center.jpg - 65197 - ::1 Mozilla/5.0+(Windows+NT+10.0;+Win64;+x64)+AppleWebKit/537.36+(KHTML,+like+Gecko)+Chrome/79.0.3945.130+Safari/537.36 http://localhost:65197/V%C3%A5r16.html 304 0 0 34
2020-01-27 12:54:16 ::1 GET /Bilder/Roma.jpg - 65197 - ::1 Mozilla/5.0+(Windows+NT+10.0;+Win64;+x64)+AppleWebKit/537.36+(KHTML,+like+Gecko)+Chrome/79.0.3945.130+Safari/537.36 http://localhost:65197/V%C3%A5r16.html 304 0 0 47
2020-01-27 12:54:16 ::1 GET /Bilder/russland.jpg - 65197 - ::1 Mozilla/5.0+(Windows+NT+10.0;+Win64;+x64)+AppleWebKit/537.36+(KHTML,+like+Gecko)+Chrome/79.0.3945.130+Safari/537.36 http://localhost:65197/V%C3%A5r16.html 304 0 0 43
2020-01-27 12:54:16 ::1 GET /Bilder/romab.jpg - 65197 - ::1 Mozilla/5.0+(Windows+NT+10.0;+Win64;+x64)+AppleWebKit/537.36+(KHTML,+like+Gecko)+Chrome/79.0.3945.130+Safari/537.36 http://localhost:65197/V%C3%A5r16.html 304 0 0 44
2020-01-27 12:54:16 ::1 GET /Bilder/newyork.jpg - 65197 - ::1 Mozilla/5.0+(Windows+NT+10.0;+Win64;+x64)+AppleWebKit/537.36+(KHTML,+like+Gecko)+Chrome/79.0.3945.130+Safari/537.36 http://localhost:65197/V%C3%A5r16.html 304 0 0 29
2020-01-27 12:54:16 ::1 GET /Bilder/Romavideo.mp4 - 65197 - ::1 Mozilla/5.0+(Windows+NT+10.0;+Win64;+x64)+AppleWebKit/537.36+(KHTML,+like+Gecko)+Chrome/79.0.3945.130+Safari/537.36 http://localhost:65197/V%C3%A5r16.html 304 0 0 25
2020-01-27 12:54:26 ::1 GET /spors.aspx - 65197 - ::1 Mozilla/5.0+(Windows+NT+10.0;+Win64;+x64)+AppleWebKit/537.36+(KHTML,+like+Gecko)+Chrome/79.0.3945.130+Safari/537.36 http://localhost:65197/V%C3%A5r16.html 200 0 0 1375
2020-01-27 12:54:37 ::1 POST /spors.aspx - 65197 - ::1 Mozilla/5.0+(Windows+NT+10.0;+Win64;+x64)+AppleWebKit/537.36+(KHTML,+like+Gecko)+Chrome/79.0.3945.130+Safari/537.36 http://localhost:65197/spors.aspx 200 0 0 33
2020-01-27 12:54:48 ::1 POST /spors.aspx - 65197 - ::1 Mozilla/5.0+(Windows+NT+10.0;+Win64;+x64)+AppleWebKit/537.36+(KHTML,+like+Gecko)+Chrome/79.0.3945.130+Safari/537.36 http://localhost:65197/spors.aspx 200 0 0 8
2020-01-27 12:54:54 ::1 POST /spors.aspx - 65197 - ::1 Mozilla/5.0+(Windows+NT+10.0;+Win64;+x64)+AppleWebKit/537.36+(KHTML,+like+Gecko)+Chrome/79.0.3945.130+Safari/537.36 http://localhost:65197/spors.aspx 200 0 0 4
2020-01-27 12:54:54 ::1 POST /spors.aspx - 65197 - ::1 Mozilla/5.0+(Windows+NT+10.0;+Win64;+x64)+AppleWebKit/537.36+(KHTML,+like+Gecko)+Chrome/79.0.3945.130+Safari/537.36 http://localhost:65197/spors.aspx 200 0 0 2
2020-01-27 12:54:54 ::1 POST /spors.aspx - 65197 - ::1 Mozilla/5.0+(Windows+NT+10.0;+Win64;+x64)+AppleWebKit/537.36+(KHTML,+like+Gecko)+Chrome/79.0.3945.130+Safari/537.36 http://localhost:65197/spors.aspx 200 0 0 9
2020-01-27 12:54:54 ::1 POST /spors.aspx - 65197 - ::1 Mozilla/5.0+(Windows+NT+10.0;+Win64;+x64)+AppleWebKit/537.36+(KHTML,+like+Gecko)+Chrome/79.0.3945.130+Safari/537.36 http://localhost:65197/spors.aspx 200 0 0 3
2020-01-27 12:54:54 ::1 POST /spors.aspx - 65197 - ::1 Mozilla/5.0+(Windows+NT+10.0;+Win64;+x64)+AppleWebKit/537.36+(KHTML,+like+Gecko)+Chrome/79.0.3945.130+Safari/537.36 http://localhost:65197/spors.aspx 200 0 0 5
2020-01-27 12:55:11 ::1 GET /Bilder/Romavideo.mp4 - 65197 - ::1 Mozilla/5.0+(Windows+NT+10.0;+Win64;+x64)+AppleWebKit/537.36+(KHTML,+like+Gecko)+Chrome/79.0.3945.130+Safari/537.36 http://localhost:65197/V%C3%A5r16.html 200 0 64 69
2020-01-27 12:57:23 ::1 GET /Bilder/Romavideo.mp4 - 65197 - ::1 Mozilla/5.0+(Windows+NT+10.0;+Win64;+x64)+AppleWebKit/537.36+(KHTML,+like+Gecko)+Chrome/79.0.3945.130+Safari/537.36 http://localhost:65197/V%C3%A5r16.html 200 0 64 104
2020-01-27 12:57:31 ::1 GET /Bilder/Romavideo.mp4 - 65197 - ::1 Mozilla/5.0+(Windows+NT+10.0;+Win64;+x64)+AppleWebKit/537.36+(KHTML,+like+Gecko)+Chrome/79.0.3945.130+Safari/537.36 http://localhost:65197/V%C3%A5r16.html 200 0 0 7699
2020-01-27 13:11:18 ::1 GET /Vår16.html - 65197 - ::1 Mozilla/5.0+(Windows+NT+10.0;+Win64;+x64)+AppleWebKit/537.36+(KHTML,+like+Gecko)+Chrome/79.0.3945.130+Safari/537.36 - 304 0 0 61
2020-01-27 13:11:18 ::1 GET /Bilder/russland.jpg - 65197 - ::1 Mozilla/5.0+(Windows+NT+10.0;+Win64;+x64)+AppleWebKit/537.36+(KHTML,+like+Gecko)+Chrome/79.0.3945.130+Safari/537.36 http://localhost:65197/V%C3%A5r16.html 304 0 0 87
2020-01-27 13:11:18 ::1 GET /Bilder/World_Trade_Center.jpg - 65197 - ::1 Mozilla/5.0+(Windows+NT+10.0;+Win64;+x64)+AppleWebKit/537.36+(KHTML,+like+Gecko)+Chrome/79.0.3945.130+Safari/537.36 http://localhost:65197/V%C3%A5r16.html 304 0 0 127
2020-01-27 13:11:18 ::1 GET /StyleSheet.css - 65197 - ::1 Mozilla/5.0+(Windows+NT+10.0;+Win64;+x64)+AppleWebKit/537.36+(KHTML,+like+Gecko)+Chrome/79.0.3945.130+Safari/537.36 http://localhost:65197/V%C3%A5r16.html 304 0 0 127
2020-01-27 13:11:18 ::1 GET /Bilder/Roma.jpg - 65197 - ::1 Mozilla/5.0+(Windows+NT+10.0;+Win64;+x64)+AppleWebKit/537.36+(KHTML,+like+Gecko)+Chrome/79.0.3945.130+Safari/537.36 http://localhost:65197/V%C3%A5r16.html 304 0 0 126
2020-01-27 13:11:18 ::1 GET /Bilder/Vinterpalasset_St_Petersburg.jpg - 65197 - ::1 Mozilla/5.0+(Windows+NT+10.0;+Win64;+x64)+AppleWebKit/537.36+(KHTML,+like+Gecko)+Chrome/79.0.3945.130+Safari/537.36 http://localhost:65197/V%C3%A5r16.html 304 0 0 161
2020-01-27 13:11:18 ::1 GET /Bilder/newyork.jpg - 65197 - ::1 Mozilla/5.0+(Windows+NT+10.0;+Win64;+x64)+AppleWebKit/537.36+(KHTML,+like+Gecko)+Chrome/79.0.3945.130+Safari/537.36 http://localhost:65197/V%C3%A5r16.html 304 0 0 38
2020-01-27 13:11:18 ::1 GET /Bilder/romab.jpg - 65197 - ::1 Mozilla/5.0+(Windows+NT+10.0;+Win64;+x64)+AppleWebKit/537.36+(KHTML,+like+Gecko)+Chrome/79.0.3945.130+Safari/537.36 http://localhost:65197/V%C3%A5r16.html 304 0 0 48
2020-01-27 13:11:18 ::1 GET /JavaScript.js - 65197 - ::1 Mozilla/5.0+(Windows+NT+10.0;+Win64;+x64)+AppleWebKit/537.36+(KHTML,+like+Gecko)+Chrome/79.0.3945.130+Safari/537.36 http://localhost:65197/V%C3%A5r16.html 304 0 0 281
2020-01-27 13:11:18 ::1 GET /Bilder/Romavideo.mp4 - 65197 - ::1 Mozilla/5.0+(Windows+NT+10.0;+Win64;+x64)+AppleWebKit/537.36+(KHTML,+like+Gecko)+Chrome/79.0.3945.130+Safari/537.36 http://localhost:65197/V%C3%A5r16.html 304 0 0 60
2020-01-27 13:11:20 ::1 GET /favicon.ico - 65197 - ::1 Mozilla/5.0+(Windows+NT+10.0;+Win64;+x64)+AppleWebKit/537.36+(KHTML,+like+Gecko)+Chrome/79.0.3945.130+Safari/537.36 http://localhost:65197/V%C3%A5r16.html 404 0 2 11
2020-01-27 13:11:28 ::1 GET /spors.aspx - 65197 - ::1 Mozilla/5.0+(Windows+NT+10.0;+Win64;+x64)+AppleWebKit/537.36+(KHTML,+like+Gecko)+Chrome/79.0.3945.130+Safari/537.36 http://localhost:65197/V%C3%A5r16.html 200 0 0 127
2020-01-27 13:11:42 ::1 POST /spors.aspx - 65197 - ::1 Mozilla/5.0+(Windows+NT+10.0;+Win64;+x64)+AppleWebKit/537.36+(KHTML,+like+Gecko)+Chrome/79.0.3945.130+Safari/537.36 http://localhost:65197/spors.aspx 200 0 0 10
2020-01-27 13:11:50 ::1 POST /spors.aspx - 65197 - ::1 Mozilla/5.0+(Windows+NT+10.0;+Win64;+x64)+AppleWebKit/537.36+(KHTML,+like+Gecko)+Chrome/79.0.3945.130+Safari/537.36 http://localhost:65197/spors.aspx 200 0 0 12
