#Software: Microsoft Internet Information Services 10.0
#Version: 1.0
#Date: 2019-12-11 13:04:27
#Fields: date time s-ip cs-method cs-uri-stem cs-uri-query s-port cs-username c-ip cs(User-Agent) cs(Referer) sc-status sc-substatus sc-win32-status time-taken
2019-12-11 13:04:27 ::1 GET /Oppgave3.aspx - 58760 - ::1 Mozilla/5.0+(Windows+NT+10.0;+Win64;+x64)+AppleWebKit/537.36+(KHTML,+like+Gecko)+Chrome/78.0.3904.108+Safari/537.36 - 200 0 0 15674
2019-12-11 13:04:27 ::1 GET /Bilder/grantoppen.jpg - 58760 - ::1 Mozilla/5.0+(Windows+NT+10.0;+Win64;+x64)+AppleWebKit/537.36+(KHTML,+like+Gecko)+Chrome/78.0.3904.108+Safari/537.36 http://localhost:58760/Oppgave3.aspx 200 0 0 26
2019-12-11 13:04:27 ::1 GET /Bilder/granstua.jpg - 58760 - ::1 Mozilla/5.0+(Windows+NT+10.0;+Win64;+x64)+AppleWebKit/537.36+(KHTML,+like+Gecko)+Chrome/78.0.3904.108+Safari/537.36 http://localhost:58760/Oppgave3.aspx 200 0 0 29
2019-12-11 13:04:27 ::1 GET /Bilder/granhaug.jpg - 58760 - ::1 Mozilla/5.0+(Windows+NT+10.0;+Win64;+x64)+AppleWebKit/537.36+(KHTML,+like+Gecko)+Chrome/78.0.3904.108+Safari/537.36 http://localhost:58760/Oppgave3.aspx 200 0 0 31
2019-12-11 13:04:27 ::1 GET /Bilder/granbo.jpg - 58760 - ::1 Mozilla/5.0+(Windows+NT+10.0;+Win64;+x64)+AppleWebKit/537.36+(KHTML,+like+Gecko)+Chrome/78.0.3904.108+Safari/537.36 http://localhost:58760/Oppgave3.aspx 200 0 0 35
2019-12-11 13:04:27 ::1 GET /favicon.ico - 58760 - ::1 Mozilla/5.0+(Windows+NT+10.0;+Win64;+x64)+AppleWebKit/537.36+(KHTML,+like+Gecko)+Chrome/78.0.3904.108+Safari/537.36 http://localhost:58760/Oppgave3.aspx 404 0 2 4
2019-12-11 13:06:45 ::1 GET /Oppgave3.aspx - 58760 - ::1 Mozilla/5.0+(Windows+NT+10.0;+Win64;+x64)+AppleWebKit/537.36+(KHTML,+like+Gecko)+Chrome/78.0.3904.108+Safari/537.36 - 200 0 0 728
2019-12-11 13:06:52 ::1 GET /Oppgave3.aspx - 58760 - ::1 Mozilla/5.0+(Windows+NT+10.0;+Win64;+x64)+AppleWebKit/537.36+(KHTML,+like+Gecko)+Chrome/78.0.3904.108+Safari/537.36 - 200 0 0 578
2019-12-11 13:06:57 ::1 GET /Oppgave3.aspx - 58760 - ::1 Mozilla/5.0+(Windows+NT+10.0;+Win64;+x64)+AppleWebKit/537.36+(KHTML,+like+Gecko)+Chrome/78.0.3904.108+Safari/537.36 - 200 0 0 768
2019-12-11 13:07:04 ::1 GET /Oppgave3.aspx - 58760 - ::1 Mozilla/5.0+(Windows+NT+10.0;+Win64;+x64)+AppleWebKit/537.36+(KHTML,+like+Gecko)+Chrome/78.0.3904.108+Safari/537.36 - 200 0 0 732
2019-12-11 13:18:14 ::1 GET /Oppgave3.aspx - 58760 - ::1 Mozilla/5.0+(Windows+NT+10.0;+Win64;+x64)+AppleWebKit/537.36+(KHTML,+like+Gecko)+Chrome/78.0.3904.108+Safari/537.36 - 200 0 0 880
2019-12-11 13:18:22 ::1 GET /Oppgave3.aspx - 58760 - ::1 Mozilla/5.0+(Windows+NT+10.0;+Win64;+x64)+AppleWebKit/537.36+(KHTML,+like+Gecko)+Chrome/78.0.3904.108+Safari/537.36 - 200 0 0 651
2019-12-11 13:18:31 ::1 GET /Oppgave3.aspx - 58760 - ::1 Mozilla/5.0+(Windows+NT+10.0;+Win64;+x64)+AppleWebKit/537.36+(KHTML,+like+Gecko)+Chrome/78.0.3904.108+Safari/537.36 - 200 0 0 646
2019-12-11 13:18:37 ::1 GET /Oppgave3.aspx - 58760 - ::1 Mozilla/5.0+(Windows+NT+10.0;+Win64;+x64)+AppleWebKit/537.36+(KHTML,+like+Gecko)+Chrome/78.0.3904.108+Safari/537.36 - 200 0 0 600
2019-12-11 13:18:40 ::1 GET /Oppgave3.aspx - 58760 - ::1 Mozilla/5.0+(Windows+NT+10.0;+Win64;+x64)+AppleWebKit/537.36+(KHTML,+like+Gecko)+Chrome/78.0.3904.108+Safari/537.36 - 200 0 0 620
2019-12-11 13:18:48 ::1 GET /Oppgave3.aspx - 58760 - ::1 Mozilla/5.0+(Windows+NT+10.0;+Win64;+x64)+AppleWebKit/537.36+(KHTML,+like+Gecko)+Chrome/78.0.3904.108+Safari/537.36 - 200 0 0 634
2019-12-11 13:19:02 ::1 POST /Oppgave3.aspx - 58760 - ::1 Mozilla/5.0+(Windows+NT+10.0;+Win64;+x64)+AppleWebKit/537.36+(KHTML,+like+Gecko)+Chrome/78.0.3904.108+Safari/537.36 http://localhost:58760/Oppgave3.aspx 200 0 0 696
2019-12-11 13:19:53 ::1 POST /Oppgave3.aspx - 58760 - ::1 Mozilla/5.0+(Windows+NT+10.0;+Win64;+x64)+AppleWebKit/537.36+(KHTML,+like+Gecko)+Chrome/78.0.3904.108+Safari/537.36 http://localhost:58760/Oppgave3.aspx 200 0 0 6
2019-12-11 13:19:55 ::1 POST /Oppgave3.aspx - 58760 - ::1 Mozilla/5.0+(Windows+NT+10.0;+Win64;+x64)+AppleWebKit/537.36+(KHTML,+like+Gecko)+Chrome/78.0.3904.108+Safari/537.36 http://localhost:58760/Oppgave3.aspx 200 0 0 8
2019-12-11 13:20:30 ::1 POST /Oppgave3.aspx - 58760 - ::1 Mozilla/5.0+(Windows+NT+10.0;+Win64;+x64)+AppleWebKit/537.36+(KHTML,+like+Gecko)+Chrome/78.0.3904.108+Safari/537.36 http://localhost:58760/Oppgave3.aspx 200 0 0 592
2019-12-11 13:20:45 ::1 POST /Oppgave3.aspx - 58760 - ::1 Mozilla/5.0+(Windows+NT+10.0;+Win64;+x64)+AppleWebKit/537.36+(KHTML,+like+Gecko)+Chrome/78.0.3904.108+Safari/537.36 http://localhost:58760/Oppgave3.aspx 200 0 0 605
2019-12-11 13:20:57 ::1 POST /Oppgave3.aspx - 58760 - ::1 Mozilla/5.0+(Windows+NT+10.0;+Win64;+x64)+AppleWebKit/537.36+(KHTML,+like+Gecko)+Chrome/78.0.3904.108+Safari/537.36 http://localhost:58760/Oppgave3.aspx 200 0 0 568
2019-12-11 13:23:13 ::1 POST /Oppgave3.aspx - 58760 - ::1 Mozilla/5.0+(Windows+NT+10.0;+Win64;+x64)+AppleWebKit/537.36+(KHTML,+like+Gecko)+Chrome/78.0.3904.108+Safari/537.36 http://localhost:58760/Oppgave3.aspx 200 0 0 1580
2019-12-11 13:23:30 ::1 POST /Oppgave3.aspx - 58760 - ::1 Mozilla/5.0+(Windows+NT+10.0;+Win64;+x64)+AppleWebKit/537.36+(KHTML,+like+Gecko)+Chrome/78.0.3904.108+Safari/537.36 http://localhost:58760/Oppgave3.aspx 200 0 0 555
2019-12-11 13:26:02 ::1 POST /Oppgave3.aspx - 58760 - ::1 Mozilla/5.0+(Windows+NT+10.0;+Win64;+x64)+AppleWebKit/537.36+(KHTML,+like+Gecko)+Chrome/78.0.3904.108+Safari/537.36 http://localhost:58760/Oppgave3.aspx 200 0 0 663
2019-12-11 13:27:54 ::1 POST /Oppgave3.aspx - 58760 - ::1 Mozilla/5.0+(Windows+NT+10.0;+Win64;+x64)+AppleWebKit/537.36+(KHTML,+like+Gecko)+Chrome/78.0.3904.108+Safari/537.36 http://localhost:58760/Oppgave3.aspx 200 0 0 683
2019-12-11 13:27:57 ::1 POST /Oppgave3.aspx - 58760 - ::1 Mozilla/5.0+(Windows+NT+10.0;+Win64;+x64)+AppleWebKit/537.36+(KHTML,+like+Gecko)+Chrome/78.0.3904.108+Safari/537.36 http://localhost:58760/Oppgave3.aspx 200 0 0 5
2019-12-11 13:28:05 ::1 POST /Oppgave3.aspx - 58760 - ::1 Mozilla/5.0+(Windows+NT+10.0;+Win64;+x64)+AppleWebKit/537.36+(KHTML,+like+Gecko)+Chrome/78.0.3904.108+Safari/537.36 http://localhost:58760/Oppgave3.aspx 200 0 0 593
2019-12-11 13:28:13 ::1 POST /Oppgave3.aspx - 58760 - ::1 Mozilla/5.0+(Windows+NT+10.0;+Win64;+x64)+AppleWebKit/537.36+(KHTML,+like+Gecko)+Chrome/78.0.3904.108+Safari/537.36 http://localhost:58760/Oppgave3.aspx 200 0 0 622
2019-12-11 13:28:48 ::1 POST /Oppgave3.aspx - 58760 - ::1 Mozilla/5.0+(Windows+NT+10.0;+Win64;+x64)+AppleWebKit/537.36+(KHTML,+like+Gecko)+Chrome/78.0.3904.108+Safari/537.36 http://localhost:58760/Oppgave3.aspx 200 0 0 685
2019-12-11 13:29:15 ::1 POST /Oppgave3.aspx - 58760 - ::1 Mozilla/5.0+(Windows+NT+10.0;+Win64;+x64)+AppleWebKit/537.36+(KHTML,+like+Gecko)+Chrome/78.0.3904.108+Safari/537.36 http://localhost:58760/Oppgave3.aspx 200 0 0 654
2019-12-11 13:30:03 ::1 POST /Oppgave3.aspx - 58760 - ::1 Mozilla/5.0+(Windows+NT+10.0;+Win64;+x64)+AppleWebKit/537.36+(KHTML,+like+Gecko)+Chrome/78.0.3904.108+Safari/537.36 http://localhost:58760/Oppgave3.aspx 200 0 0 790
2019-12-11 13:30:36 ::1 POST /Oppgave3.aspx - 58760 - ::1 Mozilla/5.0+(Windows+NT+10.0;+Win64;+x64)+AppleWebKit/537.36+(KHTML,+like+Gecko)+Chrome/78.0.3904.108+Safari/537.36 http://localhost:58760/Oppgave3.aspx 200 0 0 660
2019-12-11 13:30:46 ::1 POST /Oppgave3.aspx - 58760 - ::1 Mozilla/5.0+(Windows+NT+10.0;+Win64;+x64)+AppleWebKit/537.36+(KHTML,+like+Gecko)+Chrome/78.0.3904.108+Safari/537.36 http://localhost:58760/Oppgave3.aspx 200 0 0 552
2019-12-11 13:30:57 ::1 POST /Oppgave3.aspx - 58760 - ::1 Mozilla/5.0+(Windows+NT+10.0;+Win64;+x64)+AppleWebKit/537.36+(KHTML,+like+Gecko)+Chrome/78.0.3904.108+Safari/537.36 http://localhost:58760/Oppgave3.aspx 200 0 0 646
2019-12-11 13:31:05 ::1 POST /Oppgave3.aspx - 58760 - ::1 Mozilla/5.0+(Windows+NT+10.0;+Win64;+x64)+AppleWebKit/537.36+(KHTML,+like+Gecko)+Chrome/78.0.3904.108+Safari/537.36 http://localhost:58760/Oppgave3.aspx 200 0 0 605
2019-12-11 13:31:42 ::1 POST /Oppgave3.aspx - 58760 - ::1 Mozilla/5.0+(Windows+NT+10.0;+Win64;+x64)+AppleWebKit/537.36+(KHTML,+like+Gecko)+Chrome/78.0.3904.108+Safari/537.36 http://localhost:58760/Oppgave3.aspx 200 0 0 670
2019-12-11 13:31:54 ::1 POST /Oppgave3.aspx - 58760 - ::1 Mozilla/5.0+(Windows+NT+10.0;+Win64;+x64)+AppleWebKit/537.36+(KHTML,+like+Gecko)+Chrome/78.0.3904.108+Safari/537.36 http://localhost:58760/Oppgave3.aspx 200 0 0 581
2019-12-11 13:32:02 ::1 POST /Oppgave3.aspx - 58760 - ::1 Mozilla/5.0+(Windows+NT+10.0;+Win64;+x64)+AppleWebKit/537.36+(KHTML,+like+Gecko)+Chrome/78.0.3904.108+Safari/537.36 http://localhost:58760/Oppgave3.aspx 200 0 0 7
2019-12-11 13:32:05 ::1 POST /Oppgave3.aspx - 58760 - ::1 Mozilla/5.0+(Windows+NT+10.0;+Win64;+x64)+AppleWebKit/537.36+(KHTML,+like+Gecko)+Chrome/78.0.3904.108+Safari/537.36 http://localhost:58760/Oppgave3.aspx 200 0 0 13
2019-12-11 13:32:09 ::1 POST /Oppgave3.aspx - 58760 - ::1 Mozilla/5.0+(Windows+NT+10.0;+Win64;+x64)+AppleWebKit/537.36+(KHTML,+like+Gecko)+Chrome/78.0.3904.108+Safari/537.36 http://localhost:58760/Oppgave3.aspx 200 0 0 8
2019-12-11 13:32:10 ::1 POST /Oppgave3.aspx - 58760 - ::1 Mozilla/5.0+(Windows+NT+10.0;+Win64;+x64)+AppleWebKit/537.36+(KHTML,+like+Gecko)+Chrome/78.0.3904.108+Safari/537.36 http://localhost:58760/Oppgave3.aspx 200 0 0 4
2019-12-11 13:32:11 ::1 POST /Oppgave3.aspx - 58760 - ::1 Mozilla/5.0+(Windows+NT+10.0;+Win64;+x64)+AppleWebKit/537.36+(KHTML,+like+Gecko)+Chrome/78.0.3904.108+Safari/537.36 http://localhost:58760/Oppgave3.aspx 200 0 0 5
2019-12-11 13:33:02 ::1 POST /Oppgave3.aspx - 58760 - ::1 Mozilla/5.0+(Windows+NT+10.0;+Win64;+x64)+AppleWebKit/537.36+(KHTML,+like+Gecko)+Chrome/78.0.3904.108+Safari/537.36 http://localhost:58760/Oppgave3.aspx 200 0 0 1147
2019-12-11 13:33:05 ::1 POST /Oppgave3.aspx - 58760 - ::1 Mozilla/5.0+(Windows+NT+10.0;+Win64;+x64)+AppleWebKit/537.36+(KHTML,+like+Gecko)+Chrome/78.0.3904.108+Safari/537.36 http://localhost:58760/Oppgave3.aspx 200 0 0 7
2019-12-11 13:33:06 ::1 POST /Oppgave3.aspx - 58760 - ::1 Mozilla/5.0+(Windows+NT+10.0;+Win64;+x64)+AppleWebKit/537.36+(KHTML,+like+Gecko)+Chrome/78.0.3904.108+Safari/537.36 http://localhost:58760/Oppgave3.aspx 200 0 0 17
2019-12-11 13:33:08 ::1 POST /Oppgave3.aspx - 58760 - ::1 Mozilla/5.0+(Windows+NT+10.0;+Win64;+x64)+AppleWebKit/537.36+(KHTML,+like+Gecko)+Chrome/78.0.3904.108+Safari/537.36 http://localhost:58760/Oppgave3.aspx 200 0 0 15
2019-12-11 13:35:01 ::1 POST /Oppgave3.aspx - 58760 - ::1 Mozilla/5.0+(Windows+NT+10.0;+Win64;+x64)+AppleWebKit/537.36+(KHTML,+like+Gecko)+Chrome/78.0.3904.108+Safari/537.36 http://localhost:58760/Oppgave3.aspx 200 0 0 723
2019-12-11 13:35:04 ::1 POST /Oppgave3.aspx - 58760 - ::1 Mozilla/5.0+(Windows+NT+10.0;+Win64;+x64)+AppleWebKit/537.36+(KHTML,+like+Gecko)+Chrome/78.0.3904.108+Safari/537.36 http://localhost:58760/Oppgave3.aspx 200 0 0 3
2019-12-11 13:35:35 ::1 GET /Oppgave3.aspx - 58760 - ::1 Mozilla/5.0+(Windows+NT+10.0;+Win64;+x64)+AppleWebKit/537.36+(KHTML,+like+Gecko)+Chrome/78.0.3904.108+Safari/537.36 - 200 0 0 5
2019-12-11 13:35:39 ::1 POST /Oppgave3.aspx - 58760 - ::1 Mozilla/5.0+(Windows+NT+10.0;+Win64;+x64)+AppleWebKit/537.36+(KHTML,+like+Gecko)+Chrome/78.0.3904.108+Safari/537.36 http://localhost:58760/Oppgave3.aspx 200 0 0 4
2019-12-11 13:36:11 ::1 POST /Oppgave3.aspx - 58760 - ::1 Mozilla/5.0+(Windows+NT+10.0;+Win64;+x64)+AppleWebKit/537.36+(KHTML,+like+Gecko)+Chrome/78.0.3904.108+Safari/537.36 http://localhost:58760/Oppgave3.aspx 200 0 0 882
2019-12-11 13:36:25 ::1 POST /Oppgave3.aspx - 58760 - ::1 Mozilla/5.0+(Windows+NT+10.0;+Win64;+x64)+AppleWebKit/537.36+(KHTML,+like+Gecko)+Chrome/78.0.3904.108+Safari/537.36 http://localhost:58760/Oppgave3.aspx 200 0 0 618
2019-12-11 13:36:32 ::1 POST /Oppgave3.aspx - 58760 - ::1 Mozilla/5.0+(Windows+NT+10.0;+Win64;+x64)+AppleWebKit/537.36+(KHTML,+like+Gecko)+Chrome/78.0.3904.108+Safari/537.36 http://localhost:58760/Oppgave3.aspx 200 0 0 616
2019-12-11 13:36:40 ::1 POST /Oppgave3.aspx - 58760 - ::1 Mozilla/5.0+(Windows+NT+10.0;+Win64;+x64)+AppleWebKit/537.36+(KHTML,+like+Gecko)+Chrome/78.0.3904.108+Safari/537.36 http://localhost:58760/Oppgave3.aspx 200 0 0 595
2019-12-11 13:37:06 ::1 POST /Oppgave3.aspx - 58760 - ::1 Mozilla/5.0+(Windows+NT+10.0;+Win64;+x64)+AppleWebKit/537.36+(KHTML,+like+Gecko)+Chrome/78.0.3904.108+Safari/537.36 http://localhost:58760/Oppgave3.aspx 200 0 0 582
2019-12-11 13:37:30 ::1 POST /Oppgave3.aspx - 58760 - ::1 Mozilla/5.0+(Windows+NT+10.0;+Win64;+x64)+AppleWebKit/537.36+(KHTML,+like+Gecko)+Chrome/78.0.3904.108+Safari/537.36 http://localhost:58760/Oppgave3.aspx 200 0 0 702
2019-12-11 13:37:50 ::1 POST /Oppgave3.aspx - 58760 - ::1 Mozilla/5.0+(Windows+NT+10.0;+Win64;+x64)+AppleWebKit/537.36+(KHTML,+like+Gecko)+Chrome/78.0.3904.108+Safari/537.36 http://localhost:58760/Oppgave3.aspx 200 0 0 598
2019-12-11 13:38:25 ::1 POST /Oppgave3.aspx - 58760 - ::1 Mozilla/5.0+(Windows+NT+10.0;+Win64;+x64)+AppleWebKit/537.36+(KHTML,+like+Gecko)+Chrome/78.0.3904.108+Safari/537.36 http://localhost:58760/Oppgave3.aspx 200 0 0 667
2019-12-11 13:38:33 ::1 POST /Oppgave3.aspx - 58760 - ::1 Mozilla/5.0+(Windows+NT+10.0;+Win64;+x64)+AppleWebKit/537.36+(KHTML,+like+Gecko)+Chrome/78.0.3904.108+Safari/537.36 http://localhost:58760/Oppgave3.aspx 200 0 0 698
2019-12-11 13:39:49 ::1 POST /Oppgave3.aspx - 58760 - ::1 Mozilla/5.0+(Windows+NT+10.0;+Win64;+x64)+AppleWebKit/537.36+(KHTML,+like+Gecko)+Chrome/78.0.3904.108+Safari/537.36 http://localhost:58760/Oppgave3.aspx 200 0 0 660
2019-12-11 13:40:04 ::1 POST /Oppgave3.aspx - 58760 - ::1 Mozilla/5.0+(Windows+NT+10.0;+Win64;+x64)+AppleWebKit/537.36+(KHTML,+like+Gecko)+Chrome/78.0.3904.108+Safari/537.36 http://localhost:58760/Oppgave3.aspx 200 0 0 572
2019-12-11 13:43:40 ::1 POST /Oppgave3.aspx - 58760 - ::1 Mozilla/5.0+(Windows+NT+10.0;+Win64;+x64)+AppleWebKit/537.36+(KHTML,+like+Gecko)+Chrome/78.0.3904.108+Safari/537.36 http://localhost:58760/Oppgave3.aspx 200 0 0 629
2019-12-11 13:43:55 ::1 POST /Oppgave3.aspx - 58760 - ::1 Mozilla/5.0+(Windows+NT+10.0;+Win64;+x64)+AppleWebKit/537.36+(KHTML,+like+Gecko)+Chrome/78.0.3904.108+Safari/537.36 http://localhost:58760/Oppgave3.aspx 200 0 0 597
2019-12-11 13:44:15 ::1 POST /Oppgave3.aspx - 58760 - ::1 Mozilla/5.0+(Windows+NT+10.0;+Win64;+x64)+AppleWebKit/537.36+(KHTML,+like+Gecko)+Chrome/78.0.3904.108+Safari/537.36 http://localhost:58760/Oppgave3.aspx 200 0 0 1432
2019-12-11 13:44:44 ::1 POST /Oppgave3.aspx - 58760 - ::1 Mozilla/5.0+(Windows+NT+10.0;+Win64;+x64)+AppleWebKit/537.36+(KHTML,+like+Gecko)+Chrome/78.0.3904.108+Safari/537.36 http://localhost:58760/Oppgave3.aspx 200 0 0 704
2019-12-11 13:44:55 ::1 POST /Oppgave3.aspx - 58760 - ::1 Mozilla/5.0+(Windows+NT+10.0;+Win64;+x64)+AppleWebKit/537.36+(KHTML,+like+Gecko)+Chrome/78.0.3904.108+Safari/537.36 http://localhost:58760/Oppgave3.aspx 200 0 0 620
2019-12-11 13:45:03 ::1 POST /Oppgave3.aspx - 58760 - ::1 Mozilla/5.0+(Windows+NT+10.0;+Win64;+x64)+AppleWebKit/537.36+(KHTML,+like+Gecko)+Chrome/78.0.3904.108+Safari/537.36 http://localhost:58760/Oppgave3.aspx 200 0 0 601
2019-12-11 13:45:10 ::1 POST /Oppgave3.aspx - 58760 - ::1 Mozilla/5.0+(Windows+NT+10.0;+Win64;+x64)+AppleWebKit/537.36+(KHTML,+like+Gecko)+Chrome/78.0.3904.108+Safari/537.36 http://localhost:58760/Oppgave3.aspx 200 0 0 626
2019-12-11 13:45:34 ::1 POST /Oppgave3.aspx - 58760 - ::1 Mozilla/5.0+(Windows+NT+10.0;+Win64;+x64)+AppleWebKit/537.36+(KHTML,+like+Gecko)+Chrome/78.0.3904.108+Safari/537.36 http://localhost:58760/Oppgave3.aspx 200 0 0 582
2019-12-11 13:45:42 ::1 POST /Oppgave3.aspx - 58760 - ::1 Mozilla/5.0+(Windows+NT+10.0;+Win64;+x64)+AppleWebKit/537.36+(KHTML,+like+Gecko)+Chrome/78.0.3904.108+Safari/537.36 http://localhost:58760/Oppgave3.aspx 200 0 0 720
2019-12-11 13:45:52 ::1 POST /Oppgave3.aspx - 58760 - ::1 Mozilla/5.0+(Windows+NT+10.0;+Win64;+x64)+AppleWebKit/537.36+(KHTML,+like+Gecko)+Chrome/78.0.3904.108+Safari/537.36 http://localhost:58760/Oppgave3.aspx 200 0 0 661
2019-12-11 13:46:16 ::1 POST /Oppgave3.aspx - 58760 - ::1 Mozilla/5.0+(Windows+NT+10.0;+Win64;+x64)+AppleWebKit/537.36+(KHTML,+like+Gecko)+Chrome/78.0.3904.108+Safari/537.36 http://localhost:58760/Oppgave3.aspx 200 0 0 640
2019-12-11 13:46:21 ::1 POST /Oppgave3.aspx - 58760 - ::1 Mozilla/5.0+(Windows+NT+10.0;+Win64;+x64)+AppleWebKit/537.36+(KHTML,+like+Gecko)+Chrome/78.0.3904.108+Safari/537.36 http://localhost:58760/Oppgave3.aspx 200 0 0 651
2019-12-11 13:46:30 ::1 POST /Oppgave3.aspx - 58760 - ::1 Mozilla/5.0+(Windows+NT+10.0;+Win64;+x64)+AppleWebKit/537.36+(KHTML,+like+Gecko)+Chrome/78.0.3904.108+Safari/537.36 http://localhost:58760/Oppgave3.aspx 200 0 0 592
2019-12-11 13:46:40 ::1 POST /Oppgave3.aspx - 58760 - ::1 Mozilla/5.0+(Windows+NT+10.0;+Win64;+x64)+AppleWebKit/537.36+(KHTML,+like+Gecko)+Chrome/78.0.3904.108+Safari/537.36 http://localhost:58760/Oppgave3.aspx 200 0 0 655
2019-12-11 13:46:45 ::1 POST /Oppgave3.aspx - 58760 - ::1 Mozilla/5.0+(Windows+NT+10.0;+Win64;+x64)+AppleWebKit/537.36+(KHTML,+like+Gecko)+Chrome/78.0.3904.108+Safari/537.36 http://localhost:58760/Oppgave3.aspx 200 0 0 709
2019-12-11 13:47:08 ::1 POST /Oppgave3.aspx - 58760 - ::1 Mozilla/5.0+(Windows+NT+10.0;+Win64;+x64)+AppleWebKit/537.36+(KHTML,+like+Gecko)+Chrome/78.0.3904.108+Safari/537.36 http://localhost:58760/Oppgave3.aspx 200 0 0 623
2019-12-11 13:47:20 ::1 POST /Oppgave3.aspx - 58760 - ::1 Mozilla/5.0+(Windows+NT+10.0;+Win64;+x64)+AppleWebKit/537.36+(KHTML,+like+Gecko)+Chrome/78.0.3904.108+Safari/537.36 http://localhost:58760/Oppgave3.aspx 200 0 0 546
2019-12-11 13:47:22 ::1 POST /Oppgave3.aspx - 58760 - ::1 Mozilla/5.0+(Windows+NT+10.0;+Win64;+x64)+AppleWebKit/537.36+(KHTML,+like+Gecko)+Chrome/78.0.3904.108+Safari/537.36 http://localhost:58760/Oppgave3.aspx 200 0 0 7
2019-12-11 13:47:28 ::1 POST /Oppgave3.aspx - 58760 - ::1 Mozilla/5.0+(Windows+NT+10.0;+Win64;+x64)+AppleWebKit/537.36+(KHTML,+like+Gecko)+Chrome/78.0.3904.108+Safari/537.36 http://localhost:58760/Oppgave3.aspx 200 0 0 1300
2019-12-11 13:47:49 ::1 POST /Oppgave3.aspx - 58760 - ::1 Mozilla/5.0+(Windows+NT+10.0;+Win64;+x64)+AppleWebKit/537.36+(KHTML,+like+Gecko)+Chrome/78.0.3904.108+Safari/537.36 http://localhost:58760/Oppgave3.aspx 200 0 0 633
2019-12-11 13:48:02 ::1 POST /Oppgave3.aspx - 58760 - ::1 Mozilla/5.0+(Windows+NT+10.0;+Win64;+x64)+AppleWebKit/537.36+(KHTML,+like+Gecko)+Chrome/78.0.3904.108+Safari/537.36 http://localhost:58760/Oppgave3.aspx 200 0 0 5
2019-12-11 13:48:44 ::1 POST /Oppgave3.aspx - 58760 - ::1 Mozilla/5.0+(Windows+NT+10.0;+Win64;+x64)+AppleWebKit/537.36+(KHTML,+like+Gecko)+Chrome/78.0.3904.108+Safari/537.36 http://localhost:58760/Oppgave3.aspx 200 0 0 662
2019-12-11 13:48:47 ::1 POST /Oppgave3.aspx - 58760 - ::1 Mozilla/5.0+(Windows+NT+10.0;+Win64;+x64)+AppleWebKit/537.36+(KHTML,+like+Gecko)+Chrome/78.0.3904.108+Safari/537.36 http://localhost:58760/Oppgave3.aspx 500 0 0 111
2019-12-11 13:48:58 ::1 POST /Oppgave3.aspx - 58760 - ::1 Mozilla/5.0+(Windows+NT+10.0;+Win64;+x64)+AppleWebKit/537.36+(KHTML,+like+Gecko)+Chrome/78.0.3904.108+Safari/537.36 http://localhost:58760/Oppgave3.aspx 200 0 0 560
2019-12-11 13:49:00 ::1 POST /Oppgave3.aspx - 58760 - ::1 Mozilla/5.0+(Windows+NT+10.0;+Win64;+x64)+AppleWebKit/537.36+(KHTML,+like+Gecko)+Chrome/78.0.3904.108+Safari/537.36 http://localhost:58760/Oppgave3.aspx 200 0 0 10
2019-12-11 13:49:02 ::1 POST /Oppgave3.aspx - 58760 - ::1 Mozilla/5.0+(Windows+NT+10.0;+Win64;+x64)+AppleWebKit/537.36+(KHTML,+like+Gecko)+Chrome/78.0.3904.108+Safari/537.36 http://localhost:58760/Oppgave3.aspx 500 0 0 17
