#Software: Microsoft Internet Information Services 10.0
#Version: 1.0
#Date: 2019-12-09 13:11:28
#Fields: date time s-ip cs-method cs-uri-stem cs-uri-query s-port cs-username c-ip cs(User-Agent) cs(Referer) sc-status sc-substatus sc-win32-status time-taken
2019-12-09 13:11:28 ::1 GET /Default.aspx - 58184 - ::1 Mozilla/5.0+(Windows+NT+10.0;+Win64;+x64)+AppleWebKit/537.36+(KHTML,+like+Gecko)+Chrome/78.0.3904.108+Safari/537.36 - 200 0 0 14046
2019-12-09 13:11:28 ::1 GET /favicon.ico - 58184 - ::1 Mozilla/5.0+(Windows+NT+10.0;+Win64;+x64)+AppleWebKit/537.36+(KHTML,+like+Gecko)+Chrome/78.0.3904.108+Safari/537.36 http://localhost:58184/Default.aspx 404 0 2 12
2019-12-09 13:11:31 ::1 POST /Default.aspx - 58184 - ::1 Mozilla/5.0+(Windows+NT+10.0;+Win64;+x64)+AppleWebKit/537.36+(KHTML,+like+Gecko)+Chrome/78.0.3904.108+Safari/537.36 http://localhost:58184/Default.aspx 200 0 0 16
2019-12-09 13:11:48 ::1 POST /Default.aspx - 58184 - ::1 Mozilla/5.0+(Windows+NT+10.0;+Win64;+x64)+AppleWebKit/537.36+(KHTML,+like+Gecko)+Chrome/78.0.3904.108+Safari/537.36 http://localhost:58184/Default.aspx 200 0 0 8
2019-12-09 13:12:10 ::1 POST /Default.aspx - 58184 - ::1 Mozilla/5.0+(Windows+NT+10.0;+Win64;+x64)+AppleWebKit/537.36+(KHTML,+like+Gecko)+Chrome/78.0.3904.108+Safari/537.36 http://localhost:58184/Default.aspx 200 0 0 688
2019-12-09 13:12:28 ::1 POST /Default.aspx - 58184 - ::1 Mozilla/5.0+(Windows+NT+10.0;+Win64;+x64)+AppleWebKit/537.36+(KHTML,+like+Gecko)+Chrome/78.0.3904.108+Safari/537.36 http://localhost:58184/Default.aspx 200 0 0 557
2019-12-09 13:12:39 ::1 POST /Default.aspx - 58184 - ::1 Mozilla/5.0+(Windows+NT+10.0;+Win64;+x64)+AppleWebKit/537.36+(KHTML,+like+Gecko)+Chrome/78.0.3904.108+Safari/537.36 http://localhost:58184/Default.aspx 200 0 0 631
2019-12-09 13:13:28 ::1 POST /Default.aspx - 58184 - ::1 Mozilla/5.0+(Windows+NT+10.0;+Win64;+x64)+AppleWebKit/537.36+(KHTML,+like+Gecko)+Chrome/78.0.3904.108+Safari/537.36 http://localhost:58184/Default.aspx 200 0 0 598
2019-12-09 13:13:36 ::1 POST /Default.aspx - 58184 - ::1 Mozilla/5.0+(Windows+NT+10.0;+Win64;+x64)+AppleWebKit/537.36+(KHTML,+like+Gecko)+Chrome/78.0.3904.108+Safari/537.36 http://localhost:58184/Default.aspx 200 0 0 4
2019-12-09 13:13:50 ::1 POST /Default.aspx - 58184 - ::1 Mozilla/5.0+(Windows+NT+10.0;+Win64;+x64)+AppleWebKit/537.36+(KHTML,+like+Gecko)+Chrome/78.0.3904.108+Safari/537.36 http://localhost:58184/Default.aspx 200 0 0 5
2019-12-09 13:13:52 ::1 POST /Default.aspx - 58184 - ::1 Mozilla/5.0+(Windows+NT+10.0;+Win64;+x64)+AppleWebKit/537.36+(KHTML,+like+Gecko)+Chrome/78.0.3904.108+Safari/537.36 http://localhost:58184/Default.aspx 200 0 0 5
2019-12-09 13:13:52 ::1 POST /Default.aspx - 58184 - ::1 Mozilla/5.0+(Windows+NT+10.0;+Win64;+x64)+AppleWebKit/537.36+(KHTML,+like+Gecko)+Chrome/78.0.3904.108+Safari/537.36 http://localhost:58184/Default.aspx 200 0 0 5
2019-12-09 13:13:52 ::1 POST /Default.aspx - 58184 - ::1 Mozilla/5.0+(Windows+NT+10.0;+Win64;+x64)+AppleWebKit/537.36+(KHTML,+like+Gecko)+Chrome/78.0.3904.108+Safari/537.36 http://localhost:58184/Default.aspx 200 0 0 4
2019-12-09 13:13:52 ::1 POST /Default.aspx - 58184 - ::1 Mozilla/5.0+(Windows+NT+10.0;+Win64;+x64)+AppleWebKit/537.36+(KHTML,+like+Gecko)+Chrome/78.0.3904.108+Safari/537.36 http://localhost:58184/Default.aspx 200 0 0 3
2019-12-09 13:13:52 ::1 POST /Default.aspx - 58184 - ::1 Mozilla/5.0+(Windows+NT+10.0;+Win64;+x64)+AppleWebKit/537.36+(KHTML,+like+Gecko)+Chrome/78.0.3904.108+Safari/537.36 http://localhost:58184/Default.aspx 200 0 0 9
2019-12-09 13:13:52 ::1 POST /Default.aspx - 58184 - ::1 Mozilla/5.0+(Windows+NT+10.0;+Win64;+x64)+AppleWebKit/537.36+(KHTML,+like+Gecko)+Chrome/78.0.3904.108+Safari/537.36 http://localhost:58184/Default.aspx 200 0 0 2
2019-12-09 13:13:53 ::1 POST /Default.aspx - 58184 - ::1 Mozilla/5.0+(Windows+NT+10.0;+Win64;+x64)+AppleWebKit/537.36+(KHTML,+like+Gecko)+Chrome/78.0.3904.108+Safari/537.36 http://localhost:58184/Default.aspx 200 0 0 8
2019-12-09 13:13:53 ::1 POST /Default.aspx - 58184 - ::1 Mozilla/5.0+(Windows+NT+10.0;+Win64;+x64)+AppleWebKit/537.36+(KHTML,+like+Gecko)+Chrome/78.0.3904.108+Safari/537.36 http://localhost:58184/Default.aspx 200 0 0 8
2019-12-09 13:13:53 ::1 POST /Default.aspx - 58184 - ::1 Mozilla/5.0+(Windows+NT+10.0;+Win64;+x64)+AppleWebKit/537.36+(KHTML,+like+Gecko)+Chrome/78.0.3904.108+Safari/537.36 http://localhost:58184/Default.aspx 200 0 0 7
#Software: Microsoft Internet Information Services 10.0
#Version: 1.0
#Date: 2019-12-09 13:29:43
#Fields: date time s-ip cs-method cs-uri-stem cs-uri-query s-port cs-username c-ip cs(User-Agent) cs(Referer) sc-status sc-substatus sc-win32-status time-taken
2019-12-09 13:29:43 ::1 GET /Default.aspx - 58184 - ::1 Mozilla/5.0+(Windows+NT+10.0;+Win64;+x64)+AppleWebKit/537.36+(KHTML,+like+Gecko)+Chrome/78.0.3904.108+Safari/537.36 - 200 0 0 2445
2019-12-09 13:29:43 ::1 POST /Default.aspx - 58184 - ::1 Mozilla/5.0+(Windows+NT+10.0;+Win64;+x64)+AppleWebKit/537.36+(KHTML,+like+Gecko)+Chrome/78.0.3904.108+Safari/537.36 http://localhost:58184/Default.aspx 200 0 64 7379
2019-12-09 13:29:46 ::1 POST /Default.aspx - 58184 - ::1 Mozilla/5.0+(Windows+NT+10.0;+Win64;+x64)+AppleWebKit/537.36+(KHTML,+like+Gecko)+Chrome/78.0.3904.108+Safari/537.36 http://localhost:58184/Default.aspx 200 0 0 8
2019-12-09 13:29:54 ::1 POST /Default.aspx - 58184 - ::1 Mozilla/5.0+(Windows+NT+10.0;+Win64;+x64)+AppleWebKit/537.36+(KHTML,+like+Gecko)+Chrome/78.0.3904.108+Safari/537.36 http://localhost:58184/Default.aspx 200 0 0 570
