#Software: Microsoft Internet Information Services 10.0
#Version: 1.0
#Date: 2020-01-23 11:14:11
#Fields: date time s-ip cs-method cs-uri-stem cs-uri-query s-port cs-username c-ip cs(User-Agent) cs(Referer) sc-status sc-substatus sc-win32-status time-taken
2020-01-23 11:14:11 ::1 GET /HtmlPage.html - 57585 - ::1 Mozilla/5.0+(Windows+NT+10.0;+Win64;+x64)+AppleWebKit/537.36+(KHTML,+like+Gecko)+Chrome/79.0.3945.130+Safari/537.36 - 200 0 0 279
2020-01-23 11:14:13 ::1 GET /favicon.ico - 57585 - ::1 Mozilla/5.0+(Windows+NT+10.0;+Win64;+x64)+AppleWebKit/537.36+(KHTML,+like+Gecko)+Chrome/79.0.3945.130+Safari/537.36 http://localhost:57585/HtmlPage.html 404 0 2 698
2020-01-23 11:17:31 ::1 GET /HtmlPage.html - 57585 - ::1 Mozilla/5.0+(Windows+NT+10.0;+Win64;+x64)+AppleWebKit/537.36+(KHTML,+like+Gecko)+Chrome/79.0.3945.130+Safari/537.36 - 200 0 0 400
2020-01-23 11:17:31 ::1 GET /calendar.png - 57585 - ::1 Mozilla/5.0+(Windows+NT+10.0;+Win64;+x64)+AppleWebKit/537.36+(KHTML,+like+Gecko)+Chrome/79.0.3945.130+Safari/537.36 http://localhost:57585/HtmlPage.html 200 0 0 254
2020-01-23 11:17:31 ::1 GET /price.png - 57585 - ::1 Mozilla/5.0+(Windows+NT+10.0;+Win64;+x64)+AppleWebKit/537.36+(KHTML,+like+Gecko)+Chrome/79.0.3945.130+Safari/537.36 http://localhost:57585/HtmlPage.html 200 0 0 310
2020-01-23 11:17:31 ::1 GET /info.png - 57585 - ::1 Mozilla/5.0+(Windows+NT+10.0;+Win64;+x64)+AppleWebKit/537.36+(KHTML,+like+Gecko)+Chrome/79.0.3945.130+Safari/537.36 http://localhost:57585/HtmlPage.html 200 0 0 195
2020-01-23 11:18:39 ::1 GET /HtmlPage.html - 57585 - ::1 Mozilla/5.0+(Windows+NT+10.0;+Win64;+x64)+AppleWebKit/537.36+(KHTML,+like+Gecko)+Chrome/79.0.3945.130+Safari/537.36 - 304 0 0 16
2020-01-23 11:18:39 ::1 GET /price.png - 57585 - ::1 Mozilla/5.0+(Windows+NT+10.0;+Win64;+x64)+AppleWebKit/537.36+(KHTML,+like+Gecko)+Chrome/79.0.3945.130+Safari/537.36 http://localhost:57585/HtmlPage.html 304 0 0 46
2020-01-23 11:18:39 ::1 GET /info.png - 57585 - ::1 Mozilla/5.0+(Windows+NT+10.0;+Win64;+x64)+AppleWebKit/537.36+(KHTML,+like+Gecko)+Chrome/79.0.3945.130+Safari/537.36 http://localhost:57585/HtmlPage.html 304 0 0 43
2020-01-23 11:18:39 ::1 GET /calendar.png - 57585 - ::1 Mozilla/5.0+(Windows+NT+10.0;+Win64;+x64)+AppleWebKit/537.36+(KHTML,+like+Gecko)+Chrome/79.0.3945.130+Safari/537.36 http://localhost:57585/HtmlPage.html 304 0 0 64
2020-01-23 11:18:56 ::1 GET /HtmlPage.html - 57585 - ::1 Mozilla/5.0+(Windows+NT+10.0;+Win64;+x64)+AppleWebKit/537.36+(KHTML,+like+Gecko)+Chrome/79.0.3945.130+Safari/537.36 - 304 0 0 4
2020-01-23 11:18:56 ::1 GET /price.png - 57585 - ::1 Mozilla/5.0+(Windows+NT+10.0;+Win64;+x64)+AppleWebKit/537.36+(KHTML,+like+Gecko)+Chrome/79.0.3945.130+Safari/537.36 http://localhost:57585/HtmlPage.html 304 0 0 32
2020-01-23 11:18:56 ::1 GET /info.png - 57585 - ::1 Mozilla/5.0+(Windows+NT+10.0;+Win64;+x64)+AppleWebKit/537.36+(KHTML,+like+Gecko)+Chrome/79.0.3945.130+Safari/537.36 http://localhost:57585/HtmlPage.html 304 0 0 33
2020-01-23 11:19:02 ::1 GET /HtmlPage.html - 57585 - ::1 Mozilla/5.0+(Windows+NT+10.0;+Win64;+x64)+AppleWebKit/537.36+(KHTML,+like+Gecko)+Chrome/79.0.3945.130+Safari/537.36 - 304 0 0 3
2020-01-23 11:19:02 ::1 GET /calendar.png - 57585 - ::1 Mozilla/5.0+(Windows+NT+10.0;+Win64;+x64)+AppleWebKit/537.36+(KHTML,+like+Gecko)+Chrome/79.0.3945.130+Safari/537.36 http://localhost:57585/HtmlPage.html 304 0 0 32
2020-01-23 11:19:12 ::1 GET /HtmlPage.html - 57585 - ::1 Mozilla/5.0+(Windows+NT+10.0;+Win64;+x64)+AppleWebKit/537.36+(KHTML,+like+Gecko)+Chrome/79.0.3945.130+Safari/537.36 - 200 0 0 88
2020-01-23 11:19:12 ::1 GET /info.png - 57585 - ::1 Mozilla/5.0+(Windows+NT+10.0;+Win64;+x64)+AppleWebKit/537.36+(KHTML,+like+Gecko)+Chrome/79.0.3945.130+Safari/537.36 http://localhost:57585/HtmlPage.html 304 0 0 43
2020-01-23 11:19:12 ::1 GET /StyleSheet.css - 57585 - ::1 Mozilla/5.0+(Windows+NT+10.0;+Win64;+x64)+AppleWebKit/537.36+(KHTML,+like+Gecko)+Chrome/79.0.3945.130+Safari/537.36 http://localhost:57585/HtmlPage.html 200 0 0 79
2020-01-23 11:19:26 ::1 GET /HtmlPage.html - 57585 - ::1 Mozilla/5.0+(Windows+NT+10.0;+Win64;+x64)+AppleWebKit/537.36+(KHTML,+like+Gecko)+Chrome/79.0.3945.130+Safari/537.36 - 304 0 0 3
2020-01-23 11:19:26 ::1 GET /price.png - 57585 - ::1 Mozilla/5.0+(Windows+NT+10.0;+Win64;+x64)+AppleWebKit/537.36+(KHTML,+like+Gecko)+Chrome/79.0.3945.130+Safari/537.36 http://localhost:57585/HtmlPage.html 304 0 0 17
2020-01-23 11:19:26 ::1 GET /StyleSheet.css - 57585 - ::1 Mozilla/5.0+(Windows+NT+10.0;+Win64;+x64)+AppleWebKit/537.36+(KHTML,+like+Gecko)+Chrome/79.0.3945.130+Safari/537.36 http://localhost:57585/HtmlPage.html 200 0 0 27
2020-01-23 11:20:26 ::1 GET /HtmlPage.html - 57585 - ::1 Mozilla/5.0+(Windows+NT+10.0;+Win64;+x64)+AppleWebKit/537.36+(KHTML,+like+Gecko)+Chrome/79.0.3945.130+Safari/537.36 - 200 0 0 52
2020-01-23 11:20:26 ::1 GET /StyleSheet.css - 57585 - ::1 Mozilla/5.0+(Windows+NT+10.0;+Win64;+x64)+AppleWebKit/537.36+(KHTML,+like+Gecko)+Chrome/79.0.3945.130+Safari/537.36 http://localhost:57585/HtmlPage.html 200 0 0 23
2020-01-23 11:20:26 ::1 GET /price.png - 57585 - ::1 Mozilla/5.0+(Windows+NT+10.0;+Win64;+x64)+AppleWebKit/537.36+(KHTML,+like+Gecko)+Chrome/79.0.3945.130+Safari/537.36 http://localhost:57585/HtmlPage.html 304 0 0 48
2020-01-23 11:20:26 ::1 GET /info.png - 57585 - ::1 Mozilla/5.0+(Windows+NT+10.0;+Win64;+x64)+AppleWebKit/537.36+(KHTML,+like+Gecko)+Chrome/79.0.3945.130+Safari/537.36 http://localhost:57585/HtmlPage.html 304 0 0 48
2020-01-23 11:20:26 ::1 GET /calendar.png - 57585 - ::1 Mozilla/5.0+(Windows+NT+10.0;+Win64;+x64)+AppleWebKit/537.36+(KHTML,+like+Gecko)+Chrome/79.0.3945.130+Safari/537.36 http://localhost:57585/HtmlPage.html 304 0 0 52
2020-01-23 11:20:39 ::1 GET /HtmlPage.html - 57585 - ::1 Mozilla/5.0+(Windows+NT+10.0;+Win64;+x64)+AppleWebKit/537.36+(KHTML,+like+Gecko)+Chrome/79.0.3945.130+Safari/537.36 - 304 0 0 9
2020-01-23 11:20:39 ::1 GET /StyleSheet.css - 57585 - ::1 Mozilla/5.0+(Windows+NT+10.0;+Win64;+x64)+AppleWebKit/537.36+(KHTML,+like+Gecko)+Chrome/79.0.3945.130+Safari/537.36 http://localhost:57585/HtmlPage.html 200 0 0 2
2020-01-23 11:21:00 ::1 GET /HtmlPage.html - 57585 - ::1 Mozilla/5.0+(Windows+NT+10.0;+Win64;+x64)+AppleWebKit/537.36+(KHTML,+like+Gecko)+Chrome/79.0.3945.130+Safari/537.36 - 304 0 0 28
2020-01-23 11:21:00 ::1 GET /price.png - 57585 - ::1 Mozilla/5.0+(Windows+NT+10.0;+Win64;+x64)+AppleWebKit/537.36+(KHTML,+like+Gecko)+Chrome/79.0.3945.130+Safari/537.36 http://localhost:57585/HtmlPage.html 304 0 0 17
2020-01-23 11:21:00 ::1 GET /StyleSheet.css - 57585 - ::1 Mozilla/5.0+(Windows+NT+10.0;+Win64;+x64)+AppleWebKit/537.36+(KHTML,+like+Gecko)+Chrome/79.0.3945.130+Safari/537.36 http://localhost:57585/HtmlPage.html 200 0 0 17
2020-01-23 11:21:00 ::1 GET /info.png - 57585 - ::1 Mozilla/5.0+(Windows+NT+10.0;+Win64;+x64)+AppleWebKit/537.36+(KHTML,+like+Gecko)+Chrome/79.0.3945.130+Safari/537.36 http://localhost:57585/HtmlPage.html 304 0 0 22
2020-01-23 11:21:09 ::1 GET /HtmlPage.html - 57585 - ::1 Mozilla/5.0+(Windows+NT+10.0;+Win64;+x64)+AppleWebKit/537.36+(KHTML,+like+Gecko)+Chrome/79.0.3945.130+Safari/537.36 - 304 0 0 27
2020-01-23 11:21:09 ::1 GET /calendar.png - 57585 - ::1 Mozilla/5.0+(Windows+NT+10.0;+Win64;+x64)+AppleWebKit/537.36+(KHTML,+like+Gecko)+Chrome/79.0.3945.130+Safari/537.36 http://localhost:57585/HtmlPage.html 304 0 0 17
2020-01-23 11:21:09 ::1 GET /StyleSheet.css - 57585 - ::1 Mozilla/5.0+(Windows+NT+10.0;+Win64;+x64)+AppleWebKit/537.36+(KHTML,+like+Gecko)+Chrome/79.0.3945.130+Safari/537.36 http://localhost:57585/HtmlPage.html 200 0 0 18
2020-01-23 11:21:29 ::1 GET /HtmlPage.html - 57585 - ::1 Mozilla/5.0+(Windows+NT+10.0;+Win64;+x64)+AppleWebKit/537.36+(KHTML,+like+Gecko)+Chrome/79.0.3945.130+Safari/537.36 - 304 0 0 12
2020-01-23 11:21:29 ::1 GET /info.png - 57585 - ::1 Mozilla/5.0+(Windows+NT+10.0;+Win64;+x64)+AppleWebKit/537.36+(KHTML,+like+Gecko)+Chrome/79.0.3945.130+Safari/537.36 http://localhost:57585/HtmlPage.html 304 0 0 17
2020-01-23 11:21:29 ::1 GET /StyleSheet.css - 57585 - ::1 Mozilla/5.0+(Windows+NT+10.0;+Win64;+x64)+AppleWebKit/537.36+(KHTML,+like+Gecko)+Chrome/79.0.3945.130+Safari/537.36 http://localhost:57585/HtmlPage.html 200 0 0 23
2020-01-23 11:25:39 ::1 GET /HtmlPage.html - 57585 - ::1 Mozilla/5.0+(Windows+NT+10.0;+Win64;+x64)+AppleWebKit/537.36+(KHTML,+like+Gecko)+Chrome/79.0.3945.130+Safari/537.36 - 200 0 0 60
2020-01-23 11:25:39 ::1 GET /calendar.png - 57585 - ::1 Mozilla/5.0+(Windows+NT+10.0;+Win64;+x64)+AppleWebKit/537.36+(KHTML,+like+Gecko)+Chrome/79.0.3945.130+Safari/537.36 http://localhost:57585/HtmlPage.html 304 0 0 23
2020-01-23 11:25:39 ::1 GET /StyleSheet.css - 57585 - ::1 Mozilla/5.0+(Windows+NT+10.0;+Win64;+x64)+AppleWebKit/537.36+(KHTML,+like+Gecko)+Chrome/79.0.3945.130+Safari/537.36 http://localhost:57585/HtmlPage.html 200 0 0 23
2020-01-23 11:25:39 ::1 GET /price.png - 57585 - ::1 Mozilla/5.0+(Windows+NT+10.0;+Win64;+x64)+AppleWebKit/537.36+(KHTML,+like+Gecko)+Chrome/79.0.3945.130+Safari/537.36 http://localhost:57585/HtmlPage.html 304 0 0 40
2020-01-23 11:25:39 ::1 GET /info.png - 57585 - ::1 Mozilla/5.0+(Windows+NT+10.0;+Win64;+x64)+AppleWebKit/537.36+(KHTML,+like+Gecko)+Chrome/79.0.3945.130+Safari/537.36 http://localhost:57585/HtmlPage.html 304 0 0 42
2020-01-23 11:26:54 ::1 GET /HtmlPage.html - 57585 - ::1 Mozilla/5.0+(Windows+NT+10.0;+Win64;+x64)+AppleWebKit/537.36+(KHTML,+like+Gecko)+Chrome/79.0.3945.130+Safari/537.36 - 200 0 0 49
2020-01-23 11:26:54 ::1 GET /calendar.png - 57585 - ::1 Mozilla/5.0+(Windows+NT+10.0;+Win64;+x64)+AppleWebKit/537.36+(KHTML,+like+Gecko)+Chrome/79.0.3945.130+Safari/537.36 http://localhost:57585/HtmlPage.html 304 0 0 19
2020-01-23 11:26:54 ::1 GET /price.png - 57585 - ::1 Mozilla/5.0+(Windows+NT+10.0;+Win64;+x64)+AppleWebKit/537.36+(KHTML,+like+Gecko)+Chrome/79.0.3945.130+Safari/537.36 http://localhost:57585/HtmlPage.html 304 0 0 21
2020-01-23 11:26:54 ::1 GET /info.png - 57585 - ::1 Mozilla/5.0+(Windows+NT+10.0;+Win64;+x64)+AppleWebKit/537.36+(KHTML,+like+Gecko)+Chrome/79.0.3945.130+Safari/537.36 http://localhost:57585/HtmlPage.html 304 0 0 21
2020-01-23 11:26:54 ::1 GET /StyleSheet.css - 57585 - ::1 Mozilla/5.0+(Windows+NT+10.0;+Win64;+x64)+AppleWebKit/537.36+(KHTML,+like+Gecko)+Chrome/79.0.3945.130+Safari/537.36 http://localhost:57585/HtmlPage.html 200 0 0 22
2020-01-23 11:27:42 ::1 GET /HtmlPage.html - 57585 - ::1 Mozilla/5.0+(Windows+NT+10.0;+Win64;+x64)+AppleWebKit/537.36+(KHTML,+like+Gecko)+Chrome/79.0.3945.130+Safari/537.36 - 304 0 0 4
2020-01-23 11:27:42 ::1 GET /StyleSheet.css - 57585 - ::1 Mozilla/5.0+(Windows+NT+10.0;+Win64;+x64)+AppleWebKit/537.36+(KHTML,+like+Gecko)+Chrome/79.0.3945.130+Safari/537.36 http://localhost:57585/HtmlPage.html 200 0 0 3
2020-01-23 11:28:02 ::1 GET /HtmlPage.html - 57585 - ::1 Mozilla/5.0+(Windows+NT+10.0;+Win64;+x64)+AppleWebKit/537.36+(KHTML,+like+Gecko)+Chrome/79.0.3945.130+Safari/537.36 - 304 0 0 4
2020-01-23 11:28:02 ::1 GET /StyleSheet.css - 57585 - ::1 Mozilla/5.0+(Windows+NT+10.0;+Win64;+x64)+AppleWebKit/537.36+(KHTML,+like+Gecko)+Chrome/79.0.3945.130+Safari/537.36 http://localhost:57585/HtmlPage.html 200 0 0 22
2020-01-23 11:28:02 ::1 GET /info.png - 57585 - ::1 Mozilla/5.0+(Windows+NT+10.0;+Win64;+x64)+AppleWebKit/537.36+(KHTML,+like+Gecko)+Chrome/79.0.3945.130+Safari/537.36 http://localhost:57585/HtmlPage.html 304 0 0 22
2020-01-23 11:28:02 ::1 GET /price.png - 57585 - ::1 Mozilla/5.0+(Windows+NT+10.0;+Win64;+x64)+AppleWebKit/537.36+(KHTML,+like+Gecko)+Chrome/79.0.3945.130+Safari/537.36 http://localhost:57585/HtmlPage.html 304 0 0 43
2020-01-23 11:28:08 ::1 GET /HtmlPage.html - 57585 - ::1 Mozilla/5.0+(Windows+NT+10.0;+Win64;+x64)+AppleWebKit/537.36+(KHTML,+like+Gecko)+Chrome/79.0.3945.130+Safari/537.36 - 304 0 0 2
2020-01-23 11:28:08 ::1 GET /StyleSheet.css - 57585 - ::1 Mozilla/5.0+(Windows+NT+10.0;+Win64;+x64)+AppleWebKit/537.36+(KHTML,+like+Gecko)+Chrome/79.0.3945.130+Safari/537.36 http://localhost:57585/HtmlPage.html 200 0 0 18
2020-01-23 11:28:08 ::1 GET /calendar.png - 57585 - ::1 Mozilla/5.0+(Windows+NT+10.0;+Win64;+x64)+AppleWebKit/537.36+(KHTML,+like+Gecko)+Chrome/79.0.3945.130+Safari/537.36 http://localhost:57585/HtmlPage.html 304 0 0 28
2020-01-23 11:28:49 ::1 GET /HtmlPage.html - 57585 - ::1 Mozilla/5.0+(Windows+NT+10.0;+Win64;+x64)+AppleWebKit/537.36+(KHTML,+like+Gecko)+Chrome/79.0.3945.130+Safari/537.36 - 304 0 0 21
2020-01-23 11:28:49 ::1 GET /StyleSheet.css - 57585 - ::1 Mozilla/5.0+(Windows+NT+10.0;+Win64;+x64)+AppleWebKit/537.36+(KHTML,+like+Gecko)+Chrome/79.0.3945.130+Safari/537.36 http://localhost:57585/HtmlPage.html 200 0 0 20
