#Software: Microsoft Internet Information Services 10.0
#Version: 1.0
#Date: 2019-12-10 08:15:49
#Fields: date time s-ip cs-method cs-uri-stem cs-uri-query s-port cs-username c-ip cs(User-Agent) cs(Referer) sc-status sc-substatus sc-win32-status time-taken
2019-12-10 08:15:49 ::1 GET /Oppgave1.aspx - 55018 - ::1 Mozilla/5.0+(Windows+NT+10.0;+Win64;+x64)+AppleWebKit/537.36+(KHTML,+like+Gecko)+Chrome/78.0.3904.108+Safari/537.36 - 200 0 0 11303
2019-12-10 08:15:49 ::1 GET /favicon.ico - 55018 - ::1 Mozilla/5.0+(Windows+NT+10.0;+Win64;+x64)+AppleWebKit/537.36+(KHTML,+like+Gecko)+Chrome/78.0.3904.108+Safari/537.36 http://localhost:55018/Oppgave1.aspx 404 0 2 10
2019-12-10 08:17:10 ::1 GET /Oppgave1.aspx - 55018 - ::1 Mozilla/5.0+(Windows+NT+10.0;+Win64;+x64)+AppleWebKit/537.36+(KHTML,+like+Gecko)+Chrome/78.0.3904.108+Safari/537.36 - 200 0 0 777
2019-12-10 08:17:14 ::1 POST /Oppgave1.aspx - 55018 - ::1 Mozilla/5.0+(Windows+NT+10.0;+Win64;+x64)+AppleWebKit/537.36+(KHTML,+like+Gecko)+Chrome/78.0.3904.108+Safari/537.36 http://localhost:55018/Oppgave1.aspx 200 0 0 13
2019-12-10 08:17:20 ::1 POST /Oppgave1.aspx - 55018 - ::1 Mozilla/5.0+(Windows+NT+10.0;+Win64;+x64)+AppleWebKit/537.36+(KHTML,+like+Gecko)+Chrome/78.0.3904.108+Safari/537.36 http://localhost:55018/Oppgave1.aspx 200 0 0 12
2019-12-10 08:26:10 ::1 GET /Oppgave1.aspx - 55018 - ::1 Mozilla/5.0+(Windows+NT+10.0;+Win64;+x64)+AppleWebKit/537.36+(KHTML,+like+Gecko)+Chrome/78.0.3904.108+Safari/537.36 - 200 0 0 554
2019-12-10 08:26:16 ::1 POST /Oppgave1.aspx - 55018 - ::1 Mozilla/5.0+(Windows+NT+10.0;+Win64;+x64)+AppleWebKit/537.36+(KHTML,+like+Gecko)+Chrome/78.0.3904.108+Safari/537.36 http://localhost:55018/Oppgave1.aspx 200 0 0 8
2019-12-10 08:27:11 ::1 POST /Oppgave1.aspx - 55018 - ::1 Mozilla/5.0+(Windows+NT+10.0;+Win64;+x64)+AppleWebKit/537.36+(KHTML,+like+Gecko)+Chrome/78.0.3904.108+Safari/537.36 http://localhost:55018/Oppgave1.aspx 200 0 0 565
2019-12-10 08:27:27 ::1 POST /Oppgave1.aspx - 55018 - ::1 Mozilla/5.0+(Windows+NT+10.0;+Win64;+x64)+AppleWebKit/537.36+(KHTML,+like+Gecko)+Chrome/78.0.3904.108+Safari/537.36 http://localhost:55018/Oppgave1.aspx 200 0 0 490
2019-12-10 08:27:34 ::1 POST /Oppgave1.aspx - 55018 - ::1 Mozilla/5.0+(Windows+NT+10.0;+Win64;+x64)+AppleWebKit/537.36+(KHTML,+like+Gecko)+Chrome/78.0.3904.108+Safari/537.36 http://localhost:55018/Oppgave1.aspx 200 0 0 7
2019-12-10 08:28:07 ::1 POST /Oppgave1.aspx - 55018 - ::1 Mozilla/5.0+(Windows+NT+10.0;+Win64;+x64)+AppleWebKit/537.36+(KHTML,+like+Gecko)+Chrome/78.0.3904.108+Safari/537.36 http://localhost:55018/Oppgave1.aspx 200 0 0 488
2019-12-10 08:28:17 ::1 POST /Oppgave1.aspx - 55018 - ::1 Mozilla/5.0+(Windows+NT+10.0;+Win64;+x64)+AppleWebKit/537.36+(KHTML,+like+Gecko)+Chrome/78.0.3904.108+Safari/537.36 http://localhost:55018/Oppgave1.aspx 200 0 0 3
2019-12-10 08:28:19 ::1 POST /Oppgave1.aspx - 55018 - ::1 Mozilla/5.0+(Windows+NT+10.0;+Win64;+x64)+AppleWebKit/537.36+(KHTML,+like+Gecko)+Chrome/78.0.3904.108+Safari/537.36 http://localhost:55018/Oppgave1.aspx 200 0 0 15
2019-12-10 08:33:11 ::1 POST /Oppgave1.aspx - 55018 - ::1 Mozilla/5.0+(Windows+NT+10.0;+Win64;+x64)+AppleWebKit/537.36+(KHTML,+like+Gecko)+Chrome/78.0.3904.108+Safari/537.36 http://localhost:55018/Oppgave1.aspx 200 0 0 840
2019-12-10 08:33:13 ::1 POST /Oppgave1.aspx - 55018 - ::1 Mozilla/5.0+(Windows+NT+10.0;+Win64;+x64)+AppleWebKit/537.36+(KHTML,+like+Gecko)+Chrome/78.0.3904.108+Safari/537.36 http://localhost:55018/Oppgave1.aspx 200 0 0 13
2019-12-10 08:33:13 ::1 GET /~Bilder/liggende.jpg - 55018 - ::1 Mozilla/5.0+(Windows+NT+10.0;+Win64;+x64)+AppleWebKit/537.36+(KHTML,+like+Gecko)+Chrome/78.0.3904.108+Safari/537.36 http://localhost:55018/Oppgave1.aspx 404 0 2 6
2019-12-10 08:33:46 ::1 POST /Oppgave1.aspx - 55018 - ::1 Mozilla/5.0+(Windows+NT+10.0;+Win64;+x64)+AppleWebKit/537.36+(KHTML,+like+Gecko)+Chrome/78.0.3904.108+Safari/537.36 http://localhost:55018/Oppgave1.aspx 200 0 0 506
2019-12-10 08:33:46 ::1 GET /Bilder/kvadratisk.jpg - 55018 - ::1 Mozilla/5.0+(Windows+NT+10.0;+Win64;+x64)+AppleWebKit/537.36+(KHTML,+like+Gecko)+Chrome/78.0.3904.108+Safari/537.36 http://localhost:55018/Oppgave1.aspx 200 0 0 20
2019-12-10 08:33:51 ::1 POST /Oppgave1.aspx - 55018 - ::1 Mozilla/5.0+(Windows+NT+10.0;+Win64;+x64)+AppleWebKit/537.36+(KHTML,+like+Gecko)+Chrome/78.0.3904.108+Safari/537.36 http://localhost:55018/Oppgave1.aspx 200 0 0 13
2019-12-10 08:33:51 ::1 GET /Bilder/liggende.jpg - 55018 - ::1 Mozilla/5.0+(Windows+NT+10.0;+Win64;+x64)+AppleWebKit/537.36+(KHTML,+like+Gecko)+Chrome/78.0.3904.108+Safari/537.36 http://localhost:55018/Oppgave1.aspx 200 0 0 20
2019-12-10 08:33:56 ::1 POST /Oppgave1.aspx - 55018 - ::1 Mozilla/5.0+(Windows+NT+10.0;+Win64;+x64)+AppleWebKit/537.36+(KHTML,+like+Gecko)+Chrome/78.0.3904.108+Safari/537.36 http://localhost:55018/Oppgave1.aspx 200 0 0 8
2019-12-10 08:33:56 ::1 GET /Bilder/staende.jpg - 55018 - ::1 Mozilla/5.0+(Windows+NT+10.0;+Win64;+x64)+AppleWebKit/537.36+(KHTML,+like+Gecko)+Chrome/78.0.3904.108+Safari/537.36 http://localhost:55018/Oppgave1.aspx 200 0 0 17
2019-12-10 08:34:08 ::1 POST /Oppgave1.aspx - 55018 - ::1 Mozilla/5.0+(Windows+NT+10.0;+Win64;+x64)+AppleWebKit/537.36+(KHTML,+like+Gecko)+Chrome/78.0.3904.108+Safari/537.36 http://localhost:55018/Oppgave1.aspx 200 0 0 503
2019-12-10 08:34:19 ::1 POST /Oppgave1.aspx - 55018 - ::1 Mozilla/5.0+(Windows+NT+10.0;+Win64;+x64)+AppleWebKit/537.36+(KHTML,+like+Gecko)+Chrome/78.0.3904.108+Safari/537.36 http://localhost:55018/Oppgave1.aspx 200 0 0 10
2019-12-10 08:34:19 ::1 GET /Bilder/kvadratisk.jpg - 55018 - ::1 Mozilla/5.0+(Windows+NT+10.0;+Win64;+x64)+AppleWebKit/537.36+(KHTML,+like+Gecko)+Chrome/78.0.3904.108+Safari/537.36 http://localhost:55018/Oppgave1.aspx 304 0 0 6
2019-12-10 08:42:39 ::1 GET /Oppgave2.aspx - 55018 - ::1 Mozilla/5.0+(Windows+NT+10.0;+Win64;+x64)+AppleWebKit/537.36+(KHTML,+like+Gecko)+Chrome/78.0.3904.108+Safari/537.36 - 200 0 0 807
2019-12-10 08:42:42 ::1 POST /Oppgave2.aspx - 55018 - ::1 Mozilla/5.0+(Windows+NT+10.0;+Win64;+x64)+AppleWebKit/537.36+(KHTML,+like+Gecko)+Chrome/78.0.3904.108+Safari/537.36 http://localhost:55018/Oppgave2.aspx 200 0 0 7
2019-12-10 08:42:44 ::1 POST /Oppgave2.aspx - 55018 - ::1 Mozilla/5.0+(Windows+NT+10.0;+Win64;+x64)+AppleWebKit/537.36+(KHTML,+like+Gecko)+Chrome/78.0.3904.108+Safari/537.36 http://localhost:55018/Oppgave2.aspx 200 0 0 5
2019-12-10 08:42:47 ::1 POST /Oppgave2.aspx - 55018 - ::1 Mozilla/5.0+(Windows+NT+10.0;+Win64;+x64)+AppleWebKit/537.36+(KHTML,+like+Gecko)+Chrome/78.0.3904.108+Safari/537.36 http://localhost:55018/Oppgave2.aspx 200 0 0 7
2019-12-10 08:45:18 ::1 POST /Oppgave2.aspx - 55018 - ::1 Mozilla/5.0+(Windows+NT+10.0;+Win64;+x64)+AppleWebKit/537.36+(KHTML,+like+Gecko)+Chrome/78.0.3904.108+Safari/537.36 http://localhost:55018/Oppgave2.aspx 200 0 0 605
2019-12-10 08:45:32 ::1 POST /Oppgave2.aspx - 55018 - ::1 Mozilla/5.0+(Windows+NT+10.0;+Win64;+x64)+AppleWebKit/537.36+(KHTML,+like+Gecko)+Chrome/78.0.3904.108+Safari/537.36 http://localhost:55018/Oppgave2.aspx 200 0 0 578
2019-12-10 08:45:47 ::1 POST /Oppgave2.aspx - 55018 - ::1 Mozilla/5.0+(Windows+NT+10.0;+Win64;+x64)+AppleWebKit/537.36+(KHTML,+like+Gecko)+Chrome/78.0.3904.108+Safari/537.36 http://localhost:55018/Oppgave2.aspx 200 0 0 629
2019-12-10 08:48:13 ::1 POST /Oppgave2.aspx - 55018 - ::1 Mozilla/5.0+(Windows+NT+10.0;+Win64;+x64)+AppleWebKit/537.36+(KHTML,+like+Gecko)+Chrome/78.0.3904.108+Safari/537.36 http://localhost:55018/Oppgave2.aspx 200 0 0 607
2019-12-10 08:48:36 ::1 POST /Oppgave2.aspx - 55018 - ::1 Mozilla/5.0+(Windows+NT+10.0;+Win64;+x64)+AppleWebKit/537.36+(KHTML,+like+Gecko)+Chrome/78.0.3904.108+Safari/537.36 http://localhost:55018/Oppgave2.aspx 200 0 0 605
2019-12-10 08:57:43 ::1 POST /Oppgave2.aspx - 55018 - ::1 Mozilla/5.0+(Windows+NT+10.0;+Win64;+x64)+AppleWebKit/537.36+(KHTML,+like+Gecko)+Chrome/78.0.3904.108+Safari/537.36 http://localhost:55018/Oppgave2.aspx 200 0 0 638
2019-12-10 08:57:50 ::1 POST /Oppgave2.aspx - 55018 - ::1 Mozilla/5.0+(Windows+NT+10.0;+Win64;+x64)+AppleWebKit/537.36+(KHTML,+like+Gecko)+Chrome/78.0.3904.108+Safari/537.36 http://localhost:55018/Oppgave2.aspx 200 0 0 10
2019-12-10 08:58:00 ::1 POST /Oppgave2.aspx - 55018 - ::1 Mozilla/5.0+(Windows+NT+10.0;+Win64;+x64)+AppleWebKit/537.36+(KHTML,+like+Gecko)+Chrome/78.0.3904.108+Safari/537.36 http://localhost:55018/Oppgave2.aspx 200 0 0 12
2019-12-10 08:58:09 ::1 POST /Oppgave2.aspx - 55018 - ::1 Mozilla/5.0+(Windows+NT+10.0;+Win64;+x64)+AppleWebKit/537.36+(KHTML,+like+Gecko)+Chrome/78.0.3904.108+Safari/537.36 http://localhost:55018/Oppgave2.aspx 200 0 0 7
2019-12-10 08:59:54 ::1 POST /Oppgave2.aspx - 55018 - ::1 Mozilla/5.0+(Windows+NT+10.0;+Win64;+x64)+AppleWebKit/537.36+(KHTML,+like+Gecko)+Chrome/78.0.3904.108+Safari/537.36 http://localhost:55018/Oppgave2.aspx 200 0 0 1410
2019-12-10 09:01:47 ::1 POST /Oppgave2.aspx - 55018 - ::1 Mozilla/5.0+(Windows+NT+10.0;+Win64;+x64)+AppleWebKit/537.36+(KHTML,+like+Gecko)+Chrome/78.0.3904.108+Safari/537.36 http://localhost:55018/Oppgave2.aspx 200 0 0 610
2019-12-10 09:06:46 ::1 POST /Oppgave2.aspx - 55018 - ::1 Mozilla/5.0+(Windows+NT+10.0;+Win64;+x64)+AppleWebKit/537.36+(KHTML,+like+Gecko)+Chrome/78.0.3904.108+Safari/537.36 http://localhost:55018/Oppgave2.aspx 200 0 0 638
2019-12-10 09:06:53 ::1 POST /Oppgave2.aspx - 55018 - ::1 Mozilla/5.0+(Windows+NT+10.0;+Win64;+x64)+AppleWebKit/537.36+(KHTML,+like+Gecko)+Chrome/78.0.3904.108+Safari/537.36 http://localhost:55018/Oppgave2.aspx 200 0 0 13
2019-12-10 09:06:58 ::1 POST /Oppgave2.aspx - 55018 - ::1 Mozilla/5.0+(Windows+NT+10.0;+Win64;+x64)+AppleWebKit/537.36+(KHTML,+like+Gecko)+Chrome/78.0.3904.108+Safari/537.36 http://localhost:55018/Oppgave2.aspx 200 0 0 7
#Software: Microsoft Internet Information Services 10.0
#Version: 1.0
#Date: 2019-12-10 09:42:14
#Fields: date time s-ip cs-method cs-uri-stem cs-uri-query s-port cs-username c-ip cs(User-Agent) cs(Referer) sc-status sc-substatus sc-win32-status time-taken
2019-12-10 09:42:14 ::1 GET /Oppgave3.aspx - 55018 - ::1 Mozilla/5.0+(Windows+NT+10.0;+Win64;+x64)+AppleWebKit/537.36+(KHTML,+like+Gecko)+Chrome/78.0.3904.108+Safari/537.36 - 200 0 0 7561
2019-12-10 09:42:19 ::1 POST /Oppgave3.aspx - 55018 - ::1 Mozilla/5.0+(Windows+NT+10.0;+Win64;+x64)+AppleWebKit/537.36+(KHTML,+like+Gecko)+Chrome/78.0.3904.108+Safari/537.36 http://localhost:55018/Oppgave3.aspx 200 0 0 7
2019-12-10 09:42:28 ::1 POST /Oppgave3.aspx - 55018 - ::1 Mozilla/5.0+(Windows+NT+10.0;+Win64;+x64)+AppleWebKit/537.36+(KHTML,+like+Gecko)+Chrome/78.0.3904.108+Safari/537.36 http://localhost:55018/Oppgave3.aspx 200 0 0 629
2019-12-10 09:42:40 ::1 POST /Oppgave3.aspx - 55018 - ::1 Mozilla/5.0+(Windows+NT+10.0;+Win64;+x64)+AppleWebKit/537.36+(KHTML,+like+Gecko)+Chrome/78.0.3904.108+Safari/537.36 http://localhost:55018/Oppgave3.aspx 200 0 0 6
2019-12-10 09:42:48 ::1 POST /Oppgave3.aspx - 55018 - ::1 Mozilla/5.0+(Windows+NT+10.0;+Win64;+x64)+AppleWebKit/537.36+(KHTML,+like+Gecko)+Chrome/78.0.3904.108+Safari/537.36 http://localhost:55018/Oppgave3.aspx 200 0 0 5
2019-12-10 09:42:53 ::1 POST /Oppgave3.aspx - 55018 - ::1 Mozilla/5.0+(Windows+NT+10.0;+Win64;+x64)+AppleWebKit/537.36+(KHTML,+like+Gecko)+Chrome/78.0.3904.108+Safari/537.36 http://localhost:55018/Oppgave3.aspx 200 0 0 5
2019-12-10 09:43:44 ::1 POST /Oppgave3.aspx - 55018 - ::1 Mozilla/5.0+(Windows+NT+10.0;+Win64;+x64)+AppleWebKit/537.36+(KHTML,+like+Gecko)+Chrome/78.0.3904.108+Safari/537.36 http://localhost:55018/Oppgave3.aspx 200 0 0 558
2019-12-10 09:43:47 ::1 POST /Oppgave3.aspx - 55018 - ::1 Mozilla/5.0+(Windows+NT+10.0;+Win64;+x64)+AppleWebKit/537.36+(KHTML,+like+Gecko)+Chrome/78.0.3904.108+Safari/537.36 http://localhost:55018/Oppgave3.aspx 200 0 0 4
2019-12-10 09:43:59 ::1 POST /Oppgave3.aspx - 55018 - ::1 Mozilla/5.0+(Windows+NT+10.0;+Win64;+x64)+AppleWebKit/537.36+(KHTML,+like+Gecko)+Chrome/78.0.3904.108+Safari/537.36 http://localhost:55018/Oppgave3.aspx 200 0 0 6
2019-12-10 09:47:12 ::1 POST /Oppgave3.aspx - 55018 - ::1 Mozilla/5.0+(Windows+NT+10.0;+Win64;+x64)+AppleWebKit/537.36+(KHTML,+like+Gecko)+Chrome/78.0.3904.108+Safari/537.36 http://localhost:55018/Oppgave3.aspx 200 0 0 614
2019-12-10 09:47:30 ::1 POST /Oppgave3.aspx - 55018 - ::1 Mozilla/5.0+(Windows+NT+10.0;+Win64;+x64)+AppleWebKit/537.36+(KHTML,+like+Gecko)+Chrome/78.0.3904.108+Safari/537.36 http://localhost:55018/Oppgave3.aspx 200 0 0 578
2019-12-10 09:47:59 ::1 POST /Oppgave3.aspx - 55018 - ::1 Mozilla/5.0+(Windows+NT+10.0;+Win64;+x64)+AppleWebKit/537.36+(KHTML,+like+Gecko)+Chrome/78.0.3904.108+Safari/537.36 http://localhost:55018/Oppgave3.aspx 200 0 0 11
2019-12-10 09:56:07 ::1 POST /Oppgave3.aspx - 55018 - ::1 Mozilla/5.0+(Windows+NT+10.0;+Win64;+x64)+AppleWebKit/537.36+(KHTML,+like+Gecko)+Chrome/78.0.3904.108+Safari/537.36 http://localhost:55018/Oppgave3.aspx 200 0 0 649
2019-12-10 09:56:21 ::1 POST /Oppgave3.aspx - 55018 - ::1 Mozilla/5.0+(Windows+NT+10.0;+Win64;+x64)+AppleWebKit/537.36+(KHTML,+like+Gecko)+Chrome/78.0.3904.108+Safari/537.36 http://localhost:55018/Oppgave3.aspx 200 0 0 597
2019-12-10 09:56:49 ::1 POST /Oppgave3.aspx - 55018 - ::1 Mozilla/5.0+(Windows+NT+10.0;+Win64;+x64)+AppleWebKit/537.36+(KHTML,+like+Gecko)+Chrome/78.0.3904.108+Safari/537.36 http://localhost:55018/Oppgave3.aspx 200 0 0 568
2019-12-10 09:56:54 ::1 POST /Oppgave3.aspx - 55018 - ::1 Mozilla/5.0+(Windows+NT+10.0;+Win64;+x64)+AppleWebKit/537.36+(KHTML,+like+Gecko)+Chrome/78.0.3904.108+Safari/537.36 http://localhost:55018/Oppgave3.aspx 200 0 0 555
2019-12-10 09:56:56 ::1 POST /Oppgave3.aspx - 55018 - ::1 Mozilla/5.0+(Windows+NT+10.0;+Win64;+x64)+AppleWebKit/537.36+(KHTML,+like+Gecko)+Chrome/78.0.3904.108+Safari/537.36 http://localhost:55018/Oppgave3.aspx 200 0 0 4
2019-12-10 09:57:02 ::1 POST /Oppgave3.aspx - 55018 - ::1 Mozilla/5.0+(Windows+NT+10.0;+Win64;+x64)+AppleWebKit/537.36+(KHTML,+like+Gecko)+Chrome/78.0.3904.108+Safari/537.36 http://localhost:55018/Oppgave3.aspx 200 0 0 5
2019-12-10 09:57:14 ::1 POST /Oppgave3.aspx - 55018 - ::1 Mozilla/5.0+(Windows+NT+10.0;+Win64;+x64)+AppleWebKit/537.36+(KHTML,+like+Gecko)+Chrome/78.0.3904.108+Safari/537.36 http://localhost:55018/Oppgave3.aspx 200 0 0 558
2019-12-10 09:57:20 ::1 POST /Oppgave3.aspx - 55018 - ::1 Mozilla/5.0+(Windows+NT+10.0;+Win64;+x64)+AppleWebKit/537.36+(KHTML,+like+Gecko)+Chrome/78.0.3904.108+Safari/537.36 http://localhost:55018/Oppgave3.aspx 200 0 0 548
2019-12-10 09:57:34 ::1 POST /Oppgave3.aspx - 55018 - ::1 Mozilla/5.0+(Windows+NT+10.0;+Win64;+x64)+AppleWebKit/537.36+(KHTML,+like+Gecko)+Chrome/78.0.3904.108+Safari/537.36 http://localhost:55018/Oppgave3.aspx 200 0 0 561
2019-12-10 09:58:42 ::1 POST /Oppgave3.aspx - 55018 - ::1 Mozilla/5.0+(Windows+NT+10.0;+Win64;+x64)+AppleWebKit/537.36+(KHTML,+like+Gecko)+Chrome/78.0.3904.108+Safari/537.36 http://localhost:55018/Oppgave3.aspx 200 0 0 1085
2019-12-10 10:00:55 ::1 POST /Oppgave3.aspx - 55018 - ::1 Mozilla/5.0+(Windows+NT+10.0;+Win64;+x64)+AppleWebKit/537.36+(KHTML,+like+Gecko)+Chrome/78.0.3904.108+Safari/537.36 http://localhost:55018/Oppgave3.aspx 200 0 0 1068
2019-12-10 10:00:57 ::1 POST /Oppgave3.aspx - 55018 - ::1 Mozilla/5.0+(Windows+NT+10.0;+Win64;+x64)+AppleWebKit/537.36+(KHTML,+like+Gecko)+Chrome/78.0.3904.108+Safari/537.36 http://localhost:55018/Oppgave3.aspx 200 0 0 8
2019-12-10 10:00:57 ::1 GET /~Bilder/granbo.jpg - 55018 - ::1 Mozilla/5.0+(Windows+NT+10.0;+Win64;+x64)+AppleWebKit/537.36+(KHTML,+like+Gecko)+Chrome/78.0.3904.108+Safari/537.36 http://localhost:55018/Oppgave3.aspx 404 0 2 9
2019-12-10 10:01:16 ::1 POST /Oppgave3.aspx - 55018 - ::1 Mozilla/5.0+(Windows+NT+10.0;+Win64;+x64)+AppleWebKit/537.36+(KHTML,+like+Gecko)+Chrome/78.0.3904.108+Safari/537.36 http://localhost:55018/Oppgave3.aspx 200 0 0 586
2019-12-10 10:01:16 ::1 GET /Bilder/granbo.jpg - 55018 - ::1 Mozilla/5.0+(Windows+NT+10.0;+Win64;+x64)+AppleWebKit/537.36+(KHTML,+like+Gecko)+Chrome/78.0.3904.108+Safari/537.36 http://localhost:55018/Oppgave3.aspx 200 0 0 9
2019-12-10 10:01:24 ::1 POST /Oppgave3.aspx - 55018 - ::1 Mozilla/5.0+(Windows+NT+10.0;+Win64;+x64)+AppleWebKit/537.36+(KHTML,+like+Gecko)+Chrome/78.0.3904.108+Safari/537.36 http://localhost:55018/Oppgave3.aspx 200 0 0 10
2019-12-10 10:01:24 ::1 GET /Bilder/granhaug.jpg - 55018 - ::1 Mozilla/5.0+(Windows+NT+10.0;+Win64;+x64)+AppleWebKit/537.36+(KHTML,+like+Gecko)+Chrome/78.0.3904.108+Safari/537.36 http://localhost:55018/Oppgave3.aspx 200 0 0 5
2019-12-10 10:01:35 ::1 POST /Oppgave3.aspx - 55018 - ::1 Mozilla/5.0+(Windows+NT+10.0;+Win64;+x64)+AppleWebKit/537.36+(KHTML,+like+Gecko)+Chrome/78.0.3904.108+Safari/537.36 http://localhost:55018/Oppgave3.aspx 200 0 0 564
2019-12-10 10:01:35 ::1 GET /Bilder/granbo.jpgBilder/granbo.jpgBilder/grantoppen.jpgBilder/granhaug.jpg - 55018 - ::1 Mozilla/5.0+(Windows+NT+10.0;+Win64;+x64)+AppleWebKit/537.36+(KHTML,+like+Gecko)+Chrome/78.0.3904.108+Safari/537.36 http://localhost:55018/Oppgave3.aspx 404 0 2 2
2019-12-10 10:08:30 ::1 POST /Oppgave3.aspx - 55018 - ::1 Mozilla/5.0+(Windows+NT+10.0;+Win64;+x64)+AppleWebKit/537.36+(KHTML,+like+Gecko)+Chrome/78.0.3904.108+Safari/537.36 http://localhost:55018/Oppgave3.aspx 200 0 0 645
2019-12-10 10:08:34 ::1 POST /Oppgave3.aspx - 55018 - ::1 Mozilla/5.0+(Windows+NT+10.0;+Win64;+x64)+AppleWebKit/537.36+(KHTML,+like+Gecko)+Chrome/78.0.3904.108+Safari/537.36 http://localhost:55018/Oppgave3.aspx 500 0 0 76
2019-12-10 10:13:13 ::1 GET /Oppgave3.aspx - 55018 - ::1 Mozilla/5.0+(Windows+NT+10.0;+Win64;+x64)+AppleWebKit/537.36+(KHTML,+like+Gecko)+Chrome/78.0.3904.108+Safari/537.36 - 200 0 0 613
2019-12-10 10:13:16 ::1 POST /Oppgave3.aspx - 55018 - ::1 Mozilla/5.0+(Windows+NT+10.0;+Win64;+x64)+AppleWebKit/537.36+(KHTML,+like+Gecko)+Chrome/78.0.3904.108+Safari/537.36 http://localhost:55018/Oppgave3.aspx 200 0 0 17
2019-12-10 10:14:51 ::1 POST /Oppgave3.aspx - 55018 - ::1 Mozilla/5.0+(Windows+NT+10.0;+Win64;+x64)+AppleWebKit/537.36+(KHTML,+like+Gecko)+Chrome/78.0.3904.108+Safari/537.36 http://localhost:55018/Oppgave3.aspx 200 0 0 599
2019-12-10 10:15:15 ::1 GET /Oppgave3.aspx - 55018 - ::1 Mozilla/5.0+(Windows+NT+10.0;+Win64;+x64)+AppleWebKit/537.36+(KHTML,+like+Gecko)+Chrome/78.0.3904.108+Safari/537.36 - 200 0 0 8
2019-12-10 10:15:18 ::1 POST /Oppgave3.aspx - 55018 - ::1 Mozilla/5.0+(Windows+NT+10.0;+Win64;+x64)+AppleWebKit/537.36+(KHTML,+like+Gecko)+Chrome/78.0.3904.108+Safari/537.36 http://localhost:55018/Oppgave3.aspx 200 0 0 5
2019-12-10 10:15:20 ::1 POST /Oppgave3.aspx - 55018 - ::1 Mozilla/5.0+(Windows+NT+10.0;+Win64;+x64)+AppleWebKit/537.36+(KHTML,+like+Gecko)+Chrome/78.0.3904.108+Safari/537.36 http://localhost:55018/Oppgave3.aspx 200 0 0 11
2019-12-10 10:17:27 ::1 POST /Oppgave3.aspx - 55018 - ::1 Mozilla/5.0+(Windows+NT+10.0;+Win64;+x64)+AppleWebKit/537.36+(KHTML,+like+Gecko)+Chrome/78.0.3904.108+Safari/537.36 http://localhost:55018/Oppgave3.aspx 200 0 0 621
2019-12-10 10:17:27 ::1 GET /Bilder/granstua.jpg - 55018 - ::1 Mozilla/5.0+(Windows+NT+10.0;+Win64;+x64)+AppleWebKit/537.36+(KHTML,+like+Gecko)+Chrome/78.0.3904.108+Safari/537.36 http://localhost:55018/Oppgave3.aspx 200 0 0 14
2019-12-10 10:17:27 ::1 GET /Bilder/granhaug.jpg - 55018 - ::1 Mozilla/5.0+(Windows+NT+10.0;+Win64;+x64)+AppleWebKit/537.36+(KHTML,+like+Gecko)+Chrome/78.0.3904.108+Safari/537.36 http://localhost:55018/Oppgave3.aspx 304 0 0 13
2019-12-10 10:17:27 ::1 GET /Bilder/granbo.jpg - 55018 - ::1 Mozilla/5.0+(Windows+NT+10.0;+Win64;+x64)+AppleWebKit/537.36+(KHTML,+like+Gecko)+Chrome/78.0.3904.108+Safari/537.36 http://localhost:55018/Oppgave3.aspx 304 0 0 38
2019-12-10 10:17:27 ::1 GET /Bilder/grantoppen.jpg - 55018 - ::1 Mozilla/5.0+(Windows+NT+10.0;+Win64;+x64)+AppleWebKit/537.36+(KHTML,+like+Gecko)+Chrome/78.0.3904.108+Safari/537.36 http://localhost:55018/Oppgave3.aspx 200 0 0 39
2019-12-10 10:17:37 ::1 POST /Oppgave3.aspx - 55018 - ::1 Mozilla/5.0+(Windows+NT+10.0;+Win64;+x64)+AppleWebKit/537.36+(KHTML,+like+Gecko)+Chrome/78.0.3904.108+Safari/537.36 http://localhost:55018/Oppgave3.aspx 200 0 0 7
2019-12-10 10:17:41 ::1 POST /Oppgave3.aspx - 55018 - ::1 Mozilla/5.0+(Windows+NT+10.0;+Win64;+x64)+AppleWebKit/537.36+(KHTML,+like+Gecko)+Chrome/78.0.3904.108+Safari/537.36 http://localhost:55018/Oppgave3.aspx 200 0 0 10
2019-12-10 10:18:30 ::1 POST /Oppgave3.aspx - 55018 - ::1 Mozilla/5.0+(Windows+NT+10.0;+Win64;+x64)+AppleWebKit/537.36+(KHTML,+like+Gecko)+Chrome/78.0.3904.108+Safari/537.36 http://localhost:55018/Oppgave3.aspx 200 0 0 578
2019-12-10 10:19:36 ::1 POST /Oppgave3.aspx - 55018 - ::1 Mozilla/5.0+(Windows+NT+10.0;+Win64;+x64)+AppleWebKit/537.36+(KHTML,+like+Gecko)+Chrome/78.0.3904.108+Safari/537.36 http://localhost:55018/Oppgave3.aspx 200 0 0 579
2019-12-10 10:20:02 ::1 POST /Oppgave3.aspx - 55018 - ::1 Mozilla/5.0+(Windows+NT+10.0;+Win64;+x64)+AppleWebKit/537.36+(KHTML,+like+Gecko)+Chrome/78.0.3904.108+Safari/537.36 http://localhost:55018/Oppgave3.aspx 200 0 0 5
2019-12-10 10:20:04 ::1 POST /Oppgave3.aspx - 55018 - ::1 Mozilla/5.0+(Windows+NT+10.0;+Win64;+x64)+AppleWebKit/537.36+(KHTML,+like+Gecko)+Chrome/78.0.3904.108+Safari/537.36 http://localhost:55018/Oppgave3.aspx 200 0 0 4
2019-12-10 10:20:07 ::1 POST /Oppgave3.aspx - 55018 - ::1 Mozilla/5.0+(Windows+NT+10.0;+Win64;+x64)+AppleWebKit/537.36+(KHTML,+like+Gecko)+Chrome/78.0.3904.108+Safari/537.36 http://localhost:55018/Oppgave3.aspx 200 0 0 5
2019-12-10 10:20:38 ::1 POST /Oppgave3.aspx - 55018 - ::1 Mozilla/5.0+(Windows+NT+10.0;+Win64;+x64)+AppleWebKit/537.36+(KHTML,+like+Gecko)+Chrome/78.0.3904.108+Safari/537.36 http://localhost:55018/Oppgave3.aspx 200 0 0 574
2019-12-10 10:22:32 ::1 POST /Oppgave3.aspx - 55018 - ::1 Mozilla/5.0+(Windows+NT+10.0;+Win64;+x64)+AppleWebKit/537.36+(KHTML,+like+Gecko)+Chrome/78.0.3904.108+Safari/537.36 http://localhost:55018/Oppgave3.aspx 200 0 0 593
2019-12-10 10:22:41 ::1 POST /Oppgave3.aspx - 55018 - ::1 Mozilla/5.0+(Windows+NT+10.0;+Win64;+x64)+AppleWebKit/537.36+(KHTML,+like+Gecko)+Chrome/78.0.3904.108+Safari/537.36 http://localhost:55018/Oppgave3.aspx 200 0 0 9
2019-12-10 10:22:44 ::1 POST /Oppgave3.aspx - 55018 - ::1 Mozilla/5.0+(Windows+NT+10.0;+Win64;+x64)+AppleWebKit/537.36+(KHTML,+like+Gecko)+Chrome/78.0.3904.108+Safari/537.36 http://localhost:55018/Oppgave3.aspx 200 0 0 4
2019-12-10 10:34:30 ::1 GET /Oppgave3utvidet.aspx - 55018 - ::1 Mozilla/5.0+(Windows+NT+10.0;+Win64;+x64)+AppleWebKit/537.36+(KHTML,+like+Gecko)+Chrome/78.0.3904.108+Safari/537.36 - 500 0 0 637
2019-12-10 10:34:37 ::1 GET /Oppgave3utvidet.aspx - 55018 - ::1 Mozilla/5.0+(Windows+NT+10.0;+Win64;+x64)+AppleWebKit/537.36+(KHTML,+like+Gecko)+Chrome/78.0.3904.108+Safari/537.36 - 500 0 0 508
2019-12-10 10:34:50 ::1 GET /Oppgave3utvidet.aspx - 55018 - ::1 Mozilla/5.0+(Windows+NT+10.0;+Win64;+x64)+AppleWebKit/537.36+(KHTML,+like+Gecko)+Chrome/78.0.3904.108+Safari/537.36 - 200 0 0 538
2019-12-10 10:34:50 ::1 GET /Bilder/granbo.jpg - 55018 - ::1 Mozilla/5.0+(Windows+NT+10.0;+Win64;+x64)+AppleWebKit/537.36+(KHTML,+like+Gecko)+Chrome/78.0.3904.108+Safari/537.36 http://localhost:55018/Oppgave3utvidet.aspx 304 0 0 30
2019-12-10 10:34:50 ::1 GET /Bilder/granhaug.jpg - 55018 - ::1 Mozilla/5.0+(Windows+NT+10.0;+Win64;+x64)+AppleWebKit/537.36+(KHTML,+like+Gecko)+Chrome/78.0.3904.108+Safari/537.36 http://localhost:55018/Oppgave3utvidet.aspx 304 0 0 27
2019-12-10 10:34:50 ::1 GET /Bilder/granstua.jpg - 55018 - ::1 Mozilla/5.0+(Windows+NT+10.0;+Win64;+x64)+AppleWebKit/537.36+(KHTML,+like+Gecko)+Chrome/78.0.3904.108+Safari/537.36 http://localhost:55018/Oppgave3utvidet.aspx 304 0 0 33
2019-12-10 10:34:50 ::1 GET /Bilder/grantoppen.jpg - 55018 - ::1 Mozilla/5.0+(Windows+NT+10.0;+Win64;+x64)+AppleWebKit/537.36+(KHTML,+like+Gecko)+Chrome/78.0.3904.108+Safari/537.36 http://localhost:55018/Oppgave3utvidet.aspx 304 0 0 38
2019-12-10 10:35:23 ::1 GET /Oppgave3utvidet.aspx - 55018 - ::1 Mozilla/5.0+(Windows+NT+10.0;+Win64;+x64)+AppleWebKit/537.36+(KHTML,+like+Gecko)+Chrome/78.0.3904.108+Safari/537.36 - 200 0 0 522
2019-12-10 10:35:28 ::1 POST /Oppgave3utvidet.aspx - 55018 - ::1 Mozilla/5.0+(Windows+NT+10.0;+Win64;+x64)+AppleWebKit/537.36+(KHTML,+like+Gecko)+Chrome/78.0.3904.108+Safari/537.36 http://localhost:55018/Oppgave3utvidet.aspx 200 0 0 7
2019-12-10 10:36:54 ::1 POST /Oppgave3utvidet.aspx - 55018 - ::1 Mozilla/5.0+(Windows+NT+10.0;+Win64;+x64)+AppleWebKit/537.36+(KHTML,+like+Gecko)+Chrome/78.0.3904.108+Safari/537.36 http://localhost:55018/Oppgave3utvidet.aspx 500 0 0 496
2019-12-10 10:37:50 ::1 POST /Oppgave3utvidet.aspx - 55018 - ::1 Mozilla/5.0+(Windows+NT+10.0;+Win64;+x64)+AppleWebKit/537.36+(KHTML,+like+Gecko)+Chrome/78.0.3904.108+Safari/537.36 http://localhost:55018/Oppgave3utvidet.aspx 200 0 0 549
2019-12-10 10:37:54 ::1 POST /Oppgave3utvidet.aspx - 55018 - ::1 Mozilla/5.0+(Windows+NT+10.0;+Win64;+x64)+AppleWebKit/537.36+(KHTML,+like+Gecko)+Chrome/78.0.3904.108+Safari/537.36 http://localhost:55018/Oppgave3utvidet.aspx 200 0 0 6
2019-12-10 10:44:40 ::1 GET /Oppgave3.aspx - 55018 - ::1 Mozilla/5.0+(Windows+NT+10.0;+Win64;+x64)+AppleWebKit/537.36+(KHTML,+like+Gecko)+Chrome/78.0.3904.108+Safari/537.36 - 200 0 0 8
2019-12-10 10:44:40 ::1 GET /Bilder/granstua.jpg - 55018 - ::1 Mozilla/5.0+(Windows+NT+10.0;+Win64;+x64)+AppleWebKit/537.36+(KHTML,+like+Gecko)+Chrome/78.0.3904.108+Safari/537.36 http://localhost:55018/Oppgave3.aspx 304 0 0 33
2019-12-10 10:45:19 ::1 GET /Oppgave3.aspx - 55018 - ::1 Mozilla/5.0+(Windows+NT+10.0;+Win64;+x64)+AppleWebKit/537.36+(KHTML,+like+Gecko)+Chrome/78.0.3904.108+Safari/537.36 - 200 0 0 1366
2019-12-10 10:45:23 ::1 GET /Oppgave3utvidet.aspx - 55018 - ::1 Mozilla/5.0+(Windows+NT+10.0;+Win64;+x64)+AppleWebKit/537.36+(KHTML,+like+Gecko)+Chrome/78.0.3904.108+Safari/537.36 - 200 0 0 27
2019-12-10 10:45:27 ::1 POST /Oppgave3utvidet.aspx - 55018 - ::1 Mozilla/5.0+(Windows+NT+10.0;+Win64;+x64)+AppleWebKit/537.36+(KHTML,+like+Gecko)+Chrome/78.0.3904.108+Safari/537.36 http://localhost:55018/Oppgave3utvidet.aspx 200 0 0 5
2019-12-10 10:45:31 ::1 POST /Oppgave3utvidet.aspx - 55018 - ::1 Mozilla/5.0+(Windows+NT+10.0;+Win64;+x64)+AppleWebKit/537.36+(KHTML,+like+Gecko)+Chrome/78.0.3904.108+Safari/537.36 http://localhost:55018/Oppgave3utvidet.aspx 200 0 0 11
2019-12-10 10:45:57 ::1 POST /Oppgave3utvidet.aspx - 55018 - ::1 Mozilla/5.0+(Windows+NT+10.0;+Win64;+x64)+AppleWebKit/537.36+(KHTML,+like+Gecko)+Chrome/78.0.3904.108+Safari/537.36 http://localhost:55018/Oppgave3utvidet.aspx 200 0 0 641
2019-12-10 10:46:22 ::1 POST /Oppgave3utvidet.aspx - 55018 - ::1 Mozilla/5.0+(Windows+NT+10.0;+Win64;+x64)+AppleWebKit/537.36+(KHTML,+like+Gecko)+Chrome/78.0.3904.108+Safari/537.36 http://localhost:55018/Oppgave3utvidet.aspx 200 0 0 688
2019-12-10 10:47:17 ::1 POST /Oppgave3.aspx - 55018 - ::1 Mozilla/5.0+(Windows+NT+10.0;+Win64;+x64)+AppleWebKit/537.36+(KHTML,+like+Gecko)+Chrome/78.0.3904.108+Safari/537.36 http://localhost:55018/Oppgave3.aspx 200 0 0 27
2019-12-10 10:47:20 ::1 POST /Oppgave3.aspx - 55018 - ::1 Mozilla/5.0+(Windows+NT+10.0;+Win64;+x64)+AppleWebKit/537.36+(KHTML,+like+Gecko)+Chrome/78.0.3904.108+Safari/537.36 http://localhost:55018/Oppgave3.aspx 200 0 0 8
2019-12-10 10:47:20 ::1 GET /Bilder/granbo.jpg - 55018 - ::1 Mozilla/5.0+(Windows+NT+10.0;+Win64;+x64)+AppleWebKit/537.36+(KHTML,+like+Gecko)+Chrome/78.0.3904.108+Safari/537.36 http://localhost:55018/Oppgave3.aspx 304 0 0 22
2019-12-10 10:47:20 ::1 GET /Bilder/granhaug.jpg - 55018 - ::1 Mozilla/5.0+(Windows+NT+10.0;+Win64;+x64)+AppleWebKit/537.36+(KHTML,+like+Gecko)+Chrome/78.0.3904.108+Safari/537.36 http://localhost:55018/Oppgave3.aspx 304 0 0 22
2019-12-10 10:47:20 ::1 GET /Bilder/grantoppen.jpg - 55018 - ::1 Mozilla/5.0+(Windows+NT+10.0;+Win64;+x64)+AppleWebKit/537.36+(KHTML,+like+Gecko)+Chrome/78.0.3904.108+Safari/537.36 http://localhost:55018/Oppgave3.aspx 304 0 0 22
#Software: Microsoft Internet Information Services 10.0
#Version: 1.0
#Date: 2019-12-10 11:57:19
#Fields: date time s-ip cs-method cs-uri-stem cs-uri-query s-port cs-username c-ip cs(User-Agent) cs(Referer) sc-status sc-substatus sc-win32-status time-taken
2019-12-10 11:57:19 ::1 GET /Oppgave3utvidet.aspx - 55018 - ::1 Mozilla/5.0+(Windows+NT+10.0;+Win64;+x64)+AppleWebKit/537.36+(KHTML,+like+Gecko)+Chrome/78.0.3904.108+Safari/537.36 - 200 0 0 631
2019-12-10 11:57:23 ::1 POST /Oppgave3utvidet.aspx - 55018 - ::1 Mozilla/5.0+(Windows+NT+10.0;+Win64;+x64)+AppleWebKit/537.36+(KHTML,+like+Gecko)+Chrome/78.0.3904.108+Safari/537.36 http://localhost:55018/Oppgave3utvidet.aspx 200 0 0 8
