#Software: Microsoft Internet Information Services 10.0
#Version: 1.0
#Date: 2019-12-10 10:51:35
#Fields: date time s-ip cs-method cs-uri-stem cs-uri-query s-port cs-username c-ip cs(User-Agent) cs(Referer) sc-status sc-substatus sc-win32-status time-taken
2019-12-10 10:51:35 ::1 GET /Oppgave1.aspx - 51010 - ::1 Mozilla/5.0+(Windows+NT+10.0;+Win64;+x64)+AppleWebKit/537.36+(KHTML,+like+Gecko)+Chrome/78.0.3904.108+Safari/537.36 - 200 0 0 13333
2019-12-10 10:51:35 ::1 GET /favicon.ico - 51010 - ::1 Mozilla/5.0+(Windows+NT+10.0;+Win64;+x64)+AppleWebKit/537.36+(KHTML,+like+Gecko)+Chrome/78.0.3904.108+Safari/537.36 http://localhost:51010/Oppgave1.aspx 404 0 2 8
2019-12-10 10:52:25 ::1 GET /Oppgave1.aspx - 51010 - ::1 Mozilla/5.0+(Windows+NT+10.0;+Win64;+x64)+AppleWebKit/537.36+(KHTML,+like+Gecko)+Chrome/78.0.3904.108+Safari/537.36 - 200 0 0 708
2019-12-10 10:52:35 ::1 GET /Oppgave1.aspx - 51010 - ::1 Mozilla/5.0+(Windows+NT+10.0;+Win64;+x64)+AppleWebKit/537.36+(KHTML,+like+Gecko)+Chrome/78.0.3904.108+Safari/537.36 - 200 0 0 829
2019-12-10 10:52:55 ::1 GET /Oppgave1.aspx - 51010 - ::1 Mozilla/5.0+(Windows+NT+10.0;+Win64;+x64)+AppleWebKit/537.36+(KHTML,+like+Gecko)+Chrome/78.0.3904.108+Safari/537.36 - 200 0 0 721
2019-12-10 10:53:11 ::1 GET /Oppgave1.aspx - 51010 - ::1 Mozilla/5.0+(Windows+NT+10.0;+Win64;+x64)+AppleWebKit/537.36+(KHTML,+like+Gecko)+Chrome/78.0.3904.108+Safari/537.36 - 200 0 0 770
2019-12-10 10:54:51 ::1 GET /Oppgave1.aspx - 51010 - ::1 Mozilla/5.0+(Windows+NT+10.0;+Win64;+x64)+AppleWebKit/537.36+(KHTML,+like+Gecko)+Chrome/78.0.3904.108+Safari/537.36 - 200 0 0 806
2019-12-10 10:55:12 ::1 GET /Oppgave1.aspx - 51010 - ::1 Mozilla/5.0+(Windows+NT+10.0;+Win64;+x64)+AppleWebKit/537.36+(KHTML,+like+Gecko)+Chrome/78.0.3904.108+Safari/537.36 - 200 0 0 852
2019-12-10 10:55:33 ::1 GET /Oppgave1.aspx - 51010 - ::1 Mozilla/5.0+(Windows+NT+10.0;+Win64;+x64)+AppleWebKit/537.36+(KHTML,+like+Gecko)+Chrome/78.0.3904.108+Safari/537.36 - 200 0 0 609
2019-12-10 10:55:49 ::1 GET /Oppgave1.aspx - 51010 - ::1 Mozilla/5.0+(Windows+NT+10.0;+Win64;+x64)+AppleWebKit/537.36+(KHTML,+like+Gecko)+Chrome/78.0.3904.108+Safari/537.36 - 200 0 0 921
2019-12-10 10:56:07 ::1 GET /Oppgave1.aspx - 51010 - ::1 Mozilla/5.0+(Windows+NT+10.0;+Win64;+x64)+AppleWebKit/537.36+(KHTML,+like+Gecko)+Chrome/78.0.3904.108+Safari/537.36 - 200 0 0 735
2019-12-10 10:56:26 ::1 GET /Oppgave1.aspx - 51010 - ::1 Mozilla/5.0+(Windows+NT+10.0;+Win64;+x64)+AppleWebKit/537.36+(KHTML,+like+Gecko)+Chrome/78.0.3904.108+Safari/537.36 - 200 0 0 825
2019-12-10 10:56:36 ::1 GET /Oppgave1.aspx - 51010 - ::1 Mozilla/5.0+(Windows+NT+10.0;+Win64;+x64)+AppleWebKit/537.36+(KHTML,+like+Gecko)+Chrome/78.0.3904.108+Safari/537.36 - 200 0 0 755
2019-12-10 10:57:09 ::1 GET /Oppgave1.aspx - 51010 - ::1 Mozilla/5.0+(Windows+NT+10.0;+Win64;+x64)+AppleWebKit/537.36+(KHTML,+like+Gecko)+Chrome/78.0.3904.108+Safari/537.36 - 200 0 0 664
2019-12-10 10:57:19 ::1 GET /Oppgave1.aspx - 51010 - ::1 Mozilla/5.0+(Windows+NT+10.0;+Win64;+x64)+AppleWebKit/537.36+(KHTML,+like+Gecko)+Chrome/78.0.3904.108+Safari/537.36 - 200 0 0 752
2019-12-10 10:58:09 ::1 GET /Oppgave1.aspx - 51010 - ::1 Mozilla/5.0+(Windows+NT+10.0;+Win64;+x64)+AppleWebKit/537.36+(KHTML,+like+Gecko)+Chrome/78.0.3904.108+Safari/537.36 - 200 0 0 764
2019-12-10 10:58:18 ::1 GET /Oppgave1.aspx - 51010 - ::1 Mozilla/5.0+(Windows+NT+10.0;+Win64;+x64)+AppleWebKit/537.36+(KHTML,+like+Gecko)+Chrome/78.0.3904.108+Safari/537.36 - 200 0 0 1531
2019-12-10 10:58:36 ::1 GET /Oppgave1.aspx - 51010 - ::1 Mozilla/5.0+(Windows+NT+10.0;+Win64;+x64)+AppleWebKit/537.36+(KHTML,+like+Gecko)+Chrome/78.0.3904.108+Safari/537.36 - 200 0 0 756
2019-12-10 10:58:40 ::1 GET /Oppgave1.aspx - 51010 - ::1 Mozilla/5.0+(Windows+NT+10.0;+Win64;+x64)+AppleWebKit/537.36+(KHTML,+like+Gecko)+Chrome/78.0.3904.108+Safari/537.36 - 200 0 0 742
2019-12-10 10:58:57 ::1 GET /Oppgave1.aspx - 51010 - ::1 Mozilla/5.0+(Windows+NT+10.0;+Win64;+x64)+AppleWebKit/537.36+(KHTML,+like+Gecko)+Chrome/78.0.3904.108+Safari/537.36 - 200 0 0 704
2019-12-10 10:59:17 ::1 GET /Oppgave1.aspx - 51010 - ::1 Mozilla/5.0+(Windows+NT+10.0;+Win64;+x64)+AppleWebKit/537.36+(KHTML,+like+Gecko)+Chrome/78.0.3904.108+Safari/537.36 - 200 0 0 877
2019-12-10 10:59:27 ::1 GET /Oppgave1.aspx - 51010 - ::1 Mozilla/5.0+(Windows+NT+10.0;+Win64;+x64)+AppleWebKit/537.36+(KHTML,+like+Gecko)+Chrome/78.0.3904.108+Safari/537.36 - 200 0 0 777
2019-12-10 10:59:31 ::1 GET /Oppgave1.aspx - 51010 - ::1 Mozilla/5.0+(Windows+NT+10.0;+Win64;+x64)+AppleWebKit/537.36+(KHTML,+like+Gecko)+Chrome/78.0.3904.108+Safari/537.36 - 200 0 0 748
2019-12-10 11:00:09 ::1 GET /Oppgave1.aspx - 51010 - ::1 Mozilla/5.0+(Windows+NT+10.0;+Win64;+x64)+AppleWebKit/537.36+(KHTML,+like+Gecko)+Chrome/78.0.3904.108+Safari/537.36 - 200 0 0 817
2019-12-10 11:00:22 ::1 GET /Oppgave1.aspx - 51010 - ::1 Mozilla/5.0+(Windows+NT+10.0;+Win64;+x64)+AppleWebKit/537.36+(KHTML,+like+Gecko)+Chrome/78.0.3904.108+Safari/537.36 - 200 0 0 755
2019-12-10 11:00:33 ::1 GET /Oppgave1.aspx - 51010 - ::1 Mozilla/5.0+(Windows+NT+10.0;+Win64;+x64)+AppleWebKit/537.36+(KHTML,+like+Gecko)+Chrome/78.0.3904.108+Safari/537.36 - 200 0 0 796
2019-12-10 11:00:50 ::1 GET /Oppgave1.aspx - 51010 - ::1 Mozilla/5.0+(Windows+NT+10.0;+Win64;+x64)+AppleWebKit/537.36+(KHTML,+like+Gecko)+Chrome/78.0.3904.108+Safari/537.36 - 200 0 0 740
2019-12-10 11:00:54 ::1 GET /Oppgave1.aspx - 51010 - ::1 Mozilla/5.0+(Windows+NT+10.0;+Win64;+x64)+AppleWebKit/537.36+(KHTML,+like+Gecko)+Chrome/78.0.3904.108+Safari/537.36 - 200 0 0 723
2019-12-10 11:01:18 ::1 GET /Oppgave1.aspx - 51010 - ::1 Mozilla/5.0+(Windows+NT+10.0;+Win64;+x64)+AppleWebKit/537.36+(KHTML,+like+Gecko)+Chrome/78.0.3904.108+Safari/537.36 - 200 0 0 787
2019-12-10 11:01:28 ::1 GET /Oppgave1.aspx - 51010 - ::1 Mozilla/5.0+(Windows+NT+10.0;+Win64;+x64)+AppleWebKit/537.36+(KHTML,+like+Gecko)+Chrome/78.0.3904.108+Safari/537.36 - 200 0 0 858
2019-12-10 11:01:37 ::1 GET /Oppgave1.aspx - 51010 - ::1 Mozilla/5.0+(Windows+NT+10.0;+Win64;+x64)+AppleWebKit/537.36+(KHTML,+like+Gecko)+Chrome/78.0.3904.108+Safari/537.36 - 200 0 0 821
2019-12-10 11:01:44 ::1 GET /Oppgave1.aspx - 51010 - ::1 Mozilla/5.0+(Windows+NT+10.0;+Win64;+x64)+AppleWebKit/537.36+(KHTML,+like+Gecko)+Chrome/78.0.3904.108+Safari/537.36 - 200 0 0 1266
2019-12-10 11:02:00 ::1 GET /Oppgave1.aspx - 51010 - ::1 Mozilla/5.0+(Windows+NT+10.0;+Win64;+x64)+AppleWebKit/537.36+(KHTML,+like+Gecko)+Chrome/78.0.3904.108+Safari/537.36 - 200 0 0 755
2019-12-10 11:02:17 ::1 GET /Oppgave1.aspx - 51010 - ::1 Mozilla/5.0+(Windows+NT+10.0;+Win64;+x64)+AppleWebKit/537.36+(KHTML,+like+Gecko)+Chrome/78.0.3904.108+Safari/537.36 - 200 0 0 829
2019-12-10 11:02:33 ::1 GET /Oppgave1.aspx - 51010 - ::1 Mozilla/5.0+(Windows+NT+10.0;+Win64;+x64)+AppleWebKit/537.36+(KHTML,+like+Gecko)+Chrome/78.0.3904.108+Safari/537.36 - 200 0 0 823
2019-12-10 11:03:18 ::1 GET /Oppgave1.aspx - 51010 - ::1 Mozilla/5.0+(Windows+NT+10.0;+Win64;+x64)+AppleWebKit/537.36+(KHTML,+like+Gecko)+Chrome/78.0.3904.108+Safari/537.36 - 200 0 0 704
2019-12-10 11:03:49 ::1 GET /Oppgave1.aspx - 51010 - ::1 Mozilla/5.0+(Windows+NT+10.0;+Win64;+x64)+AppleWebKit/537.36+(KHTML,+like+Gecko)+Chrome/78.0.3904.108+Safari/537.36 - 200 0 0 855
2019-12-10 11:04:06 ::1 GET /Oppgave1.aspx - 51010 - ::1 Mozilla/5.0+(Windows+NT+10.0;+Win64;+x64)+AppleWebKit/537.36+(KHTML,+like+Gecko)+Chrome/78.0.3904.108+Safari/537.36 - 200 0 0 985
2019-12-10 11:04:15 ::1 GET /Oppgave1.aspx - 51010 - ::1 Mozilla/5.0+(Windows+NT+10.0;+Win64;+x64)+AppleWebKit/537.36+(KHTML,+like+Gecko)+Chrome/78.0.3904.108+Safari/537.36 - 200 0 0 1070
2019-12-10 11:04:17 ::1 POST /Oppgave1.aspx - 51010 - ::1 Mozilla/5.0+(Windows+NT+10.0;+Win64;+x64)+AppleWebKit/537.36+(KHTML,+like+Gecko)+Chrome/78.0.3904.108+Safari/537.36 http://localhost:51010/Oppgave1.aspx 200 0 0 12
2019-12-10 11:04:34 ::1 POST /Oppgave1.aspx - 51010 - ::1 Mozilla/5.0+(Windows+NT+10.0;+Win64;+x64)+AppleWebKit/537.36+(KHTML,+like+Gecko)+Chrome/78.0.3904.108+Safari/537.36 http://localhost:51010/Oppgave1.aspx 200 0 0 865
2019-12-10 11:04:40 ::1 POST /Oppgave1.aspx - 51010 - ::1 Mozilla/5.0+(Windows+NT+10.0;+Win64;+x64)+AppleWebKit/537.36+(KHTML,+like+Gecko)+Chrome/78.0.3904.108+Safari/537.36 http://localhost:51010/Oppgave1.aspx 200 0 0 760
2019-12-10 11:04:48 ::1 POST /Oppgave1.aspx - 51010 - ::1 Mozilla/5.0+(Windows+NT+10.0;+Win64;+x64)+AppleWebKit/537.36+(KHTML,+like+Gecko)+Chrome/78.0.3904.108+Safari/537.36 http://localhost:51010/Oppgave1.aspx 200 0 0 892
2019-12-10 11:05:00 ::1 POST /Oppgave1.aspx - 51010 - ::1 Mozilla/5.0+(Windows+NT+10.0;+Win64;+x64)+AppleWebKit/537.36+(KHTML,+like+Gecko)+Chrome/78.0.3904.108+Safari/537.36 http://localhost:51010/Oppgave1.aspx 200 0 0 670
2019-12-10 11:05:05 ::1 POST /Oppgave1.aspx - 51010 - ::1 Mozilla/5.0+(Windows+NT+10.0;+Win64;+x64)+AppleWebKit/537.36+(KHTML,+like+Gecko)+Chrome/78.0.3904.108+Safari/537.36 http://localhost:51010/Oppgave1.aspx 200 0 0 841
2019-12-10 11:05:18 ::1 POST /Oppgave1.aspx - 51010 - ::1 Mozilla/5.0+(Windows+NT+10.0;+Win64;+x64)+AppleWebKit/537.36+(KHTML,+like+Gecko)+Chrome/78.0.3904.108+Safari/537.36 http://localhost:51010/Oppgave1.aspx 200 0 0 8
2019-12-10 11:05:18 ::1 GET /Bilder/staende.jpg - 51010 - ::1 Mozilla/5.0+(Windows+NT+10.0;+Win64;+x64)+AppleWebKit/537.36+(KHTML,+like+Gecko)+Chrome/78.0.3904.108+Safari/537.36 http://localhost:51010/Oppgave1.aspx 200 0 0 8
2019-12-10 11:05:53 ::1 POST /Oppgave1.aspx - 51010 - ::1 Mozilla/5.0+(Windows+NT+10.0;+Win64;+x64)+AppleWebKit/537.36+(KHTML,+like+Gecko)+Chrome/78.0.3904.108+Safari/537.36 http://localhost:51010/Oppgave1.aspx 200 0 0 906
2019-12-10 11:06:07 ::1 POST /Oppgave1.aspx - 51010 - ::1 Mozilla/5.0+(Windows+NT+10.0;+Win64;+x64)+AppleWebKit/537.36+(KHTML,+like+Gecko)+Chrome/78.0.3904.108+Safari/537.36 http://localhost:51010/Oppgave1.aspx 200 0 0 902
2019-12-10 11:06:28 ::1 POST /Oppgave1.aspx - 51010 - ::1 Mozilla/5.0+(Windows+NT+10.0;+Win64;+x64)+AppleWebKit/537.36+(KHTML,+like+Gecko)+Chrome/78.0.3904.108+Safari/537.36 http://localhost:51010/Oppgave1.aspx 200 0 0 1411
2019-12-10 11:06:46 ::1 POST /Oppgave1.aspx - 51010 - ::1 Mozilla/5.0+(Windows+NT+10.0;+Win64;+x64)+AppleWebKit/537.36+(KHTML,+like+Gecko)+Chrome/78.0.3904.108+Safari/537.36 http://localhost:51010/Oppgave1.aspx 200 0 0 773
2019-12-10 11:07:07 ::1 POST /Oppgave1.aspx - 51010 - ::1 Mozilla/5.0+(Windows+NT+10.0;+Win64;+x64)+AppleWebKit/537.36+(KHTML,+like+Gecko)+Chrome/78.0.3904.108+Safari/537.36 http://localhost:51010/Oppgave1.aspx 200 0 0 832
2019-12-10 11:07:29 ::1 POST /Oppgave1.aspx - 51010 - ::1 Mozilla/5.0+(Windows+NT+10.0;+Win64;+x64)+AppleWebKit/537.36+(KHTML,+like+Gecko)+Chrome/78.0.3904.108+Safari/537.36 http://localhost:51010/Oppgave1.aspx 200 0 0 973
2019-12-10 11:07:59 ::1 POST /Oppgave1.aspx - 51010 - ::1 Mozilla/5.0+(Windows+NT+10.0;+Win64;+x64)+AppleWebKit/537.36+(KHTML,+like+Gecko)+Chrome/78.0.3904.108+Safari/537.36 http://localhost:51010/Oppgave1.aspx 200 0 0 749
2019-12-10 11:08:08 ::1 POST /Oppgave1.aspx - 51010 - ::1 Mozilla/5.0+(Windows+NT+10.0;+Win64;+x64)+AppleWebKit/537.36+(KHTML,+like+Gecko)+Chrome/78.0.3904.108+Safari/537.36 http://localhost:51010/Oppgave1.aspx 200 0 0 753
2019-12-10 11:08:32 ::1 POST /Oppgave1.aspx - 51010 - ::1 Mozilla/5.0+(Windows+NT+10.0;+Win64;+x64)+AppleWebKit/537.36+(KHTML,+like+Gecko)+Chrome/78.0.3904.108+Safari/537.36 http://localhost:51010/Oppgave1.aspx 200 0 0 814
2019-12-10 11:08:43 ::1 POST /Oppgave1.aspx - 51010 - ::1 Mozilla/5.0+(Windows+NT+10.0;+Win64;+x64)+AppleWebKit/537.36+(KHTML,+like+Gecko)+Chrome/78.0.3904.108+Safari/537.36 http://localhost:51010/Oppgave1.aspx 200 0 0 770
2019-12-10 11:08:51 ::1 POST /Oppgave1.aspx - 51010 - ::1 Mozilla/5.0+(Windows+NT+10.0;+Win64;+x64)+AppleWebKit/537.36+(KHTML,+like+Gecko)+Chrome/78.0.3904.108+Safari/537.36 http://localhost:51010/Oppgave1.aspx 200 0 0 831
2019-12-10 11:08:59 ::1 GET /Oppgave1.aspx - 51010 - ::1 Mozilla/5.0+(Windows+NT+10.0;+Win64;+x64)+AppleWebKit/537.36+(KHTML,+like+Gecko)+Chrome/78.0.3904.108+Safari/537.36 - 200 0 0 8
2019-12-10 11:09:05 ::1 POST /Oppgave1.aspx - 51010 - ::1 Mozilla/5.0+(Windows+NT+10.0;+Win64;+x64)+AppleWebKit/537.36+(KHTML,+like+Gecko)+Chrome/78.0.3904.108+Safari/537.36 http://localhost:51010/Oppgave1.aspx 200 0 0 6
2019-12-10 11:09:09 ::1 POST /Oppgave1.aspx - 51010 - ::1 Mozilla/5.0+(Windows+NT+10.0;+Win64;+x64)+AppleWebKit/537.36+(KHTML,+like+Gecko)+Chrome/78.0.3904.108+Safari/537.36 http://localhost:51010/Oppgave1.aspx 200 0 0 6
2019-12-10 11:09:09 ::1 GET /Bilder/liggende.jpg - 51010 - ::1 Mozilla/5.0+(Windows+NT+10.0;+Win64;+x64)+AppleWebKit/537.36+(KHTML,+like+Gecko)+Chrome/78.0.3904.108+Safari/537.36 http://localhost:51010/Oppgave1.aspx 200 0 0 12
2019-12-10 11:10:17 ::1 POST /Oppgave1.aspx - 51010 - ::1 Mozilla/5.0+(Windows+NT+10.0;+Win64;+x64)+AppleWebKit/537.36+(KHTML,+like+Gecko)+Chrome/78.0.3904.108+Safari/537.36 http://localhost:51010/Oppgave1.aspx 200 0 0 697
2019-12-10 11:10:17 ::1 GET /Bilder/BG1.jpg - 51010 - ::1 Mozilla/5.0+(Windows+NT+10.0;+Win64;+x64)+AppleWebKit/537.36+(KHTML,+like+Gecko)+Chrome/78.0.3904.108+Safari/537.36 http://localhost:51010/Oppgave1.aspx 200 0 0 22
2019-12-10 11:10:30 ::1 POST /Oppgave1.aspx - 51010 - ::1 Mozilla/5.0+(Windows+NT+10.0;+Win64;+x64)+AppleWebKit/537.36+(KHTML,+like+Gecko)+Chrome/78.0.3904.108+Safari/537.36 http://localhost:51010/Oppgave1.aspx 200 0 0 697
2019-12-10 11:10:36 ::1 POST /Oppgave1.aspx - 51010 - ::1 Mozilla/5.0+(Windows+NT+10.0;+Win64;+x64)+AppleWebKit/537.36+(KHTML,+like+Gecko)+Chrome/78.0.3904.108+Safari/537.36 http://localhost:51010/Oppgave1.aspx 200 0 0 814
2019-12-10 11:10:47 ::1 POST /Oppgave1.aspx - 51010 - ::1 Mozilla/5.0+(Windows+NT+10.0;+Win64;+x64)+AppleWebKit/537.36+(KHTML,+like+Gecko)+Chrome/78.0.3904.108+Safari/537.36 http://localhost:51010/Oppgave1.aspx 200 0 0 782
2019-12-10 11:11:16 ::1 POST /Oppgave1.aspx - 51010 - ::1 Mozilla/5.0+(Windows+NT+10.0;+Win64;+x64)+AppleWebKit/537.36+(KHTML,+like+Gecko)+Chrome/78.0.3904.108+Safari/537.36 http://localhost:51010/Oppgave1.aspx 200 0 0 831
2019-12-10 11:11:21 ::1 POST /Oppgave1.aspx - 51010 - ::1 Mozilla/5.0+(Windows+NT+10.0;+Win64;+x64)+AppleWebKit/537.36+(KHTML,+like+Gecko)+Chrome/78.0.3904.108+Safari/537.36 http://localhost:51010/Oppgave1.aspx 200 0 0 856
2019-12-10 11:12:18 ::1 POST /Oppgave1.aspx - 51010 - ::1 Mozilla/5.0+(Windows+NT+10.0;+Win64;+x64)+AppleWebKit/537.36+(KHTML,+like+Gecko)+Chrome/78.0.3904.108+Safari/537.36 http://localhost:51010/Oppgave1.aspx 200 0 0 1268
2019-12-10 11:12:18 ::1 GET /ccs1.css - 51010 - ::1 Mozilla/5.0+(Windows+NT+10.0;+Win64;+x64)+AppleWebKit/537.36+(KHTML,+like+Gecko)+Chrome/78.0.3904.108+Safari/537.36 http://localhost:51010/Oppgave1.aspx 200 0 0 7
2019-12-10 11:12:20 ::1 POST /Oppgave1.aspx - 51010 - ::1 Mozilla/5.0+(Windows+NT+10.0;+Win64;+x64)+AppleWebKit/537.36+(KHTML,+like+Gecko)+Chrome/78.0.3904.108+Safari/537.36 http://localhost:51010/Oppgave1.aspx 200 0 0 9
2019-12-10 11:12:20 ::1 GET /ccs1.css - 51010 - ::1 Mozilla/5.0+(Windows+NT+10.0;+Win64;+x64)+AppleWebKit/537.36+(KHTML,+like+Gecko)+Chrome/78.0.3904.108+Safari/537.36 http://localhost:51010/Oppgave1.aspx 304 0 0 5
2019-12-10 11:12:32 ::1 GET /Oppgave2.aspx - 51010 - ::1 Mozilla/5.0+(Windows+NT+10.0;+Win64;+x64)+AppleWebKit/537.36+(KHTML,+like+Gecko)+Chrome/78.0.3904.108+Safari/537.36 - 200 0 0 51
2019-12-10 11:13:22 ::1 GET /Oppgave2.aspx - 51010 - ::1 Mozilla/5.0+(Windows+NT+10.0;+Win64;+x64)+AppleWebKit/537.36+(KHTML,+like+Gecko)+Chrome/78.0.3904.108+Safari/537.36 - 200 0 0 862
2019-12-10 11:13:22 ::1 GET /ccs1.css - 51010 - ::1 Mozilla/5.0+(Windows+NT+10.0;+Win64;+x64)+AppleWebKit/537.36+(KHTML,+like+Gecko)+Chrome/78.0.3904.108+Safari/537.36 http://localhost:51010/Oppgave2.aspx 304 0 0 3
2019-12-10 11:13:51 ::1 GET /Oppgave2.aspx - 51010 - ::1 Mozilla/5.0+(Windows+NT+10.0;+Win64;+x64)+AppleWebKit/537.36+(KHTML,+like+Gecko)+Chrome/78.0.3904.108+Safari/537.36 - 200 0 0 874
2019-12-10 11:13:51 ::1 GET /ccs1.css - 51010 - ::1 Mozilla/5.0+(Windows+NT+10.0;+Win64;+x64)+AppleWebKit/537.36+(KHTML,+like+Gecko)+Chrome/78.0.3904.108+Safari/537.36 http://localhost:51010/Oppgave2.aspx 304 0 0 2
2019-12-10 11:13:59 ::1 GET /Oppgave2.aspx - 51010 - ::1 Mozilla/5.0+(Windows+NT+10.0;+Win64;+x64)+AppleWebKit/537.36+(KHTML,+like+Gecko)+Chrome/78.0.3904.108+Safari/537.36 - 200 0 0 870
2019-12-10 11:16:21 ::1 GET /Oppgave2.aspx - 51010 - ::1 Mozilla/5.0+(Windows+NT+10.0;+Win64;+x64)+AppleWebKit/537.36+(KHTML,+like+Gecko)+Chrome/78.0.3904.108+Safari/537.36 - 200 0 0 842
2019-12-10 11:16:21 ::1 GET /ccs1.css - 51010 - ::1 Mozilla/5.0+(Windows+NT+10.0;+Win64;+x64)+AppleWebKit/537.36+(KHTML,+like+Gecko)+Chrome/78.0.3904.108+Safari/537.36 http://localhost:51010/Oppgave2.aspx 304 0 0 7
2019-12-10 11:16:54 ::1 GET /Oppgave2.aspx - 51010 - ::1 Mozilla/5.0+(Windows+NT+10.0;+Win64;+x64)+AppleWebKit/537.36+(KHTML,+like+Gecko)+Chrome/78.0.3904.108+Safari/537.36 - 200 0 0 793
2019-12-10 11:16:54 ::1 GET /ccs1.css - 51010 - ::1 Mozilla/5.0+(Windows+NT+10.0;+Win64;+x64)+AppleWebKit/537.36+(KHTML,+like+Gecko)+Chrome/78.0.3904.108+Safari/537.36 http://localhost:51010/Oppgave2.aspx 200 0 0 6
2019-12-10 11:17:56 ::1 GET /Oppgave2.aspx - 51010 - ::1 Mozilla/5.0+(Windows+NT+10.0;+Win64;+x64)+AppleWebKit/537.36+(KHTML,+like+Gecko)+Chrome/78.0.3904.108+Safari/537.36 - 200 0 0 23
2019-12-10 11:17:56 ::1 GET /ccs1.css - 51010 - ::1 Mozilla/5.0+(Windows+NT+10.0;+Win64;+x64)+AppleWebKit/537.36+(KHTML,+like+Gecko)+Chrome/78.0.3904.108+Safari/537.36 http://localhost:51010/Oppgave2.aspx 200 0 0 9
2019-12-10 11:18:07 ::1 GET /Oppgave2.aspx - 51010 - ::1 Mozilla/5.0+(Windows+NT+10.0;+Win64;+x64)+AppleWebKit/537.36+(KHTML,+like+Gecko)+Chrome/78.0.3904.108+Safari/537.36 - 200 0 0 5
2019-12-10 11:18:07 ::1 GET /ccs1.css - 51010 - ::1 Mozilla/5.0+(Windows+NT+10.0;+Win64;+x64)+AppleWebKit/537.36+(KHTML,+like+Gecko)+Chrome/78.0.3904.108+Safari/537.36 http://localhost:51010/Oppgave2.aspx 200 0 0 6
2019-12-10 11:19:36 ::1 GET /Oppgave2.aspx - 51010 - ::1 Mozilla/5.0+(Windows+NT+10.0;+Win64;+x64)+AppleWebKit/537.36+(KHTML,+like+Gecko)+Chrome/78.0.3904.108+Safari/537.36 - 200 0 0 811
2019-12-10 11:19:36 ::1 GET /ccs1.css - 51010 - ::1 Mozilla/5.0+(Windows+NT+10.0;+Win64;+x64)+AppleWebKit/537.36+(KHTML,+like+Gecko)+Chrome/78.0.3904.108+Safari/537.36 http://localhost:51010/Oppgave2.aspx 200 0 0 4
2019-12-10 11:20:21 ::1 GET /Oppgave2.aspx - 51010 - ::1 Mozilla/5.0+(Windows+NT+10.0;+Win64;+x64)+AppleWebKit/537.36+(KHTML,+like+Gecko)+Chrome/78.0.3904.108+Safari/537.36 - 200 0 0 900
2019-12-10 11:20:21 ::1 GET /ccs1.css - 51010 - ::1 Mozilla/5.0+(Windows+NT+10.0;+Win64;+x64)+AppleWebKit/537.36+(KHTML,+like+Gecko)+Chrome/78.0.3904.108+Safari/537.36 http://localhost:51010/Oppgave2.aspx 200 0 0 12
2019-12-10 11:20:29 ::1 GET /Oppgave2.aspx - 51010 - ::1 Mozilla/5.0+(Windows+NT+10.0;+Win64;+x64)+AppleWebKit/537.36+(KHTML,+like+Gecko)+Chrome/78.0.3904.108+Safari/537.36 - 200 0 0 10
2019-12-10 11:20:29 ::1 GET /ccs1.css - 51010 - ::1 Mozilla/5.0+(Windows+NT+10.0;+Win64;+x64)+AppleWebKit/537.36+(KHTML,+like+Gecko)+Chrome/78.0.3904.108+Safari/537.36 http://localhost:51010/Oppgave2.aspx 200 0 0 4
2019-12-10 11:20:52 ::1 GET /Oppgave2.aspx - 51010 - ::1 Mozilla/5.0+(Windows+NT+10.0;+Win64;+x64)+AppleWebKit/537.36+(KHTML,+like+Gecko)+Chrome/78.0.3904.108+Safari/537.36 - 200 0 0 17
2019-12-10 11:20:52 ::1 GET /ccs1.css - 51010 - ::1 Mozilla/5.0+(Windows+NT+10.0;+Win64;+x64)+AppleWebKit/537.36+(KHTML,+like+Gecko)+Chrome/78.0.3904.108+Safari/537.36 http://localhost:51010/Oppgave2.aspx 200 0 0 1
2019-12-10 11:21:09 ::1 GET /Oppgave2.aspx - 51010 - ::1 Mozilla/5.0+(Windows+NT+10.0;+Win64;+x64)+AppleWebKit/537.36+(KHTML,+like+Gecko)+Chrome/78.0.3904.108+Safari/537.36 - 200 0 0 814
2019-12-10 11:21:09 ::1 GET /ccs1.css - 51010 - ::1 Mozilla/5.0+(Windows+NT+10.0;+Win64;+x64)+AppleWebKit/537.36+(KHTML,+like+Gecko)+Chrome/78.0.3904.108+Safari/537.36 http://localhost:51010/Oppgave2.aspx 304 0 0 4
2019-12-10 11:21:53 ::1 GET /Oppgave2.aspx - 51010 - ::1 Mozilla/5.0+(Windows+NT+10.0;+Win64;+x64)+AppleWebKit/537.36+(KHTML,+like+Gecko)+Chrome/78.0.3904.108+Safari/537.36 - 200 0 0 13
2019-12-10 11:21:53 ::1 GET /ccs1.css - 51010 - ::1 Mozilla/5.0+(Windows+NT+10.0;+Win64;+x64)+AppleWebKit/537.36+(KHTML,+like+Gecko)+Chrome/78.0.3904.108+Safari/537.36 http://localhost:51010/Oppgave2.aspx 200 0 0 10
2019-12-10 11:22:06 ::1 GET /Oppgave2.aspx - 51010 - ::1 Mozilla/5.0+(Windows+NT+10.0;+Win64;+x64)+AppleWebKit/537.36+(KHTML,+like+Gecko)+Chrome/78.0.3904.108+Safari/537.36 - 200 0 0 884
2019-12-10 11:22:06 ::1 GET /ccs1.css - 51010 - ::1 Mozilla/5.0+(Windows+NT+10.0;+Win64;+x64)+AppleWebKit/537.36+(KHTML,+like+Gecko)+Chrome/78.0.3904.108+Safari/537.36 http://localhost:51010/Oppgave2.aspx 304 0 0 1
2019-12-10 11:22:20 ::1 GET /Oppgave2.aspx - 51010 - ::1 Mozilla/5.0+(Windows+NT+10.0;+Win64;+x64)+AppleWebKit/537.36+(KHTML,+like+Gecko)+Chrome/78.0.3904.108+Safari/537.36 - 200 0 0 19
2019-12-10 11:22:20 ::1 GET /ccs1.css - 51010 - ::1 Mozilla/5.0+(Windows+NT+10.0;+Win64;+x64)+AppleWebKit/537.36+(KHTML,+like+Gecko)+Chrome/78.0.3904.108+Safari/537.36 http://localhost:51010/Oppgave2.aspx 200 0 0 14
2019-12-10 11:22:26 ::1 GET /Oppgave2.aspx - 51010 - ::1 Mozilla/5.0+(Windows+NT+10.0;+Win64;+x64)+AppleWebKit/537.36+(KHTML,+like+Gecko)+Chrome/78.0.3904.108+Safari/537.36 - 200 0 0 23
2019-12-10 11:22:26 ::1 GET /ccs1.css - 51010 - ::1 Mozilla/5.0+(Windows+NT+10.0;+Win64;+x64)+AppleWebKit/537.36+(KHTML,+like+Gecko)+Chrome/78.0.3904.108+Safari/537.36 http://localhost:51010/Oppgave2.aspx 200 0 0 1
2019-12-10 11:22:31 ::1 GET /Oppgave2.aspx - 51010 - ::1 Mozilla/5.0+(Windows+NT+10.0;+Win64;+x64)+AppleWebKit/537.36+(KHTML,+like+Gecko)+Chrome/78.0.3904.108+Safari/537.36 - 200 0 0 18
2019-12-10 11:22:31 ::1 GET /ccs1.css - 51010 - ::1 Mozilla/5.0+(Windows+NT+10.0;+Win64;+x64)+AppleWebKit/537.36+(KHTML,+like+Gecko)+Chrome/78.0.3904.108+Safari/537.36 http://localhost:51010/Oppgave2.aspx 200 0 0 2
2019-12-10 11:22:35 ::1 GET /Oppgave2.aspx - 51010 - ::1 Mozilla/5.0+(Windows+NT+10.0;+Win64;+x64)+AppleWebKit/537.36+(KHTML,+like+Gecko)+Chrome/78.0.3904.108+Safari/537.36 - 200 0 0 12
2019-12-10 11:22:35 ::1 GET /ccs1.css - 51010 - ::1 Mozilla/5.0+(Windows+NT+10.0;+Win64;+x64)+AppleWebKit/537.36+(KHTML,+like+Gecko)+Chrome/78.0.3904.108+Safari/537.36 http://localhost:51010/Oppgave2.aspx 200 0 0 2
2019-12-10 11:22:39 ::1 GET /Oppgave2.aspx - 51010 - ::1 Mozilla/5.0+(Windows+NT+10.0;+Win64;+x64)+AppleWebKit/537.36+(KHTML,+like+Gecko)+Chrome/78.0.3904.108+Safari/537.36 - 200 0 0 5
2019-12-10 11:22:39 ::1 GET /ccs1.css - 51010 - ::1 Mozilla/5.0+(Windows+NT+10.0;+Win64;+x64)+AppleWebKit/537.36+(KHTML,+like+Gecko)+Chrome/78.0.3904.108+Safari/537.36 http://localhost:51010/Oppgave2.aspx 200 0 0 4
2019-12-10 11:22:54 ::1 GET /Oppgave2.aspx - 51010 - ::1 Mozilla/5.0+(Windows+NT+10.0;+Win64;+x64)+AppleWebKit/537.36+(KHTML,+like+Gecko)+Chrome/78.0.3904.108+Safari/537.36 - 200 0 0 984
2019-12-10 11:22:54 ::1 GET /ccs1.css - 51010 - ::1 Mozilla/5.0+(Windows+NT+10.0;+Win64;+x64)+AppleWebKit/537.36+(KHTML,+like+Gecko)+Chrome/78.0.3904.108+Safari/537.36 http://localhost:51010/Oppgave2.aspx 304 0 0 3
2019-12-10 11:23:21 ::1 GET /Oppgave2.aspx - 51010 - ::1 Mozilla/5.0+(Windows+NT+10.0;+Win64;+x64)+AppleWebKit/537.36+(KHTML,+like+Gecko)+Chrome/78.0.3904.108+Safari/537.36 - 200 0 0 784
2019-12-10 11:23:21 ::1 GET /ccs1.css - 51010 - ::1 Mozilla/5.0+(Windows+NT+10.0;+Win64;+x64)+AppleWebKit/537.36+(KHTML,+like+Gecko)+Chrome/78.0.3904.108+Safari/537.36 http://localhost:51010/Oppgave2.aspx 304 0 0 2
2019-12-10 11:23:43 ::1 GET /Oppgave2.aspx - 51010 - ::1 Mozilla/5.0+(Windows+NT+10.0;+Win64;+x64)+AppleWebKit/537.36+(KHTML,+like+Gecko)+Chrome/78.0.3904.108+Safari/537.36 - 200 0 0 31
2019-12-10 11:23:43 ::1 GET /ccs1.css - 51010 - ::1 Mozilla/5.0+(Windows+NT+10.0;+Win64;+x64)+AppleWebKit/537.36+(KHTML,+like+Gecko)+Chrome/78.0.3904.108+Safari/537.36 http://localhost:51010/Oppgave2.aspx 200 0 0 10
2019-12-10 11:23:56 ::1 GET /Oppgave2.aspx - 51010 - ::1 Mozilla/5.0+(Windows+NT+10.0;+Win64;+x64)+AppleWebKit/537.36+(KHTML,+like+Gecko)+Chrome/78.0.3904.108+Safari/537.36 - 200 0 0 9
2019-12-10 11:23:56 ::1 GET /ccs1.css - 51010 - ::1 Mozilla/5.0+(Windows+NT+10.0;+Win64;+x64)+AppleWebKit/537.36+(KHTML,+like+Gecko)+Chrome/78.0.3904.108+Safari/537.36 http://localhost:51010/Oppgave2.aspx 200 0 0 3
2019-12-10 11:24:12 ::1 GET /Oppgave2.aspx - 51010 - ::1 Mozilla/5.0+(Windows+NT+10.0;+Win64;+x64)+AppleWebKit/537.36+(KHTML,+like+Gecko)+Chrome/78.0.3904.108+Safari/537.36 - 200 0 0 9
2019-12-10 11:24:12 ::1 GET /ccs1.css - 51010 - ::1 Mozilla/5.0+(Windows+NT+10.0;+Win64;+x64)+AppleWebKit/537.36+(KHTML,+like+Gecko)+Chrome/78.0.3904.108+Safari/537.36 http://localhost:51010/Oppgave2.aspx 200 0 0 2
2019-12-10 11:24:20 ::1 GET /Oppgave2.aspx - 51010 - ::1 Mozilla/5.0+(Windows+NT+10.0;+Win64;+x64)+AppleWebKit/537.36+(KHTML,+like+Gecko)+Chrome/78.0.3904.108+Safari/537.36 - 200 0 0 16
2019-12-10 11:24:20 ::1 GET /ccs1.css - 51010 - ::1 Mozilla/5.0+(Windows+NT+10.0;+Win64;+x64)+AppleWebKit/537.36+(KHTML,+like+Gecko)+Chrome/78.0.3904.108+Safari/537.36 http://localhost:51010/Oppgave2.aspx 200 0 0 2
2019-12-10 11:24:23 ::1 GET /Oppgave2.aspx - 51010 - ::1 Mozilla/5.0+(Windows+NT+10.0;+Win64;+x64)+AppleWebKit/537.36+(KHTML,+like+Gecko)+Chrome/78.0.3904.108+Safari/537.36 - 200 0 0 11
2019-12-10 11:24:23 ::1 GET /ccs1.css - 51010 - ::1 Mozilla/5.0+(Windows+NT+10.0;+Win64;+x64)+AppleWebKit/537.36+(KHTML,+like+Gecko)+Chrome/78.0.3904.108+Safari/537.36 http://localhost:51010/Oppgave2.aspx 200 0 0 3
2019-12-10 11:24:40 ::1 GET /Oppgave2.aspx - 51010 - ::1 Mozilla/5.0+(Windows+NT+10.0;+Win64;+x64)+AppleWebKit/537.36+(KHTML,+like+Gecko)+Chrome/78.0.3904.108+Safari/537.36 - 200 0 0 35
2019-12-10 11:24:40 ::1 GET /ccs1.css - 51010 - ::1 Mozilla/5.0+(Windows+NT+10.0;+Win64;+x64)+AppleWebKit/537.36+(KHTML,+like+Gecko)+Chrome/78.0.3904.108+Safari/537.36 http://localhost:51010/Oppgave2.aspx 200 0 0 2
2019-12-10 11:24:45 ::1 GET /Oppgave2.aspx - 51010 - ::1 Mozilla/5.0+(Windows+NT+10.0;+Win64;+x64)+AppleWebKit/537.36+(KHTML,+like+Gecko)+Chrome/78.0.3904.108+Safari/537.36 - 200 0 0 3
2019-12-10 11:24:45 ::1 GET /ccs1.css - 51010 - ::1 Mozilla/5.0+(Windows+NT+10.0;+Win64;+x64)+AppleWebKit/537.36+(KHTML,+like+Gecko)+Chrome/78.0.3904.108+Safari/537.36 http://localhost:51010/Oppgave2.aspx 200 0 0 4
2019-12-10 11:24:48 ::1 GET /ccs1.css - 51010 - ::1 Mozilla/5.0+(Windows+NT+10.0;+Win64;+x64)+AppleWebKit/537.36+(KHTML,+like+Gecko)+Chrome/78.0.3904.108+Safari/537.36 http://localhost:51010/Oppgave2.aspx 304 0 0 9
2019-12-10 11:25:10 ::1 GET /Oppgave2.aspx - 51010 - ::1 Mozilla/5.0+(Windows+NT+10.0;+Win64;+x64)+AppleWebKit/537.36+(KHTML,+like+Gecko)+Chrome/78.0.3904.108+Safari/537.36 - 200 0 0 24
2019-12-10 11:25:10 ::1 GET /ccs1.css - 51010 - ::1 Mozilla/5.0+(Windows+NT+10.0;+Win64;+x64)+AppleWebKit/537.36+(KHTML,+like+Gecko)+Chrome/78.0.3904.108+Safari/537.36 http://localhost:51010/Oppgave2.aspx 200 0 0 4
2019-12-10 11:25:18 ::1 GET /Oppgave2.aspx - 51010 - ::1 Mozilla/5.0+(Windows+NT+10.0;+Win64;+x64)+AppleWebKit/537.36+(KHTML,+like+Gecko)+Chrome/78.0.3904.108+Safari/537.36 - 200 0 0 8
2019-12-10 11:25:18 ::1 GET /ccs1.css - 51010 - ::1 Mozilla/5.0+(Windows+NT+10.0;+Win64;+x64)+AppleWebKit/537.36+(KHTML,+like+Gecko)+Chrome/78.0.3904.108+Safari/537.36 http://localhost:51010/Oppgave2.aspx 200 0 0 3
2019-12-10 11:25:20 ::1 GET /ccs1.css - 51010 - ::1 Mozilla/5.0+(Windows+NT+10.0;+Win64;+x64)+AppleWebKit/537.36+(KHTML,+like+Gecko)+Chrome/78.0.3904.108+Safari/537.36 http://localhost:51010/Oppgave2.aspx 304 0 0 3
2019-12-10 11:25:25 ::1 GET /Oppgave2.aspx - 51010 - ::1 Mozilla/5.0+(Windows+NT+10.0;+Win64;+x64)+AppleWebKit/537.36+(KHTML,+like+Gecko)+Chrome/78.0.3904.108+Safari/537.36 - 200 0 0 6
2019-12-10 11:25:25 ::1 GET /ccs1.css - 51010 - ::1 Mozilla/5.0+(Windows+NT+10.0;+Win64;+x64)+AppleWebKit/537.36+(KHTML,+like+Gecko)+Chrome/78.0.3904.108+Safari/537.36 http://localhost:51010/Oppgave2.aspx 200 0 0 2
2019-12-10 11:25:44 ::1 GET /Oppgave2.aspx - 51010 - ::1 Mozilla/5.0+(Windows+NT+10.0;+Win64;+x64)+AppleWebKit/537.36+(KHTML,+like+Gecko)+Chrome/78.0.3904.108+Safari/537.36 - 200 0 0 25
2019-12-10 11:25:44 ::1 GET /ccs1.css - 51010 - ::1 Mozilla/5.0+(Windows+NT+10.0;+Win64;+x64)+AppleWebKit/537.36+(KHTML,+like+Gecko)+Chrome/78.0.3904.108+Safari/537.36 http://localhost:51010/Oppgave2.aspx 200 0 0 4
2019-12-10 11:26:17 ::1 GET /Oppgave2.aspx - 51010 - ::1 Mozilla/5.0+(Windows+NT+10.0;+Win64;+x64)+AppleWebKit/537.36+(KHTML,+like+Gecko)+Chrome/78.0.3904.108+Safari/537.36 - 200 0 0 14
2019-12-10 11:26:17 ::1 GET /ccs1.css - 51010 - ::1 Mozilla/5.0+(Windows+NT+10.0;+Win64;+x64)+AppleWebKit/537.36+(KHTML,+like+Gecko)+Chrome/78.0.3904.108+Safari/537.36 http://localhost:51010/Oppgave2.aspx 200 0 0 12
2019-12-10 11:26:44 ::1 GET /Oppgave2.aspx - 51010 - ::1 Mozilla/5.0+(Windows+NT+10.0;+Win64;+x64)+AppleWebKit/537.36+(KHTML,+like+Gecko)+Chrome/78.0.3904.108+Safari/537.36 - 200 0 0 15
2019-12-10 11:26:44 ::1 GET /ccs1.css - 51010 - ::1 Mozilla/5.0+(Windows+NT+10.0;+Win64;+x64)+AppleWebKit/537.36+(KHTML,+like+Gecko)+Chrome/78.0.3904.108+Safari/537.36 http://localhost:51010/Oppgave2.aspx 200 0 0 2
2019-12-10 11:26:49 ::1 GET /Oppgave2.aspx - 51010 - ::1 Mozilla/5.0+(Windows+NT+10.0;+Win64;+x64)+AppleWebKit/537.36+(KHTML,+like+Gecko)+Chrome/78.0.3904.108+Safari/537.36 - 200 0 0 15
2019-12-10 11:26:49 ::1 GET /ccs1.css - 51010 - ::1 Mozilla/5.0+(Windows+NT+10.0;+Win64;+x64)+AppleWebKit/537.36+(KHTML,+like+Gecko)+Chrome/78.0.3904.108+Safari/537.36 http://localhost:51010/Oppgave2.aspx 200 0 0 7
2019-12-10 11:26:51 ::1 GET /Oppgave2.aspx - 51010 - ::1 Mozilla/5.0+(Windows+NT+10.0;+Win64;+x64)+AppleWebKit/537.36+(KHTML,+like+Gecko)+Chrome/78.0.3904.108+Safari/537.36 - 200 0 0 4
2019-12-10 11:26:51 ::1 GET /ccs1.css - 51010 - ::1 Mozilla/5.0+(Windows+NT+10.0;+Win64;+x64)+AppleWebKit/537.36+(KHTML,+like+Gecko)+Chrome/78.0.3904.108+Safari/537.36 http://localhost:51010/Oppgave2.aspx 200 0 0 2
2019-12-10 11:26:58 ::1 GET /Oppgave2.aspx - 51010 - ::1 Mozilla/5.0+(Windows+NT+10.0;+Win64;+x64)+AppleWebKit/537.36+(KHTML,+like+Gecko)+Chrome/78.0.3904.108+Safari/537.36 - 200 0 0 16
2019-12-10 11:26:58 ::1 GET /ccs1.css - 51010 - ::1 Mozilla/5.0+(Windows+NT+10.0;+Win64;+x64)+AppleWebKit/537.36+(KHTML,+like+Gecko)+Chrome/78.0.3904.108+Safari/537.36 http://localhost:51010/Oppgave2.aspx 200 0 0 14
2019-12-10 11:27:05 ::1 GET /Oppgave2.aspx - 51010 - ::1 Mozilla/5.0+(Windows+NT+10.0;+Win64;+x64)+AppleWebKit/537.36+(KHTML,+like+Gecko)+Chrome/78.0.3904.108+Safari/537.36 - 200 0 0 29
2019-12-10 11:27:05 ::1 GET /ccs1.css - 51010 - ::1 Mozilla/5.0+(Windows+NT+10.0;+Win64;+x64)+AppleWebKit/537.36+(KHTML,+like+Gecko)+Chrome/78.0.3904.108+Safari/537.36 http://localhost:51010/Oppgave2.aspx 200 0 0 1
2019-12-10 11:27:09 ::1 GET /Oppgave2.aspx - 51010 - ::1 Mozilla/5.0+(Windows+NT+10.0;+Win64;+x64)+AppleWebKit/537.36+(KHTML,+like+Gecko)+Chrome/78.0.3904.108+Safari/537.36 - 200 0 0 19
2019-12-10 11:27:09 ::1 GET /ccs1.css - 51010 - ::1 Mozilla/5.0+(Windows+NT+10.0;+Win64;+x64)+AppleWebKit/537.36+(KHTML,+like+Gecko)+Chrome/78.0.3904.108+Safari/537.36 http://localhost:51010/Oppgave2.aspx 200 0 0 23
2019-12-10 11:27:28 ::1 GET /Oppgave2.aspx - 51010 - ::1 Mozilla/5.0+(Windows+NT+10.0;+Win64;+x64)+AppleWebKit/537.36+(KHTML,+like+Gecko)+Chrome/78.0.3904.108+Safari/537.36 - 200 0 0 23
2019-12-10 11:27:28 ::1 GET /ccs1.css - 51010 - ::1 Mozilla/5.0+(Windows+NT+10.0;+Win64;+x64)+AppleWebKit/537.36+(KHTML,+like+Gecko)+Chrome/78.0.3904.108+Safari/537.36 http://localhost:51010/Oppgave2.aspx 200 0 0 9
2019-12-10 11:27:33 ::1 GET /Oppgave2.aspx - 51010 - ::1 Mozilla/5.0+(Windows+NT+10.0;+Win64;+x64)+AppleWebKit/537.36+(KHTML,+like+Gecko)+Chrome/78.0.3904.108+Safari/537.36 - 200 0 0 36
2019-12-10 11:27:33 ::1 GET /ccs1.css - 51010 - ::1 Mozilla/5.0+(Windows+NT+10.0;+Win64;+x64)+AppleWebKit/537.36+(KHTML,+like+Gecko)+Chrome/78.0.3904.108+Safari/537.36 http://localhost:51010/Oppgave2.aspx 200 0 0 3
2019-12-10 11:27:54 ::1 GET /Oppgave2.aspx - 51010 - ::1 Mozilla/5.0+(Windows+NT+10.0;+Win64;+x64)+AppleWebKit/537.36+(KHTML,+like+Gecko)+Chrome/78.0.3904.108+Safari/537.36 - 200 0 0 13
2019-12-10 11:27:54 ::1 GET /ccs1.css - 51010 - ::1 Mozilla/5.0+(Windows+NT+10.0;+Win64;+x64)+AppleWebKit/537.36+(KHTML,+like+Gecko)+Chrome/78.0.3904.108+Safari/537.36 http://localhost:51010/Oppgave2.aspx 200 0 0 1
2019-12-10 11:28:10 ::1 GET /Oppgave2.aspx - 51010 - ::1 Mozilla/5.0+(Windows+NT+10.0;+Win64;+x64)+AppleWebKit/537.36+(KHTML,+like+Gecko)+Chrome/78.0.3904.108+Safari/537.36 - 200 0 0 13
2019-12-10 11:28:10 ::1 GET /ccs1.css - 51010 - ::1 Mozilla/5.0+(Windows+NT+10.0;+Win64;+x64)+AppleWebKit/537.36+(KHTML,+like+Gecko)+Chrome/78.0.3904.108+Safari/537.36 http://localhost:51010/Oppgave2.aspx 200 0 0 3
2019-12-10 11:28:14 ::1 GET /Oppgave2.aspx - 51010 - ::1 Mozilla/5.0+(Windows+NT+10.0;+Win64;+x64)+AppleWebKit/537.36+(KHTML,+like+Gecko)+Chrome/78.0.3904.108+Safari/537.36 - 200 0 0 13
2019-12-10 11:28:14 ::1 GET /ccs1.css - 51010 - ::1 Mozilla/5.0+(Windows+NT+10.0;+Win64;+x64)+AppleWebKit/537.36+(KHTML,+like+Gecko)+Chrome/78.0.3904.108+Safari/537.36 http://localhost:51010/Oppgave2.aspx 200 0 0 5
2019-12-10 11:28:19 ::1 GET /Oppgave2.aspx - 51010 - ::1 Mozilla/5.0+(Windows+NT+10.0;+Win64;+x64)+AppleWebKit/537.36+(KHTML,+like+Gecko)+Chrome/78.0.3904.108+Safari/537.36 - 200 0 0 16
2019-12-10 11:28:19 ::1 GET /ccs1.css - 51010 - ::1 Mozilla/5.0+(Windows+NT+10.0;+Win64;+x64)+AppleWebKit/537.36+(KHTML,+like+Gecko)+Chrome/78.0.3904.108+Safari/537.36 http://localhost:51010/Oppgave2.aspx 200 0 0 9
2019-12-10 11:28:23 ::1 GET /Oppgave2.aspx - 51010 - ::1 Mozilla/5.0+(Windows+NT+10.0;+Win64;+x64)+AppleWebKit/537.36+(KHTML,+like+Gecko)+Chrome/78.0.3904.108+Safari/537.36 - 200 0 0 7
2019-12-10 11:28:23 ::1 GET /ccs1.css - 51010 - ::1 Mozilla/5.0+(Windows+NT+10.0;+Win64;+x64)+AppleWebKit/537.36+(KHTML,+like+Gecko)+Chrome/78.0.3904.108+Safari/537.36 http://localhost:51010/Oppgave2.aspx 200 0 0 1
2019-12-10 11:28:26 ::1 GET /Oppgave2.aspx - 51010 - ::1 Mozilla/5.0+(Windows+NT+10.0;+Win64;+x64)+AppleWebKit/537.36+(KHTML,+like+Gecko)+Chrome/78.0.3904.108+Safari/537.36 - 200 0 0 3
2019-12-10 11:28:26 ::1 GET /ccs1.css - 51010 - ::1 Mozilla/5.0+(Windows+NT+10.0;+Win64;+x64)+AppleWebKit/537.36+(KHTML,+like+Gecko)+Chrome/78.0.3904.108+Safari/537.36 http://localhost:51010/Oppgave2.aspx 200 0 0 4
2019-12-10 11:28:42 ::1 GET /Oppgave2.aspx - 51010 - ::1 Mozilla/5.0+(Windows+NT+10.0;+Win64;+x64)+AppleWebKit/537.36+(KHTML,+like+Gecko)+Chrome/78.0.3904.108+Safari/537.36 - 200 0 0 5
2019-12-10 11:28:42 ::1 GET /ccs1.css - 51010 - ::1 Mozilla/5.0+(Windows+NT+10.0;+Win64;+x64)+AppleWebKit/537.36+(KHTML,+like+Gecko)+Chrome/78.0.3904.108+Safari/537.36 http://localhost:51010/Oppgave2.aspx 200 0 0 4
2019-12-10 11:28:46 ::1 GET /Oppgave2.aspx - 51010 - ::1 Mozilla/5.0+(Windows+NT+10.0;+Win64;+x64)+AppleWebKit/537.36+(KHTML,+like+Gecko)+Chrome/78.0.3904.108+Safari/537.36 - 200 0 0 15
2019-12-10 11:28:46 ::1 GET /ccs1.css - 51010 - ::1 Mozilla/5.0+(Windows+NT+10.0;+Win64;+x64)+AppleWebKit/537.36+(KHTML,+like+Gecko)+Chrome/78.0.3904.108+Safari/537.36 http://localhost:51010/Oppgave2.aspx 200 0 0 6
2019-12-10 11:29:16 ::1 GET /Oppgave2.aspx - 51010 - ::1 Mozilla/5.0+(Windows+NT+10.0;+Win64;+x64)+AppleWebKit/537.36+(KHTML,+like+Gecko)+Chrome/78.0.3904.108+Safari/537.36 - 200 0 0 894
2019-12-10 11:29:16 ::1 GET /ccs1.css - 51010 - ::1 Mozilla/5.0+(Windows+NT+10.0;+Win64;+x64)+AppleWebKit/537.36+(KHTML,+like+Gecko)+Chrome/78.0.3904.108+Safari/537.36 http://localhost:51010/Oppgave2.aspx 304 0 0 4
2019-12-10 11:29:34 ::1 GET /Oppgave2.aspx - 51010 - ::1 Mozilla/5.0+(Windows+NT+10.0;+Win64;+x64)+AppleWebKit/537.36+(KHTML,+like+Gecko)+Chrome/78.0.3904.108+Safari/537.36 - 200 0 0 23
2019-12-10 11:29:34 ::1 GET /ccs1.css - 51010 - ::1 Mozilla/5.0+(Windows+NT+10.0;+Win64;+x64)+AppleWebKit/537.36+(KHTML,+like+Gecko)+Chrome/78.0.3904.108+Safari/537.36 http://localhost:51010/Oppgave2.aspx 200 0 0 7
2019-12-10 11:30:01 ::1 GET /Oppgave2.aspx - 51010 - ::1 Mozilla/5.0+(Windows+NT+10.0;+Win64;+x64)+AppleWebKit/537.36+(KHTML,+like+Gecko)+Chrome/78.0.3904.108+Safari/537.36 - 200 0 0 10
2019-12-10 11:30:01 ::1 GET /ccs1.css - 51010 - ::1 Mozilla/5.0+(Windows+NT+10.0;+Win64;+x64)+AppleWebKit/537.36+(KHTML,+like+Gecko)+Chrome/78.0.3904.108+Safari/537.36 http://localhost:51010/Oppgave2.aspx 200 0 0 12
2019-12-10 11:30:25 ::1 POST /Oppgave2.aspx - 51010 - ::1 Mozilla/5.0+(Windows+NT+10.0;+Win64;+x64)+AppleWebKit/537.36+(KHTML,+like+Gecko)+Chrome/78.0.3904.108+Safari/537.36 http://localhost:51010/Oppgave2.aspx 200 0 0 11
2019-12-10 11:30:25 ::1 GET /ccs1.css - 51010 - ::1 Mozilla/5.0+(Windows+NT+10.0;+Win64;+x64)+AppleWebKit/537.36+(KHTML,+like+Gecko)+Chrome/78.0.3904.108+Safari/537.36 http://localhost:51010/Oppgave2.aspx 304 0 0 2
2019-12-10 11:34:06 ::1 POST /Oppgave2.aspx - 51010 - ::1 Mozilla/5.0+(Windows+NT+10.0;+Win64;+x64)+AppleWebKit/537.36+(KHTML,+like+Gecko)+Chrome/78.0.3904.108+Safari/537.36 http://localhost:51010/Oppgave2.aspx 200 0 0 809
2019-12-10 11:34:06 ::1 GET /ccs1.css - 51010 - ::1 Mozilla/5.0+(Windows+NT+10.0;+Win64;+x64)+AppleWebKit/537.36+(KHTML,+like+Gecko)+Chrome/78.0.3904.108+Safari/537.36 http://localhost:51010/Oppgave2.aspx 304 0 0 1
2019-12-10 11:34:26 ::1 POST /Oppgave2.aspx - 51010 - ::1 Mozilla/5.0+(Windows+NT+10.0;+Win64;+x64)+AppleWebKit/537.36+(KHTML,+like+Gecko)+Chrome/78.0.3904.108+Safari/537.36 http://localhost:51010/Oppgave2.aspx 200 0 0 11
2019-12-10 11:34:39 ::1 POST /Oppgave2.aspx - 51010 - ::1 Mozilla/5.0+(Windows+NT+10.0;+Win64;+x64)+AppleWebKit/537.36+(KHTML,+like+Gecko)+Chrome/78.0.3904.108+Safari/537.36 http://localhost:51010/Oppgave2.aspx 200 0 0 864
2019-12-10 11:34:39 ::1 GET /ccs1.css - 51010 - ::1 Mozilla/5.0+(Windows+NT+10.0;+Win64;+x64)+AppleWebKit/537.36+(KHTML,+like+Gecko)+Chrome/78.0.3904.108+Safari/537.36 http://localhost:51010/Oppgave2.aspx 304 0 0 3
2019-12-10 11:34:44 ::1 POST /Oppgave2.aspx - 51010 - ::1 Mozilla/5.0+(Windows+NT+10.0;+Win64;+x64)+AppleWebKit/537.36+(KHTML,+like+Gecko)+Chrome/78.0.3904.108+Safari/537.36 http://localhost:51010/Oppgave2.aspx 200 0 0 9
2019-12-10 11:35:16 ::1 POST /Oppgave2.aspx - 51010 - ::1 Mozilla/5.0+(Windows+NT+10.0;+Win64;+x64)+AppleWebKit/537.36+(KHTML,+like+Gecko)+Chrome/78.0.3904.108+Safari/537.36 http://localhost:51010/Oppgave2.aspx 200 0 0 6
2019-12-10 11:35:16 ::1 GET /ccs1.css - 51010 - ::1 Mozilla/5.0+(Windows+NT+10.0;+Win64;+x64)+AppleWebKit/537.36+(KHTML,+like+Gecko)+Chrome/78.0.3904.108+Safari/537.36 http://localhost:51010/Oppgave2.aspx 200 0 0 19
2019-12-10 11:35:21 ::1 POST /Oppgave2.aspx - 51010 - ::1 Mozilla/5.0+(Windows+NT+10.0;+Win64;+x64)+AppleWebKit/537.36+(KHTML,+like+Gecko)+Chrome/78.0.3904.108+Safari/537.36 http://localhost:51010/Oppgave2.aspx 200 0 0 6
2019-12-10 11:35:21 ::1 GET /ccs1.css - 51010 - ::1 Mozilla/5.0+(Windows+NT+10.0;+Win64;+x64)+AppleWebKit/537.36+(KHTML,+like+Gecko)+Chrome/78.0.3904.108+Safari/537.36 http://localhost:51010/Oppgave2.aspx 200 0 0 3
2019-12-10 11:35:30 ::1 POST /Oppgave2.aspx - 51010 - ::1 Mozilla/5.0+(Windows+NT+10.0;+Win64;+x64)+AppleWebKit/537.36+(KHTML,+like+Gecko)+Chrome/78.0.3904.108+Safari/537.36 http://localhost:51010/Oppgave2.aspx 200 0 0 6
2019-12-10 11:35:30 ::1 GET /ccs1.css - 51010 - ::1 Mozilla/5.0+(Windows+NT+10.0;+Win64;+x64)+AppleWebKit/537.36+(KHTML,+like+Gecko)+Chrome/78.0.3904.108+Safari/537.36 http://localhost:51010/Oppgave2.aspx 200 0 0 3
2019-12-10 11:35:39 ::1 POST /Oppgave2.aspx - 51010 - ::1 Mozilla/5.0+(Windows+NT+10.0;+Win64;+x64)+AppleWebKit/537.36+(KHTML,+like+Gecko)+Chrome/78.0.3904.108+Safari/537.36 http://localhost:51010/Oppgave2.aspx 200 0 0 6
2019-12-10 11:35:39 ::1 GET /ccs1.css - 51010 - ::1 Mozilla/5.0+(Windows+NT+10.0;+Win64;+x64)+AppleWebKit/537.36+(KHTML,+like+Gecko)+Chrome/78.0.3904.108+Safari/537.36 http://localhost:51010/Oppgave2.aspx 200 0 0 4
2019-12-10 11:35:49 ::1 GET /ccs1.css - 51010 - ::1 Mozilla/5.0+(Windows+NT+10.0;+Win64;+x64)+AppleWebKit/537.36+(KHTML,+like+Gecko)+Chrome/78.0.3904.108+Safari/537.36 http://localhost:51010/Oppgave2.aspx 304 0 0 2
2019-12-10 11:36:41 ::1 POST /Oppgave2.aspx - 51010 - ::1 Mozilla/5.0+(Windows+NT+10.0;+Win64;+x64)+AppleWebKit/537.36+(KHTML,+like+Gecko)+Chrome/78.0.3904.108+Safari/537.36 http://localhost:51010/Oppgave2.aspx 200 0 0 1455
2019-12-10 11:36:41 ::1 GET /ccs1.css - 51010 - ::1 Mozilla/5.0+(Windows+NT+10.0;+Win64;+x64)+AppleWebKit/537.36+(KHTML,+like+Gecko)+Chrome/78.0.3904.108+Safari/537.36 http://localhost:51010/Oppgave2.aspx 304 0 0 8
2019-12-10 11:37:38 ::1 POST /Oppgave2.aspx - 51010 - ::1 Mozilla/5.0+(Windows+NT+10.0;+Win64;+x64)+AppleWebKit/537.36+(KHTML,+like+Gecko)+Chrome/78.0.3904.108+Safari/537.36 http://localhost:51010/Oppgave2.aspx 200 0 0 700
2019-12-10 11:37:38 ::1 GET /ccs1.css - 51010 - ::1 Mozilla/5.0+(Windows+NT+10.0;+Win64;+x64)+AppleWebKit/537.36+(KHTML,+like+Gecko)+Chrome/78.0.3904.108+Safari/537.36 http://localhost:51010/Oppgave2.aspx 304 0 0 3
2019-12-10 11:37:49 ::1 POST /Oppgave2.aspx - 51010 - ::1 Mozilla/5.0+(Windows+NT+10.0;+Win64;+x64)+AppleWebKit/537.36+(KHTML,+like+Gecko)+Chrome/78.0.3904.108+Safari/537.36 http://localhost:51010/Oppgave2.aspx 200 0 0 782
2019-12-10 11:37:58 ::1 POST /Oppgave1.aspx - 51010 - ::1 Mozilla/5.0+(Windows+NT+10.0;+Win64;+x64)+AppleWebKit/537.36+(KHTML,+like+Gecko)+Chrome/78.0.3904.108+Safari/537.36 http://localhost:51010/Oppgave1.aspx 200 0 0 31
2019-12-10 11:37:58 ::1 GET /ccs1.css - 51010 - ::1 Mozilla/5.0+(Windows+NT+10.0;+Win64;+x64)+AppleWebKit/537.36+(KHTML,+like+Gecko)+Chrome/78.0.3904.108+Safari/537.36 http://localhost:51010/Oppgave1.aspx 200 0 0 15
2019-12-10 11:37:58 ::1 GET /Bilder/liggende.jpg - 51010 - ::1 Mozilla/5.0+(Windows+NT+10.0;+Win64;+x64)+AppleWebKit/537.36+(KHTML,+like+Gecko)+Chrome/78.0.3904.108+Safari/537.36 http://localhost:51010/Oppgave1.aspx 304 0 0 21
2019-12-10 11:39:34 ::1 GET /Oppgave3.aspx - 51010 - ::1 Mozilla/5.0+(Windows+NT+10.0;+Win64;+x64)+AppleWebKit/537.36+(KHTML,+like+Gecko)+Chrome/78.0.3904.108+Safari/537.36 - 200 0 0 1004
2019-12-10 11:40:06 ::1 GET /Oppgave3.aspx - 51010 - ::1 Mozilla/5.0+(Windows+NT+10.0;+Win64;+x64)+AppleWebKit/537.36+(KHTML,+like+Gecko)+Chrome/78.0.3904.108+Safari/537.36 - 200 0 0 809
2019-12-10 11:40:16 ::1 GET /Oppgave3.aspx - 51010 - ::1 Mozilla/5.0+(Windows+NT+10.0;+Win64;+x64)+AppleWebKit/537.36+(KHTML,+like+Gecko)+Chrome/78.0.3904.108+Safari/537.36 - 200 0 0 761
2019-12-10 11:40:28 ::1 POST /Oppgave3.aspx - 51010 - ::1 Mozilla/5.0+(Windows+NT+10.0;+Win64;+x64)+AppleWebKit/537.36+(KHTML,+like+Gecko)+Chrome/78.0.3904.108+Safari/537.36 http://localhost:51010/Oppgave3.aspx 200 0 0 8
2019-12-10 11:40:28 ::1 GET /Bilder/granbo.jpg - 51010 - ::1 Mozilla/5.0+(Windows+NT+10.0;+Win64;+x64)+AppleWebKit/537.36+(KHTML,+like+Gecko)+Chrome/78.0.3904.108+Safari/537.36 http://localhost:51010/Oppgave3.aspx 200 0 0 7
2019-12-10 11:40:28 ::1 GET /Bilder/grantoppen.jpg - 51010 - ::1 Mozilla/5.0+(Windows+NT+10.0;+Win64;+x64)+AppleWebKit/537.36+(KHTML,+like+Gecko)+Chrome/78.0.3904.108+Safari/537.36 http://localhost:51010/Oppgave3.aspx 200 0 0 15
2019-12-10 11:40:28 ::1 GET /Bilder/granhaug.jpg - 51010 - ::1 Mozilla/5.0+(Windows+NT+10.0;+Win64;+x64)+AppleWebKit/537.36+(KHTML,+like+Gecko)+Chrome/78.0.3904.108+Safari/537.36 http://localhost:51010/Oppgave3.aspx 200 0 0 15
2019-12-10 11:41:51 ::1 POST /Oppgave3.aspx - 51010 - ::1 Mozilla/5.0+(Windows+NT+10.0;+Win64;+x64)+AppleWebKit/537.36+(KHTML,+like+Gecko)+Chrome/78.0.3904.108+Safari/537.36 http://localhost:51010/Oppgave3.aspx 200 0 0 824
2019-12-10 11:42:53 ::1 POST /Oppgave3.aspx - 51010 - ::1 Mozilla/5.0+(Windows+NT+10.0;+Win64;+x64)+AppleWebKit/537.36+(KHTML,+like+Gecko)+Chrome/78.0.3904.108+Safari/537.36 http://localhost:51010/Oppgave3.aspx 200 0 0 792
2019-12-10 11:43:38 ::1 POST /Oppgave3.aspx - 51010 - ::1 Mozilla/5.0+(Windows+NT+10.0;+Win64;+x64)+AppleWebKit/537.36+(KHTML,+like+Gecko)+Chrome/78.0.3904.108+Safari/537.36 http://localhost:51010/Oppgave3.aspx 200 0 0 814
2019-12-10 11:43:41 ::1 POST /Oppgave3.aspx - 51010 - ::1 Mozilla/5.0+(Windows+NT+10.0;+Win64;+x64)+AppleWebKit/537.36+(KHTML,+like+Gecko)+Chrome/78.0.3904.108+Safari/537.36 http://localhost:51010/Oppgave3.aspx 200 0 0 7
2019-12-10 11:43:53 ::1 POST /Oppgave3.aspx - 51010 - ::1 Mozilla/5.0+(Windows+NT+10.0;+Win64;+x64)+AppleWebKit/537.36+(KHTML,+like+Gecko)+Chrome/78.0.3904.108+Safari/537.36 http://localhost:51010/Oppgave3.aspx 200 0 0 806
2019-12-10 11:44:11 ::1 POST /Oppgave3.aspx - 51010 - ::1 Mozilla/5.0+(Windows+NT+10.0;+Win64;+x64)+AppleWebKit/537.36+(KHTML,+like+Gecko)+Chrome/78.0.3904.108+Safari/537.36 http://localhost:51010/Oppgave3.aspx 200 0 0 827
2019-12-10 11:44:20 ::1 POST /Oppgave3.aspx - 51010 - ::1 Mozilla/5.0+(Windows+NT+10.0;+Win64;+x64)+AppleWebKit/537.36+(KHTML,+like+Gecko)+Chrome/78.0.3904.108+Safari/537.36 http://localhost:51010/Oppgave3.aspx 200 0 0 808
2019-12-10 11:44:49 ::1 POST /Oppgave3.aspx - 51010 - ::1 Mozilla/5.0+(Windows+NT+10.0;+Win64;+x64)+AppleWebKit/537.36+(KHTML,+like+Gecko)+Chrome/78.0.3904.108+Safari/537.36 http://localhost:51010/Oppgave3.aspx 200 0 0 844
2019-12-10 11:45:35 ::1 POST /Oppgave3.aspx - 51010 - ::1 Mozilla/5.0+(Windows+NT+10.0;+Win64;+x64)+AppleWebKit/537.36+(KHTML,+like+Gecko)+Chrome/78.0.3904.108+Safari/537.36 http://localhost:51010/Oppgave3.aspx 200 0 0 802
2019-12-10 11:46:18 ::1 POST /Oppgave3.aspx - 51010 - ::1 Mozilla/5.0+(Windows+NT+10.0;+Win64;+x64)+AppleWebKit/537.36+(KHTML,+like+Gecko)+Chrome/78.0.3904.108+Safari/537.36 http://localhost:51010/Oppgave3.aspx 200 0 0 815
2019-12-10 11:46:25 ::1 POST /Oppgave3.aspx - 51010 - ::1 Mozilla/5.0+(Windows+NT+10.0;+Win64;+x64)+AppleWebKit/537.36+(KHTML,+like+Gecko)+Chrome/78.0.3904.108+Safari/537.36 http://localhost:51010/Oppgave3.aspx 200 0 0 1221
2019-12-10 11:46:29 ::1 POST /Oppgave3.aspx - 51010 - ::1 Mozilla/5.0+(Windows+NT+10.0;+Win64;+x64)+AppleWebKit/537.36+(KHTML,+like+Gecko)+Chrome/78.0.3904.108+Safari/537.36 http://localhost:51010/Oppgave3.aspx 200 0 0 751
2019-12-10 11:46:42 ::1 POST /Oppgave3.aspx - 51010 - ::1 Mozilla/5.0+(Windows+NT+10.0;+Win64;+x64)+AppleWebKit/537.36+(KHTML,+like+Gecko)+Chrome/78.0.3904.108+Safari/537.36 http://localhost:51010/Oppgave3.aspx 200 0 0 768
2019-12-10 11:47:11 ::1 POST /Oppgave3.aspx - 51010 - ::1 Mozilla/5.0+(Windows+NT+10.0;+Win64;+x64)+AppleWebKit/537.36+(KHTML,+like+Gecko)+Chrome/78.0.3904.108+Safari/537.36 http://localhost:51010/Oppgave3.aspx 200 0 0 767
2019-12-10 11:47:16 ::1 POST /Oppgave3.aspx - 51010 - ::1 Mozilla/5.0+(Windows+NT+10.0;+Win64;+x64)+AppleWebKit/537.36+(KHTML,+like+Gecko)+Chrome/78.0.3904.108+Safari/537.36 http://localhost:51010/Oppgave3.aspx 200 0 0 763
2019-12-10 11:47:48 ::1 POST /Oppgave3.aspx - 51010 - ::1 Mozilla/5.0+(Windows+NT+10.0;+Win64;+x64)+AppleWebKit/537.36+(KHTML,+like+Gecko)+Chrome/78.0.3904.108+Safari/537.36 http://localhost:51010/Oppgave3.aspx 200 0 0 17
2019-12-10 11:48:09 ::1 POST /Oppgave3.aspx - 51010 - ::1 Mozilla/5.0+(Windows+NT+10.0;+Win64;+x64)+AppleWebKit/537.36+(KHTML,+like+Gecko)+Chrome/78.0.3904.108+Safari/537.36 http://localhost:51010/Oppgave3.aspx 200 0 0 818
2019-12-10 11:48:40 ::1 POST /Oppgave3.aspx - 51010 - ::1 Mozilla/5.0+(Windows+NT+10.0;+Win64;+x64)+AppleWebKit/537.36+(KHTML,+like+Gecko)+Chrome/78.0.3904.108+Safari/537.36 http://localhost:51010/Oppgave3.aspx 200 0 0 753
2019-12-10 11:49:36 ::1 POST /Oppgave3.aspx - 51010 - ::1 Mozilla/5.0+(Windows+NT+10.0;+Win64;+x64)+AppleWebKit/537.36+(KHTML,+like+Gecko)+Chrome/78.0.3904.108+Safari/537.36 http://localhost:51010/Oppgave3.aspx 200 0 0 820
2019-12-10 11:49:54 ::1 POST /Oppgave3.aspx - 51010 - ::1 Mozilla/5.0+(Windows+NT+10.0;+Win64;+x64)+AppleWebKit/537.36+(KHTML,+like+Gecko)+Chrome/78.0.3904.108+Safari/537.36 http://localhost:51010/Oppgave3.aspx 200 0 0 945
2019-12-10 11:50:15 ::1 POST /Oppgave3.aspx - 51010 - ::1 Mozilla/5.0+(Windows+NT+10.0;+Win64;+x64)+AppleWebKit/537.36+(KHTML,+like+Gecko)+Chrome/78.0.3904.108+Safari/537.36 http://localhost:51010/Oppgave3.aspx 200 0 0 755
2019-12-10 11:50:30 ::1 POST /Oppgave3.aspx - 51010 - ::1 Mozilla/5.0+(Windows+NT+10.0;+Win64;+x64)+AppleWebKit/537.36+(KHTML,+like+Gecko)+Chrome/78.0.3904.108+Safari/537.36 http://localhost:51010/Oppgave3.aspx 200 0 0 777
2019-12-10 11:50:45 ::1 POST /Oppgave3.aspx - 51010 - ::1 Mozilla/5.0+(Windows+NT+10.0;+Win64;+x64)+AppleWebKit/537.36+(KHTML,+like+Gecko)+Chrome/78.0.3904.108+Safari/537.36 http://localhost:51010/Oppgave3.aspx 200 0 0 791
2019-12-10 11:51:14 ::1 POST /Oppgave3.aspx - 51010 - ::1 Mozilla/5.0+(Windows+NT+10.0;+Win64;+x64)+AppleWebKit/537.36+(KHTML,+like+Gecko)+Chrome/78.0.3904.108+Safari/537.36 http://localhost:51010/Oppgave3.aspx 200 0 0 816
2019-12-10 11:51:30 ::1 POST /Oppgave3.aspx - 51010 - ::1 Mozilla/5.0+(Windows+NT+10.0;+Win64;+x64)+AppleWebKit/537.36+(KHTML,+like+Gecko)+Chrome/78.0.3904.108+Safari/537.36 http://localhost:51010/Oppgave3.aspx 200 0 0 851
2019-12-10 11:51:35 ::1 POST /Oppgave3.aspx - 51010 - ::1 Mozilla/5.0+(Windows+NT+10.0;+Win64;+x64)+AppleWebKit/537.36+(KHTML,+like+Gecko)+Chrome/78.0.3904.108+Safari/537.36 http://localhost:51010/Oppgave3.aspx 200 0 0 749
2019-12-10 11:52:12 ::1 POST /Oppgave3.aspx - 51010 - ::1 Mozilla/5.0+(Windows+NT+10.0;+Win64;+x64)+AppleWebKit/537.36+(KHTML,+like+Gecko)+Chrome/78.0.3904.108+Safari/537.36 http://localhost:51010/Oppgave3.aspx 200 0 0 1329
2019-12-10 11:52:32 ::1 POST /Oppgave3.aspx - 51010 - ::1 Mozilla/5.0+(Windows+NT+10.0;+Win64;+x64)+AppleWebKit/537.36+(KHTML,+like+Gecko)+Chrome/78.0.3904.108+Safari/537.36 http://localhost:51010/Oppgave3.aspx 200 0 0 825
2019-12-10 11:52:52 ::1 POST /Oppgave3.aspx - 51010 - ::1 Mozilla/5.0+(Windows+NT+10.0;+Win64;+x64)+AppleWebKit/537.36+(KHTML,+like+Gecko)+Chrome/78.0.3904.108+Safari/537.36 http://localhost:51010/Oppgave3.aspx 200 0 0 765
2019-12-10 11:53:06 ::1 POST /Oppgave3.aspx - 51010 - ::1 Mozilla/5.0+(Windows+NT+10.0;+Win64;+x64)+AppleWebKit/537.36+(KHTML,+like+Gecko)+Chrome/78.0.3904.108+Safari/537.36 http://localhost:51010/Oppgave3.aspx 200 0 0 840
2019-12-10 11:53:12 ::1 POST /Oppgave3.aspx - 51010 - ::1 Mozilla/5.0+(Windows+NT+10.0;+Win64;+x64)+AppleWebKit/537.36+(KHTML,+like+Gecko)+Chrome/78.0.3904.108+Safari/537.36 http://localhost:51010/Oppgave3.aspx 200 0 0 889
2019-12-10 11:53:37 ::1 POST /Oppgave3.aspx - 51010 - ::1 Mozilla/5.0+(Windows+NT+10.0;+Win64;+x64)+AppleWebKit/537.36+(KHTML,+like+Gecko)+Chrome/78.0.3904.108+Safari/537.36 http://localhost:51010/Oppgave3.aspx 200 0 0 807
2019-12-10 11:53:42 ::1 POST /Oppgave3.aspx - 51010 - ::1 Mozilla/5.0+(Windows+NT+10.0;+Win64;+x64)+AppleWebKit/537.36+(KHTML,+like+Gecko)+Chrome/78.0.3904.108+Safari/537.36 http://localhost:51010/Oppgave3.aspx 200 0 0 754
2019-12-10 11:53:51 ::1 POST /Oppgave3.aspx - 51010 - ::1 Mozilla/5.0+(Windows+NT+10.0;+Win64;+x64)+AppleWebKit/537.36+(KHTML,+like+Gecko)+Chrome/78.0.3904.108+Safari/537.36 http://localhost:51010/Oppgave3.aspx 200 0 0 784
2019-12-10 11:53:59 ::1 POST /Oppgave3.aspx - 51010 - ::1 Mozilla/5.0+(Windows+NT+10.0;+Win64;+x64)+AppleWebKit/537.36+(KHTML,+like+Gecko)+Chrome/78.0.3904.108+Safari/537.36 http://localhost:51010/Oppgave3.aspx 200 0 0 744
2019-12-10 11:54:08 ::1 POST /Oppgave3.aspx - 51010 - ::1 Mozilla/5.0+(Windows+NT+10.0;+Win64;+x64)+AppleWebKit/537.36+(KHTML,+like+Gecko)+Chrome/78.0.3904.108+Safari/537.36 http://localhost:51010/Oppgave3.aspx 200 0 0 762
2019-12-10 11:54:14 ::1 POST /Oppgave3.aspx - 51010 - ::1 Mozilla/5.0+(Windows+NT+10.0;+Win64;+x64)+AppleWebKit/537.36+(KHTML,+like+Gecko)+Chrome/78.0.3904.108+Safari/537.36 http://localhost:51010/Oppgave3.aspx 200 0 0 957
2019-12-10 11:54:19 ::1 POST /Oppgave3.aspx - 51010 - ::1 Mozilla/5.0+(Windows+NT+10.0;+Win64;+x64)+AppleWebKit/537.36+(KHTML,+like+Gecko)+Chrome/78.0.3904.108+Safari/537.36 http://localhost:51010/Oppgave3.aspx 200 0 0 848
2019-12-10 11:54:28 ::1 POST /Oppgave3.aspx - 51010 - ::1 Mozilla/5.0+(Windows+NT+10.0;+Win64;+x64)+AppleWebKit/537.36+(KHTML,+like+Gecko)+Chrome/78.0.3904.108+Safari/537.36 http://localhost:51010/Oppgave3.aspx 200 0 0 780
2019-12-10 11:54:40 ::1 POST /Oppgave3.aspx - 51010 - ::1 Mozilla/5.0+(Windows+NT+10.0;+Win64;+x64)+AppleWebKit/537.36+(KHTML,+like+Gecko)+Chrome/78.0.3904.108+Safari/537.36 http://localhost:51010/Oppgave3.aspx 200 0 0 830
2019-12-10 11:54:45 ::1 POST /Oppgave3.aspx - 51010 - ::1 Mozilla/5.0+(Windows+NT+10.0;+Win64;+x64)+AppleWebKit/537.36+(KHTML,+like+Gecko)+Chrome/78.0.3904.108+Safari/537.36 http://localhost:51010/Oppgave3.aspx 200 0 0 5
2019-12-10 11:54:45 ::1 GET /Bilder/granstua.jpg - 51010 - ::1 Mozilla/5.0+(Windows+NT+10.0;+Win64;+x64)+AppleWebKit/537.36+(KHTML,+like+Gecko)+Chrome/78.0.3904.108+Safari/537.36 http://localhost:51010/Oppgave3.aspx 200 0 0 13
2019-12-10 11:54:48 ::1 POST /Oppgave3.aspx - 51010 - ::1 Mozilla/5.0+(Windows+NT+10.0;+Win64;+x64)+AppleWebKit/537.36+(KHTML,+like+Gecko)+Chrome/78.0.3904.108+Safari/537.36 http://localhost:51010/Oppgave3.aspx 200 0 0 4
2019-12-10 11:54:50 ::1 GET /Oppgave3.aspx - 51010 - ::1 Mozilla/5.0+(Windows+NT+10.0;+Win64;+x64)+AppleWebKit/537.36+(KHTML,+like+Gecko)+Chrome/78.0.3904.108+Safari/537.36 - 200 0 0 6
2019-12-10 11:54:53 ::1 POST /Oppgave3.aspx - 51010 - ::1 Mozilla/5.0+(Windows+NT+10.0;+Win64;+x64)+AppleWebKit/537.36+(KHTML,+like+Gecko)+Chrome/78.0.3904.108+Safari/537.36 http://localhost:51010/Oppgave3.aspx 200 0 0 8
2019-12-10 11:54:58 ::1 POST /Oppgave3.aspx - 51010 - ::1 Mozilla/5.0+(Windows+NT+10.0;+Win64;+x64)+AppleWebKit/537.36+(KHTML,+like+Gecko)+Chrome/78.0.3904.108+Safari/537.36 http://localhost:51010/Oppgave3.aspx 200 0 0 765
2019-12-10 11:55:03 ::1 GET /Oppgave3.aspx - 51010 - ::1 Mozilla/5.0+(Windows+NT+10.0;+Win64;+x64)+AppleWebKit/537.36+(KHTML,+like+Gecko)+Chrome/78.0.3904.108+Safari/537.36 - 200 0 0 8
2019-12-10 11:55:05 ::1 POST /Oppgave3.aspx - 51010 - ::1 Mozilla/5.0+(Windows+NT+10.0;+Win64;+x64)+AppleWebKit/537.36+(KHTML,+like+Gecko)+Chrome/78.0.3904.108+Safari/537.36 http://localhost:51010/Oppgave3.aspx 200 0 0 8
2019-12-10 11:55:55 ::1 POST /Oppgave3.aspx - 51010 - ::1 Mozilla/5.0+(Windows+NT+10.0;+Win64;+x64)+AppleWebKit/537.36+(KHTML,+like+Gecko)+Chrome/78.0.3904.108+Safari/537.36 http://localhost:51010/Oppgave3.aspx 200 0 0 1211
2019-12-10 11:55:55 ::1 GET /ccs2.css - 51010 - ::1 Mozilla/5.0+(Windows+NT+10.0;+Win64;+x64)+AppleWebKit/537.36+(KHTML,+like+Gecko)+Chrome/78.0.3904.108+Safari/537.36 http://localhost:51010/Oppgave3.aspx 200 0 0 12
2019-12-10 11:57:07 ::1 GET /Oppgave3utvidet.aspx - 51010 - ::1 Mozilla/5.0+(Windows+NT+10.0;+Win64;+x64)+AppleWebKit/537.36+(KHTML,+like+Gecko)+Chrome/78.0.3904.108+Safari/537.36 - 200 0 0 838
2019-12-10 11:57:07 ::1 GET /ccs2.css - 51010 - ::1 Mozilla/5.0+(Windows+NT+10.0;+Win64;+x64)+AppleWebKit/537.36+(KHTML,+like+Gecko)+Chrome/78.0.3904.108+Safari/537.36 http://localhost:51010/Oppgave3utvidet.aspx 304 0 0 3
2019-12-10 11:57:54 ::1 GET /Oppgave3utvidet.aspx - 51010 - ::1 Mozilla/5.0+(Windows+NT+10.0;+Win64;+x64)+AppleWebKit/537.36+(KHTML,+like+Gecko)+Chrome/78.0.3904.108+Safari/537.36 - 200 0 0 805
2019-12-10 11:57:54 ::1 GET /ccs2.css - 51010 - ::1 Mozilla/5.0+(Windows+NT+10.0;+Win64;+x64)+AppleWebKit/537.36+(KHTML,+like+Gecko)+Chrome/78.0.3904.108+Safari/537.36 http://localhost:51010/Oppgave3utvidet.aspx 304 0 0 5
2019-12-10 11:58:08 ::1 GET /Oppgave3utvidet.aspx - 51010 - ::1 Mozilla/5.0+(Windows+NT+10.0;+Win64;+x64)+AppleWebKit/537.36+(KHTML,+like+Gecko)+Chrome/78.0.3904.108+Safari/537.36 - 200 0 0 29
2019-12-10 11:58:08 ::1 GET /ccs2.css - 51010 - ::1 Mozilla/5.0+(Windows+NT+10.0;+Win64;+x64)+AppleWebKit/537.36+(KHTML,+like+Gecko)+Chrome/78.0.3904.108+Safari/537.36 http://localhost:51010/Oppgave3utvidet.aspx 200 0 0 8
2019-12-10 11:58:34 ::1 GET /Oppgave3utvidet.aspx - 51010 - ::1 Mozilla/5.0+(Windows+NT+10.0;+Win64;+x64)+AppleWebKit/537.36+(KHTML,+like+Gecko)+Chrome/78.0.3904.108+Safari/537.36 - 200 0 0 18
2019-12-10 11:58:34 ::1 GET /ccs2.css - 51010 - ::1 Mozilla/5.0+(Windows+NT+10.0;+Win64;+x64)+AppleWebKit/537.36+(KHTML,+like+Gecko)+Chrome/78.0.3904.108+Safari/537.36 http://localhost:51010/Oppgave3utvidet.aspx 200 0 0 10
2019-12-10 11:58:57 ::1 GET /Oppgave3utvidet.aspx - 51010 - ::1 Mozilla/5.0+(Windows+NT+10.0;+Win64;+x64)+AppleWebKit/537.36+(KHTML,+like+Gecko)+Chrome/78.0.3904.108+Safari/537.36 - 200 0 0 18
2019-12-10 11:58:57 ::1 GET /ccs2.css - 51010 - ::1 Mozilla/5.0+(Windows+NT+10.0;+Win64;+x64)+AppleWebKit/537.36+(KHTML,+like+Gecko)+Chrome/78.0.3904.108+Safari/537.36 http://localhost:51010/Oppgave3utvidet.aspx 200 0 0 10
2019-12-10 11:59:08 ::1 GET /Oppgave3utvidet.aspx - 51010 - ::1 Mozilla/5.0+(Windows+NT+10.0;+Win64;+x64)+AppleWebKit/537.36+(KHTML,+like+Gecko)+Chrome/78.0.3904.108+Safari/537.36 - 200 0 0 25
2019-12-10 11:59:08 ::1 GET /ccs2.css - 51010 - ::1 Mozilla/5.0+(Windows+NT+10.0;+Win64;+x64)+AppleWebKit/537.36+(KHTML,+like+Gecko)+Chrome/78.0.3904.108+Safari/537.36 http://localhost:51010/Oppgave3utvidet.aspx 200 0 0 3
2019-12-10 11:59:26 ::1 GET /Oppgave3utvidet.aspx - 51010 - ::1 Mozilla/5.0+(Windows+NT+10.0;+Win64;+x64)+AppleWebKit/537.36+(KHTML,+like+Gecko)+Chrome/78.0.3904.108+Safari/537.36 - 200 0 0 44
2019-12-10 11:59:26 ::1 GET /ccs2.css - 51010 - ::1 Mozilla/5.0+(Windows+NT+10.0;+Win64;+x64)+AppleWebKit/537.36+(KHTML,+like+Gecko)+Chrome/78.0.3904.108+Safari/537.36 http://localhost:51010/Oppgave3utvidet.aspx 200 0 0 18
2019-12-10 11:59:34 ::1 GET /Oppgave3utvidet.aspx - 51010 - ::1 Mozilla/5.0+(Windows+NT+10.0;+Win64;+x64)+AppleWebKit/537.36+(KHTML,+like+Gecko)+Chrome/78.0.3904.108+Safari/537.36 - 200 0 0 15
2019-12-10 11:59:34 ::1 GET /ccs2.css - 51010 - ::1 Mozilla/5.0+(Windows+NT+10.0;+Win64;+x64)+AppleWebKit/537.36+(KHTML,+like+Gecko)+Chrome/78.0.3904.108+Safari/537.36 http://localhost:51010/Oppgave3utvidet.aspx 200 0 0 2
2019-12-10 11:59:39 ::1 POST /Oppgave3utvidet.aspx - 51010 - ::1 Mozilla/5.0+(Windows+NT+10.0;+Win64;+x64)+AppleWebKit/537.36+(KHTML,+like+Gecko)+Chrome/78.0.3904.108+Safari/537.36 http://localhost:51010/Oppgave3utvidet.aspx 200 0 0 4
2019-12-10 11:59:39 ::1 GET /ccs2.css - 51010 - ::1 Mozilla/5.0+(Windows+NT+10.0;+Win64;+x64)+AppleWebKit/537.36+(KHTML,+like+Gecko)+Chrome/78.0.3904.108+Safari/537.36 http://localhost:51010/Oppgave3utvidet.aspx 304 0 0 4
2019-12-10 11:59:39 ::1 GET /Bilder/granbo.jpg - 51010 - ::1 Mozilla/5.0+(Windows+NT+10.0;+Win64;+x64)+AppleWebKit/537.36+(KHTML,+like+Gecko)+Chrome/78.0.3904.108+Safari/537.36 http://localhost:51010/Oppgave3utvidet.aspx 304 0 0 18
2019-12-10 12:00:52 ::1 POST /Oppgave3utvidet.aspx - 51010 - ::1 Mozilla/5.0+(Windows+NT+10.0;+Win64;+x64)+AppleWebKit/537.36+(KHTML,+like+Gecko)+Chrome/78.0.3904.108+Safari/537.36 http://localhost:51010/Oppgave3utvidet.aspx 200 0 0 837
2019-12-10 12:00:52 ::1 GET /ccs2.css - 51010 - ::1 Mozilla/5.0+(Windows+NT+10.0;+Win64;+x64)+AppleWebKit/537.36+(KHTML,+like+Gecko)+Chrome/78.0.3904.108+Safari/537.36 http://localhost:51010/Oppgave3utvidet.aspx 304 0 0 1
2019-12-10 12:01:20 ::1 POST /Oppgave3utvidet.aspx - 51010 - ::1 Mozilla/5.0+(Windows+NT+10.0;+Win64;+x64)+AppleWebKit/537.36+(KHTML,+like+Gecko)+Chrome/78.0.3904.108+Safari/537.36 http://localhost:51010/Oppgave3utvidet.aspx 200 0 0 881
2019-12-10 12:01:20 ::1 GET /ccs2.css - 51010 - ::1 Mozilla/5.0+(Windows+NT+10.0;+Win64;+x64)+AppleWebKit/537.36+(KHTML,+like+Gecko)+Chrome/78.0.3904.108+Safari/537.36 http://localhost:51010/Oppgave3utvidet.aspx 304 0 0 4
2019-12-10 12:01:32 ::1 POST /Oppgave3utvidet.aspx - 51010 - ::1 Mozilla/5.0+(Windows+NT+10.0;+Win64;+x64)+AppleWebKit/537.36+(KHTML,+like+Gecko)+Chrome/78.0.3904.108+Safari/537.36 http://localhost:51010/Oppgave3utvidet.aspx 200 0 0 812
2019-12-10 12:01:32 ::1 GET /ccs2.css - 51010 - ::1 Mozilla/5.0+(Windows+NT+10.0;+Win64;+x64)+AppleWebKit/537.36+(KHTML,+like+Gecko)+Chrome/78.0.3904.108+Safari/537.36 http://localhost:51010/Oppgave3utvidet.aspx 304 0 0 3
2019-12-10 12:01:36 ::1 POST /Oppgave3utvidet.aspx - 51010 - ::1 Mozilla/5.0+(Windows+NT+10.0;+Win64;+x64)+AppleWebKit/537.36+(KHTML,+like+Gecko)+Chrome/78.0.3904.108+Safari/537.36 http://localhost:51010/Oppgave3utvidet.aspx 200 0 0 864
2019-12-10 12:01:58 ::1 POST /Oppgave3utvidet.aspx - 51010 - ::1 Mozilla/5.0+(Windows+NT+10.0;+Win64;+x64)+AppleWebKit/537.36+(KHTML,+like+Gecko)+Chrome/78.0.3904.108+Safari/537.36 http://localhost:51010/Oppgave3utvidet.aspx 200 0 0 11
2019-12-10 12:01:58 ::1 GET /ccs2.css - 51010 - ::1 Mozilla/5.0+(Windows+NT+10.0;+Win64;+x64)+AppleWebKit/537.36+(KHTML,+like+Gecko)+Chrome/78.0.3904.108+Safari/537.36 http://localhost:51010/Oppgave3utvidet.aspx 200 0 0 10
2019-12-10 12:02:04 ::1 POST /Oppgave3utvidet.aspx - 51010 - ::1 Mozilla/5.0+(Windows+NT+10.0;+Win64;+x64)+AppleWebKit/537.36+(KHTML,+like+Gecko)+Chrome/78.0.3904.108+Safari/537.36 http://localhost:51010/Oppgave3utvidet.aspx 200 0 0 6
2019-12-10 12:02:04 ::1 GET /ccs2.css - 51010 - ::1 Mozilla/5.0+(Windows+NT+10.0;+Win64;+x64)+AppleWebKit/537.36+(KHTML,+like+Gecko)+Chrome/78.0.3904.108+Safari/537.36 http://localhost:51010/Oppgave3utvidet.aspx 200 0 0 2
2019-12-10 12:02:08 ::1 POST /Oppgave3utvidet.aspx - 51010 - ::1 Mozilla/5.0+(Windows+NT+10.0;+Win64;+x64)+AppleWebKit/537.36+(KHTML,+like+Gecko)+Chrome/78.0.3904.108+Safari/537.36 http://localhost:51010/Oppgave3utvidet.aspx 200 0 0 12
2019-12-10 12:02:08 ::1 GET /ccs2.css - 51010 - ::1 Mozilla/5.0+(Windows+NT+10.0;+Win64;+x64)+AppleWebKit/537.36+(KHTML,+like+Gecko)+Chrome/78.0.3904.108+Safari/537.36 http://localhost:51010/Oppgave3utvidet.aspx 200 0 0 16
2019-12-10 12:02:28 ::1 POST /Oppgave3.aspx - 51010 - ::1 Mozilla/5.0+(Windows+NT+10.0;+Win64;+x64)+AppleWebKit/537.36+(KHTML,+like+Gecko)+Chrome/78.0.3904.108+Safari/537.36 http://localhost:51010/Oppgave3.aspx 200 0 0 27
2019-12-10 12:02:28 ::1 GET /ccs2.css - 51010 - ::1 Mozilla/5.0+(Windows+NT+10.0;+Win64;+x64)+AppleWebKit/537.36+(KHTML,+like+Gecko)+Chrome/78.0.3904.108+Safari/537.36 http://localhost:51010/Oppgave3.aspx 304 0 0 0
2019-12-10 12:02:34 ::1 POST /Oppgave3.aspx - 51010 - ::1 Mozilla/5.0+(Windows+NT+10.0;+Win64;+x64)+AppleWebKit/537.36+(KHTML,+like+Gecko)+Chrome/78.0.3904.108+Safari/537.36 http://localhost:51010/Oppgave3.aspx 200 0 0 6
2019-12-10 12:02:34 ::1 GET /ccs2.css - 51010 - ::1 Mozilla/5.0+(Windows+NT+10.0;+Win64;+x64)+AppleWebKit/537.36+(KHTML,+like+Gecko)+Chrome/78.0.3904.108+Safari/537.36 http://localhost:51010/Oppgave3.aspx 304 0 0 3
2019-12-10 12:02:58 ::1 POST /Oppgave3.aspx - 51010 - ::1 Mozilla/5.0+(Windows+NT+10.0;+Win64;+x64)+AppleWebKit/537.36+(KHTML,+like+Gecko)+Chrome/78.0.3904.108+Safari/537.36 http://localhost:51010/Oppgave3.aspx 200 0 0 5
2019-12-10 12:02:58 ::1 GET /ccs2.css - 51010 - ::1 Mozilla/5.0+(Windows+NT+10.0;+Win64;+x64)+AppleWebKit/537.36+(KHTML,+like+Gecko)+Chrome/78.0.3904.108+Safari/537.36 http://localhost:51010/Oppgave3.aspx 200 0 0 1
2019-12-10 12:03:03 ::1 POST /Oppgave3.aspx - 51010 - ::1 Mozilla/5.0+(Windows+NT+10.0;+Win64;+x64)+AppleWebKit/537.36+(KHTML,+like+Gecko)+Chrome/78.0.3904.108+Safari/537.36 http://localhost:51010/Oppgave3.aspx 200 0 0 13
2019-12-10 12:03:03 ::1 GET /ccs2.css - 51010 - ::1 Mozilla/5.0+(Windows+NT+10.0;+Win64;+x64)+AppleWebKit/537.36+(KHTML,+like+Gecko)+Chrome/78.0.3904.108+Safari/537.36 http://localhost:51010/Oppgave3.aspx 304 0 0 1
2019-12-10 12:03:03 ::1 GET /Bilder/granhaug.jpg - 51010 - ::1 Mozilla/5.0+(Windows+NT+10.0;+Win64;+x64)+AppleWebKit/537.36+(KHTML,+like+Gecko)+Chrome/78.0.3904.108+Safari/537.36 http://localhost:51010/Oppgave3.aspx 304 0 0 30
2019-12-10 12:03:03 ::1 GET /Bilder/grantoppen.jpg - 51010 - ::1 Mozilla/5.0+(Windows+NT+10.0;+Win64;+x64)+AppleWebKit/537.36+(KHTML,+like+Gecko)+Chrome/78.0.3904.108+Safari/537.36 http://localhost:51010/Oppgave3.aspx 304 0 0 30
2019-12-10 12:03:07 ::1 POST /Oppgave3utvidet.aspx - 51010 - ::1 Mozilla/5.0+(Windows+NT+10.0;+Win64;+x64)+AppleWebKit/537.36+(KHTML,+like+Gecko)+Chrome/78.0.3904.108+Safari/537.36 http://localhost:51010/Oppgave3utvidet.aspx 200 0 0 4
2019-12-10 12:03:07 ::1 GET /ccs2.css - 51010 - ::1 Mozilla/5.0+(Windows+NT+10.0;+Win64;+x64)+AppleWebKit/537.36+(KHTML,+like+Gecko)+Chrome/78.0.3904.108+Safari/537.36 http://localhost:51010/Oppgave3utvidet.aspx 304 0 0 2
2019-12-10 12:03:17 ::1 POST /Oppgave3utvidet.aspx - 51010 - ::1 Mozilla/5.0+(Windows+NT+10.0;+Win64;+x64)+AppleWebKit/537.36+(KHTML,+like+Gecko)+Chrome/78.0.3904.108+Safari/537.36 http://localhost:51010/Oppgave3utvidet.aspx 200 0 0 7
2019-12-10 12:03:17 ::1 GET /ccs2.css - 51010 - ::1 Mozilla/5.0+(Windows+NT+10.0;+Win64;+x64)+AppleWebKit/537.36+(KHTML,+like+Gecko)+Chrome/78.0.3904.108+Safari/537.36 http://localhost:51010/Oppgave3utvidet.aspx 304 0 0 2
2019-12-10 12:03:22 ::1 POST /Oppgave3utvidet.aspx - 51010 - ::1 Mozilla/5.0+(Windows+NT+10.0;+Win64;+x64)+AppleWebKit/537.36+(KHTML,+like+Gecko)+Chrome/78.0.3904.108+Safari/537.36 http://localhost:51010/Oppgave3utvidet.aspx 200 0 0 5
2019-12-10 12:03:22 ::1 GET /ccs2.css - 51010 - ::1 Mozilla/5.0+(Windows+NT+10.0;+Win64;+x64)+AppleWebKit/537.36+(KHTML,+like+Gecko)+Chrome/78.0.3904.108+Safari/537.36 http://localhost:51010/Oppgave3utvidet.aspx 304 0 0 3
2019-12-10 12:03:26 ::1 POST /Oppgave3utvidet.aspx - 51010 - ::1 Mozilla/5.0+(Windows+NT+10.0;+Win64;+x64)+AppleWebKit/537.36+(KHTML,+like+Gecko)+Chrome/78.0.3904.108+Safari/537.36 http://localhost:51010/Oppgave3utvidet.aspx 200 0 0 4
2019-12-10 12:03:26 ::1 GET /ccs2.css - 51010 - ::1 Mozilla/5.0+(Windows+NT+10.0;+Win64;+x64)+AppleWebKit/537.36+(KHTML,+like+Gecko)+Chrome/78.0.3904.108+Safari/537.36 http://localhost:51010/Oppgave3utvidet.aspx 304 0 0 7
2019-12-10 12:04:10 ::1 POST /Oppgave3utvidet.aspx - 51010 - ::1 Mozilla/5.0+(Windows+NT+10.0;+Win64;+x64)+AppleWebKit/537.36+(KHTML,+like+Gecko)+Chrome/78.0.3904.108+Safari/537.36 http://localhost:51010/Oppgave3utvidet.aspx 200 0 0 23
2019-12-10 12:04:10 ::1 GET /ccs2.css - 51010 - ::1 Mozilla/5.0+(Windows+NT+10.0;+Win64;+x64)+AppleWebKit/537.36+(KHTML,+like+Gecko)+Chrome/78.0.3904.108+Safari/537.36 http://localhost:51010/Oppgave3utvidet.aspx 304 0 0 2
2019-12-10 12:04:13 ::1 POST /Oppgave3utvidet.aspx - 51010 - ::1 Mozilla/5.0+(Windows+NT+10.0;+Win64;+x64)+AppleWebKit/537.36+(KHTML,+like+Gecko)+Chrome/78.0.3904.108+Safari/537.36 http://localhost:51010/Oppgave3utvidet.aspx 200 0 0 5
2019-12-10 12:04:31 ::1 POST /Oppgave3utvidet.aspx - 51010 - ::1 Mozilla/5.0+(Windows+NT+10.0;+Win64;+x64)+AppleWebKit/537.36+(KHTML,+like+Gecko)+Chrome/78.0.3904.108+Safari/537.36 http://localhost:51010/Oppgave3utvidet.aspx 200 0 0 8
2019-12-10 12:04:31 ::1 GET /ccs2.css - 51010 - ::1 Mozilla/5.0+(Windows+NT+10.0;+Win64;+x64)+AppleWebKit/537.36+(KHTML,+like+Gecko)+Chrome/78.0.3904.108+Safari/537.36 http://localhost:51010/Oppgave3utvidet.aspx 304 0 0 3
2019-12-10 12:04:38 ::1 POST /Oppgave3utvidet.aspx - 51010 - ::1 Mozilla/5.0+(Windows+NT+10.0;+Win64;+x64)+AppleWebKit/537.36+(KHTML,+like+Gecko)+Chrome/78.0.3904.108+Safari/537.36 http://localhost:51010/Oppgave3utvidet.aspx 200 0 0 6
2019-12-10 12:04:41 ::1 POST /Oppgave3utvidet.aspx - 51010 - ::1 Mozilla/5.0+(Windows+NT+10.0;+Win64;+x64)+AppleWebKit/537.36+(KHTML,+like+Gecko)+Chrome/78.0.3904.108+Safari/537.36 http://localhost:51010/Oppgave3utvidet.aspx 200 0 0 16
2019-12-10 12:04:41 ::1 GET /ccs2.css - 51010 - ::1 Mozilla/5.0+(Windows+NT+10.0;+Win64;+x64)+AppleWebKit/537.36+(KHTML,+like+Gecko)+Chrome/78.0.3904.108+Safari/537.36 http://localhost:51010/Oppgave3utvidet.aspx 304 0 0 9
2019-12-10 12:05:23 ::1 POST /Oppgave3utvidet.aspx - 51010 - ::1 Mozilla/5.0+(Windows+NT+10.0;+Win64;+x64)+AppleWebKit/537.36+(KHTML,+like+Gecko)+Chrome/78.0.3904.108+Safari/537.36 http://localhost:51010/Oppgave3utvidet.aspx 200 0 0 14
2019-12-10 12:05:23 ::1 GET /ccs2.css - 51010 - ::1 Mozilla/5.0+(Windows+NT+10.0;+Win64;+x64)+AppleWebKit/537.36+(KHTML,+like+Gecko)+Chrome/78.0.3904.108+Safari/537.36 http://localhost:51010/Oppgave3utvidet.aspx 304 0 0 2
2019-12-10 12:05:27 ::1 POST /Oppgave3utvidet.aspx - 51010 - ::1 Mozilla/5.0+(Windows+NT+10.0;+Win64;+x64)+AppleWebKit/537.36+(KHTML,+like+Gecko)+Chrome/78.0.3904.108+Safari/537.36 http://localhost:51010/Oppgave3utvidet.aspx 200 0 0 9
2019-12-10 12:05:41 ::1 GET /Oppgave3utvidet.aspx - 51010 - ::1 Mozilla/5.0+(Windows+NT+10.0;+Win64;+x64)+AppleWebKit/537.36+(KHTML,+like+Gecko)+Chrome/78.0.3904.108+Safari/537.36 - 200 0 0 7
2019-12-10 12:05:41 ::1 GET /ccs2.css - 51010 - ::1 Mozilla/5.0+(Windows+NT+10.0;+Win64;+x64)+AppleWebKit/537.36+(KHTML,+like+Gecko)+Chrome/78.0.3904.108+Safari/537.36 http://localhost:51010/Oppgave3utvidet.aspx 304 0 0 4
2019-12-10 12:05:45 ::1 POST /Oppgave3utvidet.aspx - 51010 - ::1 Mozilla/5.0+(Windows+NT+10.0;+Win64;+x64)+AppleWebKit/537.36+(KHTML,+like+Gecko)+Chrome/78.0.3904.108+Safari/537.36 http://localhost:51010/Oppgave3utvidet.aspx 200 0 0 4
2019-12-10 12:05:48 ::1 POST /Oppgave3utvidet.aspx - 51010 - ::1 Mozilla/5.0+(Windows+NT+10.0;+Win64;+x64)+AppleWebKit/537.36+(KHTML,+like+Gecko)+Chrome/78.0.3904.108+Safari/537.36 http://localhost:51010/Oppgave3utvidet.aspx 200 0 0 5
2019-12-10 12:06:26 ::1 POST /Oppgave3utvidet.aspx - 51010 - ::1 Mozilla/5.0+(Windows+NT+10.0;+Win64;+x64)+AppleWebKit/537.36+(KHTML,+like+Gecko)+Chrome/78.0.3904.108+Safari/537.36 http://localhost:51010/Oppgave3utvidet.aspx 200 0 0 4
2019-12-10 12:06:26 ::1 GET /ccs2.css - 51010 - ::1 Mozilla/5.0+(Windows+NT+10.0;+Win64;+x64)+AppleWebKit/537.36+(KHTML,+like+Gecko)+Chrome/78.0.3904.108+Safari/537.36 http://localhost:51010/Oppgave3utvidet.aspx 304 0 0 2
2019-12-10 12:06:33 ::1 POST /Oppgave3utvidet.aspx - 51010 - ::1 Mozilla/5.0+(Windows+NT+10.0;+Win64;+x64)+AppleWebKit/537.36+(KHTML,+like+Gecko)+Chrome/78.0.3904.108+Safari/537.36 http://localhost:51010/Oppgave3utvidet.aspx 200 0 0 10
2019-12-10 12:06:34 ::1 POST /Oppgave3utvidet.aspx - 51010 - ::1 Mozilla/5.0+(Windows+NT+10.0;+Win64;+x64)+AppleWebKit/537.36+(KHTML,+like+Gecko)+Chrome/78.0.3904.108+Safari/537.36 http://localhost:51010/Oppgave3utvidet.aspx 200 0 0 5
2019-12-10 12:06:34 ::1 POST /Oppgave3utvidet.aspx - 51010 - ::1 Mozilla/5.0+(Windows+NT+10.0;+Win64;+x64)+AppleWebKit/537.36+(KHTML,+like+Gecko)+Chrome/78.0.3904.108+Safari/537.36 http://localhost:51010/Oppgave3utvidet.aspx 200 0 0 5
2019-12-10 12:06:34 ::1 POST /Oppgave3utvidet.aspx - 51010 - ::1 Mozilla/5.0+(Windows+NT+10.0;+Win64;+x64)+AppleWebKit/537.36+(KHTML,+like+Gecko)+Chrome/78.0.3904.108+Safari/537.36 http://localhost:51010/Oppgave3utvidet.aspx 200 0 0 5
2019-12-10 12:06:38 ::1 POST /Oppgave3utvidet.aspx - 51010 - ::1 Mozilla/5.0+(Windows+NT+10.0;+Win64;+x64)+AppleWebKit/537.36+(KHTML,+like+Gecko)+Chrome/78.0.3904.108+Safari/537.36 http://localhost:51010/Oppgave3utvidet.aspx 200 0 0 6
2019-12-10 12:06:43 ::1 POST /Oppgave3utvidet.aspx - 51010 - ::1 Mozilla/5.0+(Windows+NT+10.0;+Win64;+x64)+AppleWebKit/537.36+(KHTML,+like+Gecko)+Chrome/78.0.3904.108+Safari/537.36 http://localhost:51010/Oppgave3utvidet.aspx 200 0 0 5
2019-12-10 12:06:45 ::1 POST /Oppgave3utvidet.aspx - 51010 - ::1 Mozilla/5.0+(Windows+NT+10.0;+Win64;+x64)+AppleWebKit/537.36+(KHTML,+like+Gecko)+Chrome/78.0.3904.108+Safari/537.36 http://localhost:51010/Oppgave3utvidet.aspx 200 0 0 5
2019-12-10 12:06:45 ::1 POST /Oppgave3utvidet.aspx - 51010 - ::1 Mozilla/5.0+(Windows+NT+10.0;+Win64;+x64)+AppleWebKit/537.36+(KHTML,+like+Gecko)+Chrome/78.0.3904.108+Safari/537.36 http://localhost:51010/Oppgave3utvidet.aspx 200 0 0 4
2019-12-10 12:06:47 ::1 POST /Oppgave3utvidet.aspx - 51010 - ::1 Mozilla/5.0+(Windows+NT+10.0;+Win64;+x64)+AppleWebKit/537.36+(KHTML,+like+Gecko)+Chrome/78.0.3904.108+Safari/537.36 http://localhost:51010/Oppgave3utvidet.aspx 200 0 0 7
2019-12-10 12:06:47 ::1 GET /ccs2.css - 51010 - ::1 Mozilla/5.0+(Windows+NT+10.0;+Win64;+x64)+AppleWebKit/537.36+(KHTML,+like+Gecko)+Chrome/78.0.3904.108+Safari/537.36 http://localhost:51010/Oppgave3utvidet.aspx 304 0 0 3
2019-12-10 12:06:51 ::1 POST /Oppgave3utvidet.aspx - 51010 - ::1 Mozilla/5.0+(Windows+NT+10.0;+Win64;+x64)+AppleWebKit/537.36+(KHTML,+like+Gecko)+Chrome/78.0.3904.108+Safari/537.36 http://localhost:51010/Oppgave3utvidet.aspx 200 0 0 14
2019-12-10 12:06:56 ::1 POST /Oppgave3utvidet.aspx - 51010 - ::1 Mozilla/5.0+(Windows+NT+10.0;+Win64;+x64)+AppleWebKit/537.36+(KHTML,+like+Gecko)+Chrome/78.0.3904.108+Safari/537.36 http://localhost:51010/Oppgave3utvidet.aspx 200 0 0 4
2019-12-10 12:06:58 ::1 POST /Oppgave3utvidet.aspx - 51010 - ::1 Mozilla/5.0+(Windows+NT+10.0;+Win64;+x64)+AppleWebKit/537.36+(KHTML,+like+Gecko)+Chrome/78.0.3904.108+Safari/537.36 http://localhost:51010/Oppgave3utvidet.aspx 200 0 0 11
2019-12-10 12:07:01 ::1 POST /Oppgave3utvidet.aspx - 51010 - ::1 Mozilla/5.0+(Windows+NT+10.0;+Win64;+x64)+AppleWebKit/537.36+(KHTML,+like+Gecko)+Chrome/78.0.3904.108+Safari/537.36 http://localhost:51010/Oppgave3utvidet.aspx 200 0 0 8
2019-12-10 12:07:06 ::1 POST /Oppgave3utvidet.aspx - 51010 - ::1 Mozilla/5.0+(Windows+NT+10.0;+Win64;+x64)+AppleWebKit/537.36+(KHTML,+like+Gecko)+Chrome/78.0.3904.108+Safari/537.36 http://localhost:51010/Oppgave3utvidet.aspx 200 0 0 4
2019-12-10 12:07:43 ::1 POST /Oppgave3utvidet.aspx - 51010 - ::1 Mozilla/5.0+(Windows+NT+10.0;+Win64;+x64)+AppleWebKit/537.36+(KHTML,+like+Gecko)+Chrome/78.0.3904.108+Safari/537.36 http://localhost:51010/Oppgave3utvidet.aspx 200 0 0 4
2019-12-10 12:07:43 ::1 GET /ccs2.css - 51010 - ::1 Mozilla/5.0+(Windows+NT+10.0;+Win64;+x64)+AppleWebKit/537.36+(KHTML,+like+Gecko)+Chrome/78.0.3904.108+Safari/537.36 http://localhost:51010/Oppgave3utvidet.aspx 304 0 0 6
2019-12-10 12:07:45 ::1 POST /Oppgave3utvidet.aspx - 51010 - ::1 Mozilla/5.0+(Windows+NT+10.0;+Win64;+x64)+AppleWebKit/537.36+(KHTML,+like+Gecko)+Chrome/78.0.3904.108+Safari/537.36 http://localhost:51010/Oppgave3utvidet.aspx 200 0 0 5
2019-12-10 12:07:45 ::1 POST /Oppgave3utvidet.aspx - 51010 - ::1 Mozilla/5.0+(Windows+NT+10.0;+Win64;+x64)+AppleWebKit/537.36+(KHTML,+like+Gecko)+Chrome/78.0.3904.108+Safari/537.36 http://localhost:51010/Oppgave3utvidet.aspx 200 0 0 9
2019-12-10 12:07:55 ::1 GET /Oppgave3utvidet.aspx - 51010 - ::1 Mozilla/5.0+(Windows+NT+10.0;+Win64;+x64)+AppleWebKit/537.36+(KHTML,+like+Gecko)+Chrome/78.0.3904.108+Safari/537.36 - 200 0 0 4
2019-12-10 12:08:00 ::1 POST /Oppgave3utvidet.aspx - 51010 - ::1 Mozilla/5.0+(Windows+NT+10.0;+Win64;+x64)+AppleWebKit/537.36+(KHTML,+like+Gecko)+Chrome/78.0.3904.108+Safari/537.36 http://localhost:51010/Oppgave3utvidet.aspx 200 0 0 4
2019-12-10 12:08:26 ::1 POST /Oppgave3utvidet.aspx - 51010 - ::1 Mozilla/5.0+(Windows+NT+10.0;+Win64;+x64)+AppleWebKit/537.36+(KHTML,+like+Gecko)+Chrome/78.0.3904.108+Safari/537.36 http://localhost:51010/Oppgave3utvidet.aspx 200 0 0 754
2019-12-10 12:08:26 ::1 GET /ccs2.css - 51010 - ::1 Mozilla/5.0+(Windows+NT+10.0;+Win64;+x64)+AppleWebKit/537.36+(KHTML,+like+Gecko)+Chrome/78.0.3904.108+Safari/537.36 http://localhost:51010/Oppgave3utvidet.aspx 304 0 0 8
2019-12-10 12:08:38 ::1 POST /Oppgave3utvidet.aspx - 51010 - ::1 Mozilla/5.0+(Windows+NT+10.0;+Win64;+x64)+AppleWebKit/537.36+(KHTML,+like+Gecko)+Chrome/78.0.3904.108+Safari/537.36 http://localhost:51010/Oppgave3utvidet.aspx 200 0 0 6
2019-12-10 12:08:42 ::1 POST /Oppgave3utvidet.aspx - 51010 - ::1 Mozilla/5.0+(Windows+NT+10.0;+Win64;+x64)+AppleWebKit/537.36+(KHTML,+like+Gecko)+Chrome/78.0.3904.108+Safari/537.36 http://localhost:51010/Oppgave3utvidet.aspx 200 0 0 9
2019-12-10 12:08:50 ::1 POST /Oppgave3utvidet.aspx - 51010 - ::1 Mozilla/5.0+(Windows+NT+10.0;+Win64;+x64)+AppleWebKit/537.36+(KHTML,+like+Gecko)+Chrome/78.0.3904.108+Safari/537.36 http://localhost:51010/Oppgave3utvidet.aspx 200 0 0 6
#Software: Microsoft Internet Information Services 10.0
#Version: 1.0
#Date: 2019-12-10 12:10:44
#Fields: date time s-ip cs-method cs-uri-stem cs-uri-query s-port cs-username c-ip cs(User-Agent) cs(Referer) sc-status sc-substatus sc-win32-status time-taken
2019-12-10 12:10:44 ::1 GET /Oppgave3utvidet.aspx - 51010 - ::1 Mozilla/5.0+(Windows+NT+10.0;+Win64;+x64)+AppleWebKit/537.36+(KHTML,+like+Gecko)+Chrome/78.0.3904.108+Safari/537.36 - 200 0 0 2495
2019-12-10 12:10:44 ::1 GET /ccs2.css - 51010 - ::1 Mozilla/5.0+(Windows+NT+10.0;+Win64;+x64)+AppleWebKit/537.36+(KHTML,+like+Gecko)+Chrome/78.0.3904.108+Safari/537.36 http://localhost:51010/Oppgave3utvidet.aspx 304 0 0 22
2019-12-10 12:10:49 ::1 POST /Oppgave3utvidet.aspx - 51010 - ::1 Mozilla/5.0+(Windows+NT+10.0;+Win64;+x64)+AppleWebKit/537.36+(KHTML,+like+Gecko)+Chrome/78.0.3904.108+Safari/537.36 http://localhost:51010/Oppgave3utvidet.aspx 200 0 0 14
2019-12-10 12:11:46 ::1 POST /Oppgave3utvidet.aspx - 51010 - ::1 Mozilla/5.0+(Windows+NT+10.0;+Win64;+x64)+AppleWebKit/537.36+(KHTML,+like+Gecko)+Chrome/78.0.3904.108+Safari/537.36 http://localhost:51010/Oppgave3utvidet.aspx 200 0 0 915
2019-12-10 12:11:46 ::1 GET /ccs2.css - 51010 - ::1 Mozilla/5.0+(Windows+NT+10.0;+Win64;+x64)+AppleWebKit/537.36+(KHTML,+like+Gecko)+Chrome/78.0.3904.108+Safari/537.36 http://localhost:51010/Oppgave3utvidet.aspx 200 0 0 9
2019-12-10 12:11:54 ::1 GET /ccs2.css - 51010 - ::1 Mozilla/5.0+(Windows+NT+10.0;+Win64;+x64)+AppleWebKit/537.36+(KHTML,+like+Gecko)+Chrome/78.0.3904.108+Safari/537.36 http://localhost:51010/Oppgave3utvidet.aspx 304 0 0 15
2019-12-10 12:12:19 ::1 POST /Oppgave3utvidet.aspx - 51010 - ::1 Mozilla/5.0+(Windows+NT+10.0;+Win64;+x64)+AppleWebKit/537.36+(KHTML,+like+Gecko)+Chrome/78.0.3904.108+Safari/537.36 http://localhost:51010/Oppgave3utvidet.aspx 200 0 0 845
2019-12-10 12:12:19 ::1 GET /ccs2.css - 51010 - ::1 Mozilla/5.0+(Windows+NT+10.0;+Win64;+x64)+AppleWebKit/537.36+(KHTML,+like+Gecko)+Chrome/78.0.3904.108+Safari/537.36 http://localhost:51010/Oppgave3utvidet.aspx 304 0 0 9
2019-12-10 12:12:31 ::1 POST /Oppgave3utvidet.aspx - 51010 - ::1 Mozilla/5.0+(Windows+NT+10.0;+Win64;+x64)+AppleWebKit/537.36+(KHTML,+like+Gecko)+Chrome/78.0.3904.108+Safari/537.36 http://localhost:51010/Oppgave3utvidet.aspx 200 0 0 12
2019-12-10 12:12:31 ::1 GET /ccs2.css - 51010 - ::1 Mozilla/5.0+(Windows+NT+10.0;+Win64;+x64)+AppleWebKit/537.36+(KHTML,+like+Gecko)+Chrome/78.0.3904.108+Safari/537.36 http://localhost:51010/Oppgave3utvidet.aspx 304 0 0 4
2019-12-10 12:14:00 ::1 POST /Oppgave3utvidet.aspx - 51010 - ::1 Mozilla/5.0+(Windows+NT+10.0;+Win64;+x64)+AppleWebKit/537.36+(KHTML,+like+Gecko)+Chrome/78.0.3904.108+Safari/537.36 http://localhost:51010/Oppgave3utvidet.aspx 200 0 0 879
2019-12-10 12:14:00 ::1 GET /ccs2.css - 51010 - ::1 Mozilla/5.0+(Windows+NT+10.0;+Win64;+x64)+AppleWebKit/537.36+(KHTML,+like+Gecko)+Chrome/78.0.3904.108+Safari/537.36 http://localhost:51010/Oppgave3utvidet.aspx 304 0 0 4
2019-12-10 12:14:28 ::1 POST /Oppgave3utvidet.aspx - 51010 - ::1 Mozilla/5.0+(Windows+NT+10.0;+Win64;+x64)+AppleWebKit/537.36+(KHTML,+like+Gecko)+Chrome/78.0.3904.108+Safari/537.36 http://localhost:51010/Oppgave3utvidet.aspx 200 0 0 11
2019-12-10 12:14:28 ::1 GET /ccs2.css - 51010 - ::1 Mozilla/5.0+(Windows+NT+10.0;+Win64;+x64)+AppleWebKit/537.36+(KHTML,+like+Gecko)+Chrome/78.0.3904.108+Safari/537.36 http://localhost:51010/Oppgave3utvidet.aspx 200 0 0 5
2019-12-10 12:14:45 ::1 POST /Oppgave3utvidet.aspx - 51010 - ::1 Mozilla/5.0+(Windows+NT+10.0;+Win64;+x64)+AppleWebKit/537.36+(KHTML,+like+Gecko)+Chrome/78.0.3904.108+Safari/537.36 http://localhost:51010/Oppgave3utvidet.aspx 200 0 0 9
2019-12-10 12:14:45 ::1 GET /ccs2.css - 51010 - ::1 Mozilla/5.0+(Windows+NT+10.0;+Win64;+x64)+AppleWebKit/537.36+(KHTML,+like+Gecko)+Chrome/78.0.3904.108+Safari/537.36 http://localhost:51010/Oppgave3utvidet.aspx 200 0 0 17
2019-12-10 12:15:44 ::1 GET /Oppgave1.aspx - 51010 - ::1 Mozilla/5.0+(Windows+NT+10.0;+Win64;+x64)+AppleWebKit/537.36+(KHTML,+like+Gecko)+Chrome/78.0.3904.108+Safari/537.36 - 200 0 0 36
2019-12-10 12:15:44 ::1 GET /ccs1.css - 51010 - ::1 Mozilla/5.0+(Windows+NT+10.0;+Win64;+x64)+AppleWebKit/537.36+(KHTML,+like+Gecko)+Chrome/78.0.3904.108+Safari/537.36 http://localhost:51010/Oppgave1.aspx 200 0 0 3
2019-12-10 12:15:54 ::1 POST /Oppgave1.aspx - 51010 - ::1 Mozilla/5.0+(Windows+NT+10.0;+Win64;+x64)+AppleWebKit/537.36+(KHTML,+like+Gecko)+Chrome/78.0.3904.108+Safari/537.36 http://localhost:51010/Oppgave1.aspx 200 0 0 7
2019-12-10 12:15:54 ::1 GET /ccs1.css - 51010 - ::1 Mozilla/5.0+(Windows+NT+10.0;+Win64;+x64)+AppleWebKit/537.36+(KHTML,+like+Gecko)+Chrome/78.0.3904.108+Safari/537.36 http://localhost:51010/Oppgave1.aspx 304 0 0 2
2019-12-10 12:15:54 ::1 GET /Bilder/staende.jpg - 51010 - ::1 Mozilla/5.0+(Windows+NT+10.0;+Win64;+x64)+AppleWebKit/537.36+(KHTML,+like+Gecko)+Chrome/78.0.3904.108+Safari/537.36 http://localhost:51010/Oppgave1.aspx 304 0 0 18
2019-12-10 12:16:12 ::1 GET /Oppgave2.aspx - 51010 - ::1 Mozilla/5.0+(Windows+NT+10.0;+Win64;+x64)+AppleWebKit/537.36+(KHTML,+like+Gecko)+Chrome/78.0.3904.108+Safari/537.36 - 200 0 0 57
2019-12-10 12:16:12 ::1 GET /ccs1.css - 51010 - ::1 Mozilla/5.0+(Windows+NT+10.0;+Win64;+x64)+AppleWebKit/537.36+(KHTML,+like+Gecko)+Chrome/78.0.3904.108+Safari/537.36 http://localhost:51010/Oppgave2.aspx 304 0 0 6
2019-12-10 12:16:21 ::1 POST /Oppgave2.aspx - 51010 - ::1 Mozilla/5.0+(Windows+NT+10.0;+Win64;+x64)+AppleWebKit/537.36+(KHTML,+like+Gecko)+Chrome/78.0.3904.108+Safari/537.36 http://localhost:51010/Oppgave2.aspx 200 0 0 14
2019-12-10 12:16:21 ::1 GET /ccs1.css - 51010 - ::1 Mozilla/5.0+(Windows+NT+10.0;+Win64;+x64)+AppleWebKit/537.36+(KHTML,+like+Gecko)+Chrome/78.0.3904.108+Safari/537.36 http://localhost:51010/Oppgave2.aspx 304 0 0 7
2019-12-10 12:16:29 ::1 GET /Oppgave3.aspx - 51010 - ::1 Mozilla/5.0+(Windows+NT+10.0;+Win64;+x64)+AppleWebKit/537.36+(KHTML,+like+Gecko)+Chrome/78.0.3904.108+Safari/537.36 - 200 0 0 29
2019-12-10 12:16:29 ::1 GET /ccs2.css - 51010 - ::1 Mozilla/5.0+(Windows+NT+10.0;+Win64;+x64)+AppleWebKit/537.36+(KHTML,+like+Gecko)+Chrome/78.0.3904.108+Safari/537.36 http://localhost:51010/Oppgave3.aspx 304 0 0 1
2019-12-10 12:16:31 ::1 POST /Oppgave3.aspx - 51010 - ::1 Mozilla/5.0+(Windows+NT+10.0;+Win64;+x64)+AppleWebKit/537.36+(KHTML,+like+Gecko)+Chrome/78.0.3904.108+Safari/537.36 http://localhost:51010/Oppgave3.aspx 200 0 0 6
2019-12-10 12:16:36 ::1 GET /Oppgave3utvidet.aspx - 51010 - ::1 Mozilla/5.0+(Windows+NT+10.0;+Win64;+x64)+AppleWebKit/537.36+(KHTML,+like+Gecko)+Chrome/78.0.3904.108+Safari/537.36 - 200 0 0 9
2019-12-10 12:16:40 ::1 POST /Oppgave3utvidet.aspx - 51010 - ::1 Mozilla/5.0+(Windows+NT+10.0;+Win64;+x64)+AppleWebKit/537.36+(KHTML,+like+Gecko)+Chrome/78.0.3904.108+Safari/537.36 http://localhost:51010/Oppgave3utvidet.aspx 200 0 0 4
2019-12-10 12:16:40 ::1 GET /ccs2.css - 51010 - ::1 Mozilla/5.0+(Windows+NT+10.0;+Win64;+x64)+AppleWebKit/537.36+(KHTML,+like+Gecko)+Chrome/78.0.3904.108+Safari/537.36 http://localhost:51010/Oppgave3utvidet.aspx 304 0 0 2
2019-12-10 12:16:42 ::1 POST /Oppgave3utvidet.aspx - 51010 - ::1 Mozilla/5.0+(Windows+NT+10.0;+Win64;+x64)+AppleWebKit/537.36+(KHTML,+like+Gecko)+Chrome/78.0.3904.108+Safari/537.36 http://localhost:51010/Oppgave3utvidet.aspx 200 0 0 10
2019-12-10 12:16:45 ::1 POST /Oppgave3utvidet.aspx - 51010 - ::1 Mozilla/5.0+(Windows+NT+10.0;+Win64;+x64)+AppleWebKit/537.36+(KHTML,+like+Gecko)+Chrome/78.0.3904.108+Safari/537.36 http://localhost:51010/Oppgave3utvidet.aspx 200 0 0 4
2019-12-10 12:16:45 ::1 GET /Bilder/granstua.jpg - 51010 - ::1 Mozilla/5.0+(Windows+NT+10.0;+Win64;+x64)+AppleWebKit/537.36+(KHTML,+like+Gecko)+Chrome/78.0.3904.108+Safari/537.36 http://localhost:51010/Oppgave3utvidet.aspx 304 0 0 21
2019-12-10 12:56:40 ::1 GET /Oppgave3utvidet.aspx - 51010 - ::1 Mozilla/5.0+(Windows+NT+10.0;+Win64;+x64)+AppleWebKit/537.36+(KHTML,+like+Gecko)+Chrome/78.0.3904.108+Safari/537.36 - 200 0 0 12
2019-12-10 12:56:40 ::1 GET /ccs2.css - 51010 - ::1 Mozilla/5.0+(Windows+NT+10.0;+Win64;+x64)+AppleWebKit/537.36+(KHTML,+like+Gecko)+Chrome/78.0.3904.108+Safari/537.36 http://localhost:51010/Oppgave3utvidet.aspx 304 0 0 13
2019-12-10 12:56:45 ::1 POST /Oppgave3utvidet.aspx - 51010 - ::1 Mozilla/5.0+(Windows+NT+10.0;+Win64;+x64)+AppleWebKit/537.36+(KHTML,+like+Gecko)+Chrome/78.0.3904.108+Safari/537.36 http://localhost:51010/Oppgave3utvidet.aspx 200 0 0 6
2019-12-10 12:56:47 ::1 POST /Oppgave3utvidet.aspx - 51010 - ::1 Mozilla/5.0+(Windows+NT+10.0;+Win64;+x64)+AppleWebKit/537.36+(KHTML,+like+Gecko)+Chrome/78.0.3904.108+Safari/537.36 http://localhost:51010/Oppgave3utvidet.aspx 200 0 0 7
2019-12-10 12:56:47 ::1 GET /Bilder/granbo.jpg - 51010 - ::1 Mozilla/5.0+(Windows+NT+10.0;+Win64;+x64)+AppleWebKit/537.36+(KHTML,+like+Gecko)+Chrome/78.0.3904.108+Safari/537.36 http://localhost:51010/Oppgave3utvidet.aspx 304 0 0 12
2019-12-10 12:56:48 ::1 POST /Oppgave3utvidet.aspx - 51010 - ::1 Mozilla/5.0+(Windows+NT+10.0;+Win64;+x64)+AppleWebKit/537.36+(KHTML,+like+Gecko)+Chrome/78.0.3904.108+Safari/537.36 http://localhost:51010/Oppgave3utvidet.aspx 200 0 0 5
2019-12-10 12:56:52 ::1 POST /Oppgave3utvidet.aspx - 51010 - ::1 Mozilla/5.0+(Windows+NT+10.0;+Win64;+x64)+AppleWebKit/537.36+(KHTML,+like+Gecko)+Chrome/78.0.3904.108+Safari/537.36 http://localhost:51010/Oppgave3utvidet.aspx 200 0 0 12
2019-12-10 12:56:55 ::1 POST /Oppgave3utvidet.aspx - 51010 - ::1 Mozilla/5.0+(Windows+NT+10.0;+Win64;+x64)+AppleWebKit/537.36+(KHTML,+like+Gecko)+Chrome/78.0.3904.108+Safari/537.36 http://localhost:51010/Oppgave3utvidet.aspx 200 0 0 4
2019-12-10 23:59:59 ::1 GET /Oppgave3.aspx - 51010 - ::1 Mozilla/5.0+(Windows+NT+10.0;+Win64;+x64)+AppleWebKit/537.36+(KHTML,+like+Gecko)+Chrome/78.0.3904.108+Safari/537.36 - 200 0 0 53
2019-12-10 23:59:59 ::1 GET /ccs2.css - 51010 - ::1 Mozilla/5.0+(Windows+NT+10.0;+Win64;+x64)+AppleWebKit/537.36+(KHTML,+like+Gecko)+Chrome/78.0.3904.108+Safari/537.36 http://localhost:51010/Oppgave3.aspx 304 0 0 23
2019-12-10 23:59:59 ::1 GET /favicon.ico - 51010 - ::1 Mozilla/5.0+(Windows+NT+10.0;+Win64;+x64)+AppleWebKit/537.36+(KHTML,+like+Gecko)+Chrome/78.0.3904.108+Safari/537.36 http://localhost:51010/Oppgave3.aspx 404 0 2 13
2019-12-10 23:59:59 ::1 POST /Oppgave3.aspx - 51010 - ::1 Mozilla/5.0+(Windows+NT+10.0;+Win64;+x64)+AppleWebKit/537.36+(KHTML,+like+Gecko)+Chrome/78.0.3904.108+Safari/537.36 http://localhost:51010/Oppgave3.aspx 200 0 0 12
2019-12-10 23:59:59 ::1 GET /Bilder/granbo.jpg - 51010 - ::1 Mozilla/5.0+(Windows+NT+10.0;+Win64;+x64)+AppleWebKit/537.36+(KHTML,+like+Gecko)+Chrome/78.0.3904.108+Safari/537.36 http://localhost:51010/Oppgave3.aspx 304 0 0 71
2019-12-10 23:59:59 ::1 POST /Oppgave3.aspx - 51010 - ::1 Mozilla/5.0+(Windows+NT+10.0;+Win64;+x64)+AppleWebKit/537.36+(KHTML,+like+Gecko)+Chrome/78.0.3904.108+Safari/537.36 http://localhost:51010/Oppgave3.aspx 200 0 0 12
2019-12-10 23:59:59 ::1 GET /Bilder/grantoppen.jpg - 51010 - ::1 Mozilla/5.0+(Windows+NT+10.0;+Win64;+x64)+AppleWebKit/537.36+(KHTML,+like+Gecko)+Chrome/78.0.3904.108+Safari/537.36 http://localhost:51010/Oppgave3.aspx 304 0 0 27
2019-12-10 23:59:59 ::1 GET /Bilder/granhaug.jpg - 51010 - ::1 Mozilla/5.0+(Windows+NT+10.0;+Win64;+x64)+AppleWebKit/537.36+(KHTML,+like+Gecko)+Chrome/78.0.3904.108+Safari/537.36 http://localhost:51010/Oppgave3.aspx 304 0 0 32
2019-12-10 23:59:59 ::1 POST /Oppgave3.aspx - 51010 - ::1 Mozilla/5.0+(Windows+NT+10.0;+Win64;+x64)+AppleWebKit/537.36+(KHTML,+like+Gecko)+Chrome/78.0.3904.108+Safari/537.36 http://localhost:51010/Oppgave3.aspx 200 0 0 15
2019-12-10 23:59:59 ::1 GET /Bilder/granstua.jpg - 51010 - ::1 Mozilla/5.0+(Windows+NT+10.0;+Win64;+x64)+AppleWebKit/537.36+(KHTML,+like+Gecko)+Chrome/78.0.3904.108+Safari/537.36 http://localhost:51010/Oppgave3.aspx 304 0 0 26
2019-12-10 23:59:59 ::1 POST /Oppgave3.aspx - 51010 - ::1 Mozilla/5.0+(Windows+NT+10.0;+Win64;+x64)+AppleWebKit/537.36+(KHTML,+like+Gecko)+Chrome/78.0.3904.108+Safari/537.36 http://localhost:51010/Oppgave3.aspx 200 0 0 164
2019-12-10 23:59:59 ::1 POST /Oppgave3.aspx - 51010 - ::1 Mozilla/5.0+(Windows+NT+10.0;+Win64;+x64)+AppleWebKit/537.36+(KHTML,+like+Gecko)+Chrome/78.0.3904.108+Safari/537.36 http://localhost:51010/Oppgave3.aspx 200 0 0 16
2019-12-10 23:59:59 ::1 POST /Oppgave3.aspx - 51010 - ::1 Mozilla/5.0+(Windows+NT+10.0;+Win64;+x64)+AppleWebKit/537.36+(KHTML,+like+Gecko)+Chrome/78.0.3904.108+Safari/537.36 http://localhost:51010/Oppgave3.aspx 200 0 0 14
2019-12-10 23:59:59 ::1 POST /Oppgave3.aspx - 51010 - ::1 Mozilla/5.0+(Windows+NT+10.0;+Win64;+x64)+AppleWebKit/537.36+(KHTML,+like+Gecko)+Chrome/78.0.3904.108+Safari/537.36 http://localhost:51010/Oppgave3.aspx 200 0 0 15
2019-12-10 23:59:59 ::1 POST /Oppgave3.aspx - 51010 - ::1 Mozilla/5.0+(Windows+NT+10.0;+Win64;+x64)+AppleWebKit/537.36+(KHTML,+like+Gecko)+Chrome/78.0.3904.108+Safari/537.36 http://localhost:51010/Oppgave3.aspx 200 0 0 12
2019-12-10 23:59:59 ::1 POST /Oppgave3.aspx - 51010 - ::1 Mozilla/5.0+(Windows+NT+10.0;+Win64;+x64)+AppleWebKit/537.36+(KHTML,+like+Gecko)+Chrome/78.0.3904.108+Safari/537.36 http://localhost:51010/Oppgave3.aspx 200 0 0 10
2019-12-10 23:59:59 ::1 POST /Oppgave3.aspx - 51010 - ::1 Mozilla/5.0+(Windows+NT+10.0;+Win64;+x64)+AppleWebKit/537.36+(KHTML,+like+Gecko)+Chrome/78.0.3904.108+Safari/537.36 http://localhost:51010/Oppgave3.aspx 200 0 0 6
2019-12-10 23:59:59 ::1 GET /Oppgave1.aspx - 51010 - ::1 Mozilla/5.0+(Windows+NT+10.0;+Win64;+x64)+AppleWebKit/537.36+(KHTML,+like+Gecko)+Chrome/78.0.3904.108+Safari/537.36 - 200 0 0 28
2019-12-10 23:59:59 ::1 GET /ccs1.css - 51010 - ::1 Mozilla/5.0+(Windows+NT+10.0;+Win64;+x64)+AppleWebKit/537.36+(KHTML,+like+Gecko)+Chrome/78.0.3904.108+Safari/537.36 http://localhost:51010/Oppgave1.aspx 304 0 0 23
