#Software: Microsoft Internet Information Services 10.0
#Version: 1.0
#Date: 2019-12-11 10:10:31
#Fields: date time s-ip cs-method cs-uri-stem cs-uri-query s-port cs-username c-ip cs(User-Agent) cs(Referer) sc-status sc-substatus sc-win32-status time-taken
2019-12-11 10:10:31 ::1 POST /Oppgave3.aspx - 51010 - ::1 Mozilla/5.0+(Windows+NT+10.0;+Win64;+x64)+AppleWebKit/537.36+(KHTML,+like+Gecko)+Chrome/78.0.3904.108+Safari/537.36 http://localhost:51010/Oppgave3.aspx 200 0 0 10821
2019-12-11 10:21:24 ::1 GET /Oppgave3.aspx - 51010 - ::1 Mozilla/5.0+(Windows+NT+10.0;+Win64;+x64)+AppleWebKit/537.36+(KHTML,+like+Gecko)+Chrome/78.0.3904.108+Safari/537.36 - 200 0 0 1332
2019-12-11 10:21:33 ::1 GET /Oppgave3utvidet.aspx - 51010 - ::1 Mozilla/5.0+(Windows+NT+10.0;+Win64;+x64)+AppleWebKit/537.36+(KHTML,+like+Gecko)+Chrome/78.0.3904.108+Safari/537.36 - 200 0 0 34
#Software: Microsoft Internet Information Services 10.0
#Version: 1.0
#Date: 2019-12-11 10:22:39
#Fields: date time s-ip cs-method cs-uri-stem cs-uri-query s-port cs-username c-ip cs(User-Agent) cs(Referer) sc-status sc-substatus sc-win32-status time-taken
2019-12-11 10:22:39 ::1 GET /Oppgave3.aspx - 51010 - ::1 Mozilla/5.0+(Windows+NT+10.0;+Win64;+x64)+AppleWebKit/537.36+(KHTML,+like+Gecko)+Chrome/78.0.3904.108+Safari/537.36 - 200 0 0 4313
2019-12-11 10:22:39 ::1 GET /favicon.ico - 51010 - ::1 Mozilla/5.0+(Windows+NT+10.0;+Win64;+x64)+AppleWebKit/537.36+(KHTML,+like+Gecko)+Chrome/78.0.3904.108+Safari/537.36 http://localhost:51010/Oppgave3.aspx 404 0 2 61
2019-12-11 10:23:05 ::1 GET /Oppgave3.aspx - 51010 - ::1 Mozilla/5.0+(Windows+NT+10.0;+Win64;+x64)+AppleWebKit/537.36+(KHTML,+like+Gecko)+Chrome/78.0.3904.108+Safari/537.36 - 200 0 0 1884
2019-12-11 10:23:25 ::1 GET /Oppgave1.aspx - 51010 - ::1 Mozilla/5.0+(Windows+NT+10.0;+Win64;+x64)+AppleWebKit/537.36+(KHTML,+like+Gecko)+Chrome/78.0.3904.108+Safari/537.36 - 200 0 0 52
2019-12-11 10:23:47 ::1 POST /Oppgave1.aspx - 51010 - ::1 Mozilla/5.0+(Windows+NT+10.0;+Win64;+x64)+AppleWebKit/537.36+(KHTML,+like+Gecko)+Chrome/78.0.3904.108+Safari/537.36 http://localhost:51010/Oppgave1.aspx 200 0 0 20
2019-12-11 10:23:47 ::1 GET /Bilder/liggende.jpg - 51010 - ::1 Mozilla/5.0+(Windows+NT+10.0;+Win64;+x64)+AppleWebKit/537.36+(KHTML,+like+Gecko)+Chrome/78.0.3904.108+Safari/537.36 http://localhost:51010/Oppgave1.aspx 304 0 0 19
2019-12-11 10:23:57 ::1 POST /Oppgave1.aspx - 51010 - ::1 Mozilla/5.0+(Windows+NT+10.0;+Win64;+x64)+AppleWebKit/537.36+(KHTML,+like+Gecko)+Chrome/78.0.3904.108+Safari/537.36 http://localhost:51010/Oppgave1.aspx 200 0 0 11
2019-12-11 10:24:44 ::1 GET /Oppgave3.aspx - 51010 - ::1 Mozilla/5.0+(Windows+NT+10.0;+Win64;+x64)+AppleWebKit/537.36+(KHTML,+like+Gecko)+Chrome/78.0.3904.108+Safari/537.36 - 200 0 0 1153
2019-12-11 10:24:50 ::1 POST /Oppgave3.aspx - 51010 - ::1 Mozilla/5.0+(Windows+NT+10.0;+Win64;+x64)+AppleWebKit/537.36+(KHTML,+like+Gecko)+Chrome/78.0.3904.108+Safari/537.36 http://localhost:51010/Oppgave3.aspx 200 0 0 21
2019-12-11 10:24:56 ::1 POST /Oppgave3.aspx - 51010 - ::1 Mozilla/5.0+(Windows+NT+10.0;+Win64;+x64)+AppleWebKit/537.36+(KHTML,+like+Gecko)+Chrome/78.0.3904.108+Safari/537.36 http://localhost:51010/Oppgave3.aspx 200 0 0 11
2019-12-11 10:25:14 ::1 GET /Oppgave3utvidet.aspx - 51010 - ::1 Mozilla/5.0+(Windows+NT+10.0;+Win64;+x64)+AppleWebKit/537.36+(KHTML,+like+Gecko)+Chrome/78.0.3904.108+Safari/537.36 - 200 0 0 36
2019-12-11 10:25:21 ::1 POST /Oppgave3utvidet.aspx - 51010 - ::1 Mozilla/5.0+(Windows+NT+10.0;+Win64;+x64)+AppleWebKit/537.36+(KHTML,+like+Gecko)+Chrome/78.0.3904.108+Safari/537.36 http://localhost:51010/Oppgave3utvidet.aspx 200 0 0 8
2019-12-11 10:25:25 ::1 POST /Oppgave3utvidet.aspx - 51010 - ::1 Mozilla/5.0+(Windows+NT+10.0;+Win64;+x64)+AppleWebKit/537.36+(KHTML,+like+Gecko)+Chrome/78.0.3904.108+Safari/537.36 http://localhost:51010/Oppgave3utvidet.aspx 200 0 0 11
2019-12-11 10:25:45 ::1 POST /Oppgave3.aspx - 51010 - ::1 Mozilla/5.0+(Windows+NT+10.0;+Win64;+x64)+AppleWebKit/537.36+(KHTML,+like+Gecko)+Chrome/78.0.3904.108+Safari/537.36 http://localhost:51010/Oppgave3.aspx 200 0 0 5
2019-12-11 10:29:19 ::1 GET /Oppgave3.aspx - 51010 - ::1 Mozilla/5.0+(Windows+NT+10.0;+Win64;+x64)+AppleWebKit/537.36+(KHTML,+like+Gecko)+Chrome/78.0.3904.108+Safari/537.36 - 200 0 0 1022
2019-12-11 10:35:47 ::1 GET /Oppgave3.aspx - 51010 - ::1 Mozilla/5.0+(Windows+NT+10.0;+Win64;+x64)+AppleWebKit/537.36+(KHTML,+like+Gecko)+Chrome/78.0.3904.108+Safari/537.36 - 200 0 0 1578
2019-12-11 10:35:47 ::1 GET /favicon.ico - 51010 - ::1 Mozilla/5.0+(Windows+NT+10.0;+Win64;+x64)+AppleWebKit/537.36+(KHTML,+like+Gecko)+Chrome/78.0.3904.108+Safari/537.36 http://localhost:51010/Oppgave3.aspx 404 0 2 3
2019-12-11 10:35:56 ::1 POST /Oppgave3.aspx - 51010 - ::1 Mozilla/5.0+(Windows+NT+10.0;+Win64;+x64)+AppleWebKit/537.36+(KHTML,+like+Gecko)+Chrome/78.0.3904.108+Safari/537.36 http://localhost:51010/Oppgave3.aspx 200 0 0 13
2019-12-11 10:36:02 ::1 POST /Oppgave3.aspx - 51010 - ::1 Mozilla/5.0+(Windows+NT+10.0;+Win64;+x64)+AppleWebKit/537.36+(KHTML,+like+Gecko)+Chrome/78.0.3904.108+Safari/537.36 http://localhost:51010/Oppgave3.aspx 200 0 0 5
2019-12-11 10:36:09 ::1 POST /Oppgave3.aspx - 51010 - ::1 Mozilla/5.0+(Windows+NT+10.0;+Win64;+x64)+AppleWebKit/537.36+(KHTML,+like+Gecko)+Chrome/78.0.3904.108+Safari/537.36 http://localhost:51010/Oppgave3.aspx 200 0 0 7
2019-12-11 10:36:22 ::1 POST /Oppgave3.aspx - 51010 - ::1 Mozilla/5.0+(Windows+NT+10.0;+Win64;+x64)+AppleWebKit/537.36+(KHTML,+like+Gecko)+Chrome/78.0.3904.108+Safari/537.36 http://localhost:51010/Oppgave3.aspx 200 0 0 6
2019-12-11 10:38:46 ::1 GET /Oppgave3utvidet.aspx - 51010 - ::1 Mozilla/5.0+(Windows+NT+10.0;+Win64;+x64)+AppleWebKit/537.36+(KHTML,+like+Gecko)+Chrome/78.0.3904.108+Safari/537.36 - 200 0 0 37
2019-12-11 10:38:51 ::1 POST /Oppgave3utvidet.aspx - 51010 - ::1 Mozilla/5.0+(Windows+NT+10.0;+Win64;+x64)+AppleWebKit/537.36+(KHTML,+like+Gecko)+Chrome/78.0.3904.108+Safari/537.36 http://localhost:51010/Oppgave3utvidet.aspx 200 0 0 9
2019-12-11 10:40:28 ::1 GET /Oppgave1.aspx - 51010 - ::1 Mozilla/5.0+(Windows+NT+10.0;+Win64;+x64)+AppleWebKit/537.36+(KHTML,+like+Gecko)+Chrome/78.0.3904.108+Safari/537.36 - 200 0 0 1350
2019-12-11 10:40:44 ::1 POST /Oppgave1.aspx - 51010 - ::1 Mozilla/5.0+(Windows+NT+10.0;+Win64;+x64)+AppleWebKit/537.36+(KHTML,+like+Gecko)+Chrome/78.0.3904.108+Safari/537.36 http://localhost:51010/Oppgave1.aspx 200 0 0 14
2019-12-11 10:41:05 ::1 POST /Oppgave1.aspx - 51010 - ::1 Mozilla/5.0+(Windows+NT+10.0;+Win64;+x64)+AppleWebKit/537.36+(KHTML,+like+Gecko)+Chrome/78.0.3904.108+Safari/537.36 http://localhost:51010/Oppgave1.aspx 500 0 0 104
2019-12-11 10:41:13 ::1 POST /Oppgave1.aspx - 51010 - ::1 Mozilla/5.0+(Windows+NT+10.0;+Win64;+x64)+AppleWebKit/537.36+(KHTML,+like+Gecko)+Chrome/78.0.3904.108+Safari/537.36 http://localhost:51010/Oppgave1.aspx 200 0 0 8
2019-12-11 10:41:27 ::1 POST /Oppgave1.aspx - 51010 - ::1 Mozilla/5.0+(Windows+NT+10.0;+Win64;+x64)+AppleWebKit/537.36+(KHTML,+like+Gecko)+Chrome/78.0.3904.108+Safari/537.36 http://localhost:51010/Oppgave1.aspx 200 0 0 8
2019-12-11 10:41:27 ::1 GET /Bilder/staende.jpg - 51010 - ::1 Mozilla/5.0+(Windows+NT+10.0;+Win64;+x64)+AppleWebKit/537.36+(KHTML,+like+Gecko)+Chrome/78.0.3904.108+Safari/537.36 http://localhost:51010/Oppgave1.aspx 304 0 0 14
2019-12-11 10:41:47 ::1 GET /Oppgave3utvidet.aspx - 51010 - ::1 Mozilla/5.0+(Windows+NT+10.0;+Win64;+x64)+AppleWebKit/537.36+(KHTML,+like+Gecko)+Chrome/78.0.3904.108+Safari/537.36 - 200 0 0 51
2019-12-11 10:42:05 ::1 POST /Oppgave3utvidet.aspx - 51010 - ::1 Mozilla/5.0+(Windows+NT+10.0;+Win64;+x64)+AppleWebKit/537.36+(KHTML,+like+Gecko)+Chrome/78.0.3904.108+Safari/537.36 http://localhost:51010/Oppgave3utvidet.aspx 200 0 0 4
2019-12-11 10:42:14 ::1 POST /Oppgave3utvidet.aspx - 51010 - ::1 Mozilla/5.0+(Windows+NT+10.0;+Win64;+x64)+AppleWebKit/537.36+(KHTML,+like+Gecko)+Chrome/78.0.3904.108+Safari/537.36 http://localhost:51010/Oppgave3utvidet.aspx 200 0 0 7
2019-12-11 10:42:22 ::1 POST /Oppgave3utvidet.aspx - 51010 - ::1 Mozilla/5.0+(Windows+NT+10.0;+Win64;+x64)+AppleWebKit/537.36+(KHTML,+like+Gecko)+Chrome/78.0.3904.108+Safari/537.36 http://localhost:51010/Oppgave3utvidet.aspx 200 0 0 6
2019-12-11 10:43:31 ::1 GET /Oppgave2.aspx - 51010 - ::1 Mozilla/5.0+(Windows+NT+10.0;+Win64;+x64)+AppleWebKit/537.36+(KHTML,+like+Gecko)+Chrome/78.0.3904.108+Safari/537.36 - 200 0 0 79
2019-12-11 10:43:37 ::1 POST /Oppgave2.aspx - 51010 - ::1 Mozilla/5.0+(Windows+NT+10.0;+Win64;+x64)+AppleWebKit/537.36+(KHTML,+like+Gecko)+Chrome/78.0.3904.108+Safari/537.36 http://localhost:51010/Oppgave2.aspx 200 0 0 8
2019-12-11 10:44:14 ::1 POST /Oppgave2.aspx - 51010 - ::1 Mozilla/5.0+(Windows+NT+10.0;+Win64;+x64)+AppleWebKit/537.36+(KHTML,+like+Gecko)+Chrome/78.0.3904.108+Safari/537.36 http://localhost:51010/Oppgave2.aspx 200 0 0 9
2019-12-11 10:44:25 ::1 POST /Oppgave2.aspx - 51010 - ::1 Mozilla/5.0+(Windows+NT+10.0;+Win64;+x64)+AppleWebKit/537.36+(KHTML,+like+Gecko)+Chrome/78.0.3904.108+Safari/537.36 http://localhost:51010/Oppgave2.aspx 200 0 0 9
2019-12-11 10:44:52 ::1 POST /Oppgave2.aspx - 51010 - ::1 Mozilla/5.0+(Windows+NT+10.0;+Win64;+x64)+AppleWebKit/537.36+(KHTML,+like+Gecko)+Chrome/78.0.3904.108+Safari/537.36 http://localhost:51010/Oppgave2.aspx 200 0 0 15
2019-12-11 10:45:07 ::1 POST /Oppgave2.aspx - 51010 - ::1 Mozilla/5.0+(Windows+NT+10.0;+Win64;+x64)+AppleWebKit/537.36+(KHTML,+like+Gecko)+Chrome/78.0.3904.108+Safari/537.36 http://localhost:51010/Oppgave2.aspx 200 0 0 14
2019-12-11 10:45:12 ::1 POST /Oppgave2.aspx - 51010 - ::1 Mozilla/5.0+(Windows+NT+10.0;+Win64;+x64)+AppleWebKit/537.36+(KHTML,+like+Gecko)+Chrome/78.0.3904.108+Safari/537.36 http://localhost:51010/Oppgave2.aspx 200 0 0 5
2019-12-11 10:45:39 ::1 POST /Oppgave2.aspx - 51010 - ::1 Mozilla/5.0+(Windows+NT+10.0;+Win64;+x64)+AppleWebKit/537.36+(KHTML,+like+Gecko)+Chrome/78.0.3904.108+Safari/537.36 http://localhost:51010/Oppgave2.aspx 200 0 0 6
2019-12-11 10:45:44 ::1 POST /Oppgave2.aspx - 51010 - ::1 Mozilla/5.0+(Windows+NT+10.0;+Win64;+x64)+AppleWebKit/537.36+(KHTML,+like+Gecko)+Chrome/78.0.3904.108+Safari/537.36 http://localhost:51010/Oppgave2.aspx 200 0 0 10
2019-12-11 10:45:59 ::1 POST /Oppgave2.aspx - 51010 - ::1 Mozilla/5.0+(Windows+NT+10.0;+Win64;+x64)+AppleWebKit/537.36+(KHTML,+like+Gecko)+Chrome/78.0.3904.108+Safari/537.36 http://localhost:51010/Oppgave2.aspx 200 0 0 11
2019-12-11 10:47:06 ::1 POST /Oppgave3utvidet.aspx - 51010 - ::1 Mozilla/5.0+(Windows+NT+10.0;+Win64;+x64)+AppleWebKit/537.36+(KHTML,+like+Gecko)+Chrome/78.0.3904.108+Safari/537.36 http://localhost:51010/Oppgave3utvidet.aspx 200 0 0 4
2019-12-11 10:47:09 ::1 POST /Oppgave3utvidet.aspx - 51010 - ::1 Mozilla/5.0+(Windows+NT+10.0;+Win64;+x64)+AppleWebKit/537.36+(KHTML,+like+Gecko)+Chrome/78.0.3904.108+Safari/537.36 http://localhost:51010/Oppgave3utvidet.aspx 200 0 0 7
2019-12-11 10:47:12 ::1 POST /Oppgave3utvidet.aspx - 51010 - ::1 Mozilla/5.0+(Windows+NT+10.0;+Win64;+x64)+AppleWebKit/537.36+(KHTML,+like+Gecko)+Chrome/78.0.3904.108+Safari/537.36 http://localhost:51010/Oppgave3utvidet.aspx 200 0 0 4
